
   Program  MARK  - Survival Rate Estimation with Capture-Recapture Data
   gfortran(dble/PIM2) Vers. 10.1 March 2023  13-Feb-2024 12:26:06    Page  001
    
 - - - - - - - - - - - - - - - - - - - - - - - - - - - - - - - - - - - - - -
 
   Welcome to MARK Elizabeth Sibert on machine CHROMIUM in subdirectory 
   "C:\Elizabeth_Files\Personal\Research\Code\Github_Repos\eeco_teeth\mark" running file "mark005.inp".
   This version was compiled by GCC version 12.2.0 using the options: 
     -cpp -iprefix c:\tdm-gcc-64\mingw64\bin\../lib/gcc/x86_64-w64-mingw32/12.2.0/
     -D_MT -D_REENTRANT -U_REENTRANT -D ieee -D dbleprecision -m64 -mtune=generic
     -march=x86-64 -mthreads -O3 -std=f2018 -fsignaling-nans
     -ffpe-summary=invalid,zero,overflow,underflow -funroll-loops -ffast-math
     -fall-intrinsics -fopenmp.

   This problem will use 15 of 16 possible threads.
   Static thread allocation is used.
   Schedule kind is omp_sched_dynamic with chunk size 1


  INPUT --- proc title ;

   For procedure title CPU Time was 0.001 seconds and System Time was 0.001 seconds       .


  INPUT --- proc chmatrix occasions= 23 groups= 1 etype= PradRec Nodes= 
  INPUT --- 101 ICMeans NoHist hist=  165 ;

  INPUT ---    time interval 3.7003706788838 0.807472530889903 
  INPUT ---    0.9472842403882 0.550862262038102  0.2908398656215 
  INPUT ---    1.30378178010029 0.356399058017601 0.698305097357299 
  INPUT ---    0.351897018970206  0.492318053393298 0.786382978723395 
  INPUT ---    0.283538101079301 0.599440066362504 0.226596847780996  
  INPUT ---    0.827737453338798 0.7155018664455 0.683191621733705 
  INPUT ---    0.280456661351501 0.806371149511598  1.5131481122184 
  INPUT ---    1.3662431318681 0.4604281135531 ;

  INPUT ---    glabel(1)=Group 1;

      Number of unique encounter histories read was 165.

      Number of individual covariates read was 0.
      Time interval lengths vary and/or not equal to 1.

      Data type number is 17
      Data type is Pradel Survival and Recruitment

   For procedure chmatrix CPU Time was 0.001 seconds and System Time was 0.001 seconds       .

  Program  MARK  - Survival Rate Estimation with Capture-Recapture Data
   gfortran(dble/PIM2) Vers. 10.1 March 2023  13-Feb-2024 12:26:06    Page  002
 - - - - - - - - - - - - - - - - - - - - - - - - - - - - - - - - - - - - - -
 


  INPUT --- proc estimate link=Parm-Specific NOLOOP varest=2ndPart    ;


  INPUT --- model={ Phi(~1)p(~time)f(~1) };

  INPUT ---    group=1 Phi    rows=1 cols=22 Square ;
  INPUT ---        1 1 1 1 1 1 1 1 1 1 1 1 1 1 1 1 1 1 1 1 1 1 ;

  INPUT ---    group=1 p    rows=1 cols=23 Square ;
  INPUT ---        2 3 4 5 6 7 8 9 10 11 12 13 14 15 16 17 18 19 20 21 22 23 
  INPUT ---       24 ;

  INPUT ---    group=1 f    rows=1 cols=22 Square ;
  INPUT ---        25 25 25 25 25 25 25 25 25 25 25 25 25 25 25 25 25 25 25 
  INPUT ---       25 25 25 ;

  INPUT ---    design matrix constraints=25 covariates=25;
  INPUT ---        1 0 0 0 0 0 0 0 0 0 0 0 0 0 0 0 0 0 0 0 0 0 0 0 0;
  INPUT ---        0 1 0 0 0 0 0 0 0 0 0 0 0 0 0 0 0 0 0 0 0 0 0 0 0;
  INPUT ---        0 1 1 0 0 0 0 0 0 0 0 0 0 0 0 0 0 0 0 0 0 0 0 0 0;
  INPUT ---        0 1 0 1 0 0 0 0 0 0 0 0 0 0 0 0 0 0 0 0 0 0 0 0 0;
  INPUT ---        0 1 0 0 1 0 0 0 0 0 0 0 0 0 0 0 0 0 0 0 0 0 0 0 0;
  INPUT ---        0 1 0 0 0 1 0 0 0 0 0 0 0 0 0 0 0 0 0 0 0 0 0 0 0;
  INPUT ---        0 1 0 0 0 0 1 0 0 0 0 0 0 0 0 0 0 0 0 0 0 0 0 0 0;
  INPUT ---        0 1 0 0 0 0 0 1 0 0 0 0 0 0 0 0 0 0 0 0 0 0 0 0 0;
  INPUT ---        0 1 0 0 0 0 0 0 1 0 0 0 0 0 0 0 0 0 0 0 0 0 0 0 0;
  INPUT ---        0 1 0 0 0 0 0 0 0 1 0 0 0 0 0 0 0 0 0 0 0 0 0 0 0;
  INPUT ---        0 1 0 0 0 0 0 0 0 0 1 0 0 0 0 0 0 0 0 0 0 0 0 0 0;
  INPUT ---        0 1 0 0 0 0 0 0 0 0 0 1 0 0 0 0 0 0 0 0 0 0 0 0 0;
  INPUT ---        0 1 0 0 0 0 0 0 0 0 0 0 1 0 0 0 0 0 0 0 0 0 0 0 0;
  INPUT ---        0 1 0 0 0 0 0 0 0 0 0 0 0 1 0 0 0 0 0 0 0 0 0 0 0;
  INPUT ---        0 1 0 0 0 0 0 0 0 0 0 0 0 0 1 0 0 0 0 0 0 0 0 0 0;
  INPUT ---        0 1 0 0 0 0 0 0 0 0 0 0 0 0 0 1 0 0 0 0 0 0 0 0 0;
  INPUT ---        0 1 0 0 0 0 0 0 0 0 0 0 0 0 0 0 1 0 0 0 0 0 0 0 0;
  INPUT ---        0 1 0 0 0 0 0 0 0 0 0 0 0 0 0 0 0 1 0 0 0 0 0 0 0;
  INPUT ---        0 1 0 0 0 0 0 0 0 0 0 0 0 0 0 0 0 0 1 0 0 0 0 0 0;
  INPUT ---        0 1 0 0 0 0 0 0 0 0 0 0 0 0 0 0 0 0 0 1 0 0 0 0 0;
  INPUT ---        0 1 0 0 0 0 0 0 0 0 0 0 0 0 0 0 0 0 0 0 1 0 0 0 0;
  INPUT ---        0 1 0 0 0 0 0 0 0 0 0 0 0 0 0 0 0 0 0 0 0 1 0 0 0;
  INPUT ---        0 1 0 0 0 0 0 0 0 0 0 0 0 0 0 0 0 0 0 0 0 0 1 0 0;
  INPUT ---        0 1 0 0 0 0 0 0 0 0 0 0 0 0 0 0 0 0 0 0 0 0 0 1 0;
  INPUT ---        0 0 0 0 0 0 0 0 0 0 0 0 0 0 0 0 0 0 0 0 0 0 0 0 1;

  INPUT ---    links=25;

  Program  MARK  - Survival Rate Estimation with Capture-Recapture Data
   gfortran(dble/PIM2) Vers. 10.1 March 2023  13-Feb-2024 12:26:06    Page  003
 - - - - - - - - - - - - - - - - - - - - - - - - - - - - - - - - - - - - - -
 

  INPUT ---    Logit;

  INPUT ---    Logit;

  INPUT ---    Logit;

  INPUT ---    Logit;

  INPUT ---    Logit;

  INPUT ---    Logit;

  INPUT ---    Logit;

  INPUT ---    Logit;

  INPUT ---    Logit;

  INPUT ---    Logit;

  INPUT ---    Logit;

  INPUT ---    Logit;

  INPUT ---    Logit;

  INPUT ---    Logit;

  INPUT ---    Logit;

  INPUT ---    Logit;

  INPUT ---    Logit;

  INPUT ---    Logit;

  INPUT ---    Logit;

  INPUT ---    Logit;

  INPUT ---    Logit;

  INPUT ---    Logit;

  INPUT ---    Logit;

  Program  MARK  - Survival Rate Estimation with Capture-Recapture Data
   gfortran(dble/PIM2) Vers. 10.1 March 2023  13-Feb-2024 12:26:06    Page  004
 - - - - - - - - - - - - - - - - - - - - - - - - - - - - - - - - - - - - - -
 

  INPUT ---    Logit;

  INPUT ---    Log;
  INPUT ---       blabel(1)=Phi:(Intercept);
  INPUT ---       blabel(2)=p:(Intercept);
  INPUT ---       blabel(3)=p:time4.7003706788838;
  INPUT ---       blabel(4)=p:time5.5078432097737;
  INPUT ---       blabel(5)=p:time6.4551274501619;
  INPUT ---       blabel(6)=p:time7.00598971220001;
  INPUT ---       blabel(7)=p:time7.29682957782151;
  INPUT ---       blabel(8)=p:time8.6006113579218;
  INPUT ---       blabel(9)=p:time8.9570104159394;
  INPUT ---       blabel(10)=p:time9.6553155132967;
  INPUT ---       blabel(11)=p:time10.0072125322669;
  INPUT ---       blabel(12)=p:time10.4995305856602;
  INPUT ---       blabel(13)=p:time11.2859135643836;
  INPUT ---       blabel(14)=p:time11.5694516654629;
  INPUT ---       blabel(15)=p:time12.1688917318254;
  INPUT ---       blabel(16)=p:time12.3954885796064;
  INPUT ---       blabel(17)=p:time13.2232260329452;
  INPUT ---       blabel(18)=p:time13.9387278993907;
  INPUT ---       blabel(19)=p:time14.6219195211244;
  INPUT ---       blabel(20)=p:time14.9023761824759;
  INPUT ---       blabel(21)=p:time15.7087473319875;
  INPUT ---       blabel(22)=p:time17.2218954442059;
  INPUT ---       blabel(23)=p:time18.588138576074;
  INPUT ---       blabel(24)=p:time19.0485666896271;
  INPUT ---       blabel(25)=f:(Intercept);
  INPUT ---       rlabel(1)=Phi g1 a0 t1;
  INPUT ---       rlabel(2)=p g1 a0 t1;
  INPUT ---       rlabel(3)=p g1 a3.7003706788838 t4.7003706788838;
  INPUT ---       rlabel(4)=p g1 a4.5078432097737 t5.5078432097737;
  INPUT ---       rlabel(5)=p g1 a5.4551274501619 t6.4551274501619;
  INPUT ---       rlabel(6)=p g1 a6.00598971220001 t7.00598971220001;
  INPUT ---       rlabel(7)=p g1 a6.29682957782151 t7.29682957782151;
  INPUT ---       rlabel(8)=p g1 a7.6006113579218 t8.6006113579218;
  INPUT ---       rlabel(9)=p g1 a7.9570104159394 t8.9570104159394;
  INPUT ---       rlabel(10)=p g1 a8.6553155132967 t9.6553155132967;
  INPUT ---       rlabel(11)=p g1 a9.00721253226691 t10.0072125322669;
  INPUT ---       rlabel(12)=p g1 a9.4995305856602 t10.4995305856602;
  INPUT ---       rlabel(13)=p g1 a10.2859135643836 t11.2859135643836;
  INPUT ---       rlabel(14)=p g1 a10.5694516654629 t11.5694516654629;
  INPUT ---       rlabel(15)=p g1 a11.1688917318254 t12.1688917318254;
  INPUT ---       rlabel(16)=p g1 a11.3954885796064 t12.3954885796064;
  INPUT ---       rlabel(17)=p g1 a12.2232260329452 t13.2232260329452;

  Program  MARK  - Survival Rate Estimation with Capture-Recapture Data
   gfortran(dble/PIM2) Vers. 10.1 March 2023  13-Feb-2024 12:26:06    Page  005
 - - - - - - - - - - - - - - - - - - - - - - - - - - - - - - - - - - - - - -
 
  INPUT ---       rlabel(18)=p g1 a12.9387278993907 t13.9387278993907;
  INPUT ---       rlabel(19)=p g1 a13.6219195211244 t14.6219195211244;
  INPUT ---       rlabel(20)=p g1 a13.9023761824759 t14.9023761824759;
  INPUT ---       rlabel(21)=p g1 a14.7087473319875 t15.7087473319875;
  INPUT ---       rlabel(22)=p g1 a16.2218954442059 t17.2218954442059;
  INPUT ---       rlabel(23)=p g1 a17.588138576074 t18.588138576074;
  INPUT ---       rlabel(24)=p g1 a18.0485666896271 t19.0485666896271;
  INPUT ---       rlabel(25)=f g1 a0 t1;
   Model is { Phi(~1)p(~time)f(~1) }

 Link Function Used is PARM-SPECIFIC

 Variance Estimation Procedure Used is 2ndPart 
 -2logL(saturated) = 1800.5278     
 Effective Sample Size = 1341

 Number of function evaluations was 54 for 25 parameters.
 For numerical optimization, CPU Time was 1.500 seconds and System Time was 2.141 seconds.
 -2logL { Phi(~1)p(~time)f(~1) } = 4584.4240     
 Penalty { Phi(~1)p(~time)f(~1) } = 0.0000000     
 Gradient { Phi(~1)p(~time)f(~1) }:
   0.0000000       0.0000000       0.0000000       0.0000000       0.0000000    
   0.0000000       0.0000000       0.0000000       0.0000000       0.0000000    
   0.0000000       0.0000000       0.0000000       0.0000000       0.0000000    
   0.0000000       0.0000000       0.0000000       0.0000000       0.0000000    
   0.0000000       0.0000000       0.0000000       0.0000000       0.0000000    
 Maximum ABS(G) { Phi(~1)p(~time)f(~1) } = 0.0000000     
 To compute VC matrix, CPU Time was 1.031 seconds and System Time was 1.422 seconds.
 S Vector { Phi(~1)p(~time)f(~1) }:
   567.7141      74.44671      39.63103      34.74239      34.12619    
   33.88828      33.38844      33.13233      32.17812      31.28127    
   30.71795      30.40493      30.13134      29.85211      29.03348    
   27.46101      27.28808      25.70723      25.55658      25.34132    
   22.64413      20.87593      18.53211      14.29176     0.8374067    
 To invert VC matrix, CPU Time was 0.001 seconds and System Time was 0.001 seconds.
 Ratio Threshold = 50.000000       Max Gap (24/25) = 17.066693       Next Max Gap (1/2) = 7.6257778     
 Gap Method for Num. of Estimated Parameters { Phi(~1)p(~time)f(~1) } = 25          
 Numerical Threshold Method for Num. of Estimated Parameters { Phi(~1)p(~time)f(~1) } = 25          
 Number of Estimated Parameters { Phi(~1)p(~time)f(~1) } = 25          
 DEVIANCE { Phi(~1)p(~time)f(~1) } = 2783.8962               
 DEVIANCE Degrees of Freedom { Phi(~1)p(~time)f(~1) } = 140          
 c-hat { Phi(~1)p(~time)f(~1) } = 19.884973               
 AIC { Phi(~1)p(~time)f(~1) } = 4634.4240               
 AICc { Phi(~1)p(~time)f(~1) } = 4635.4126               
 BIC { Phi(~1)p(~time)f(~1) } = 4764.4532               
 Pearson Chisquare { Phi(~1)p(~time)f(~1) } = 36368957.               
 Possible Encounter Histories { Phi(~1)p(~time)f(~1) } = 8388607          
 Pearson Chisquare df { Phi(~1)p(~time)f(~1) } = 8388581          
 Pearson chat { Phi(~1)p(~time)f(~1) } = 4.3355314               
 Sum(Observed/Expected) { Phi(~1)p(~time)f(~1) } = 28067204.               
 s-bar { Phi(~1)p(~time)f(~1) } = 2.3458722               
 Fletcher chat { Phi(~1)p(~time)f(~1) } = 1.2957851               


            PARM-SPECIFIC Link Function Parameters of { Phi(~1)p(~time)f(~1) }
                                                              95% Confidence Interval
    Parameter                  Beta         Standard Error     Lower           Upper
 -------------------------  --------------  --------------  --------------  --------------
    1:Phi:(Intercept)        3.1687389       0.1497824       2.8751653       3.4623125    
    2:p:(Intercept)         -0.6784772       0.2266415      -1.1226946      -0.2342599    
    3:p:time4.700370678883   0.2378443       0.2790659      -0.3091249       0.7848134    
    4:p:time5.507843209773  -0.1468651       0.2887348      -0.7127854       0.4190552    
    5:p:time6.455127450161   1.6081216       0.2958204       1.0283135       2.1879296    
    6:p:time7.005989712200  -0.5591252       0.3052479      -1.1574110       0.0391606    
    7:p:time7.296829577821   0.9580699       0.2834867       0.4024359       1.5137040    

  Program  MARK  - Survival Rate Estimation with Capture-Recapture Data
   gfortran(dble/PIM2) Vers. 10.1 March 2023  13-Feb-2024 12:26:10    Page  006
 - - - - - - - - - - - - - - - - - - - - - - - - - - - - - - - - - - - - - -
 
    8:p:time8.600611357921   0.5056653       0.2829089      -0.0488362       1.0601668    
    9:p:time8.957010415939   0.0055846       0.2885987      -0.5600688       0.5712381    
   10:p:time9.655315513296   1.2080713       0.2875933       0.6443884       1.7717543    
   11:p:time10.00721253226   1.0061566       0.2846417       0.4482589       1.5640544    
   12:p:time10.49953058566   0.9888373       0.2850656       0.4301088       1.5475658    
   13:p:time11.28591356438   0.7861654       0.2837862       0.2299443       1.3423865    
   14:p:time11.56945166546   0.7412733       0.2839093       0.1848110       1.2977356    
   15:p:time12.16889173182   0.5199366       0.2854541      -0.0395535       1.0794267    
   16:p:time12.39548857960   0.1674931       0.2886831      -0.3983258       0.7333120    
   17:p:time13.22322603294   0.1359043       0.2922670      -0.4369390       0.7087476    
   18:p:time13.93872789939   0.3541980       0.2923755      -0.2188580       0.9272539    
   19:p:time14.62191952112   0.6337238       0.2940895       0.0573085       1.2101392    
   20:p:time14.90237618247   0.1180226       0.2987442      -0.4675160       0.7035612    
   21:p:time15.70874733198  -0.5292228       0.3196261      -1.1556899       0.0972443    
   22:p:time17.22189544420   0.8995782       0.3173097       0.2776513       1.5215052    
   23:p:time18.58813857607   0.1646504       0.3182273      -0.4590752       0.7883759    
   24:p:time19.04856668962   0.9448479       0.3339708       0.2902650       1.5994307    
   25:f:(Intercept)         -3.3071913       0.1606569      -3.6220788      -2.9923037    


                   Real Function Parameters of { Phi(~1)p(~time)f(~1) }
                                                               95% Confidence Interval
     Parameter                Estimate       Standard Error     Lower           Upper
 --------------------------  --------------  --------------  --------------  --------------
     1:Phi g1 a0 t1           0.9596408       0.0058011       0.9466050       0.9695962       
     2:p g1 a0 t1             0.3366013       0.0506092       0.2455118       0.4417014       
     3:p g1 a3.700370678883   0.3915902       0.0476228       0.3031349       0.4877894       
     4:p g1 a4.507843209773   0.3046308       0.0428619       0.2275972       0.3944234       
     5:p g1 a5.455127450161   0.7170031       0.0456501       0.6197973       0.7974772       
     6:p g1 a6.005989712200   0.2248536       0.0372703       0.1602028       0.3060854       
     7:p g1 a6.296829577821   0.5694464       0.0458593       0.4782595       0.6561541       
     8:p g1 a7.600611357921   0.4569042       0.0434445       0.3737961       0.5424828       
     9:p g1 a7.957010415939   0.3378494       0.0406593       0.2632533       0.4214904       
    10:p g1 a8.655315513296   0.6293884       0.0419032       0.5442574       0.7071732       
    11:p g1 a9.007212532266   0.5811946       0.0421276       0.4971134       0.6608098       
    12:p g1 a9.499530585660   0.5769732       0.0422376       0.4927953       0.6569070       
    13:p g1 a10.28591356438   0.5268961       0.0425593       0.4435060       0.6088120       
    14:p g1 a10.56945166546   0.5156939       0.0426818       0.4323770       0.5981474       
    15:p g1 a11.16889173182   0.4604476       0.0430664       0.3779385       0.5451830       
    16:p g1 a11.39548857960   0.3749629       0.0418540       0.2971286       0.4598468       
    17:p g1 a12.22322603294   0.3675893       0.0427738       0.2883910       0.4546414       
    18:p g1 a12.93872789939   0.4196332       0.0447641       0.3352494       0.5089937       
    19:p g1 a13.62191952112   0.4888135       0.0464734       0.3990831       0.5792707       
    20:p g1 a13.90237618247   0.3634423       0.0447032       0.2810665       0.4546917       
    21:p g1 a14.70874733198   0.2301083       0.0396217       0.1616426       0.3166211       
    22:p g1 a16.22189544420   0.5550512       0.0534663       0.4493695       0.6559778       

  Program  MARK  - Survival Rate Estimation with Capture-Recapture Data
   gfortran(dble/PIM2) Vers. 10.1 March 2023  13-Feb-2024 12:26:10    Page  007
 - - - - - - - - - - - - - - - - - - - - - - - - - - - - - - - - - - - - - -
 
    23:p g1 a17.58813857607   0.3742968       0.0508412       0.2810387       0.4779297       
    24:p g1 a18.04856668962   0.5662017       0.0579077       0.4512240       0.6744689       
    25:f g1 a0 t1             0.0366189       0.0058831       0.0266815       0.0500670       





                     Estimates of Derived Parameters

               Lambda Estimates of { Phi(~1)p(~time)f(~1) }
                                                95% Confidence Interval
 Grp. Occ.   Lambda-hat      Standard Error      Lower           Upper
 ---- ----   --------------  --------------  --------------  --------------
   1     1    0.9962597       0.0071114       0.9824185       1.0102958    
   1     2    0.9962597       0.0071114       0.9824185       1.0102958    
   1     3    0.9962597       0.0071114       0.9824185       1.0102958    
   1     4    0.9962597       0.0071114       0.9824185       1.0102958    
   1     5    0.9962597       0.0071114       0.9824185       1.0102958    
   1     6    0.9962597       0.0071114       0.9824185       1.0102958    
   1     7    0.9962597       0.0071114       0.9824185       1.0102958    
   1     8    0.9962597       0.0071114       0.9824185       1.0102958    
   1     9    0.9962597       0.0071114       0.9824185       1.0102958    
   1    10    0.9962597       0.0071114       0.9824185       1.0102958    
   1    11    0.9962597       0.0071114       0.9824185       1.0102958    
   1    12    0.9962597       0.0071114       0.9824185       1.0102958    
   1    13    0.9962597       0.0071114       0.9824185       1.0102958    
   1    14    0.9962597       0.0071114       0.9824185       1.0102958    
   1    15    0.9962597       0.0071114       0.9824185       1.0102958    
   1    16    0.9962597       0.0071114       0.9824185       1.0102958    
   1    17    0.9962597       0.0071114       0.9824185       1.0102958    
   1    18    0.9962597       0.0071114       0.9824185       1.0102958    
   1    19    0.9962597       0.0071114       0.9824185       1.0102958    
   1    20    0.9962597       0.0071114       0.9824185       1.0102958    
   1    21    0.9962597       0.0071114       0.9824185       1.0102958    
   1    22    0.9962597       0.0071114       0.9824185       1.0102958    

            log(Lambda) Estimates of { Phi(~1)p(~time)f(~1) }
                                                95% Confidence Interval
 Grp. Occ.   log(Lambda-hat) Standard Error      Lower           Upper
 ---- ----   --------------  --------------  --------------  --------------
   1     1   -0.0037474       0.0071381      -0.0177381       0.0102433    
   1     2   -0.0037474       0.0071381      -0.0177381       0.0102433    
   1     3   -0.0037474       0.0071381      -0.0177381       0.0102433    
   1     4   -0.0037474       0.0071381      -0.0177381       0.0102433    
   1     5   -0.0037474       0.0071381      -0.0177381       0.0102433    
   1     6   -0.0037474       0.0071381      -0.0177381       0.0102433    
   1     7   -0.0037474       0.0071381      -0.0177381       0.0102433    
   1     8   -0.0037474       0.0071381      -0.0177381       0.0102433    
   1     9   -0.0037474       0.0071381      -0.0177381       0.0102433    
   1    10   -0.0037474       0.0071381      -0.0177381       0.0102433    
   1    11   -0.0037474       0.0071381      -0.0177381       0.0102433    
   1    12   -0.0037474       0.0071381      -0.0177381       0.0102433    
   1    13   -0.0037474       0.0071381      -0.0177381       0.0102433    
   1    14   -0.0037474       0.0071381      -0.0177381       0.0102433    

  Program  MARK  - Survival Rate Estimation with Capture-Recapture Data
   gfortran(dble/PIM2) Vers. 10.1 March 2023  13-Feb-2024 12:26:10    Page  008
 - - - - - - - - - - - - - - - - - - - - - - - - - - - - - - - - - - - - - -
 
   1    15   -0.0037474       0.0071381      -0.0177381       0.0102433    
   1    16   -0.0037474       0.0071381      -0.0177381       0.0102433    
   1    17   -0.0037474       0.0071381      -0.0177381       0.0102433    
   1    18   -0.0037474       0.0071381      -0.0177381       0.0102433    
   1    19   -0.0037474       0.0071381      -0.0177381       0.0102433    
   1    20   -0.0037474       0.0071381      -0.0177381       0.0102433    
   1    21   -0.0037474       0.0071381      -0.0177381       0.0102433    
   1    22   -0.0037474       0.0071381      -0.0177381       0.0102433    

 To compute parameter estimates, CPU Time was 0.001 seconds and System Time was 0.001 seconds.

   For procedure estimate CPU Time was 2.531 seconds and System Time was 3.578 seconds       .


  INPUT --- proc stop;

     For this job, CPU Time in minutes was 0.042 and System Time in minutes was 0.060.

     Time Start = 12:26:06.833   Time End = 12:26:10.415

     Wall Clock Time in minutes for this job was 0.060.

     Maximum of 25 words used of 4096 words allocated.


          E X E C U T I O N   S U C C E S S F U L 
