
   Program  MARK  - Survival Rate Estimation with Capture-Recapture Data
   gfortran(dble/PIM2) Vers. 10.1 March 2023  13-Feb-2024 12:30:30    Page  001
    
 - - - - - - - - - - - - - - - - - - - - - - - - - - - - - - - - - - - - - -
 
   Welcome to MARK Elizabeth Sibert on machine CHROMIUM in subdirectory 
   "C:\Elizabeth_Files\Personal\Research\Code\Github_Repos\eeco_teeth\mark" running file "mark016.inp".
   This version was compiled by GCC version 12.2.0 using the options: 
     -cpp -iprefix c:\tdm-gcc-64\mingw64\bin\../lib/gcc/x86_64-w64-mingw32/12.2.0/
     -D_MT -D_REENTRANT -U_REENTRANT -D ieee -D dbleprecision -m64 -mtune=generic
     -march=x86-64 -mthreads -O3 -std=f2018 -fsignaling-nans
     -ffpe-summary=invalid,zero,overflow,underflow -funroll-loops -ffast-math
     -fall-intrinsics -fopenmp.

   This problem will use 15 of 16 possible threads.
   Static thread allocation is used.
   Schedule kind is omp_sched_dynamic with chunk size 1


  INPUT --- proc title ;

   For procedure title CPU Time was 0.001 seconds and System Time was 0.001 seconds       .


  INPUT --- proc chmatrix occasions= 23 groups= 1 etype= PradRec Nodes= 
  INPUT --- 101 ICMeans NoHist hist=  165 ;

  INPUT ---    time interval 2.8033951005025 1.24942166188089 
  INPUT ---    0.684880952380901 0.374523809523801  0.197738095238101 
  INPUT ---    1.5531056176919 1.2130970501222 1.7911177305376 
  INPUT ---    0.118485576923099  0.129216346153804 0.375576923076899 
  INPUT ---    0.123850961538501 0.315735616432001 0.119379632613594  
  INPUT ---    0.4360828230744 0.376952948759303 1.8489037503733 
  INPUT ---    0.305253233500906 0.806371149511598  1.5131481122184 
  INPUT ---    1.3662431318681 0.4604281135531 ;

  INPUT ---    glabel(1)=Group 1;

      Number of unique encounter histories read was 165.

      Number of individual covariates read was 0.
      Time interval lengths vary and/or not equal to 1.

      Data type number is 17
      Data type is Pradel Survival and Recruitment

   For procedure chmatrix CPU Time was 0.001 seconds and System Time was 0.001 seconds       .

  Program  MARK  - Survival Rate Estimation with Capture-Recapture Data
   gfortran(dble/PIM2) Vers. 10.1 March 2023  13-Feb-2024 12:30:30    Page  002
 - - - - - - - - - - - - - - - - - - - - - - - - - - - - - - - - - - - - - -
 


  INPUT --- proc estimate link=Parm-Specific NOLOOP varest=2ndPart    ;


  INPUT --- model={ Phi(~time)p(~samplesize)f(~1) };

  INPUT ---    group=1 Phi    rows=1 cols=22 Square ;
  INPUT ---        1 2 3 4 5 6 7 8 9 10 11 12 13 14 15 16 17 18 19 20 21 22 ;

  INPUT ---    group=1 p    rows=1 cols=23 Square ;
  INPUT ---        23 24 25 26 27 28 29 30 31 32 33 34 35 36 37 38 39 40 41 
  INPUT ---       42 43 44 45 ;

  INPUT ---    group=1 f    rows=1 cols=22 Square ;
  INPUT ---        46 46 46 46 46 46 46 46 46 46 46 46 46 46 46 46 46 46 46 
  INPUT ---       46 46 46 ;

  INPUT ---    design matrix constraints=46 covariates=25;
  INPUT ---        1 0 0 0 0 0 0 0 0 0 0 0 0 0 0 0 0 0 0 0 0 0 0 0 0;
  INPUT ---        1 1 0 0 0 0 0 0 0 0 0 0 0 0 0 0 0 0 0 0 0 0 0 0 0;
  INPUT ---        1 0 1 0 0 0 0 0 0 0 0 0 0 0 0 0 0 0 0 0 0 0 0 0 0;
  INPUT ---        1 0 0 1 0 0 0 0 0 0 0 0 0 0 0 0 0 0 0 0 0 0 0 0 0;
  INPUT ---        1 0 0 0 1 0 0 0 0 0 0 0 0 0 0 0 0 0 0 0 0 0 0 0 0;
  INPUT ---        1 0 0 0 0 1 0 0 0 0 0 0 0 0 0 0 0 0 0 0 0 0 0 0 0;
  INPUT ---        1 0 0 0 0 0 1 0 0 0 0 0 0 0 0 0 0 0 0 0 0 0 0 0 0;
  INPUT ---        1 0 0 0 0 0 0 1 0 0 0 0 0 0 0 0 0 0 0 0 0 0 0 0 0;
  INPUT ---        1 0 0 0 0 0 0 0 1 0 0 0 0 0 0 0 0 0 0 0 0 0 0 0 0;
  INPUT ---        1 0 0 0 0 0 0 0 0 1 0 0 0 0 0 0 0 0 0 0 0 0 0 0 0;
  INPUT ---        1 0 0 0 0 0 0 0 0 0 1 0 0 0 0 0 0 0 0 0 0 0 0 0 0;
  INPUT ---        1 0 0 0 0 0 0 0 0 0 0 1 0 0 0 0 0 0 0 0 0 0 0 0 0;
  INPUT ---        1 0 0 0 0 0 0 0 0 0 0 0 1 0 0 0 0 0 0 0 0 0 0 0 0;
  INPUT ---        1 0 0 0 0 0 0 0 0 0 0 0 0 1 0 0 0 0 0 0 0 0 0 0 0;
  INPUT ---        1 0 0 0 0 0 0 0 0 0 0 0 0 0 1 0 0 0 0 0 0 0 0 0 0;
  INPUT ---        1 0 0 0 0 0 0 0 0 0 0 0 0 0 0 1 0 0 0 0 0 0 0 0 0;
  INPUT ---        1 0 0 0 0 0 0 0 0 0 0 0 0 0 0 0 1 0 0 0 0 0 0 0 0;
  INPUT ---        1 0 0 0 0 0 0 0 0 0 0 0 0 0 0 0 0 1 0 0 0 0 0 0 0;
  INPUT ---        1 0 0 0 0 0 0 0 0 0 0 0 0 0 0 0 0 0 1 0 0 0 0 0 0;
  INPUT ---        1 0 0 0 0 0 0 0 0 0 0 0 0 0 0 0 0 0 0 1 0 0 0 0 0;
  INPUT ---        1 0 0 0 0 0 0 0 0 0 0 0 0 0 0 0 0 0 0 0 1 0 0 0 0;
  INPUT ---        1 0 0 0 0 0 0 0 0 0 0 0 0 0 0 0 0 0 0 0 0 1 0 0 0;
  INPUT ---        0 0 0 0 0 0 0 0 0 0 0 0 0 0 0 0 0 0 0 0 0 0 1 125 0;
  INPUT ---        0 0 0 0 0 0 0 0 0 0 0 0 0 0 0 0 0 0 0 0 0 0 1 158 0;
  INPUT ---        0 0 0 0 0 0 0 0 0 0 0 0 0 0 0 0 0 0 0 0 0 0 1 105 0;
  INPUT ---        0 0 0 0 0 0 0 0 0 0 0 0 0 0 0 0 0 0 0 0 0 0 1 547 0;
  INPUT ---        0 0 0 0 0 0 0 0 0 0 0 0 0 0 0 0 0 0 0 0 0 0 1 63 0;

  Program  MARK  - Survival Rate Estimation with Capture-Recapture Data
   gfortran(dble/PIM2) Vers. 10.1 March 2023  13-Feb-2024 12:30:30    Page  003
 - - - - - - - - - - - - - - - - - - - - - - - - - - - - - - - - - - - - - -
 
  INPUT ---        0 0 0 0 0 0 0 0 0 0 0 0 0 0 0 0 0 0 0 0 0 0 1 426 0;
  INPUT ---        0 0 0 0 0 0 0 0 0 0 0 0 0 0 0 0 0 0 0 0 0 0 1 178 0;
  INPUT ---        0 0 0 0 0 0 0 0 0 0 0 0 0 0 0 0 0 0 0 0 0 0 1 75 0;
  INPUT ---        0 0 0 0 0 0 0 0 0 0 0 0 0 0 0 0 0 0 0 0 0 0 1 366 0;
  INPUT ---        0 0 0 0 0 0 0 0 0 0 0 0 0 0 0 0 0 0 0 0 0 0 1 345 0;
  INPUT ---        0 0 0 0 0 0 0 0 0 0 0 0 0 0 0 0 0 0 0 0 0 0 1 351 0;
  INPUT ---        0 0 0 0 0 0 0 0 0 0 0 0 0 0 0 0 0 0 0 0 0 0 1 327 0;
  INPUT ---        0 0 0 0 0 0 0 0 0 0 0 0 0 0 0 0 0 0 0 0 0 0 1 259 0;
  INPUT ---        0 0 0 0 0 0 0 0 0 0 0 0 0 0 0 0 0 0 0 0 0 0 1 322 0;
  INPUT ---        0 0 0 0 0 0 0 0 0 0 0 0 0 0 0 0 0 0 0 0 0 0 1 95 0;
  INPUT ---        0 0 0 0 0 0 0 0 0 0 0 0 0 0 0 0 0 0 0 0 0 0 1 163 0;
  INPUT ---        0 0 0 0 0 0 0 0 0 0 0 0 0 0 0 0 0 0 0 0 0 0 1 380 0;
  INPUT ---        0 0 0 0 0 0 0 0 0 0 0 0 0 0 0 0 0 0 0 0 0 0 1 250 0;
  INPUT ---        0 0 0 0 0 0 0 0 0 0 0 0 0 0 0 0 0 0 0 0 0 0 1 134 0;
  INPUT ---        0 0 0 0 0 0 0 0 0 0 0 0 0 0 0 0 0 0 0 0 0 0 1 57 0;
  INPUT ---        0 0 0 0 0 0 0 0 0 0 0 0 0 0 0 0 0 0 0 0 0 0 1 229 0;
  INPUT ---        0 0 0 0 0 0 0 0 0 0 0 0 0 0 0 0 0 0 0 0 0 0 1 87 0;
  INPUT ---        0 0 0 0 0 0 0 0 0 0 0 0 0 0 0 0 0 0 0 0 0 0 1 207 0;
  INPUT ---        0 0 0 0 0 0 0 0 0 0 0 0 0 0 0 0 0 0 0 0 0 0 0 0 1;

  INPUT ---    links=46;

  INPUT ---    Logit;

  INPUT ---    Logit;

  INPUT ---    Logit;

  INPUT ---    Logit;

  INPUT ---    Logit;

  INPUT ---    Logit;

  INPUT ---    Logit;

  INPUT ---    Logit;

  INPUT ---    Logit;

  INPUT ---    Logit;

  INPUT ---    Logit;

  INPUT ---    Logit;


  Program  MARK  - Survival Rate Estimation with Capture-Recapture Data
   gfortran(dble/PIM2) Vers. 10.1 March 2023  13-Feb-2024 12:30:30    Page  004
 - - - - - - - - - - - - - - - - - - - - - - - - - - - - - - - - - - - - - -
 
  INPUT ---    Logit;

  INPUT ---    Logit;

  INPUT ---    Logit;

  INPUT ---    Logit;

  INPUT ---    Logit;

  INPUT ---    Logit;

  INPUT ---    Logit;

  INPUT ---    Logit;

  INPUT ---    Logit;

  INPUT ---    Logit;

  INPUT ---    Logit;

  INPUT ---    Logit;

  INPUT ---    Logit;

  INPUT ---    Logit;

  INPUT ---    Logit;

  INPUT ---    Logit;

  INPUT ---    Logit;

  INPUT ---    Logit;

  INPUT ---    Logit;

  INPUT ---    Logit;

  INPUT ---    Logit;

  INPUT ---    Logit;

  INPUT ---    Logit;


  Program  MARK  - Survival Rate Estimation with Capture-Recapture Data
   gfortran(dble/PIM2) Vers. 10.1 March 2023  13-Feb-2024 12:30:30    Page  005
 - - - - - - - - - - - - - - - - - - - - - - - - - - - - - - - - - - - - - -
 
  INPUT ---    Logit;

  INPUT ---    Logit;

  INPUT ---    Logit;

  INPUT ---    Logit;

  INPUT ---    Logit;

  INPUT ---    Logit;

  INPUT ---    Logit;

  INPUT ---    Logit;

  INPUT ---    Logit;

  INPUT ---    Logit;

  INPUT ---    Log;
  INPUT ---       blabel(1)=Phi:(Intercept);
  INPUT ---       blabel(2)=Phi:time3.8033951005025;
  INPUT ---       blabel(3)=Phi:time5.05281676238339;
  INPUT ---       blabel(4)=Phi:time5.73769771476429;
  INPUT ---       blabel(5)=Phi:time6.1122215242881;
  INPUT ---       blabel(6)=Phi:time6.3099596195262;
  INPUT ---       blabel(7)=Phi:time7.86306523721809;
  INPUT ---       blabel(8)=Phi:time9.0761622873403;
  INPUT ---       blabel(9)=Phi:time10.8672800178779;
  INPUT ---       blabel(10)=Phi:time10.985765594801;
  INPUT ---       blabel(11)=Phi:time11.1149819409548;
  INPUT ---       blabel(12)=Phi:time11.4905588640317;
  INPUT ---       blabel(13)=Phi:time11.6144098255702;
  INPUT ---       blabel(14)=Phi:time11.9301454420022;
  INPUT ---       blabel(15)=Phi:time12.0495250746158;
  INPUT ---       blabel(16)=Phi:time12.4856078976902;
  INPUT ---       blabel(17)=Phi:time12.8625608464495;
  INPUT ---       blabel(18)=Phi:time14.7114645968228;
  INPUT ---       blabel(19)=Phi:time15.0167178303237;
  INPUT ---       blabel(20)=Phi:time15.8230889798353;
  INPUT ---       blabel(21)=Phi:time17.3362370920537;
  INPUT ---       blabel(22)=Phi:time18.7024802239218;
  INPUT ---       blabel(23)=p:(Intercept);
  INPUT ---       blabel(24)=p:samplesize;
  INPUT ---       blabel(25)=f:(Intercept);

  Program  MARK  - Survival Rate Estimation with Capture-Recapture Data
   gfortran(dble/PIM2) Vers. 10.1 March 2023  13-Feb-2024 12:30:30    Page  006
 - - - - - - - - - - - - - - - - - - - - - - - - - - - - - - - - - - - - - -
 
  INPUT ---       rlabel(1)=Phi g1 a0 t1;
  INPUT ---       rlabel(2)=Phi g1 a2.8033951005025 t3.8033951005025;
  INPUT ---       rlabel(3)=Phi g1 a4.05281676238339 t5.05281676238339;
  INPUT ---       rlabel(4)=Phi g1 a4.73769771476429 t5.73769771476429;
  INPUT ---       rlabel(5)=Phi g1 a5.1122215242881 t6.1122215242881;
  INPUT ---       rlabel(6)=Phi g1 a5.3099596195262 t6.3099596195262;
  INPUT ---       rlabel(7)=Phi g1 a6.86306523721809 t7.86306523721809;
  INPUT ---       rlabel(8)=Phi g1 a8.0761622873403 t9.0761622873403;
  INPUT ---       rlabel(9)=Phi g1 a9.8672800178779 t10.8672800178779;
  INPUT ---       rlabel(10)=Phi g1 a9.98576559480099 t10.985765594801;
  INPUT ---       rlabel(11)=Phi g1 a10.1149819409548 t11.1149819409548;
  INPUT ---       rlabel(12)=Phi g1 a10.4905588640317 t11.4905588640317;
  INPUT ---       rlabel(13)=Phi g1 a10.6144098255702 t11.6144098255702;
  INPUT ---       rlabel(14)=Phi g1 a10.9301454420022 t11.9301454420022;
  INPUT ---       rlabel(15)=Phi g1 a11.0495250746158 t12.0495250746158;
  INPUT ---       rlabel(16)=Phi g1 a11.4856078976902 t12.4856078976902;
  INPUT ---       rlabel(17)=Phi g1 a11.8625608464495 t12.8625608464495;
  INPUT ---       rlabel(18)=Phi g1 a13.7114645968228 t14.7114645968228;
  INPUT ---       rlabel(19)=Phi g1 a14.0167178303237 t15.0167178303237;
  INPUT ---       rlabel(20)=Phi g1 a14.8230889798353 t15.8230889798353;
  INPUT ---       rlabel(21)=Phi g1 a16.3362370920537 t17.3362370920537;
  INPUT ---       rlabel(22)=Phi g1 a17.7024802239218 t18.7024802239218;
  INPUT ---       rlabel(23)=p g1 a0 t1;
  INPUT ---       rlabel(24)=p g1 a2.8033951005025 t3.8033951005025;
  INPUT ---       rlabel(25)=p g1 a4.05281676238339 t5.05281676238339;
  INPUT ---       rlabel(26)=p g1 a4.73769771476429 t5.73769771476429;
  INPUT ---       rlabel(27)=p g1 a5.1122215242881 t6.1122215242881;
  INPUT ---       rlabel(28)=p g1 a5.3099596195262 t6.3099596195262;
  INPUT ---       rlabel(29)=p g1 a6.86306523721809 t7.86306523721809;
  INPUT ---       rlabel(30)=p g1 a8.0761622873403 t9.0761622873403;
  INPUT ---       rlabel(31)=p g1 a9.8672800178779 t10.8672800178779;
  INPUT ---       rlabel(32)=p g1 a9.98576559480099 t10.985765594801;
  INPUT ---       rlabel(33)=p g1 a10.1149819409548 t11.1149819409548;
  INPUT ---       rlabel(34)=p g1 a10.4905588640317 t11.4905588640317;
  INPUT ---       rlabel(35)=p g1 a10.6144098255702 t11.6144098255702;
  INPUT ---       rlabel(36)=p g1 a10.9301454420022 t11.9301454420022;
  INPUT ---       rlabel(37)=p g1 a11.0495250746158 t12.0495250746158;
  INPUT ---       rlabel(38)=p g1 a11.4856078976902 t12.4856078976902;
  INPUT ---       rlabel(39)=p g1 a11.8625608464495 t12.8625608464495;
  INPUT ---       rlabel(40)=p g1 a13.7114645968228 t14.7114645968228;
  INPUT ---       rlabel(41)=p g1 a14.0167178303237 t15.0167178303237;
  INPUT ---       rlabel(42)=p g1 a14.8230889798353 t15.8230889798353;
  INPUT ---       rlabel(43)=p g1 a16.3362370920537 t17.3362370920537;
  INPUT ---       rlabel(44)=p g1 a17.7024802239218 t18.7024802239218;
  INPUT ---       rlabel(45)=p g1 a18.1629083374749 t19.1629083374749;
  INPUT ---       rlabel(46)=f g1 a0 t1;
   Model is { Phi(~time)p(~samplesize)f(~1) }

  Program  MARK  - Survival Rate Estimation with Capture-Recapture Data
   gfortran(dble/PIM2) Vers. 10.1 March 2023  13-Feb-2024 12:30:30    Page  007
 - - - - - - - - - - - - - - - - - - - - - - - - - - - - - - - - - - - - - -
 

 Link Function Used is PARM-SPECIFIC

 Variance Estimation Procedure Used is 2ndPart 
 -2logL(saturated) = 1800.5278     
 Effective Sample Size = 1341

 Number of function evaluations was 83 for 25 parameters.
 For numerical optimization, CPU Time was 1.828 seconds and System Time was 3.953 seconds.
 -2logL { Phi(~time)p(~samplesize)f(~1) } = 4579.8964     
 Penalty { Phi(~time)p(~samplesize)f(~1) } = 0.0000000     
 Gradient { Phi(~time)p(~samplesize)f(~1) }:
 -0.73017373E-02 -0.45112986E-03 -0.24863228E-03 -0.12226037E-03  0.14444005E-04
 -0.98581669E-03 -0.40647705E-03 -0.29072101E-03 -0.48349608E-04 -0.47039415E-03
 -0.30172371E-03 -0.11748047E-04 -0.29524756E-03   0.0000000     -0.39751032E-03
 -0.20227396E-03 -0.15255560E-03 -0.57286839E-03 -0.62691386E-03 -0.51919398E-03
 -0.99855803E-03 -0.14218641E-03 -0.39645900E-02 -0.10263280E-02 -0.80025018E-02
 Maximum ABS(G) { Phi(~time)p(~samplesize)f(~1) } = 0.0080025     
 To compute VC matrix, CPU Time was 0.562 seconds and System Time was 1.454 seconds.
 S Vector { Phi(~time)p(~samplesize)f(~1) }:
   685.3476      61.86763      39.90898      29.90895      5.677755    
   3.464120      2.851065      1.576945     0.9396612     0.8609070    
  0.5761951     0.5150513     0.5043884     0.2534739     0.2007735    
  0.5428432E-03 0.2891532E-03 0.2423122E-03 0.1593190E-03 0.8491301E-04
  0.7429165E-04 0.9285439E-05 0.5317485E-05 0.5243439E-05 0.2139634E-05
 To invert VC matrix, CPU Time was 0.001 seconds and System Time was 0.001 seconds.
 Ratio Threshold = 50.000000       Max Gap (15/16) = 369.85536       Next Max Gap (1/2) = 11.077644     
 Gap Method for Num. of Estimated Parameters { Phi(~time)p(~samplesize)f(~1) } = 15          
 Threshold { Phi(~time)p(~samplesize)f(~1) } = 0.0160050               
 Numerical Threshold Method for Num. of Estimated Parameters { Phi(~time)p(~samplesize)f(~1) } = 15          
 Number of Estimated Parameters { Phi(~time)p(~samplesize)f(~1) } = 15          
 DEVIANCE { Phi(~time)p(~samplesize)f(~1) } = 2779.3686               
 DEVIANCE Degrees of Freedom { Phi(~time)p(~samplesize)f(~1) } = 150          
 c-hat { Phi(~time)p(~samplesize)f(~1) } = 18.529124               
 AIC { Phi(~time)p(~samplesize)f(~1) } = 4609.8964               
 AICc { Phi(~time)p(~samplesize)f(~1) } = 4610.2586               
 BIC { Phi(~time)p(~samplesize)f(~1) } = 4687.9139               
 Pearson Chisquare { Phi(~time)p(~samplesize)f(~1) } = 25254412.               
 Possible Encounter Histories { Phi(~time)p(~samplesize)f(~1) } = 8388607          
 Pearson Chisquare df { Phi(~time)p(~samplesize)f(~1) } = 8388591          
 Pearson chat { Phi(~time)p(~samplesize)f(~1) } = 3.0105666               
 Sum(Observed/Expected) { Phi(~time)p(~samplesize)f(~1) } = 20200740.               
 s-bar { Phi(~time)p(~samplesize)f(~1) } = 1.4081164               
 Fletcher chat { Phi(~time)p(~samplesize)f(~1) } = 1.2501749               


       PARM-SPECIFIC Link Function Parameters of { Phi(~time)p(~samplesize)f(~1) }
                                                              95% Confidence Interval
    Parameter                  Beta         Standard Error     Lower           Upper
 -------------------------  --------------  --------------  --------------  --------------
    1:Phi:(Intercept)        16.729420       0.0000000       16.729420       16.729420    
    2:Phi:time3.8033951005  -3.8705835       0.0000000      -3.8705835      -3.8705835    
    3:Phi:time5.0528167623  -12.747083       0.0000000      -12.747083      -12.747083    
    4:Phi:time5.7376977147  -13.976682       0.0000000      -13.976682      -13.976682    
    5:Phi:time6.1122215242  -3.2256392       0.0000000      -3.2256392      -3.2256392    
    6:Phi:time6.3099596195  -5.5628089       0.0000000      -5.5628089      -5.5628089    
    7:Phi:time7.8630652372  -13.715333       0.0000000      -13.715333      -13.715333    
    8:Phi:time9.0761622873  -5.2983225       0.0000000      -5.2983225      -5.2983225    
    9:Phi:time10.867280017  -15.410827       0.0000000      -15.410827      -15.410827    
   10:Phi:time10.985765594  -16.516685       0.0000000      -16.516685      -16.516685    
   11:Phi:time11.114981940  -13.160176       0.0000000      -13.160176      -13.160176    
   12:Phi:time11.490558864  -4.1953449       311.23608      -614.21808       605.82739    
   13:Phi:time11.614409825  -14.297676       0.0000000      -14.297676      -14.297676    
   14:Phi:time11.930145442  -2.9462042       434.65640      -854.87276       848.98035    
   15:Phi:time12.049525074  -15.429163       0.0000000      -15.429163      -15.429163    

  Program  MARK  - Survival Rate Estimation with Capture-Recapture Data
   gfortran(dble/PIM2) Vers. 10.1 March 2023  13-Feb-2024 12:30:36    Page  008
 - - - - - - - - - - - - - - - - - - - - - - - - - - - - - - - - - - - - - -
 
   16:Phi:time12.485607897  -14.690740       0.0000000      -14.690740      -14.690740    
   17:Phi:time12.862560846  -3.4009312       0.0000000      -3.4009312      -3.4009312    
   18:Phi:time14.711464596  -15.194546       0.0000000      -15.194546      -15.194546    
   19:Phi:time15.016717830  -14.382583       0.0000000      -14.382583      -14.382583    
   20:Phi:time15.823088979  -6.1710087       0.0000000      -6.1710087      -6.1710087    
   21:Phi:time17.336237092  -13.241728       0.0000000      -13.241728      -13.241728    
   22:Phi:time18.702480223  -5.0096613       0.0000000      -5.0096613      -5.0096613    
   23:p:(Intercept)         -0.9705695       0.0856921      -1.1385259      -0.8026130    
   24:p:samplesize           0.0033904       0.3093318E-03   0.0027841       0.0039967    
   25:f:(Intercept)         -3.3702763       0.1447613      -3.6540086      -3.0865441    


              Real Function Parameters of { Phi(~time)p(~samplesize)f(~1) }
                                                               95% Confidence Interval
     Parameter                Estimate       Standard Error     Lower           Upper
 --------------------------  --------------  --------------  --------------  --------------
     1:Phi g1 a0 t1           0.9999999       0.0000000       0.9999999       0.9999999       
     2:Phi g1 a2.8033951005   0.9999974       0.1703338E-03   0.7642528E-50   1.0000000       
     3:Phi g1 a4.0528167623   0.9816991       0.0243924       0.7893883       0.9986991       
     4:Phi g1 a4.7376977147   0.9400678       0.0511171       0.7260051       0.9893452       
     5:Phi g1 a5.1122215242   0.9999986       0.0000000       0.9999986       0.9999986       
     6:Phi g1 a5.3099596195   0.9999859       0.6344551E-03   0.4473766E-33   1.0000000       
     7:Phi g1 a6.8630652372   0.9532065       0.0221907       0.8848289       0.9818220       
     8:Phi g1 a8.0761622873   0.9999891       0.8815531E-03   0.6598565E-64   1.0000000       
     9:Phi g1 a9.8672800178   0.7889476       0.2137037       0.2320206       0.9788373       
    10:Phi g1 a9.9857655948   0.5529841       0.1612713       0.2561663       0.8162975       
    11:Phi g1 a10.114981940   0.9725950       0.0528795       0.4208562       0.9994234       
    12:Phi g1 a10.490558864   0.9999964       0.0011938      0.2090133E-276   1.0000000       
    13:Phi g1 a10.614409825   0.9192161       0.0859671       0.5405815       0.9909939       
    14:Phi g1 a10.930145442   0.9999990       0.4414105E-03  0.5385909E-302   1.0000000       
    15:Phi g1 a11.049525074   0.7858783       0.0880889       0.5681297       0.9110311       
    16:Phi g1 a11.485607897   0.8847987       0.1019161       0.5197260       0.9819858       
    17:Phi g1 a11.862560846   0.9999984       0.1819376E-03   0.4253290E-89   1.0000000       
    18:Phi g1 a13.711464596   0.8227183       0.1693163       0.3229096       0.9783355       
    19:Phi g1 a14.016717830   0.9126825       0.0867326       0.5532246       0.9887932       
    20:Phi g1 a14.823088979   0.9999740       0.0016031       0.1116274E-47   1.0000000       
    21:Phi g1 a16.336237092   0.9703355       0.0647473       0.2847338       0.9996281       
    22:Phi g1 a17.702480223   0.9999919       0.9570482E-03   0.8010537E-95   1.0000000       
    23:p g1 a0 t1             0.3666134       0.0129609       0.3416001       0.3923668       
    24:p g1 a2.803395100502   0.3929591       0.0119228       0.3698513       0.4165563       
    25:p g1 a4.052816762383   0.3510151       0.0136509       0.3247491       0.3782155       
    26:p g1 a4.737697714764   0.7076430       0.0216292       0.6635269       0.7481702       
    27:p g1 a5.112221524288   0.3193032       0.0151188       0.2904265       0.3496363       
    28:p g1 a5.309959619526   0.6162660       0.0170603       0.5823264       0.6491095       
    29:p g1 a6.863065237218   0.4092460       0.0114053       0.3870932       0.4317735       
    30:p g1 a8.076162287340   0.3282101       0.0147045       0.3000614       0.3576502       

  Program  MARK  - Survival Rate Estimation with Capture-Recapture Data
   gfortran(dble/PIM2) Vers. 10.1 March 2023  13-Feb-2024 12:30:36    Page  009
 - - - - - - - - - - - - - - - - - - - - - - - - - - - - - - - - - - - - - -
 
    31:p g1 a9.867280017877   0.5671682       0.0143236       0.5389077       0.5949983       
    32:p g1 a9.985765594800   0.5496134       0.0134155       0.5232047       0.5757455       
    33:p g1 a10.11498194095   0.5546436       0.0136687       0.5277198       0.5812505       
    34:p g1 a10.49055886403   0.5344658       0.0126963       0.5095158       0.5592445       
    35:p g1 a10.61440982557   0.4769007       0.0108858       0.4556194       0.4982661       
    36:p g1 a10.93014544200   0.5302456       0.0125095       0.5056736       0.5546718       
    37:p g1 a11.04952507461   0.3433312       0.0140024       0.3164326       0.3712744       
    38:p g1 a11.48560789769   0.3970101       0.0117835       0.3741592       0.4203192       
    39:p g1 a11.86256084644   0.5787811       0.0149547       0.5492256       0.6077827       
    40:p g1 a13.71146459682   0.4692946       0.0107927       0.4482086       0.4904907       
    41:p g1 a14.01671783032   0.3737273       0.0126615       0.3492612       0.3988567       
    42:p g1 a14.82308897983   0.3148981       0.0153225       0.2856664       0.3456736       
    43:p g1 a16.33623709205   0.4516084       0.0107290       0.4306781       0.4727112       
    44:p g1 a17.70248022392   0.3372425       0.0142842       0.3098400       0.3657840       
    45:p g1 a18.16290833747   0.4332109       0.0108876       0.4120077       0.4546616       
    46:f g1 a0 t1             0.0343801       0.0049769       0.0258533       0.0455877       





                     Estimates of Derived Parameters

          Lambda Estimates of { Phi(~time)p(~samplesize)f(~1) }
                                                95% Confidence Interval
 Grp. Occ.   Lambda-hat      Standard Error      Lower           Upper
 ---- ----   --------------  --------------  --------------  --------------
   1     1    1.0343801       0.0049769       1.0246712       1.0441809    
   1     2    1.0343775       0.0049797       1.0246633       1.0441839    
   1     3    1.0160793       0.0246627       0.9688790       1.0655790    
   1     4    0.9744479       0.0510474       0.8794221       1.0797418    
   1     5    1.0343788       0.0049354       1.0247506       1.0440974    
   1     6    1.0343660       0.0050163       1.0245806       1.0442449    
   1     7    0.9875866       0.0222949       0.9448465       1.0322600    
   1     8    1.0343693       0.0050538       1.0245111       1.0443223    
   1     9    0.8233277       0.2136056       0.4992499       1.3577739    
   1    10    0.5873643       0.1611702       0.3463882       0.9959831    
   1    11    1.0069752       0.0530213       0.9083009       1.1163690    
   1    12    1.0343765       0.0051180       1.0243937       1.0444566    
   1    13    0.9535963       0.0859741       0.7994218       1.1375044    
   1    14    1.0343791       0.0049964       1.0246324       1.0442186    
   1    15    0.8202584       0.0880309       0.6650568       1.0116788    
   1    16    0.9191789       0.1018997       0.7401548       1.1415043    
   1    17    1.0343785       0.0049802       1.0246633       1.0441858    
   1    18    0.8570984       0.1692680       0.5841569       1.2575690    
   1    19    0.9470626       0.0867206       0.7917665       1.1328183    
   1    20    1.0343542       0.0052279       1.0241580       1.0446518    
   1    21    1.0047157       0.0647056       0.8856862       1.1397418    
   1    22    1.0343720       0.0050681       1.0244861       1.0443533    

        log(Lambda) Estimates of { Phi(~time)p(~samplesize)f(~1) }
                                                95% Confidence Interval
 Grp. Occ.   log(Lambda-hat) Standard Error      Lower           Upper
 ---- ----   --------------  --------------  --------------  --------------
   1     1    0.0338023       0.0048115       0.0243718       0.0432328    

  Program  MARK  - Survival Rate Estimation with Capture-Recapture Data
   gfortran(dble/PIM2) Vers. 10.1 March 2023  13-Feb-2024 12:30:36    Page  010
 - - - - - - - - - - - - - - - - - - - - - - - - - - - - - - - - - - - - - -
 
   1     2    0.0337998       0.0048142       0.0243640       0.0432356    
   1     3    0.0159514       0.0242724      -0.0316226       0.0635253    
   1     4   -0.0258842       0.0523859      -0.1285606       0.0767923    
   1     5    0.0338010       0.0047713       0.0244492       0.0431528    
   1     6    0.0337887       0.0048497       0.0242833       0.0432941    
   1     7   -0.0124911       0.0225752      -0.0567384       0.0317562    
   1     8    0.0337919       0.0048859       0.0242155       0.0433682    
   1     9   -0.1944010       0.2594417      -0.7029068       0.3141049    
   1    10   -0.5321101       0.2743956      -1.0699255       0.0057054    
   1    11    0.0069510       0.0526541      -0.0962510       0.1101529    
   1    12    0.0337989       0.0049479       0.0241009       0.0434968    
   1    13   -0.0475149       0.0901577      -0.2242240       0.1291942    
   1    14    0.0338013       0.0048304       0.0243338       0.0432689    
   1    15   -0.1981358       0.1073209      -0.4084848       0.0122131    
   1    16   -0.0842745       0.1108595      -0.3015592       0.1330101    
   1    17    0.0338008       0.0048147       0.0243640       0.0432375    
   1    18   -0.1542026       0.1974896      -0.5412821       0.2328770    
   1    19   -0.0543901       0.0915680      -0.2338633       0.1250831    
   1    20    0.0337772       0.0050543       0.0238708       0.0436837    
   1    21    0.0047046       0.0644019      -0.1215231       0.1309323    
   1    22    0.0337945       0.0048997       0.0241911       0.0433979    

 To compute parameter estimates, CPU Time was 0.001 seconds and System Time was 0.001 seconds.

 Attempted ordering of parameters by estimatibility:
  23 25  1 24 15  7 10  4 16 13  9  3 18 19 11 21  6 20  2  8 17 22 12 14  5

 Beta number 5 is a singular value.

   For procedure estimate CPU Time was 2.406 seconds and System Time was 5.438 seconds       .

  Program  MARK  - Survival Rate Estimation with Capture-Recapture Data
   gfortran(dble/PIM2) Vers. 10.1 March 2023  13-Feb-2024 12:30:36    Page  011
 - - - - - - - - - - - - - - - - - - - - - - - - - - - - - - - - - - - - - -
 


  INPUT --- proc stop;

     For this job, CPU Time in minutes was 0.040 and System Time in minutes was 0.091.

     Time Start = 12:30:30.732   Time End = 12:30:36.183

     Wall Clock Time in minutes for this job was 0.091.

     Maximum of 25 words used of 4096 words allocated.


          E X E C U T I O N   S U C C E S S F U L 
