
   Program  MARK  - Survival Rate Estimation with Capture-Recapture Data
   gfortran(dble/PIM2) Vers. 10.1 March 2023  13-Feb-2024 12:25:50    Page  001
    
 - - - - - - - - - - - - - - - - - - - - - - - - - - - - - - - - - - - - - -
 
   Welcome to MARK Elizabeth Sibert on machine CHROMIUM in subdirectory 
   "C:\Elizabeth_Files\Personal\Research\Code\Github_Repos\eeco_teeth\mark" running file "mark001.inp".
   This version was compiled by GCC version 12.2.0 using the options: 
     -cpp -iprefix c:\tdm-gcc-64\mingw64\bin\../lib/gcc/x86_64-w64-mingw32/12.2.0/
     -D_MT -D_REENTRANT -U_REENTRANT -D ieee -D dbleprecision -m64 -mtune=generic
     -march=x86-64 -mthreads -O3 -std=f2018 -fsignaling-nans
     -ffpe-summary=invalid,zero,overflow,underflow -funroll-loops -ffast-math
     -fall-intrinsics -fopenmp.

   This problem will use 15 of 16 possible threads.
   Static thread allocation is used.
   Schedule kind is omp_sched_dynamic with chunk size 1


  INPUT --- proc title ;

   For procedure title CPU Time was 0.001 seconds and System Time was 0.001 seconds       .


  INPUT --- proc chmatrix occasions= 23 groups= 1 etype= PradRec Nodes= 
  INPUT --- 101 ICMeans NoHist hist=  165 ;

  INPUT ---    time interval 3.7003706788838 0.807472530889903 
  INPUT ---    0.9472842403882 0.550862262038102  0.2908398656215 
  INPUT ---    1.30378178010029 0.356399058017601 0.698305097357299 
  INPUT ---    0.351897018970206  0.492318053393298 0.786382978723395 
  INPUT ---    0.283538101079301 0.599440066362504 0.226596847780996  
  INPUT ---    0.827737453338798 0.7155018664455 0.683191621733705 
  INPUT ---    0.280456661351501 0.806371149511598  1.5131481122184 
  INPUT ---    1.3662431318681 0.4604281135531 ;

  INPUT ---    glabel(1)=Group 1;

      Number of unique encounter histories read was 165.

      Number of individual covariates read was 0.
      Time interval lengths vary and/or not equal to 1.

      Data type number is 17
      Data type is Pradel Survival and Recruitment

   For procedure chmatrix CPU Time was 0.001 seconds and System Time was 0.001 seconds       .

  Program  MARK  - Survival Rate Estimation with Capture-Recapture Data
   gfortran(dble/PIM2) Vers. 10.1 March 2023  13-Feb-2024 12:25:50    Page  002
 - - - - - - - - - - - - - - - - - - - - - - - - - - - - - - - - - - - - - -
 


  INPUT --- proc estimate link=Parm-Specific NOLOOP varest=2ndPart    ;


  INPUT --- model={ Phi(~1)p(~1)f(~1) };

  INPUT ---    group=1 Phi    rows=1 cols=22 Square ;
  INPUT ---        1 1 1 1 1 1 1 1 1 1 1 1 1 1 1 1 1 1 1 1 1 1 ;

  INPUT ---    group=1 p    rows=1 cols=23 Square ;
  INPUT ---        2 2 2 2 2 2 2 2 2 2 2 2 2 2 2 2 2 2 2 2 2 2 2 ;

  INPUT ---    group=1 f    rows=1 cols=22 Square ;
  INPUT ---        3 3 3 3 3 3 3 3 3 3 3 3 3 3 3 3 3 3 3 3 3 3 ;

  INPUT ---    design matrix constraints=3 covariates=3 identity;

  INPUT ---    links=3;

  INPUT ---    Logit;

  INPUT ---    Logit;

  INPUT ---    Log;
  INPUT ---       blabel(1)=Phi:(Intercept);
  INPUT ---       blabel(2)=p:(Intercept);
  INPUT ---       blabel(3)=f:(Intercept);
  INPUT ---       rlabel(1)=Phi g1 a0 t1;
  INPUT ---       rlabel(2)=p g1 a0 t1;
  INPUT ---       rlabel(3)=f g1 a0 t1;
   Model is { Phi(~1)p(~1)f(~1) }

 Link Function Used is PARM-SPECIFIC

 Variance Estimation Procedure Used is 2ndPart 
 -2logL(saturated) = 1800.5278     
 Effective Sample Size = 1341

 Number of function evaluations was 17 for 3 parameters.
 For numerical optimization, CPU Time was 0.078 seconds and System Time was 0.094 seconds.
 -2logL { Phi(~1)p(~1)f(~1) } = 4768.0918     
 Penalty { Phi(~1)p(~1)f(~1) } = 0.0000000     
 Gradient { Phi(~1)p(~1)f(~1) }:
  0.14557027E-04  0.51980982E-04  0.14608506E-04
 Maximum ABS(G) { Phi(~1)p(~1)f(~1) } = 0.5198098E-04 
 To compute VC matrix, CPU Time was 0.001 seconds and System Time was 0.031 seconds.
 S Vector { Phi(~1)p(~1)f(~1) }:
   571.6449      76.84989      37.29034    
 To invert VC matrix, CPU Time was 0.001 seconds and System Time was 0.001 seconds.
 Ratio Threshold = 50.000000       Max Gap (1/2) = 7.4384610       Next Max Gap (1/2) = 7.4384610     
 Gap Method for Num. of Estimated Parameters { Phi(~1)p(~1)f(~1) } = 3          
 Threshold { Phi(~1)p(~1)f(~1) } = 0.1039620E-03           
 Numerical Threshold Method for Num. of Estimated Parameters { Phi(~1)p(~1)f(~1) } = 3          
 Number of Estimated Parameters { Phi(~1)p(~1)f(~1) } = 3          
 DEVIANCE { Phi(~1)p(~1)f(~1) } = 2967.5641               
 DEVIANCE Degrees of Freedom { Phi(~1)p(~1)f(~1) } = 162          
 c-hat { Phi(~1)p(~1)f(~1) } = 18.318297               
 AIC { Phi(~1)p(~1)f(~1) } = 4774.0918               
 AICc { Phi(~1)p(~1)f(~1) } = 4774.1098               
 BIC { Phi(~1)p(~1)f(~1) } = 4789.6953               
 Pearson Chisquare { Phi(~1)p(~1)f(~1) } = 23353699.               
 Possible Encounter Histories { Phi(~1)p(~1)f(~1) } = 8388607          
 Pearson Chisquare df { Phi(~1)p(~1)f(~1) } = 8388603          
 Pearson chat { Phi(~1)p(~1)f(~1) } = 2.7839796               
 Sum(Observed/Expected) { Phi(~1)p(~1)f(~1) } = 20825361.               
 s-bar { Phi(~1)p(~1)f(~1) } = 1.4825770               
 Fletcher chat { Phi(~1)p(~1)f(~1) } = 1.1214071               

  Program  MARK  - Survival Rate Estimation with Capture-Recapture Data
   gfortran(dble/PIM2) Vers. 10.1 March 2023  13-Feb-2024 12:25:51    Page  003
 - - - - - - - - - - - - - - - - - - - - - - - - - - - - - - - - - - - - - -
 


             PARM-SPECIFIC Link Function Parameters of { Phi(~1)p(~1)f(~1) }
                                                              95% Confidence Interval
    Parameter                  Beta         Standard Error     Lower           Upper
 -------------------------  --------------  --------------  --------------  --------------
    1:Phi:(Intercept)        3.1928313       0.1398928       2.9186413       3.4670213    
    2:p:(Intercept)         -0.1741824       0.0430409      -0.2585426      -0.0898223    
    3:f:(Intercept)         -3.1780560       0.1419711      -3.4563193      -2.8997926    


                    Real Function Parameters of { Phi(~1)p(~1)f(~1) }
                                                               95% Confidence Interval
     Parameter                Estimate       Standard Error     Lower           Upper
 --------------------------  --------------  --------------  --------------  --------------
     1:Phi g1 a0 t1           0.9605636       0.0052993       0.9487603       0.9697347       
     2:p g1 a0 t1             0.4565642       0.0106790       0.4357220       0.4775595       
     3:f g1 a0 t1             0.0416666       0.0059154       0.0314970       0.0549334       





                     Estimates of Derived Parameters

                Lambda Estimates of { Phi(~1)p(~1)f(~1) }
                                                95% Confidence Interval
 Grp. Occ.   Lambda-hat      Standard Error      Lower           Upper
 ---- ----   --------------  --------------  --------------  --------------
   1     1    1.0022302       0.0064394       0.9896883       1.0149310    
   1     2    1.0022302       0.0064394       0.9896883       1.0149310    
   1     3    1.0022302       0.0064394       0.9896883       1.0149310    
   1     4    1.0022302       0.0064394       0.9896883       1.0149310    
   1     5    1.0022302       0.0064394       0.9896883       1.0149310    
   1     6    1.0022302       0.0064394       0.9896883       1.0149310    
   1     7    1.0022302       0.0064394       0.9896883       1.0149310    
   1     8    1.0022302       0.0064394       0.9896883       1.0149310    
   1     9    1.0022302       0.0064394       0.9896883       1.0149310    
   1    10    1.0022302       0.0064394       0.9896883       1.0149310    
   1    11    1.0022302       0.0064394       0.9896883       1.0149310    
   1    12    1.0022302       0.0064394       0.9896883       1.0149310    
   1    13    1.0022302       0.0064394       0.9896883       1.0149310    
   1    14    1.0022302       0.0064394       0.9896883       1.0149310    
   1    15    1.0022302       0.0064394       0.9896883       1.0149310    
   1    16    1.0022302       0.0064394       0.9896883       1.0149310    
   1    17    1.0022302       0.0064394       0.9896883       1.0149310    
   1    18    1.0022302       0.0064394       0.9896883       1.0149310    
   1    19    1.0022302       0.0064394       0.9896883       1.0149310    
   1    20    1.0022302       0.0064394       0.9896883       1.0149310    
   1    21    1.0022302       0.0064394       0.9896883       1.0149310    

  Program  MARK  - Survival Rate Estimation with Capture-Recapture Data
   gfortran(dble/PIM2) Vers. 10.1 March 2023  13-Feb-2024 12:25:51    Page  004
 - - - - - - - - - - - - - - - - - - - - - - - - - - - - - - - - - - - - - -
 
   1    22    1.0022302       0.0064394       0.9896883       1.0149310    

              log(Lambda) Estimates of { Phi(~1)p(~1)f(~1) }
                                                95% Confidence Interval
 Grp. Occ.   log(Lambda-hat) Standard Error      Lower           Upper
 ---- ----   --------------  --------------  --------------  --------------
   1     1    0.0022277       0.0064250      -0.0103654       0.0148208    
   1     2    0.0022277       0.0064250      -0.0103654       0.0148208    
   1     3    0.0022277       0.0064250      -0.0103654       0.0148208    
   1     4    0.0022277       0.0064250      -0.0103654       0.0148208    
   1     5    0.0022277       0.0064250      -0.0103654       0.0148208    
   1     6    0.0022277       0.0064250      -0.0103654       0.0148208    
   1     7    0.0022277       0.0064250      -0.0103654       0.0148208    
   1     8    0.0022277       0.0064250      -0.0103654       0.0148208    
   1     9    0.0022277       0.0064250      -0.0103654       0.0148208    
   1    10    0.0022277       0.0064250      -0.0103654       0.0148208    
   1    11    0.0022277       0.0064250      -0.0103654       0.0148208    
   1    12    0.0022277       0.0064250      -0.0103654       0.0148208    
   1    13    0.0022277       0.0064250      -0.0103654       0.0148208    
   1    14    0.0022277       0.0064250      -0.0103654       0.0148208    
   1    15    0.0022277       0.0064250      -0.0103654       0.0148208    
   1    16    0.0022277       0.0064250      -0.0103654       0.0148208    
   1    17    0.0022277       0.0064250      -0.0103654       0.0148208    
   1    18    0.0022277       0.0064250      -0.0103654       0.0148208    
   1    19    0.0022277       0.0064250      -0.0103654       0.0148208    
   1    20    0.0022277       0.0064250      -0.0103654       0.0148208    
   1    21    0.0022277       0.0064250      -0.0103654       0.0148208    
   1    22    0.0022277       0.0064250      -0.0103654       0.0148208    

 To compute parameter estimates, CPU Time was 0.001 seconds and System Time was 0.016 seconds.

   For procedure estimate CPU Time was 0.078 seconds and System Time was 0.141 seconds       .

  Program  MARK  - Survival Rate Estimation with Capture-Recapture Data
   gfortran(dble/PIM2) Vers. 10.1 March 2023  13-Feb-2024 12:25:51    Page  005
 - - - - - - - - - - - - - - - - - - - - - - - - - - - - - - - - - - - - - -
 


  INPUT --- proc stop;

     For this job, CPU Time in minutes was 0.001 and System Time in minutes was 0.002.

     Time Start = 12:25:50.985   Time End = 12:25:51.134

     Wall Clock Time in minutes for this job was 0.002.

     Maximum of 24 words used of 4096 words allocated.


          E X E C U T I O N   S U C C E S S F U L 
