
   Program  MARK  - Survival Rate Estimation with Capture-Recapture Data
   gfortran(dble/PIM2) Vers. 10.1 March 2023  13-Feb-2024 12:26:33    Page  001
    
 - - - - - - - - - - - - - - - - - - - - - - - - - - - - - - - - - - - - - -
 
   Welcome to MARK Elizabeth Sibert on machine CHROMIUM in subdirectory 
   "C:\Elizabeth_Files\Personal\Research\Code\Github_Repos\eeco_teeth\mark" running file "mark008.inp".
   This version was compiled by GCC version 12.2.0 using the options: 
     -cpp -iprefix c:\tdm-gcc-64\mingw64\bin\../lib/gcc/x86_64-w64-mingw32/12.2.0/
     -D_MT -D_REENTRANT -U_REENTRANT -D ieee -D dbleprecision -m64 -mtune=generic
     -march=x86-64 -mthreads -O3 -std=f2018 -fsignaling-nans
     -ffpe-summary=invalid,zero,overflow,underflow -funroll-loops -ffast-math
     -fall-intrinsics -fopenmp.

   This problem will use 15 of 16 possible threads.
   Static thread allocation is used.
   Schedule kind is omp_sched_dynamic with chunk size 1


  INPUT --- proc title ;

   For procedure title CPU Time was 0.001 seconds and System Time was 0.001 seconds       .


  INPUT --- proc chmatrix occasions= 23 groups= 1 etype= PradRec Nodes= 
  INPUT --- 101 ICMeans NoHist hist=  165 ;

  INPUT ---    time interval 3.7003706788838 0.807472530889903 
  INPUT ---    0.9472842403882 0.550862262038102  0.2908398656215 
  INPUT ---    1.30378178010029 0.356399058017601 0.698305097357299 
  INPUT ---    0.351897018970206  0.492318053393298 0.786382978723395 
  INPUT ---    0.283538101079301 0.599440066362504 0.226596847780996  
  INPUT ---    0.827737453338798 0.7155018664455 0.683191621733705 
  INPUT ---    0.280456661351501 0.806371149511598  1.5131481122184 
  INPUT ---    1.3662431318681 0.4604281135531 ;

  INPUT ---    glabel(1)=Group 1;

      Number of unique encounter histories read was 165.

      Number of individual covariates read was 0.
      Time interval lengths vary and/or not equal to 1.

      Data type number is 17
      Data type is Pradel Survival and Recruitment

   For procedure chmatrix CPU Time was 0.001 seconds and System Time was 0.001 seconds       .

  Program  MARK  - Survival Rate Estimation with Capture-Recapture Data
   gfortran(dble/PIM2) Vers. 10.1 March 2023  13-Feb-2024 12:26:33    Page  002
 - - - - - - - - - - - - - - - - - - - - - - - - - - - - - - - - - - - - - -
 


  INPUT --- proc estimate link=Parm-Specific NOLOOP varest=2ndPart    ;


  INPUT --- model={ Phi(~time)p(~1)f(~time) };

  INPUT ---    group=1 Phi    rows=1 cols=22 Square ;
  INPUT ---        1 2 3 4 5 6 7 8 9 10 11 12 13 14 15 16 17 18 19 20 21 22 ;

  INPUT ---    group=1 p    rows=1 cols=23 Square ;
  INPUT ---        23 23 23 23 23 23 23 23 23 23 23 23 23 23 23 23 23 23 23 
  INPUT ---       23 23 23 23 ;

  INPUT ---    group=1 f    rows=1 cols=22 Square ;
  INPUT ---        24 25 26 27 28 29 30 31 32 33 34 35 36 37 38 39 40 41 42 
  INPUT ---       43 44 45 ;

  INPUT ---    design matrix constraints=45 covariates=45;
  INPUT ---        1 0 0 0 0 0 0 0 0 0 0 0 0 0 0 0 0 0 0 0 0 0 0 0 0 0 0 0 0 
  INPUT ---       0 0 0 0 0 0 0 0 0 0 0 0 0 0 0 0;
  INPUT ---        1 1 0 0 0 0 0 0 0 0 0 0 0 0 0 0 0 0 0 0 0 0 0 0 0 0 0 0 0 
  INPUT ---       0 0 0 0 0 0 0 0 0 0 0 0 0 0 0 0;
  INPUT ---        1 0 1 0 0 0 0 0 0 0 0 0 0 0 0 0 0 0 0 0 0 0 0 0 0 0 0 0 0 
  INPUT ---       0 0 0 0 0 0 0 0 0 0 0 0 0 0 0 0;
  INPUT ---        1 0 0 1 0 0 0 0 0 0 0 0 0 0 0 0 0 0 0 0 0 0 0 0 0 0 0 0 0 
  INPUT ---       0 0 0 0 0 0 0 0 0 0 0 0 0 0 0 0;
  INPUT ---        1 0 0 0 1 0 0 0 0 0 0 0 0 0 0 0 0 0 0 0 0 0 0 0 0 0 0 0 0 
  INPUT ---       0 0 0 0 0 0 0 0 0 0 0 0 0 0 0 0;
  INPUT ---        1 0 0 0 0 1 0 0 0 0 0 0 0 0 0 0 0 0 0 0 0 0 0 0 0 0 0 0 0 
  INPUT ---       0 0 0 0 0 0 0 0 0 0 0 0 0 0 0 0;
  INPUT ---        1 0 0 0 0 0 1 0 0 0 0 0 0 0 0 0 0 0 0 0 0 0 0 0 0 0 0 0 0 
  INPUT ---       0 0 0 0 0 0 0 0 0 0 0 0 0 0 0 0;
  INPUT ---        1 0 0 0 0 0 0 1 0 0 0 0 0 0 0 0 0 0 0 0 0 0 0 0 0 0 0 0 0 
  INPUT ---       0 0 0 0 0 0 0 0 0 0 0 0 0 0 0 0;
  INPUT ---        1 0 0 0 0 0 0 0 1 0 0 0 0 0 0 0 0 0 0 0 0 0 0 0 0 0 0 0 0 
  INPUT ---       0 0 0 0 0 0 0 0 0 0 0 0 0 0 0 0;
  INPUT ---        1 0 0 0 0 0 0 0 0 1 0 0 0 0 0 0 0 0 0 0 0 0 0 0 0 0 0 0 0 
  INPUT ---       0 0 0 0 0 0 0 0 0 0 0 0 0 0 0 0;
  INPUT ---        1 0 0 0 0 0 0 0 0 0 1 0 0 0 0 0 0 0 0 0 0 0 0 0 0 0 0 0 0 
  INPUT ---       0 0 0 0 0 0 0 0 0 0 0 0 0 0 0 0;
  INPUT ---        1 0 0 0 0 0 0 0 0 0 0 1 0 0 0 0 0 0 0 0 0 0 0 0 0 0 0 0 0 
  INPUT ---       0 0 0 0 0 0 0 0 0 0 0 0 0 0 0 0;
  INPUT ---        1 0 0 0 0 0 0 0 0 0 0 0 1 0 0 0 0 0 0 0 0 0 0 0 0 0 0 0 0 
  INPUT ---       0 0 0 0 0 0 0 0 0 0 0 0 0 0 0 0;
  INPUT ---        1 0 0 0 0 0 0 0 0 0 0 0 0 1 0 0 0 0 0 0 0 0 0 0 0 0 0 0 0 

  Program  MARK  - Survival Rate Estimation with Capture-Recapture Data
   gfortran(dble/PIM2) Vers. 10.1 March 2023  13-Feb-2024 12:26:33    Page  003
 - - - - - - - - - - - - - - - - - - - - - - - - - - - - - - - - - - - - - -
 
  INPUT ---       0 0 0 0 0 0 0 0 0 0 0 0 0 0 0 0;
  INPUT ---        1 0 0 0 0 0 0 0 0 0 0 0 0 0 1 0 0 0 0 0 0 0 0 0 0 0 0 0 0 
  INPUT ---       0 0 0 0 0 0 0 0 0 0 0 0 0 0 0 0;
  INPUT ---        1 0 0 0 0 0 0 0 0 0 0 0 0 0 0 1 0 0 0 0 0 0 0 0 0 0 0 0 0 
  INPUT ---       0 0 0 0 0 0 0 0 0 0 0 0 0 0 0 0;
  INPUT ---        1 0 0 0 0 0 0 0 0 0 0 0 0 0 0 0 1 0 0 0 0 0 0 0 0 0 0 0 0 
  INPUT ---       0 0 0 0 0 0 0 0 0 0 0 0 0 0 0 0;
  INPUT ---        1 0 0 0 0 0 0 0 0 0 0 0 0 0 0 0 0 1 0 0 0 0 0 0 0 0 0 0 0 
  INPUT ---       0 0 0 0 0 0 0 0 0 0 0 0 0 0 0 0;
  INPUT ---        1 0 0 0 0 0 0 0 0 0 0 0 0 0 0 0 0 0 1 0 0 0 0 0 0 0 0 0 0 
  INPUT ---       0 0 0 0 0 0 0 0 0 0 0 0 0 0 0 0;
  INPUT ---        1 0 0 0 0 0 0 0 0 0 0 0 0 0 0 0 0 0 0 1 0 0 0 0 0 0 0 0 0 
  INPUT ---       0 0 0 0 0 0 0 0 0 0 0 0 0 0 0 0;
  INPUT ---        1 0 0 0 0 0 0 0 0 0 0 0 0 0 0 0 0 0 0 0 1 0 0 0 0 0 0 0 0 
  INPUT ---       0 0 0 0 0 0 0 0 0 0 0 0 0 0 0 0;
  INPUT ---        1 0 0 0 0 0 0 0 0 0 0 0 0 0 0 0 0 0 0 0 0 1 0 0 0 0 0 0 0 
  INPUT ---       0 0 0 0 0 0 0 0 0 0 0 0 0 0 0 0;
  INPUT ---        0 0 0 0 0 0 0 0 0 0 0 0 0 0 0 0 0 0 0 0 0 0 1 0 0 0 0 0 0 
  INPUT ---       0 0 0 0 0 0 0 0 0 0 0 0 0 0 0 0;
  INPUT ---        0 0 0 0 0 0 0 0 0 0 0 0 0 0 0 0 0 0 0 0 0 0 0 1 0 0 0 0 0 
  INPUT ---       0 0 0 0 0 0 0 0 0 0 0 0 0 0 0 0;
  INPUT ---        0 0 0 0 0 0 0 0 0 0 0 0 0 0 0 0 0 0 0 0 0 0 0 1 1 0 0 0 0 
  INPUT ---       0 0 0 0 0 0 0 0 0 0 0 0 0 0 0 0;
  INPUT ---        0 0 0 0 0 0 0 0 0 0 0 0 0 0 0 0 0 0 0 0 0 0 0 1 0 1 0 0 0 
  INPUT ---       0 0 0 0 0 0 0 0 0 0 0 0 0 0 0 0;
  INPUT ---        0 0 0 0 0 0 0 0 0 0 0 0 0 0 0 0 0 0 0 0 0 0 0 1 0 0 1 0 0 
  INPUT ---       0 0 0 0 0 0 0 0 0 0 0 0 0 0 0 0;
  INPUT ---        0 0 0 0 0 0 0 0 0 0 0 0 0 0 0 0 0 0 0 0 0 0 0 1 0 0 0 1 0 
  INPUT ---       0 0 0 0 0 0 0 0 0 0 0 0 0 0 0 0;
  INPUT ---        0 0 0 0 0 0 0 0 0 0 0 0 0 0 0 0 0 0 0 0 0 0 0 1 0 0 0 0 1 
  INPUT ---       0 0 0 0 0 0 0 0 0 0 0 0 0 0 0 0;
  INPUT ---        0 0 0 0 0 0 0 0 0 0 0 0 0 0 0 0 0 0 0 0 0 0 0 1 0 0 0 0 0 
  INPUT ---       1 0 0 0 0 0 0 0 0 0 0 0 0 0 0 0;
  INPUT ---        0 0 0 0 0 0 0 0 0 0 0 0 0 0 0 0 0 0 0 0 0 0 0 1 0 0 0 0 0 
  INPUT ---       0 1 0 0 0 0 0 0 0 0 0 0 0 0 0 0;
  INPUT ---        0 0 0 0 0 0 0 0 0 0 0 0 0 0 0 0 0 0 0 0 0 0 0 1 0 0 0 0 0 
  INPUT ---       0 0 1 0 0 0 0 0 0 0 0 0 0 0 0 0;
  INPUT ---        0 0 0 0 0 0 0 0 0 0 0 0 0 0 0 0 0 0 0 0 0 0 0 1 0 0 0 0 0 
  INPUT ---       0 0 0 1 0 0 0 0 0 0 0 0 0 0 0 0;
  INPUT ---        0 0 0 0 0 0 0 0 0 0 0 0 0 0 0 0 0 0 0 0 0 0 0 1 0 0 0 0 0 
  INPUT ---       0 0 0 0 1 0 0 0 0 0 0 0 0 0 0 0;
  INPUT ---        0 0 0 0 0 0 0 0 0 0 0 0 0 0 0 0 0 0 0 0 0 0 0 1 0 0 0 0 0 
  INPUT ---       0 0 0 0 0 1 0 0 0 0 0 0 0 0 0 0;
  INPUT ---        0 0 0 0 0 0 0 0 0 0 0 0 0 0 0 0 0 0 0 0 0 0 0 1 0 0 0 0 0 
  INPUT ---       0 0 0 0 0 0 1 0 0 0 0 0 0 0 0 0;
  INPUT ---        0 0 0 0 0 0 0 0 0 0 0 0 0 0 0 0 0 0 0 0 0 0 0 1 0 0 0 0 0 

  Program  MARK  - Survival Rate Estimation with Capture-Recapture Data
   gfortran(dble/PIM2) Vers. 10.1 March 2023  13-Feb-2024 12:26:33    Page  004
 - - - - - - - - - - - - - - - - - - - - - - - - - - - - - - - - - - - - - -
 
  INPUT ---       0 0 0 0 0 0 0 1 0 0 0 0 0 0 0 0;
  INPUT ---        0 0 0 0 0 0 0 0 0 0 0 0 0 0 0 0 0 0 0 0 0 0 0 1 0 0 0 0 0 
  INPUT ---       0 0 0 0 0 0 0 0 1 0 0 0 0 0 0 0;
  INPUT ---        0 0 0 0 0 0 0 0 0 0 0 0 0 0 0 0 0 0 0 0 0 0 0 1 0 0 0 0 0 
  INPUT ---       0 0 0 0 0 0 0 0 0 1 0 0 0 0 0 0;
  INPUT ---        0 0 0 0 0 0 0 0 0 0 0 0 0 0 0 0 0 0 0 0 0 0 0 1 0 0 0 0 0 
  INPUT ---       0 0 0 0 0 0 0 0 0 0 1 0 0 0 0 0;
  INPUT ---        0 0 0 0 0 0 0 0 0 0 0 0 0 0 0 0 0 0 0 0 0 0 0 1 0 0 0 0 0 
  INPUT ---       0 0 0 0 0 0 0 0 0 0 0 1 0 0 0 0;
  INPUT ---        0 0 0 0 0 0 0 0 0 0 0 0 0 0 0 0 0 0 0 0 0 0 0 1 0 0 0 0 0 
  INPUT ---       0 0 0 0 0 0 0 0 0 0 0 0 1 0 0 0;
  INPUT ---        0 0 0 0 0 0 0 0 0 0 0 0 0 0 0 0 0 0 0 0 0 0 0 1 0 0 0 0 0 
  INPUT ---       0 0 0 0 0 0 0 0 0 0 0 0 0 1 0 0;
  INPUT ---        0 0 0 0 0 0 0 0 0 0 0 0 0 0 0 0 0 0 0 0 0 0 0 1 0 0 0 0 0 
  INPUT ---       0 0 0 0 0 0 0 0 0 0 0 0 0 0 1 0;
  INPUT ---        0 0 0 0 0 0 0 0 0 0 0 0 0 0 0 0 0 0 0 0 0 0 0 1 0 0 0 0 0 
  INPUT ---       0 0 0 0 0 0 0 0 0 0 0 0 0 0 0 1;

  INPUT ---    links=45;

  INPUT ---    Logit;

  INPUT ---    Logit;

  INPUT ---    Logit;

  INPUT ---    Logit;

  INPUT ---    Logit;

  INPUT ---    Logit;

  INPUT ---    Logit;

  INPUT ---    Logit;

  INPUT ---    Logit;

  INPUT ---    Logit;

  INPUT ---    Logit;

  INPUT ---    Logit;

  INPUT ---    Logit;


  Program  MARK  - Survival Rate Estimation with Capture-Recapture Data
   gfortran(dble/PIM2) Vers. 10.1 March 2023  13-Feb-2024 12:26:33    Page  005
 - - - - - - - - - - - - - - - - - - - - - - - - - - - - - - - - - - - - - -
 
  INPUT ---    Logit;

  INPUT ---    Logit;

  INPUT ---    Logit;

  INPUT ---    Logit;

  INPUT ---    Logit;

  INPUT ---    Logit;

  INPUT ---    Logit;

  INPUT ---    Logit;

  INPUT ---    Logit;

  INPUT ---    Logit;

  INPUT ---    Log;

  INPUT ---    Log;

  INPUT ---    Log;

  INPUT ---    Log;

  INPUT ---    Log;

  INPUT ---    Log;

  INPUT ---    Log;

  INPUT ---    Log;

  INPUT ---    Log;

  INPUT ---    Log;

  INPUT ---    Log;

  INPUT ---    Log;

  INPUT ---    Log;


  Program  MARK  - Survival Rate Estimation with Capture-Recapture Data
   gfortran(dble/PIM2) Vers. 10.1 March 2023  13-Feb-2024 12:26:33    Page  006
 - - - - - - - - - - - - - - - - - - - - - - - - - - - - - - - - - - - - - -
 
  INPUT ---    Log;

  INPUT ---    Log;

  INPUT ---    Log;

  INPUT ---    Log;

  INPUT ---    Log;

  INPUT ---    Log;

  INPUT ---    Log;

  INPUT ---    Log;

  INPUT ---    Log;
  INPUT ---       blabel(1)=Phi:(Intercept);
  INPUT ---       blabel(2)=Phi:time4.7003706788838;
  INPUT ---       blabel(3)=Phi:time5.5078432097737;
  INPUT ---       blabel(4)=Phi:time6.4551274501619;
  INPUT ---       blabel(5)=Phi:time7.00598971220001;
  INPUT ---       blabel(6)=Phi:time7.29682957782151;
  INPUT ---       blabel(7)=Phi:time8.6006113579218;
  INPUT ---       blabel(8)=Phi:time8.9570104159394;
  INPUT ---       blabel(9)=Phi:time9.6553155132967;
  INPUT ---       blabel(10)=Phi:time10.0072125322669;
  INPUT ---       blabel(11)=Phi:time10.4995305856602;
  INPUT ---       blabel(12)=Phi:time11.2859135643836;
  INPUT ---       blabel(13)=Phi:time11.5694516654629;
  INPUT ---       blabel(14)=Phi:time12.1688917318254;
  INPUT ---       blabel(15)=Phi:time12.3954885796064;
  INPUT ---       blabel(16)=Phi:time13.2232260329452;
  INPUT ---       blabel(17)=Phi:time13.9387278993907;
  INPUT ---       blabel(18)=Phi:time14.6219195211244;
  INPUT ---       blabel(19)=Phi:time14.9023761824759;
  INPUT ---       blabel(20)=Phi:time15.7087473319875;
  INPUT ---       blabel(21)=Phi:time17.2218954442059;
  INPUT ---       blabel(22)=Phi:time18.588138576074;
  INPUT ---       blabel(23)=p:(Intercept);
  INPUT ---       blabel(24)=f:(Intercept);
  INPUT ---       blabel(25)=f:time4.7003706788838;
  INPUT ---       blabel(26)=f:time5.5078432097737;
  INPUT ---       blabel(27)=f:time6.4551274501619;
  INPUT ---       blabel(28)=f:time7.00598971220001;
  INPUT ---       blabel(29)=f:time7.29682957782151;

  Program  MARK  - Survival Rate Estimation with Capture-Recapture Data
   gfortran(dble/PIM2) Vers. 10.1 March 2023  13-Feb-2024 12:26:33    Page  007
 - - - - - - - - - - - - - - - - - - - - - - - - - - - - - - - - - - - - - -
 
  INPUT ---       blabel(30)=f:time8.6006113579218;
  INPUT ---       blabel(31)=f:time8.9570104159394;
  INPUT ---       blabel(32)=f:time9.6553155132967;
  INPUT ---       blabel(33)=f:time10.0072125322669;
  INPUT ---       blabel(34)=f:time10.4995305856602;
  INPUT ---       blabel(35)=f:time11.2859135643836;
  INPUT ---       blabel(36)=f:time11.5694516654629;
  INPUT ---       blabel(37)=f:time12.1688917318254;
  INPUT ---       blabel(38)=f:time12.3954885796064;
  INPUT ---       blabel(39)=f:time13.2232260329452;
  INPUT ---       blabel(40)=f:time13.9387278993907;
  INPUT ---       blabel(41)=f:time14.6219195211244;
  INPUT ---       blabel(42)=f:time14.9023761824759;
  INPUT ---       blabel(43)=f:time15.7087473319875;
  INPUT ---       blabel(44)=f:time17.2218954442059;
  INPUT ---       blabel(45)=f:time18.588138576074;
  INPUT ---       rlabel(1)=Phi g1 a0 t1;
  INPUT ---       rlabel(2)=Phi g1 a3.7003706788838 t4.7003706788838;
  INPUT ---       rlabel(3)=Phi g1 a4.5078432097737 t5.5078432097737;
  INPUT ---       rlabel(4)=Phi g1 a5.4551274501619 t6.4551274501619;
  INPUT ---       rlabel(5)=Phi g1 a6.00598971220001 t7.00598971220001;
  INPUT ---       rlabel(6)=Phi g1 a6.29682957782151 t7.29682957782151;
  INPUT ---       rlabel(7)=Phi g1 a7.6006113579218 t8.6006113579218;
  INPUT ---       rlabel(8)=Phi g1 a7.9570104159394 t8.9570104159394;
  INPUT ---       rlabel(9)=Phi g1 a8.6553155132967 t9.6553155132967;
  INPUT ---       rlabel(10)=Phi g1 a9.00721253226691 t10.0072125322669;
  INPUT ---       rlabel(11)=Phi g1 a9.4995305856602 t10.4995305856602;
  INPUT ---       rlabel(12)=Phi g1 a10.2859135643836 t11.2859135643836;
  INPUT ---       rlabel(13)=Phi g1 a10.5694516654629 t11.5694516654629;
  INPUT ---       rlabel(14)=Phi g1 a11.1688917318254 t12.1688917318254;
  INPUT ---       rlabel(15)=Phi g1 a11.3954885796064 t12.3954885796064;
  INPUT ---       rlabel(16)=Phi g1 a12.2232260329452 t13.2232260329452;
  INPUT ---       rlabel(17)=Phi g1 a12.9387278993907 t13.9387278993907;
  INPUT ---       rlabel(18)=Phi g1 a13.6219195211244 t14.6219195211244;
  INPUT ---       rlabel(19)=Phi g1 a13.9023761824759 t14.9023761824759;
  INPUT ---       rlabel(20)=Phi g1 a14.7087473319875 t15.7087473319875;
  INPUT ---       rlabel(21)=Phi g1 a16.2218954442059 t17.2218954442059;
  INPUT ---       rlabel(22)=Phi g1 a17.588138576074 t18.588138576074;
  INPUT ---       rlabel(23)=p g1 a0 t1;
  INPUT ---       rlabel(24)=f g1 a0 t1;
  INPUT ---       rlabel(25)=f g1 a3.7003706788838 t4.7003706788838;
  INPUT ---       rlabel(26)=f g1 a4.5078432097737 t5.5078432097737;
  INPUT ---       rlabel(27)=f g1 a5.4551274501619 t6.4551274501619;
  INPUT ---       rlabel(28)=f g1 a6.00598971220001 t7.00598971220001;
  INPUT ---       rlabel(29)=f g1 a6.29682957782151 t7.29682957782151;
  INPUT ---       rlabel(30)=f g1 a7.6006113579218 t8.6006113579218;

  Program  MARK  - Survival Rate Estimation with Capture-Recapture Data
   gfortran(dble/PIM2) Vers. 10.1 March 2023  13-Feb-2024 12:26:33    Page  008
 - - - - - - - - - - - - - - - - - - - - - - - - - - - - - - - - - - - - - -
 
  INPUT ---       rlabel(31)=f g1 a7.9570104159394 t8.9570104159394;
  INPUT ---       rlabel(32)=f g1 a8.6553155132967 t9.6553155132967;
  INPUT ---       rlabel(33)=f g1 a9.00721253226691 t10.0072125322669;
  INPUT ---       rlabel(34)=f g1 a9.4995305856602 t10.4995305856602;
  INPUT ---       rlabel(35)=f g1 a10.2859135643836 t11.2859135643836;
  INPUT ---       rlabel(36)=f g1 a10.5694516654629 t11.5694516654629;
  INPUT ---       rlabel(37)=f g1 a11.1688917318254 t12.1688917318254;
  INPUT ---       rlabel(38)=f g1 a11.3954885796064 t12.3954885796064;
  INPUT ---       rlabel(39)=f g1 a12.2232260329452 t13.2232260329452;
  INPUT ---       rlabel(40)=f g1 a12.9387278993907 t13.9387278993907;
  INPUT ---       rlabel(41)=f g1 a13.6219195211244 t14.6219195211244;
  INPUT ---       rlabel(42)=f g1 a13.9023761824759 t14.9023761824759;
  INPUT ---       rlabel(43)=f g1 a14.7087473319875 t15.7087473319875;
  INPUT ---       rlabel(44)=f g1 a16.2218954442059 t17.2218954442059;
  INPUT ---       rlabel(45)=f g1 a17.588138576074 t18.588138576074;
   Model is { Phi(~time)p(~1)f(~time) }

 Link Function Used is PARM-SPECIFIC

 Variance Estimation Procedure Used is 2ndPart 
 -2logL(saturated) = 1800.5278     
 Effective Sample Size = 1341

 Number of function evaluations was 145 for 45 parameters.
 For numerical optimization, CPU Time was 5.672 seconds and System Time was 10.125 seconds.
 -2logL { Phi(~time)p(~1)f(~time) } = 4649.1025     
 Penalty { Phi(~time)p(~1)f(~time) } = 0.0000000     
 Gradient { Phi(~time)p(~1)f(~time) }:
  0.15542358E-03 -0.93497485E-05   0.0000000      0.45749466E-04 -0.64936927E-05
   0.0000000     -0.30181882E-04   0.0000000       0.0000000     -0.82194388E-05
 -0.12402228E-04 -0.63072146E-05 -0.69353301E-04   0.0000000     -0.52681719E-04
   0.0000000     -0.18294062E-04  0.83550869E-04  0.17148326E-03   0.0000000    
  0.39293192E-04 -0.78738156E-05   0.0000000      0.11155917E-03   0.0000000    
 -0.70875651E-04   0.0000000      0.14687407E-03   0.0000000      0.13357160E-03
  0.34192961E-04 -0.20687033E-04   0.0000000     -0.31943504E-05   0.0000000    
   0.0000000      0.49416499E-04  0.26993692E-04 -0.56291029E-05   0.0000000    
   0.0000000       0.0000000     -0.49064782E-04 -0.56399851E-04   0.0000000    
 Maximum ABS(G) { Phi(~time)p(~1)f(~time) } = 0.1714833E-03 
 To compute VC matrix, CPU Time was 2.625 seconds and System Time was 4.422 seconds.

  Program  MARK  - Survival Rate Estimation with Capture-Recapture Data
   gfortran(dble/PIM2) Vers. 10.1 March 2023  13-Feb-2024 12:26:47    Page  009
 - - - - - - - - - - - - - - - - - - - - - - - - - - - - - - - - - - - - - -
 
 S Vector { Phi(~time)p(~1)f(~time) }:
   580.4524      77.55987      57.42532      9.796962      7.949968    
   6.159943      4.813215      3.852829      3.007084      2.839578    
   2.655864      1.814118      1.607465      1.269529      1.257397    
  0.9861658     0.9694940     0.6632857     0.2805381     0.2518124    
  0.2482134     0.1522734     0.6319598E-01 0.2930844E-04 0.1462000E-04
  0.6787549E-05 0.3777348E-05 0.2865831E-05 0.2826949E-05 0.2436342E-05
  0.2202890E-05 0.1619010E-05 0.1046970E-05 0.7390478E-06 0.5422581E-06
  0.4207361E-06 0.2616198E-06 0.2261733E-06 0.2037394E-06 0.1269894E-06
  0.4388117E-07 0.1103223E-07 0.1784579E-10 0.2154975E-11 0.1593022E-15
 To invert VC matrix, CPU Time was 0.001 seconds and System Time was 0.001 seconds.
 Ratio Threshold = 50.000000       Max Gap (44/45) = 13527.592       Next Max Gap (23/24) = 2156.2383     
 Gap Method for Num. of Estimated Parameters { Phi(~time)p(~1)f(~time) } = 23          
 Threshold { Phi(~time)p(~1)f(~time) } = 0.3429665E-03           
 Numerical Threshold Method for Num. of Estimated Parameters { Phi(~time)p(~1)f(~time) } = 23          
 Number of Estimated Parameters { Phi(~time)p(~1)f(~time) } = 23          
 DEVIANCE { Phi(~time)p(~1)f(~time) } = 2848.5747               
 DEVIANCE Degrees of Freedom { Phi(~time)p(~1)f(~time) } = 142          
 c-hat { Phi(~time)p(~1)f(~time) } = 20.060385               
 AIC { Phi(~time)p(~1)f(~time) } = 4695.1025               
 AICc { Phi(~time)p(~1)f(~time) } = 4695.9407               
 BIC { Phi(~time)p(~1)f(~time) } = 4814.7294               
 Pearson Chisquare { Phi(~time)p(~1)f(~time) } = 16444453.               
 Possible Encounter Histories { Phi(~time)p(~1)f(~time) } = 8388607          
 Pearson Chisquare df { Phi(~time)p(~1)f(~time) } = 8388583          
 Pearson chat { Phi(~time)p(~1)f(~time) } = 1.9603373               
 Sum(Observed/Expected) { Phi(~time)p(~1)f(~time) } = 15220737.               
 s-bar { Phi(~time)p(~1)f(~time) } = 0.8144536               
 Fletcher chat { Phi(~time)p(~1)f(~time) } = 1.0804009               


          PARM-SPECIFIC Link Function Parameters of { Phi(~time)p(~1)f(~time) }
                                                              95% Confidence Interval
    Parameter                  Beta         Standard Error     Lower           Upper
 -------------------------  --------------  --------------  --------------  --------------
    1:Phi:(Intercept)        23.083920       0.0000000       23.083920       23.083920    
    2:Phi:time4.7003706788  -5.5738320       514.32860      -1013.6579       1002.5103    
    3:Phi:time5.5078432097  -2.3151756       218.98858      -431.53279       426.90244    
    4:Phi:time6.4551274501  -20.474993       0.0000000      -20.474993      -20.474993    
    5:Phi:time7.0059897122  -8.4476752       851.49178      -1677.3716       1660.4762    
    6:Phi:time7.2968295778   0.4331282       219.43151      -429.65263       430.51889    
    7:Phi:time8.6006113579  -21.373799       0.0000000      -21.373799      -21.373799    
    8:Phi:time8.9570104159  -0.7097900       186.00703      -365.28357       363.86399    
    9:Phi:time9.6553155132   7.0488654       79229913.      -0.1552906E+09   0.1552906E+09
   10:Phi:time10.007212532  -21.406237       0.0000000      -21.406237      -21.406237    
   11:Phi:time10.499530585  -18.814274       0.0000000      -18.814274      -18.814274    
   12:Phi:time11.285913564  -8.7365960       622.55169      -1228.9379       1211.4647    
   13:Phi:time11.569451665  -20.250480       0.0000000      -20.250480      -20.250480    
   14:Phi:time12.168891731  -5.4270109       718.23047      -1413.1588       1402.3047    
   15:Phi:time12.395488579  -21.141811       0.0000000      -21.141811      -21.141811    
   16:Phi:time13.223226032   3.0080759       0.0000000       3.0080759       3.0080759    
   17:Phi:time13.938727899  -8.9462200       382.86926      -759.36998       741.47754    
   18:Phi:time14.621919521  -22.505552       0.0000000      -22.505552      -22.505552    
   19:Phi:time14.902376182  -20.840677       0.0000000      -20.840677      -20.840677    
   20:Phi:time15.708747331   6.7173480       0.0000000       6.7173480       6.7173480    
   21:Phi:time17.221895444  -20.875700       0.0000000      -20.875700      -20.875700    
   22:Phi:time18.588138576  -6.8059810       612.44231      -1207.1929       1193.5810    
   23:p:(Intercept)         -0.0955819       0.0427679      -0.1794069      -0.0117568    
   24:f:(Intercept)         -3.3761031       0.6524983      -4.6549997      -2.0972064    
   25:f:time4.700370678883  -11.519459       918.64574      -1812.0652       1789.0262    
   26:f:time5.507843209773   2.4438998       0.7506171       0.9726903       3.9151092    
   27:f:time6.455127450161  -16.486655       1994.5407      -3925.7865       3892.8132    
   28:f:time7.005989712200   1.0755623       1.9962432      -2.8370744       4.9881990    
   29:f:time7.296829577821   0.3251799       1.0781309      -1.7879568       2.4383165    

  Program  MARK  - Survival Rate Estimation with Capture-Recapture Data
   gfortran(dble/PIM2) Vers. 10.1 March 2023  13-Feb-2024 12:26:47    Page  010
 - - - - - - - - - - - - - - - - - - - - - - - - - - - - - - - - - - - - - -
 
   30:f:time8.600611357921   1.2834633       1.3523474      -1.3671376       3.9340642    
   31:f:time8.957010415939   0.7842584       0.0000000       0.7842584       0.7842584    
   32:f:time9.655315513296   1.9499266       1.0496471      -0.1073818       4.0072349    
   33:f:time10.00721253226  -0.4448131       2.6907232      -5.7186307       4.8290045    
   34:f:time10.49953058566  -18.233287       2104.6198      -4143.2881       4106.8215    
   35:f:time11.28591356438  -19.881982       2310.0557      -4547.5913       4507.8273    
   36:f:time11.56945166546  -23.704967       1314.6697      -2600.4576       2553.0477    
   37:f:time12.16889173182   0.2344227       1.7642837      -3.2235734       3.6924187    
   38:f:time12.39548857960  -1.2624345       1.6823829      -4.5599051       2.0350361    
   39:f:time13.22322603294  -9.9025452       0.0000000      -9.9025452      -9.9025452    
   40:f:time13.93872789939  -15.984729       1377.3576      -2715.6058       2683.6363    
   41:f:time14.62191952112  -23.953923       0.0000000      -23.953923      -23.953923    
   42:f:time14.90237618247  -18.969830       2342.2128      -4609.7070       4571.7673    
   43:f:time15.70874733198  -0.2447466       1.0053662      -2.2152645       1.7257713    
   44:f:time17.22189544420  -0.0828782       0.4230624      -0.9120805       0.7463240    
   45:f:time18.58813857607   1.6060243       1.0181756      -0.3895999       3.6016485    


                 Real Function Parameters of { Phi(~time)p(~1)f(~time) }
                                                               95% Confidence Interval
     Parameter                Estimate       Standard Error     Lower           Upper
 --------------------------  --------------  --------------  --------------  --------------
     1:Phi g1 a0 t1           1.0000000       0.0000000       1.0000000       1.0000000       
     2:Phi g1 a3.7003706788   1.0000000       0.1274941E-04  0.2237787E-300   1.0000000       
     3:Phi g1 a4.5078432097   1.0000000       0.1970331E-06   0.9999996       1.0000004       
     4:Phi g1 a5.4551274501   0.9314339       0.0376813       0.8103817       0.9773650       
     5:Phi g1 a6.0059897122   0.9999996       0.3748333E-03  0.1263935E-301   1.0000000       
     6:Phi g1 a6.2968295778   1.0000000       0.1273208E-07   1.0000000       1.0000000       
     7:Phi g1 a7.6006113579   0.8468519       0.0617607       0.6849813       0.9336080       
     8:Phi g1 a7.9570104159   1.0000000       0.3231039E-07   0.9999999       1.0000001       
     9:Phi g1 a8.6553155132   1.0000000       0.6491660E-05   0.9999873       1.0000127       
    10:Phi g1 a9.0072125322   0.8425975       0.0524365       0.7115166       0.9207517       
    11:Phi g1 a9.4995305856   0.9862062       0.0276421       0.5712526       0.9997394       
    12:Phi g1 a10.285913564   0.9999994       0.3672670E-03  0.9467774E-302   1.0000000       
    13:Phi g1 a10.569451665   0.9444563       0.0442993       0.7646408       0.9888883       
    14:Phi g1 a11.168891731   1.0000000       0.1531116E-04  0.2591686E-300   1.0000000       
    15:Phi g1 a11.395488579   0.8745836       0.0406590       0.7712835       0.9351509       
    16:Phi g1 a12.223226032   1.0000000       0.0000000       1.0000000       1.0000000       
    17:Phi g1 a12.938727899   0.9999993       0.2830535E-03  0.7677315E-302   1.0000000       
    18:Phi g1 a13.621919521   0.6406917       0.1262937       0.3782666       0.8393834       
    19:Phi g1 a13.902376182   0.9040660       0.0697541       0.6608065       0.9785342       
    20:Phi g1 a14.708747331   1.0000000       0.0000000       1.0000000       1.0000000       
    21:Phi g1 a16.221895444   0.9009852       0.0556624       0.7281573       0.9686639       
    22:Phi g1 a17.588138576   0.9999999       0.5217754E-04  0.6526845E-301   1.0000000       
    23:p g1 a0 t1             0.4761227       0.0106676       0.4552682       0.4970608       
    24:f g1 a0 t1             0.0341804       0.0223026       0.0093269       0.1174121       

  Program  MARK  - Survival Rate Estimation with Capture-Recapture Data
   gfortran(dble/PIM2) Vers. 10.1 March 2023  13-Feb-2024 12:26:47    Page  011
 - - - - - - - - - - - - - - - - - - - - - - - - - - - - - - - - - - - - - -
 
    25:f g1 a3.700370678883   0.3395780E-06   0.3119517E-03  0.1888966E-314   1.0000000       
    26:f g1 a4.507843209773   0.3936853       0.1153300       0.2011939       0.6260142       
    27:f g1 a5.455127450161   0.2364361E-08   0.4715815E-05  -0.9240633E-05   0.9245362E-05   
    28:f g1 a6.005989712200   0.1002046       0.1893134       0.0018142       0.8721818       
    29:f g1 a6.296829577821   0.0473152       0.0406187       0.0084206       0.2250836       
    30:f g1 a7.600611357921   0.1233611       0.1238224       0.0146992       0.5703291       
    31:f g1 a7.957010415939   0.0748818       0.0488606       0.0199097       0.2438685       
    32:f g1 a8.655315513296   0.2402257       0.1590621       0.0541891       0.6356836       
    33:f g1 a9.007212532266   0.0219077       0.0572517       0.1190813E-03   0.8081533       
    34:f g1 a9.499530585660   0.4122503E-09   0.8676302E-06  -0.1700143E-05   0.1700967E-05   
    35:f g1 a10.28591356438   0.7927606E-10   0.1831322E-06  -0.3588597E-06   0.3590183E-06   
    36:f g1 a10.56945166546   0.1733168E-11   0.2278543E-08  -0.4464211E-08   0.4467677E-08   
    37:f g1 a11.16889173182   0.0432101       0.0708538       0.0015677       0.5650161       
    38:f g1 a11.39548857960   0.0096718       0.0150064       0.4528196E-03   0.1739233       
    39:f g1 a12.22322603294   0.1710631E-05   0.0000000       0.1710631E-05   0.1710631E-05   
    40:f g1 a12.93872789939   0.3905687E-08   0.5379529E-05  -0.1053997E-04   0.1054778E-04   
    41:f g1 a13.62191952112   0.1351203E-11   0.0000000       0.1351203E-11   0.1351203E-11   
    42:f g1 a13.90237618247   0.1973716E-09   0.4622864E-06  -0.9058839E-06   0.9062787E-06   
    43:f g1 a14.70874733198   0.0267599       0.0185521       0.0067602       0.0999721       
    44:f g1 a16.22189544420   0.0314618       0.0126050       0.0142340       0.0681003       
    45:f g1 a17.58813857607   0.1703196       0.1068194       0.0445758       0.4745808       





                     Estimates of Derived Parameters

             Lambda Estimates of { Phi(~time)p(~1)f(~time) }
                                                95% Confidence Interval
 Grp. Occ.   Lambda-hat      Standard Error      Lower           Upper
 ---- ----   --------------  --------------  --------------  --------------
   1     1    1.0341804       0.0223027       0.9913830       1.0788254    
   1     2    1.0000003       0.3122198E-03   0.9993886       1.0006125    
   1     3    1.3936853       0.1153301       1.1853458       1.6386432    
   1     4    0.9314339       0.0376823       0.8604567       1.0082658    
   1     5    1.1002042       0.1893133       0.7871737       1.5377155    
   1     6    1.0473152       0.0406187       0.9706809       1.1299997    
   1     7    0.9702129       0.1388799       0.7339019       1.2826144    
   1     8    1.0748818       0.0488607       0.9833023       1.1749905    
   1     9    1.2402257       0.1590621       0.9655503       1.5930395    
   1    10    0.8645052       0.0761456       0.7276746       1.0270651    
   1    11    0.9862062       0.0276431       0.9334973       1.0418913    
   1    12    0.9999994       0.3672702E-03   0.9992798       1.0007195    
   1    13    0.9444563       0.0443006       0.8615425       1.0353496    
   1    14    1.0432101       0.0708538       0.9133231       1.1915688    
   1    15    0.8842555       0.0432022       0.8035530       0.9730631    
   1    16    1.0000017       0.0000000       1.0000017       1.0000017    
   1    17    0.9999993       0.2831109E-03   0.9994445       1.0005543    
   1    18    0.6406917       0.1262913       0.4369746       0.9393817    

  Program  MARK  - Survival Rate Estimation with Capture-Recapture Data
   gfortran(dble/PIM2) Vers. 10.1 March 2023  13-Feb-2024 12:26:47    Page  012
 - - - - - - - - - - - - - - - - - - - - - - - - - - - - - - - - - - - - - -
 
   1    19    0.9040660       0.0697556       0.7773555       1.0514306    
   1    20    1.0267599       0.0185521       0.9910370       1.0637705    
   1    21    0.9324470       0.0560125       0.8289669       1.0488446    
   1    22    1.1703195       0.1068194       0.9789753       1.3990625    

           log(Lambda) Estimates of { Phi(~time)p(~1)f(~time) }
                                                95% Confidence Interval
 Grp. Occ.   log(Lambda-hat) Standard Error      Lower           Upper
 ---- ----   --------------  --------------  --------------  --------------
   1     1    0.0336092       0.0215656      -0.0086593       0.0758777    
   1     2    0.3147200E-06   0.3122197E-03  -0.6116359E-03   0.6122653E-03
   1     3    0.3319516       0.0827519       0.1697579       0.4941453    
   1     4   -0.0710301       0.0404563      -0.1503244       0.0082642    
   1     5    0.0954958       0.1720711      -0.2417635       0.4327551    
   1     6    0.0462300       0.0387837      -0.0297860       0.1222459    
   1     7   -0.0302397       0.1431437      -0.3108014       0.2503220    
   1     8    0.0722107       0.0454568      -0.0168846       0.1613060    
   1     9    0.2152934       0.1282526      -0.0360817       0.4666684    
   1    10   -0.1455980       0.0880800      -0.3182347       0.0270388    
   1    11   -0.0138898       0.0280297      -0.0688280       0.0410484    
   1    12   -0.5874594E-06   0.3672704E-03  -0.7204375E-03   0.7192625E-03
   1    13   -0.0571459       0.0469059      -0.1490814       0.0347897    
   1    14    0.0423026       0.0679190      -0.0908187       0.1754239    
   1    15   -0.1230093       0.0488571      -0.2187692      -0.0272493    
   1    16    0.1710625E-05   0.0000000       0.1710625E-05   0.1710625E-05
   1    17   -0.7206552E-06   0.2831111E-03  -0.5556184E-03   0.5541771E-03
   1    18   -0.4452069       0.1971170      -0.8315563      -0.0588575    
   1    19   -0.1008529       0.0771576      -0.2520818       0.0503760    
   1    20    0.0264081       0.0180686      -0.0090063       0.0618226    
   1    21   -0.0699429       0.0600704      -0.1876810       0.0477951    
   1    22    0.1572768       0.0912737      -0.0216198       0.3361733    

 To compute parameter estimates, CPU Time was 0.001 seconds and System Time was 0.001 seconds.

 Attempted ordering of parameters by estimatibility:
  23 24  1 26 15 10  7 32  4 18 43 45 21 29 19 44 31 30 28 38 11 37 33 13  8
  17  2 22 12  6 14  5 25 40  3 39 27 34 35 42 36 41 16 20  9
 Beta number 9 is a singular value.

   For procedure estimate CPU Time was 8.328 seconds and System Time was 14.578 seconds       .

  Program  MARK  - Survival Rate Estimation with Capture-Recapture Data
   gfortran(dble/PIM2) Vers. 10.1 March 2023  13-Feb-2024 12:26:47    Page  013
 - - - - - - - - - - - - - - - - - - - - - - - - - - - - - - - - - - - - - -
 


  INPUT --- proc stop;

     For this job, CPU Time in minutes was 0.139 and System Time in minutes was 0.243.

     Time Start = 12:26:33.131   Time End = 12:26:47.727

     Wall Clock Time in minutes for this job was 0.243.

     Maximum of 45 words used of 4096 words allocated.


          E X E C U T I O N   S U C C E S S F U L 
