
   Program  MARK  - Survival Rate Estimation with Capture-Recapture Data
   gfortran(dble/PIM2) Vers. 10.1 March 2023  13-Feb-2024 12:26:28    Page  001
    
 - - - - - - - - - - - - - - - - - - - - - - - - - - - - - - - - - - - - - -
 
   Welcome to MARK Elizabeth Sibert on machine CHROMIUM in subdirectory 
   "C:\Elizabeth_Files\Personal\Research\Code\Github_Repos\eeco_teeth\mark" running file "mark007.inp".
   This version was compiled by GCC version 12.2.0 using the options: 
     -cpp -iprefix c:\tdm-gcc-64\mingw64\bin\../lib/gcc/x86_64-w64-mingw32/12.2.0/
     -D_MT -D_REENTRANT -U_REENTRANT -D ieee -D dbleprecision -m64 -mtune=generic
     -march=x86-64 -mthreads -O3 -std=f2018 -fsignaling-nans
     -ffpe-summary=invalid,zero,overflow,underflow -funroll-loops -ffast-math
     -fall-intrinsics -fopenmp.

   This problem will use 15 of 16 possible threads.
   Static thread allocation is used.
   Schedule kind is omp_sched_dynamic with chunk size 1


  INPUT --- proc title ;

   For procedure title CPU Time was 0.001 seconds and System Time was 0.001 seconds       .


  INPUT --- proc chmatrix occasions= 23 groups= 1 etype= PradRec Nodes= 
  INPUT --- 101 ICMeans NoHist hist=  165 ;

  INPUT ---    time interval 3.7003706788838 0.807472530889903 
  INPUT ---    0.9472842403882 0.550862262038102  0.2908398656215 
  INPUT ---    1.30378178010029 0.356399058017601 0.698305097357299 
  INPUT ---    0.351897018970206  0.492318053393298 0.786382978723395 
  INPUT ---    0.283538101079301 0.599440066362504 0.226596847780996  
  INPUT ---    0.827737453338798 0.7155018664455 0.683191621733705 
  INPUT ---    0.280456661351501 0.806371149511598  1.5131481122184 
  INPUT ---    1.3662431318681 0.4604281135531 ;

  INPUT ---    glabel(1)=Group 1;

      Number of unique encounter histories read was 165.

      Number of individual covariates read was 0.
      Time interval lengths vary and/or not equal to 1.

      Data type number is 17
      Data type is Pradel Survival and Recruitment

   For procedure chmatrix CPU Time was 0.001 seconds and System Time was 0.001 seconds       .

  Program  MARK  - Survival Rate Estimation with Capture-Recapture Data
   gfortran(dble/PIM2) Vers. 10.1 March 2023  13-Feb-2024 12:26:28    Page  002
 - - - - - - - - - - - - - - - - - - - - - - - - - - - - - - - - - - - - - -
 


  INPUT --- proc estimate link=Parm-Specific NOLOOP varest=2ndPart    ;


  INPUT --- model={ Phi(~1)p(~1)f(~time) };

  INPUT ---    group=1 Phi    rows=1 cols=22 Square ;
  INPUT ---        1 1 1 1 1 1 1 1 1 1 1 1 1 1 1 1 1 1 1 1 1 1 ;

  INPUT ---    group=1 p    rows=1 cols=23 Square ;
  INPUT ---        2 2 2 2 2 2 2 2 2 2 2 2 2 2 2 2 2 2 2 2 2 2 2 ;

  INPUT ---    group=1 f    rows=1 cols=22 Square ;
  INPUT ---        3 4 5 6 7 8 9 10 11 12 13 14 15 16 17 18 19 20 21 22 23 24 
  INPUT ---       ;

  INPUT ---    design matrix constraints=24 covariates=24;
  INPUT ---        1 0 0 0 0 0 0 0 0 0 0 0 0 0 0 0 0 0 0 0 0 0 0 0;
  INPUT ---        0 1 0 0 0 0 0 0 0 0 0 0 0 0 0 0 0 0 0 0 0 0 0 0;
  INPUT ---        0 0 1 0 0 0 0 0 0 0 0 0 0 0 0 0 0 0 0 0 0 0 0 0;
  INPUT ---        0 0 1 1 0 0 0 0 0 0 0 0 0 0 0 0 0 0 0 0 0 0 0 0;
  INPUT ---        0 0 1 0 1 0 0 0 0 0 0 0 0 0 0 0 0 0 0 0 0 0 0 0;
  INPUT ---        0 0 1 0 0 1 0 0 0 0 0 0 0 0 0 0 0 0 0 0 0 0 0 0;
  INPUT ---        0 0 1 0 0 0 1 0 0 0 0 0 0 0 0 0 0 0 0 0 0 0 0 0;
  INPUT ---        0 0 1 0 0 0 0 1 0 0 0 0 0 0 0 0 0 0 0 0 0 0 0 0;
  INPUT ---        0 0 1 0 0 0 0 0 1 0 0 0 0 0 0 0 0 0 0 0 0 0 0 0;
  INPUT ---        0 0 1 0 0 0 0 0 0 1 0 0 0 0 0 0 0 0 0 0 0 0 0 0;
  INPUT ---        0 0 1 0 0 0 0 0 0 0 1 0 0 0 0 0 0 0 0 0 0 0 0 0;
  INPUT ---        0 0 1 0 0 0 0 0 0 0 0 1 0 0 0 0 0 0 0 0 0 0 0 0;
  INPUT ---        0 0 1 0 0 0 0 0 0 0 0 0 1 0 0 0 0 0 0 0 0 0 0 0;
  INPUT ---        0 0 1 0 0 0 0 0 0 0 0 0 0 1 0 0 0 0 0 0 0 0 0 0;
  INPUT ---        0 0 1 0 0 0 0 0 0 0 0 0 0 0 1 0 0 0 0 0 0 0 0 0;
  INPUT ---        0 0 1 0 0 0 0 0 0 0 0 0 0 0 0 1 0 0 0 0 0 0 0 0;
  INPUT ---        0 0 1 0 0 0 0 0 0 0 0 0 0 0 0 0 1 0 0 0 0 0 0 0;
  INPUT ---        0 0 1 0 0 0 0 0 0 0 0 0 0 0 0 0 0 1 0 0 0 0 0 0;
  INPUT ---        0 0 1 0 0 0 0 0 0 0 0 0 0 0 0 0 0 0 1 0 0 0 0 0;
  INPUT ---        0 0 1 0 0 0 0 0 0 0 0 0 0 0 0 0 0 0 0 1 0 0 0 0;
  INPUT ---        0 0 1 0 0 0 0 0 0 0 0 0 0 0 0 0 0 0 0 0 1 0 0 0;
  INPUT ---        0 0 1 0 0 0 0 0 0 0 0 0 0 0 0 0 0 0 0 0 0 1 0 0;
  INPUT ---        0 0 1 0 0 0 0 0 0 0 0 0 0 0 0 0 0 0 0 0 0 0 1 0;
  INPUT ---        0 0 1 0 0 0 0 0 0 0 0 0 0 0 0 0 0 0 0 0 0 0 0 1;

  INPUT ---    links=24;

  INPUT ---    Logit;

  Program  MARK  - Survival Rate Estimation with Capture-Recapture Data
   gfortran(dble/PIM2) Vers. 10.1 March 2023  13-Feb-2024 12:26:28    Page  003
 - - - - - - - - - - - - - - - - - - - - - - - - - - - - - - - - - - - - - -
 

  INPUT ---    Logit;

  INPUT ---    Log;

  INPUT ---    Log;

  INPUT ---    Log;

  INPUT ---    Log;

  INPUT ---    Log;

  INPUT ---    Log;

  INPUT ---    Log;

  INPUT ---    Log;

  INPUT ---    Log;

  INPUT ---    Log;

  INPUT ---    Log;

  INPUT ---    Log;

  INPUT ---    Log;

  INPUT ---    Log;

  INPUT ---    Log;

  INPUT ---    Log;

  INPUT ---    Log;

  INPUT ---    Log;

  INPUT ---    Log;

  INPUT ---    Log;

  INPUT ---    Log;

  INPUT ---    Log;

  Program  MARK  - Survival Rate Estimation with Capture-Recapture Data
   gfortran(dble/PIM2) Vers. 10.1 March 2023  13-Feb-2024 12:26:28    Page  004
 - - - - - - - - - - - - - - - - - - - - - - - - - - - - - - - - - - - - - -
 
  INPUT ---       blabel(1)=Phi:(Intercept);
  INPUT ---       blabel(2)=p:(Intercept);
  INPUT ---       blabel(3)=f:(Intercept);
  INPUT ---       blabel(4)=f:time4.7003706788838;
  INPUT ---       blabel(5)=f:time5.5078432097737;
  INPUT ---       blabel(6)=f:time6.4551274501619;
  INPUT ---       blabel(7)=f:time7.00598971220001;
  INPUT ---       blabel(8)=f:time7.29682957782151;
  INPUT ---       blabel(9)=f:time8.6006113579218;
  INPUT ---       blabel(10)=f:time8.9570104159394;
  INPUT ---       blabel(11)=f:time9.6553155132967;
  INPUT ---       blabel(12)=f:time10.0072125322669;
  INPUT ---       blabel(13)=f:time10.4995305856602;
  INPUT ---       blabel(14)=f:time11.2859135643836;
  INPUT ---       blabel(15)=f:time11.5694516654629;
  INPUT ---       blabel(16)=f:time12.1688917318254;
  INPUT ---       blabel(17)=f:time12.3954885796064;
  INPUT ---       blabel(18)=f:time13.2232260329452;
  INPUT ---       blabel(19)=f:time13.9387278993907;
  INPUT ---       blabel(20)=f:time14.6219195211244;
  INPUT ---       blabel(21)=f:time14.9023761824759;
  INPUT ---       blabel(22)=f:time15.7087473319875;
  INPUT ---       blabel(23)=f:time17.2218954442059;
  INPUT ---       blabel(24)=f:time18.588138576074;
  INPUT ---       rlabel(1)=Phi g1 a0 t1;
  INPUT ---       rlabel(2)=p g1 a0 t1;
  INPUT ---       rlabel(3)=f g1 a0 t1;
  INPUT ---       rlabel(4)=f g1 a3.7003706788838 t4.7003706788838;
  INPUT ---       rlabel(5)=f g1 a4.5078432097737 t5.5078432097737;
  INPUT ---       rlabel(6)=f g1 a5.4551274501619 t6.4551274501619;
  INPUT ---       rlabel(7)=f g1 a6.00598971220001 t7.00598971220001;
  INPUT ---       rlabel(8)=f g1 a6.29682957782151 t7.29682957782151;
  INPUT ---       rlabel(9)=f g1 a7.6006113579218 t8.6006113579218;
  INPUT ---       rlabel(10)=f g1 a7.9570104159394 t8.9570104159394;
  INPUT ---       rlabel(11)=f g1 a8.6553155132967 t9.6553155132967;
  INPUT ---       rlabel(12)=f g1 a9.00721253226691 t10.0072125322669;
  INPUT ---       rlabel(13)=f g1 a9.4995305856602 t10.4995305856602;
  INPUT ---       rlabel(14)=f g1 a10.2859135643836 t11.2859135643836;
  INPUT ---       rlabel(15)=f g1 a10.5694516654629 t11.5694516654629;
  INPUT ---       rlabel(16)=f g1 a11.1688917318254 t12.1688917318254;
  INPUT ---       rlabel(17)=f g1 a11.3954885796064 t12.3954885796064;
  INPUT ---       rlabel(18)=f g1 a12.2232260329452 t13.2232260329452;
  INPUT ---       rlabel(19)=f g1 a12.9387278993907 t13.9387278993907;
  INPUT ---       rlabel(20)=f g1 a13.6219195211244 t14.6219195211244;
  INPUT ---       rlabel(21)=f g1 a13.9023761824759 t14.9023761824759;
  INPUT ---       rlabel(22)=f g1 a14.7087473319875 t15.7087473319875;

  Program  MARK  - Survival Rate Estimation with Capture-Recapture Data
   gfortran(dble/PIM2) Vers. 10.1 March 2023  13-Feb-2024 12:26:28    Page  005
 - - - - - - - - - - - - - - - - - - - - - - - - - - - - - - - - - - - - - -
 
  INPUT ---       rlabel(23)=f g1 a16.2218954442059 t17.2218954442059;
  INPUT ---       rlabel(24)=f g1 a17.588138576074 t18.588138576074;
   Model is { Phi(~1)p(~1)f(~time) }

 Link Function Used is PARM-SPECIFIC

 Variance Estimation Procedure Used is 2ndPart 
 -2logL(saturated) = 1800.5278     
 Effective Sample Size = 1341

 Number of function evaluations was 83 for 24 parameters.
 For numerical optimization, CPU Time was 1.375 seconds and System Time was 2.703 seconds.
 -2logL { Phi(~1)p(~1)f(~time) } = 4697.4690     
 Penalty { Phi(~1)p(~1)f(~time) } = 0.0000000     
 Gradient { Phi(~1)p(~1)f(~time) }:
   0.0000000      0.54451801E-04 -0.63130353E-04   0.0000000     -0.40281222E-04
   0.0000000       0.0000000       0.0000000       0.0000000       0.0000000    
   0.0000000       0.0000000       0.0000000       0.0000000       0.0000000    
   0.0000000      0.22083637E-04   0.0000000       0.0000000       0.0000000    
   0.0000000       0.0000000       0.0000000       0.0000000    
 Maximum ABS(G) { Phi(~1)p(~1)f(~time) } = 0.6313035E-04 
 To compute VC matrix, CPU Time was 0.859 seconds and System Time was 1.312 seconds.
 S Vector { Phi(~1)p(~1)f(~time) }:
   575.7841      86.11893      47.96489      9.726671      4.016048    
   2.902999      1.846794      1.261153     0.9635154     0.8890246    
  0.5945946     0.2596592     0.2117468     0.1557366     0.5041891E-01
  0.9948779E-06 0.4910899E-06 0.4382499E-06 0.3223151E-06 0.2552109E-06
  0.1746532E-06 0.8627861E-08 0.1675383E-11 0.4213728E-12
 To invert VC matrix, CPU Time was 0.001 seconds and System Time was 0.001 seconds.
 Ratio Threshold = 50.000000       Max Gap (15/16) = 50678.486       Next Max Gap (22/23) = 5149.7829     
 Gap Method for Num. of Estimated Parameters { Phi(~1)p(~1)f(~time) } = 15          
 Threshold { Phi(~1)p(~1)f(~time) } = 0.1262607E-03           
 Numerical Threshold Method for Num. of Estimated Parameters { Phi(~1)p(~1)f(~time) } = 15          
 Number of Estimated Parameters { Phi(~1)p(~1)f(~time) } = 15          
 DEVIANCE { Phi(~1)p(~1)f(~time) } = 2896.9413               
 DEVIANCE Degrees of Freedom { Phi(~1)p(~1)f(~time) } = 150          
 c-hat { Phi(~1)p(~1)f(~time) } = 19.312942               
 AIC { Phi(~1)p(~1)f(~time) } = 4727.4690               
 AICc { Phi(~1)p(~1)f(~time) } = 4727.8313               
 BIC { Phi(~1)p(~1)f(~time) } = 4805.4866               
 Pearson Chisquare { Phi(~1)p(~1)f(~time) } = 19409551.               
 Possible Encounter Histories { Phi(~1)p(~1)f(~time) } = 8388607          
 Pearson Chisquare df { Phi(~1)p(~1)f(~time) } = 8388591          
 Pearson chat { Phi(~1)p(~1)f(~time) } = 2.3138035               
 Sum(Observed/Expected) { Phi(~1)p(~1)f(~time) } = 17699127.               
 s-bar { Phi(~1)p(~1)f(~time) } = 1.1099008               
 Fletcher chat { Phi(~1)p(~1)f(~time) } = 1.0966409               


            PARM-SPECIFIC Link Function Parameters of { Phi(~1)p(~1)f(~time) }
                                                              95% Confidence Interval
    Parameter                  Beta         Standard Error     Lower           Upper
 -------------------------  --------------  --------------  --------------  --------------
    1:Phi:(Intercept)        3.1892758       0.1373011       2.9201656       3.4583860    
    2:p:(Intercept)         -0.1209024       0.0427475      -0.2046876      -0.0371173    
    3:f:(Intercept)         -2.8672448       0.4482775      -3.7458686      -1.9886209    
    4:f:time4.700370678883  -12.117707       6.4618044      -24.782843       0.5474304    
    5:f:time5.507843209773   2.0304508       0.5329179       0.9859316       3.0749699    
    6:f:time6.455127450161  -20.019954       2330.0909      -4586.9981       4546.9582    
    7:f:time7.005989712200   0.5402566       1.0645452      -1.5462521       2.6267654    
    8:f:time7.296829577821  -0.0421532       0.8473268      -1.7029137       1.6186074    
    9:f:time8.600611357921   0.9065329       1.2365392      -1.5170840       3.3301498    
   10:f:time8.957010415939   0.3661597       1.0215409      -1.6360604       2.3683798    
   11:f:time9.655315513296   1.5304933       0.8036851      -0.0447296       3.1057161    
   12:f:time10.00721253226  -1.2670267       4.4100896      -9.9108026       7.3767492    
   13:f:time10.49953058566  -14.889784       1761.4069      -3467.2473       3437.4678    
   14:f:time11.28591356438  -17.351490       0.0000000      -17.351490      -17.351490    
   15:f:time11.56945166546  -16.857037       1979.4764      -3896.6308       3862.9167    

  Program  MARK  - Survival Rate Estimation with Capture-Recapture Data
   gfortran(dble/PIM2) Vers. 10.1 March 2023  13-Feb-2024 12:26:32    Page  006
 - - - - - - - - - - - - - - - - - - - - - - - - - - - - - - - - - - - - - -
 
   16:f:time12.16889173182  -0.2437144       1.0092015      -2.2217493       1.7343205    
   17:f:time12.39548857960  -1.7638301       1.8802460      -5.4491124       1.9214522    
   18:f:time13.22322603294  -12.628982       0.0000000      -12.628982      -12.628982    
   19:f:time13.93872789939  -23.827233       0.0000000      -23.827233      -23.827233    
   20:f:time14.62191952112  -25.576230       0.0000000      -25.576230      -25.576230    
   21:f:time14.90237618247  -14.665127       1002.5708      -1979.7039       1950.3737    
   22:f:time15.70874733198  -0.8360177       0.8525534      -2.5070225       0.8349871    
   23:f:time17.22189544420  -0.6995465       1.0513038      -2.7601020       1.3610090    
   24:f:time18.58813857607   0.9554334       0.8305436      -0.6724321       2.5832989    


                   Real Function Parameters of { Phi(~1)p(~1)f(~time) }
                                                               95% Confidence Interval
     Parameter                Estimate       Standard Error     Lower           Upper
 --------------------------  --------------  --------------  --------------  --------------
     1:Phi g1 a0 t1           0.9604287       0.0052182       0.9488343       0.9694802       
     2:p g1 a0 t1             0.4698112       0.0106479       0.4490060       0.4907217       
     3:f g1 a0 t1             0.0568554       0.0254870       0.0231962       0.1327201       
     4:f g1 a3.700370678883   0.3105406E-06   0.1917225E-05   0.1725226E-11   0.0529382       
     5:f g1 a4.507843209773   0.4330968       0.1170033       0.2308965       0.6603382       
     6:f g1 a5.455127450161   0.1148724E-09   0.2676633E-06  -0.5245052E-06   0.5247349E-06   
     7:f g1 a6.005989712200   0.0975892       0.0756432       0.0196886       0.3680071       
     8:f g1 a6.296829577821   0.0545085       0.0410295       0.0119651       0.2153509       
     9:f g1 a7.600611357921   0.1407582       0.1621282       0.0116999       0.6938944       
    10:f g1 a7.957010415939   0.0819960       0.0747195       0.0126031       0.3846315       
    11:f g1 a8.655315513296   0.2626977       0.1788813       0.0550878       0.6852866       
    12:f g1 a9.007212532266   0.0160143       0.0696116       0.2826181E-05   0.9894427       
    13:f g1 a9.499530585660   0.1941871E-07   0.3420425E-04  0.1080202E-315   1.0000000       
    14:f g1 a10.28591356438   0.1656209E-08   0.0000000       0.1656209E-08   0.1656209E-08   
    15:f g1 a10.56945166546   0.2715522E-08   0.5375311E-05  -0.1053290E-04   0.1053833E-04   
    16:f g1 a11.16889173182   0.0445582       0.0590634       0.0030652       0.4143119       
    17:f g1 a11.39548857960   0.0097443       0.0174435       0.2845091E-03   0.2538648       
    18:f g1 a12.22322603294   0.1862406E-06   0.0000000       0.1862406E-06   0.1862406E-06   
    19:f g1 a12.93872789939   0.2551147E-11   0.0000000       0.2551147E-11   0.2551147E-11   
    20:f g1 a13.62191952112   0.4437679E-12   0.0000000       0.4437679E-12   0.4437679E-12   
    21:f g1 a13.90237618247   0.2431016E-07   0.2437265E-04  0.1352297E-315   1.0000000       
    22:f g1 a14.70874733198   0.0246430       0.0177911       0.0058871       0.0973056       
    23:f g1 a16.22189544420   0.0282463       0.0266641       0.0043116       0.1632625       
    24:f g1 a17.58813857607   0.1478124       0.1067529       0.0318935       0.4773189       





                     Estimates of Derived Parameters

               Lambda Estimates of { Phi(~1)p(~1)f(~time) }
                                                95% Confidence Interval
 Grp. Occ.   Lambda-hat      Standard Error      Lower           Upper
 ---- ----   --------------  --------------  --------------  --------------

  Program  MARK  - Survival Rate Estimation with Capture-Recapture Data
   gfortran(dble/PIM2) Vers. 10.1 March 2023  13-Feb-2024 12:26:32    Page  007
 - - - - - - - - - - - - - - - - - - - - - - - - - - - - - - - - - - - - - -
 
   1     1    1.0172841       0.0254714       0.9685729       1.0684450    
   1     2    0.9604290       0.0052182       0.9502557       0.9707113    
   1     3    1.3935255       0.1167206       1.1828842       1.6416767    
   1     4    0.9604287       0.0052182       0.9502554       0.9707109    
   1     5    1.0580179       0.0756210       0.9198784       1.2169021    
   1     6    1.0149372       0.0411919       0.9373595       1.0989355    
   1     7    1.1011869       0.1621175       0.8264477       1.4672586    
   1     8    1.0424247       0.0747736       0.9058678       1.1995671    
   1     9    1.2231264       0.1787914       0.9198163       1.6264531    
   1    10    0.9764430       0.0696909       0.8491233       1.1228534    
   1    11    0.9604287       0.0052183       0.9502552       0.9707112    
   1    12    0.9604287       0.0052182       0.9502555       0.9707109    
   1    13    0.9604287       0.0052182       0.9502554       0.9707109    
   1    14    1.0049869       0.0589984       0.8958434       1.1274277    
   1    15    0.9701730       0.0180857       0.9353678       1.0062733    
   1    16    0.9604289       0.0052106       0.9502703       0.9706960    
   1    17    0.9604287       0.0052183       0.9502552       0.9707112    
   1    18    0.9604287       0.0052182       0.9502554       0.9707109    
   1    19    0.9604287       0.0052182       0.9502553       0.9707111    
   1    20    0.9850717       0.0181823       0.9500743       1.0213583    
   1    21    0.9886751       0.0268387       0.9374554       1.0426932    
   1    22    1.1082411       0.1064298       0.9184918       1.3371903    

            log(Lambda) Estimates of { Phi(~1)p(~1)f(~time) }
                                                95% Confidence Interval
 Grp. Occ.   log(Lambda-hat) Standard Error      Lower           Upper
 ---- ----   --------------  --------------  --------------  --------------
   1     1    0.0171364       0.0250386      -0.0319393       0.0662121    
   1     2   -0.0403752       0.0054332      -0.0510243      -0.0297261    
   1     3    0.3318369       0.0837592       0.1676688       0.4960049    
   1     4   -0.0403755       0.0054332      -0.0510246      -0.0297265    
   1     5    0.0563973       0.0714742      -0.0836922       0.1964868    
   1     6    0.0148268       0.0405857      -0.0647212       0.0943747    
   1     7    0.0963886       0.1472207      -0.1921640       0.3849412    
   1     8    0.0415494       0.0717305      -0.0990423       0.1821411    
   1     9    0.2014102       0.1461757      -0.0850943       0.4879146    
   1    10   -0.0238389       0.0713723      -0.1637285       0.1160508    
   1    11   -0.0403755       0.0054333      -0.0510248      -0.0297262    
   1    12   -0.0403755       0.0054332      -0.0510245      -0.0297265    
   1    13   -0.0403755       0.0054332      -0.0510246      -0.0297265    
   1    14    0.0049745       0.0587057      -0.1100886       0.1200376    
   1    15   -0.0302809       0.0186417      -0.0668186       0.0062568    
   1    16   -0.0403753       0.0054253      -0.0510088      -0.0297418    
   1    17   -0.0403755       0.0054333      -0.0510248      -0.0297262    
   1    18   -0.0403755       0.0054332      -0.0510245      -0.0297265    
   1    19   -0.0403755       0.0054332      -0.0510247      -0.0297263    
   1    20   -0.0150408       0.0184578      -0.0512182       0.0211365    
   1    21   -0.0113896       0.0271461      -0.0645959       0.0418168    
   1    22    0.1027742       0.0960349      -0.0854541       0.2910025    

 To compute parameter estimates, CPU Time was 0.001 seconds and System Time was 0.016 seconds.

 Attempted ordering of parameters by estimatibility:
   2  3  1  5 11  8 22 24 10 23  9 16 17  7 12 21  4 18 13 15  6 14 20 19
 Beta number 19 is a singular value.

   For procedure estimate CPU Time was 2.234 seconds and System Time was 4.047 seconds       .

  Program  MARK  - Survival Rate Estimation with Capture-Recapture Data
   gfortran(dble/PIM2) Vers. 10.1 March 2023  13-Feb-2024 12:26:32    Page  008
 - - - - - - - - - - - - - - - - - - - - - - - - - - - - - - - - - - - - - -
 


  INPUT --- proc stop;

     For this job, CPU Time in minutes was 0.037 and System Time in minutes was 0.068.

     Time Start = 12:26:28.529   Time End = 12:26:32.576

     Wall Clock Time in minutes for this job was 0.067.

     Maximum of 24 words used of 4096 words allocated.


          E X E C U T I O N   S U C C E S S F U L 
