
   Program  MARK  - Survival Rate Estimation with Capture-Recapture Data
   gfortran(dble/PIM2) Vers. 10.1 March 2023  13-Feb-2024 12:31:12    Page  001
    
 - - - - - - - - - - - - - - - - - - - - - - - - - - - - - - - - - - - - - -
 
   Welcome to MARK Elizabeth Sibert on machine CHROMIUM in subdirectory 
   "C:\Elizabeth_Files\Personal\Research\Code\Github_Repos\eeco_teeth\mark" running file "mark021.inp".
   This version was compiled by GCC version 12.2.0 using the options: 
     -cpp -iprefix c:\tdm-gcc-64\mingw64\bin\../lib/gcc/x86_64-w64-mingw32/12.2.0/
     -D_MT -D_REENTRANT -U_REENTRANT -D ieee -D dbleprecision -m64 -mtune=generic
     -march=x86-64 -mthreads -O3 -std=f2018 -fsignaling-nans
     -ffpe-summary=invalid,zero,overflow,underflow -funroll-loops -ffast-math
     -fall-intrinsics -fopenmp.

   This problem will use 15 of 16 possible threads.
   Static thread allocation is used.
   Schedule kind is omp_sched_dynamic with chunk size 1


  INPUT --- proc title ;

   For procedure title CPU Time was 0.001 seconds and System Time was 0.001 seconds       .


  INPUT --- proc chmatrix occasions= 23 groups= 1 etype= PradRec Nodes= 
  INPUT --- 101 ICMeans NoHist hist=  165 ;

  INPUT ---    time interval 2.8033951005025 1.24942166188089 
  INPUT ---    0.684880952380901 0.374523809523801  0.197738095238101 
  INPUT ---    1.5531056176919 1.2130970501222 1.7911177305376 
  INPUT ---    0.118485576923099  0.129216346153804 0.375576923076899 
  INPUT ---    0.123850961538501 0.315735616432001 0.119379632613594  
  INPUT ---    0.4360828230744 0.376952948759303 1.8489037503733 
  INPUT ---    0.305253233500906 0.806371149511598  1.5131481122184 
  INPUT ---    1.3662431318681 0.4604281135531 ;

  INPUT ---    glabel(1)=Group 1;

      Number of unique encounter histories read was 165.

      Number of individual covariates read was 0.
      Time interval lengths vary and/or not equal to 1.

      Data type number is 17
      Data type is Pradel Survival and Recruitment

   For procedure chmatrix CPU Time was 0.001 seconds and System Time was 0.001 seconds       .

  Program  MARK  - Survival Rate Estimation with Capture-Recapture Data
   gfortran(dble/PIM2) Vers. 10.1 March 2023  13-Feb-2024 12:31:12    Page  002
 - - - - - - - - - - - - - - - - - - - - - - - - - - - - - - - - - - - - - -
 


  INPUT --- proc estimate link=Parm-Specific NOLOOP varest=2ndPart    ;


  INPUT --- model={ Phi(~1)p(~samplesize)f(~time) };

  INPUT ---    group=1 Phi    rows=1 cols=22 Square ;
  INPUT ---        1 1 1 1 1 1 1 1 1 1 1 1 1 1 1 1 1 1 1 1 1 1 ;

  INPUT ---    group=1 p    rows=1 cols=23 Square ;
  INPUT ---        2 3 4 5 6 7 8 9 10 11 12 13 14 15 16 17 18 19 20 21 22 23 
  INPUT ---       24 ;

  INPUT ---    group=1 f    rows=1 cols=22 Square ;
  INPUT ---        25 26 27 28 29 30 31 32 33 34 35 36 37 38 39 40 41 42 43 
  INPUT ---       44 45 46 ;

  INPUT ---    design matrix constraints=46 covariates=25;
  INPUT ---        1 0 0 0 0 0 0 0 0 0 0 0 0 0 0 0 0 0 0 0 0 0 0 0 0;
  INPUT ---        0 1 125 0 0 0 0 0 0 0 0 0 0 0 0 0 0 0 0 0 0 0 0 0 0;
  INPUT ---        0 1 158 0 0 0 0 0 0 0 0 0 0 0 0 0 0 0 0 0 0 0 0 0 0;
  INPUT ---        0 1 105 0 0 0 0 0 0 0 0 0 0 0 0 0 0 0 0 0 0 0 0 0 0;
  INPUT ---        0 1 547 0 0 0 0 0 0 0 0 0 0 0 0 0 0 0 0 0 0 0 0 0 0;
  INPUT ---        0 1 63 0 0 0 0 0 0 0 0 0 0 0 0 0 0 0 0 0 0 0 0 0 0;
  INPUT ---        0 1 426 0 0 0 0 0 0 0 0 0 0 0 0 0 0 0 0 0 0 0 0 0 0;
  INPUT ---        0 1 178 0 0 0 0 0 0 0 0 0 0 0 0 0 0 0 0 0 0 0 0 0 0;
  INPUT ---        0 1 75 0 0 0 0 0 0 0 0 0 0 0 0 0 0 0 0 0 0 0 0 0 0;
  INPUT ---        0 1 366 0 0 0 0 0 0 0 0 0 0 0 0 0 0 0 0 0 0 0 0 0 0;
  INPUT ---        0 1 345 0 0 0 0 0 0 0 0 0 0 0 0 0 0 0 0 0 0 0 0 0 0;
  INPUT ---        0 1 351 0 0 0 0 0 0 0 0 0 0 0 0 0 0 0 0 0 0 0 0 0 0;
  INPUT ---        0 1 327 0 0 0 0 0 0 0 0 0 0 0 0 0 0 0 0 0 0 0 0 0 0;
  INPUT ---        0 1 259 0 0 0 0 0 0 0 0 0 0 0 0 0 0 0 0 0 0 0 0 0 0;
  INPUT ---        0 1 322 0 0 0 0 0 0 0 0 0 0 0 0 0 0 0 0 0 0 0 0 0 0;
  INPUT ---        0 1 95 0 0 0 0 0 0 0 0 0 0 0 0 0 0 0 0 0 0 0 0 0 0;
  INPUT ---        0 1 163 0 0 0 0 0 0 0 0 0 0 0 0 0 0 0 0 0 0 0 0 0 0;
  INPUT ---        0 1 380 0 0 0 0 0 0 0 0 0 0 0 0 0 0 0 0 0 0 0 0 0 0;
  INPUT ---        0 1 250 0 0 0 0 0 0 0 0 0 0 0 0 0 0 0 0 0 0 0 0 0 0;
  INPUT ---        0 1 134 0 0 0 0 0 0 0 0 0 0 0 0 0 0 0 0 0 0 0 0 0 0;
  INPUT ---        0 1 57 0 0 0 0 0 0 0 0 0 0 0 0 0 0 0 0 0 0 0 0 0 0;
  INPUT ---        0 1 229 0 0 0 0 0 0 0 0 0 0 0 0 0 0 0 0 0 0 0 0 0 0;
  INPUT ---        0 1 87 0 0 0 0 0 0 0 0 0 0 0 0 0 0 0 0 0 0 0 0 0 0;
  INPUT ---        0 1 207 0 0 0 0 0 0 0 0 0 0 0 0 0 0 0 0 0 0 0 0 0 0;
  INPUT ---        0 0 0 1 0 0 0 0 0 0 0 0 0 0 0 0 0 0 0 0 0 0 0 0 0;
  INPUT ---        0 0 0 1 1 0 0 0 0 0 0 0 0 0 0 0 0 0 0 0 0 0 0 0 0;
  INPUT ---        0 0 0 1 0 1 0 0 0 0 0 0 0 0 0 0 0 0 0 0 0 0 0 0 0;

  Program  MARK  - Survival Rate Estimation with Capture-Recapture Data
   gfortran(dble/PIM2) Vers. 10.1 March 2023  13-Feb-2024 12:31:12    Page  003
 - - - - - - - - - - - - - - - - - - - - - - - - - - - - - - - - - - - - - -
 
  INPUT ---        0 0 0 1 0 0 1 0 0 0 0 0 0 0 0 0 0 0 0 0 0 0 0 0 0;
  INPUT ---        0 0 0 1 0 0 0 1 0 0 0 0 0 0 0 0 0 0 0 0 0 0 0 0 0;
  INPUT ---        0 0 0 1 0 0 0 0 1 0 0 0 0 0 0 0 0 0 0 0 0 0 0 0 0;
  INPUT ---        0 0 0 1 0 0 0 0 0 1 0 0 0 0 0 0 0 0 0 0 0 0 0 0 0;
  INPUT ---        0 0 0 1 0 0 0 0 0 0 1 0 0 0 0 0 0 0 0 0 0 0 0 0 0;
  INPUT ---        0 0 0 1 0 0 0 0 0 0 0 1 0 0 0 0 0 0 0 0 0 0 0 0 0;
  INPUT ---        0 0 0 1 0 0 0 0 0 0 0 0 1 0 0 0 0 0 0 0 0 0 0 0 0;
  INPUT ---        0 0 0 1 0 0 0 0 0 0 0 0 0 1 0 0 0 0 0 0 0 0 0 0 0;
  INPUT ---        0 0 0 1 0 0 0 0 0 0 0 0 0 0 1 0 0 0 0 0 0 0 0 0 0;
  INPUT ---        0 0 0 1 0 0 0 0 0 0 0 0 0 0 0 1 0 0 0 0 0 0 0 0 0;
  INPUT ---        0 0 0 1 0 0 0 0 0 0 0 0 0 0 0 0 1 0 0 0 0 0 0 0 0;
  INPUT ---        0 0 0 1 0 0 0 0 0 0 0 0 0 0 0 0 0 1 0 0 0 0 0 0 0;
  INPUT ---        0 0 0 1 0 0 0 0 0 0 0 0 0 0 0 0 0 0 1 0 0 0 0 0 0;
  INPUT ---        0 0 0 1 0 0 0 0 0 0 0 0 0 0 0 0 0 0 0 1 0 0 0 0 0;
  INPUT ---        0 0 0 1 0 0 0 0 0 0 0 0 0 0 0 0 0 0 0 0 1 0 0 0 0;
  INPUT ---        0 0 0 1 0 0 0 0 0 0 0 0 0 0 0 0 0 0 0 0 0 1 0 0 0;
  INPUT ---        0 0 0 1 0 0 0 0 0 0 0 0 0 0 0 0 0 0 0 0 0 0 1 0 0;
  INPUT ---        0 0 0 1 0 0 0 0 0 0 0 0 0 0 0 0 0 0 0 0 0 0 0 1 0;
  INPUT ---        0 0 0 1 0 0 0 0 0 0 0 0 0 0 0 0 0 0 0 0 0 0 0 0 1;

  INPUT ---    links=46;

  INPUT ---    Logit;

  INPUT ---    Logit;

  INPUT ---    Logit;

  INPUT ---    Logit;

  INPUT ---    Logit;

  INPUT ---    Logit;

  INPUT ---    Logit;

  INPUT ---    Logit;

  INPUT ---    Logit;

  INPUT ---    Logit;

  INPUT ---    Logit;

  INPUT ---    Logit;


  Program  MARK  - Survival Rate Estimation with Capture-Recapture Data
   gfortran(dble/PIM2) Vers. 10.1 March 2023  13-Feb-2024 12:31:12    Page  004
 - - - - - - - - - - - - - - - - - - - - - - - - - - - - - - - - - - - - - -
 
  INPUT ---    Logit;

  INPUT ---    Logit;

  INPUT ---    Logit;

  INPUT ---    Logit;

  INPUT ---    Logit;

  INPUT ---    Logit;

  INPUT ---    Logit;

  INPUT ---    Logit;

  INPUT ---    Logit;

  INPUT ---    Logit;

  INPUT ---    Logit;

  INPUT ---    Logit;

  INPUT ---    Log;

  INPUT ---    Log;

  INPUT ---    Log;

  INPUT ---    Log;

  INPUT ---    Log;

  INPUT ---    Log;

  INPUT ---    Log;

  INPUT ---    Log;

  INPUT ---    Log;

  INPUT ---    Log;

  INPUT ---    Log;


  Program  MARK  - Survival Rate Estimation with Capture-Recapture Data
   gfortran(dble/PIM2) Vers. 10.1 March 2023  13-Feb-2024 12:31:12    Page  005
 - - - - - - - - - - - - - - - - - - - - - - - - - - - - - - - - - - - - - -
 
  INPUT ---    Log;

  INPUT ---    Log;

  INPUT ---    Log;

  INPUT ---    Log;

  INPUT ---    Log;

  INPUT ---    Log;

  INPUT ---    Log;

  INPUT ---    Log;

  INPUT ---    Log;

  INPUT ---    Log;

  INPUT ---    Log;
  INPUT ---       blabel(1)=Phi:(Intercept);
  INPUT ---       blabel(2)=p:(Intercept);
  INPUT ---       blabel(3)=p:samplesize;
  INPUT ---       blabel(4)=f:(Intercept);
  INPUT ---       blabel(5)=f:time3.8033951005025;
  INPUT ---       blabel(6)=f:time5.05281676238339;
  INPUT ---       blabel(7)=f:time5.73769771476429;
  INPUT ---       blabel(8)=f:time6.1122215242881;
  INPUT ---       blabel(9)=f:time6.3099596195262;
  INPUT ---       blabel(10)=f:time7.86306523721809;
  INPUT ---       blabel(11)=f:time9.0761622873403;
  INPUT ---       blabel(12)=f:time10.8672800178779;
  INPUT ---       blabel(13)=f:time10.985765594801;
  INPUT ---       blabel(14)=f:time11.1149819409548;
  INPUT ---       blabel(15)=f:time11.4905588640317;
  INPUT ---       blabel(16)=f:time11.6144098255702;
  INPUT ---       blabel(17)=f:time11.9301454420022;
  INPUT ---       blabel(18)=f:time12.0495250746158;
  INPUT ---       blabel(19)=f:time12.4856078976902;
  INPUT ---       blabel(20)=f:time12.8625608464495;
  INPUT ---       blabel(21)=f:time14.7114645968228;
  INPUT ---       blabel(22)=f:time15.0167178303237;
  INPUT ---       blabel(23)=f:time15.8230889798353;
  INPUT ---       blabel(24)=f:time17.3362370920537;
  INPUT ---       blabel(25)=f:time18.7024802239218;

  Program  MARK  - Survival Rate Estimation with Capture-Recapture Data
   gfortran(dble/PIM2) Vers. 10.1 March 2023  13-Feb-2024 12:31:12    Page  006
 - - - - - - - - - - - - - - - - - - - - - - - - - - - - - - - - - - - - - -
 
  INPUT ---       rlabel(1)=Phi g1 a0 t1;
  INPUT ---       rlabel(2)=p g1 a0 t1;
  INPUT ---       rlabel(3)=p g1 a2.8033951005025 t3.8033951005025;
  INPUT ---       rlabel(4)=p g1 a4.05281676238339 t5.05281676238339;
  INPUT ---       rlabel(5)=p g1 a4.73769771476429 t5.73769771476429;
  INPUT ---       rlabel(6)=p g1 a5.1122215242881 t6.1122215242881;
  INPUT ---       rlabel(7)=p g1 a5.3099596195262 t6.3099596195262;
  INPUT ---       rlabel(8)=p g1 a6.86306523721809 t7.86306523721809;
  INPUT ---       rlabel(9)=p g1 a8.0761622873403 t9.0761622873403;
  INPUT ---       rlabel(10)=p g1 a9.8672800178779 t10.8672800178779;
  INPUT ---       rlabel(11)=p g1 a9.98576559480099 t10.985765594801;
  INPUT ---       rlabel(12)=p g1 a10.1149819409548 t11.1149819409548;
  INPUT ---       rlabel(13)=p g1 a10.4905588640317 t11.4905588640317;
  INPUT ---       rlabel(14)=p g1 a10.6144098255702 t11.6144098255702;
  INPUT ---       rlabel(15)=p g1 a10.9301454420022 t11.9301454420022;
  INPUT ---       rlabel(16)=p g1 a11.0495250746158 t12.0495250746158;
  INPUT ---       rlabel(17)=p g1 a11.4856078976902 t12.4856078976902;
  INPUT ---       rlabel(18)=p g1 a11.8625608464495 t12.8625608464495;
  INPUT ---       rlabel(19)=p g1 a13.7114645968228 t14.7114645968228;
  INPUT ---       rlabel(20)=p g1 a14.0167178303237 t15.0167178303237;
  INPUT ---       rlabel(21)=p g1 a14.8230889798353 t15.8230889798353;
  INPUT ---       rlabel(22)=p g1 a16.3362370920537 t17.3362370920537;
  INPUT ---       rlabel(23)=p g1 a17.7024802239218 t18.7024802239218;
  INPUT ---       rlabel(24)=p g1 a18.1629083374749 t19.1629083374749;
  INPUT ---       rlabel(25)=f g1 a0 t1;
  INPUT ---       rlabel(26)=f g1 a2.8033951005025 t3.8033951005025;
  INPUT ---       rlabel(27)=f g1 a4.05281676238339 t5.05281676238339;
  INPUT ---       rlabel(28)=f g1 a4.73769771476429 t5.73769771476429;
  INPUT ---       rlabel(29)=f g1 a5.1122215242881 t6.1122215242881;
  INPUT ---       rlabel(30)=f g1 a5.3099596195262 t6.3099596195262;
  INPUT ---       rlabel(31)=f g1 a6.86306523721809 t7.86306523721809;
  INPUT ---       rlabel(32)=f g1 a8.0761622873403 t9.0761622873403;
  INPUT ---       rlabel(33)=f g1 a9.8672800178779 t10.8672800178779;
  INPUT ---       rlabel(34)=f g1 a9.98576559480099 t10.985765594801;
  INPUT ---       rlabel(35)=f g1 a10.1149819409548 t11.1149819409548;
  INPUT ---       rlabel(36)=f g1 a10.4905588640317 t11.4905588640317;
  INPUT ---       rlabel(37)=f g1 a10.6144098255702 t11.6144098255702;
  INPUT ---       rlabel(38)=f g1 a10.9301454420022 t11.9301454420022;
  INPUT ---       rlabel(39)=f g1 a11.0495250746158 t12.0495250746158;
  INPUT ---       rlabel(40)=f g1 a11.4856078976902 t12.4856078976902;
  INPUT ---       rlabel(41)=f g1 a11.8625608464495 t12.8625608464495;
  INPUT ---       rlabel(42)=f g1 a13.7114645968228 t14.7114645968228;
  INPUT ---       rlabel(43)=f g1 a14.0167178303237 t15.0167178303237;
  INPUT ---       rlabel(44)=f g1 a14.8230889798353 t15.8230889798353;
  INPUT ---       rlabel(45)=f g1 a16.3362370920537 t17.3362370920537;
  INPUT ---       rlabel(46)=f g1 a17.7024802239218 t18.7024802239218;
   Model is { Phi(~1)p(~samplesize)f(~time) }

  Program  MARK  - Survival Rate Estimation with Capture-Recapture Data
   gfortran(dble/PIM2) Vers. 10.1 March 2023  13-Feb-2024 12:31:12    Page  007
 - - - - - - - - - - - - - - - - - - - - - - - - - - - - - - - - - - - - - -
 

 Link Function Used is PARM-SPECIFIC

 Variance Estimation Procedure Used is 2ndPart 
 -2logL(saturated) = 1800.5278     
 Effective Sample Size = 1341

 Number of function evaluations was 91 for 25 parameters.
 For numerical optimization, CPU Time was 2.234 seconds and System Time was 3.000 seconds.
 -2logL { Phi(~1)p(~samplesize)f(~time) } = 4601.3321     
 Penalty { Phi(~1)p(~samplesize)f(~time) } = 0.0000000     
 Gradient { Phi(~1)p(~samplesize)f(~time) }:
 -0.55895969E-04 -0.61535459E-04 -0.63611554E-04 -0.10322937E-03   0.0000000    
 -0.15020693E-04   0.0000000       0.0000000     -0.43195327E-04 -0.24377197E-04
   0.0000000       0.0000000     -0.16466649E-04   0.0000000       0.0000000    
   0.0000000       0.0000000       0.0000000       0.0000000       0.0000000    
   0.0000000       0.0000000     -0.38073469E-04   0.0000000     -0.19879225E-04
 Maximum ABS(G) { Phi(~1)p(~samplesize)f(~time) } = 0.1032294E-03 
 To compute VC matrix, CPU Time was 0.812 seconds and System Time was 1.140 seconds.
 S Vector { Phi(~1)p(~samplesize)f(~time) }:
   673.6864      67.90287      39.91915      29.57292      5.568425    
   3.927500      3.231775      1.852987      1.570442      1.437121    
  0.7636756     0.6366677     0.4734275     0.6008678E-02 0.3420676E-10
  0.1064338E-15 0.7388728E-16 0.2241195E-16 0.8967893E-28 0.7139174E-32
  0.3246208E-33 0.2339427E-38 0.5959687E-49 0.7496063E-50 0.1176531E-64
 To invert VC matrix, CPU Time was 0.001 seconds and System Time was 0.001 seconds.
 Ratio Threshold = 50.000000       Max Gap (24/25) = 0.6371329E+15   Next Max Gap (18/19) = 0.2499132E+12 
 Gap Method for Num. of Estimated Parameters { Phi(~1)p(~samplesize)f(~time) } = 18          
 Threshold { Phi(~1)p(~samplesize)f(~time) } = 0.2064587E-03           
 Numerical Threshold Method for Num. of Estimated Parameters { Phi(~1)p(~samplesize)f(~time) } = 14          
 Number of Estimated Parameters { Phi(~1)p(~samplesize)f(~time) } = 18          

   * *  WARNING  * *   Number of parameters estimated from gap method (=18) and threshold method (=14) differ.  Inspect full output. 
 Ratios of S Vector { Phi(~1)p(~samplesize)f(~time) }:
   1/2    9.921324       2/3    1.701010       3/4    1.349855       4/5    5.310823       5/6    1.417804    
   6/7    1.215277       7/8    1.744089       8/9    1.179914       9/10    1.092770       10/11    1.881847    
   11/12    1.199489       12/13    1.344805       13/14    78.79063       14/15   0.1756576E+09   15/16    321389.9    
   16/17    1.440489       17/18    3.296781       18/19   0.2499132E+12   19/20    12561.53       20/21    21.99235    
   21/22    138760.8       22/23   0.3925420E+11   23/24    7.950422       24/25   0.6371329E+15
 DEVIANCE { Phi(~1)p(~samplesize)f(~time) } = 2800.8043               
 DEVIANCE Degrees of Freedom { Phi(~1)p(~samplesize)f(~time) } = 151          
 c-hat { Phi(~1)p(~samplesize)f(~time) } = 18.548373               
 AIC { Phi(~1)p(~samplesize)f(~time) } = 4629.3321               
 AICc { Phi(~1)p(~samplesize)f(~time) } = 4629.6489               
 BIC { Phi(~1)p(~samplesize)f(~time) } = 4702.1485               
 Pearson Chisquare { Phi(~1)p(~samplesize)f(~time) } = 28126292.               
 Possible Encounter Histories { Phi(~1)p(~samplesize)f(~time) } = 8388607          
 Pearson Chisquare df { Phi(~1)p(~samplesize)f(~time) } = 8388592          
 Pearson chat { Phi(~1)p(~samplesize)f(~time) } = 3.3529216               
 Sum(Observed/Expected) { Phi(~1)p(~samplesize)f(~time) } = 22517136.               
 s-bar { Phi(~1)p(~samplesize)f(~time) } = 1.6842523               
 Fletcher chat { Phi(~1)p(~samplesize)f(~time) } = 1.2491082               

   * *  WARNING  * *   Numerical underflow occurred during variance-covariance calculation of this model. 
     IEEE flag status at end of variance-covariance calculation:
     overflow       F
     divide by zero F
     invalid        F
     underflow      T
     inexact        T


  Program  MARK  - Survival Rate Estimation with Capture-Recapture Data
   gfortran(dble/PIM2) Vers. 10.1 March 2023  13-Feb-2024 12:31:16    Page  008
 - - - - - - - - - - - - - - - - - - - - - - - - - - - - - - - - - - - - - -
 


       PARM-SPECIFIC Link Function Parameters of { Phi(~1)p(~samplesize)f(~time) }
                                                              95% Confidence Interval
    Parameter                  Beta         Standard Error     Lower           Upper
 -------------------------  --------------  --------------  --------------  --------------
    1:Phi:(Intercept)        3.3677680       0.1505409       3.0727079       3.6628281    
    2:p:(Intercept)         -0.9837394       0.0902056      -1.1605423      -0.8069365    
    3:p:samplesize           0.0034342       0.3251912E-03   0.0027968       0.0040716    
    4:f:(Intercept)         -4.3213189       2.7843321      -9.7786099       1.1359721    
    5:f:time3.803395100502  -38.646755       0.1579064E+09  -0.3094965E+09   0.3094965E+09
    6:f:time5.052816762383   3.0634049       2.9597969      -2.7377971       8.8646069    
    7:f:time5.737697714764   2.2076544       2.9975528      -3.6675492       8.0828580    
    8:f:time6.112221524288  -58.318970       0.0000000      -58.318970      -58.318970    
    9:f:time6.309959619526   1.8260074       2.8263912      -3.7137194       7.3657342    
   10:f:time7.863065237218   1.5037808       2.8537951      -4.0896577       7.0972193    
   11:f:time9.076162287340  -44.982716       0.0000000      -44.982716      -44.982716    
   12:f:time10.86728001787   4.3131069       2.9344988      -1.4385109       10.064725    
   13:f:time10.98576559480   2.7065925       2.9949408      -3.1634916       8.5766765    
   14:f:time11.11498194095  -69.574399       0.5507139E+13  -0.1079399E+14   0.1079399E+14
   15:f:time11.49055886403  -81.530364       0.0000000      -81.530364      -81.530364    
   16:f:time11.61440982557  -59.697978       0.0000000      -59.697978      -59.697978    
   17:f:time11.93014544200   2.5802368       3.1842167      -3.6608281       8.8213017    
   18:f:time12.04952507461  -34.569801       0.0000000      -34.569801      -34.569801    
   19:f:time12.48560789769  -11.784203       0.0000000      -11.784203      -11.784203    
   20:f:time12.86256084644  -71.836864       0.0000000      -71.836864      -71.836864    
   21:f:time14.71146459682  -71.720525       0.1138572E+26  -0.2231600E+26   0.2231600E+26
   22:f:time15.01671783032  -54.974710       0.0000000      -54.974710      -54.974710    
   23:f:time15.82308897983   0.6030889       2.8781355      -5.0380567       6.2442346    
   24:f:time17.33623709205   1.1370708       2.9118086      -4.5700742       6.8442158    
   25:f:time18.70248022392   2.0702987       3.0196909      -3.8482957       7.9888930    


              Real Function Parameters of { Phi(~1)p(~samplesize)f(~time) }
                                                               95% Confidence Interval
     Parameter                Estimate       Standard Error     Lower           Upper
 --------------------------  --------------  --------------  --------------  --------------
     1:Phi g1 a0 t1           0.9666819       0.0048486       0.9557528       0.9749821       
     2:p g1 a0 t1             0.3648285       0.0134809       0.3388348       0.3916352       
     3:p g1 a2.803395100502   0.3914694       0.0123348       0.3675769       0.4158937       
     4:p g1 a4.052816762383   0.3490652       0.0142311       0.3217134       0.3774483       
     5:p g1 a4.737697714764   0.7098704       0.0223248       0.6642511       0.7516090       
     6:p g1 a5.112221524288   0.3170448       0.0158060       0.2869054       0.3488016       
     7:p g1 a5.309959619526   0.6175635       0.0175151       0.5826996       0.6512579       
     8:p g1 a6.863065237218   0.4079477       0.0117504       0.3851345       0.4311646       
     9:p g1 a8.076162287340   0.3260344       0.0153640       0.2966670       0.3568340       

  Program  MARK  - Survival Rate Estimation with Capture-Recapture Data
   gfortran(dble/PIM2) Vers. 10.1 March 2023  13-Feb-2024 12:31:16    Page  009
 - - - - - - - - - - - - - - - - - - - - - - - - - - - - - - - - - - - - - -
 
    10:p g1 a9.867280017877   0.5678707       0.0146188       0.5390220       0.5962662       
    11:p g1 a9.985765594800   0.5500941       0.0136592       0.5232026       0.5766961       
    12:p g1 a10.11498194095   0.5551883       0.0139265       0.5277528       0.5822914       
    13:p g1 a10.49055886403   0.5347529       0.0129018       0.5093977       0.5599297       
    14:p g1 a10.61440982557   0.4764455       0.0110424       0.4548601       0.4981192       
    15:p g1 a10.93014544200   0.5304784       0.0127057       0.5055200       0.5552853       
    16:p g1 a11.04952507461   0.3413031       0.0146106       0.3132708       0.3704904       
    17:p g1 a11.48560789769   0.3955674       0.0121787       0.3719629       0.4196689       
    18:p g1 a11.86256084644   0.5796282       0.0152866       0.5494086       0.6092625       
    19:p g1 a13.71146459682   0.4687419       0.0109580       0.4473352       0.4902643       
    20:p g1 a14.01671783032   0.3720202       0.0131529       0.3466249       0.3981423       
    21:p g1 a14.82308897983   0.3126001       0.0160226       0.2820858       0.3448298       
    22:p g1 a16.33623709205   0.4508311       0.0109292       0.4295139       0.4723304       
    23:p g1 a17.70248022392   0.3351538       0.0149136       0.3065819       0.3649869       
    24:p g1 a18.16290833747   0.4322039       0.0111425       0.4105097       0.4541612       
    25:f g1 a0 t1             0.0132824       0.0369825       0.5334377E-04   0.7725568       
    26:f g1 a2.803395100502   0.2183748E-18   0.3428539E-10  -0.6719937E-10   0.6719937E-10   
    27:f g1 a4.052816762383   0.2842463       0.1586961       0.0792675       0.6468797       
    28:f g1 a4.737697714764   0.1207945       0.1382651       0.0105959       0.6380202       
    29:f g1 a5.112221524288   0.6246953E-27   0.0000000       0.6246953E-27   0.6246953E-27   
    30:f g1 a5.309959619526   0.0824708       0.0385343       0.0320662       0.1960576       
    31:f g1 a6.863065237218   0.0597529       0.0454432       0.0128526       0.2367502       
    32:f g1 a8.076162287340   0.3868384E-21   0.0000000       0.3868384E-21   0.3868384E-21   
    33:f g1 a9.867280017877   0.9918216       0.7196446       0.3669761E-73   1.0000000       
    34:f g1 a9.985765594800   0.1989451       0.2790983       0.0079590       0.8848983       
    35:f g1 a10.11498194095   0.8081603E-32   0.4450651E-19  -0.8723277E-19   0.8723277E-19   
    36:f g1 a10.49055886403   0.5189048E-37   0.0000000       0.5189048E-37   0.5189048E-37   
    37:f g1 a10.61440982557   0.1573159E-27   0.0000000       0.1573159E-27   0.1573159E-27   
    38:f g1 a10.93014544200   0.1753306       0.1175716       0.0414052       0.5113588       
    39:f g1 a11.04952507461   0.1287660E-16   0.0000000       0.1287660E-16   0.1287660E-16   
    40:f g1 a11.48560789769   0.1012653E-06   0.0000000       0.1012653E-06   0.1012653E-06   
    41:f g1 a11.86256084644   0.8412425E-33   0.0000000       0.8412425E-33   0.8412425E-33   
    42:f g1 a13.71146459682   0.9450330E-33   0.1075988E-07  -0.2108936E-07   0.2108936E-07   
    43:f g1 a14.01671783032   0.1770360E-25   0.0000000       0.1770360E-25   0.1770360E-25   
    44:f g1 a14.82308897983   0.0242769       0.0176197       0.0057569       0.0965874       
    45:f g1 a16.33623709205   0.0414094       0.0342563       0.0078963       0.1899269       
    46:f g1 a17.70248022392   0.1052917       0.1203208       0.0095359       0.5899080       





                     Estimates of Derived Parameters

          Lambda Estimates of { Phi(~1)p(~samplesize)f(~time) }
                                                95% Confidence Interval
 Grp. Occ.   Lambda-hat      Standard Error      Lower           Upper
 ---- ----   --------------  --------------  --------------  --------------
   1     1    0.9799642       0.0368960       0.9102758       1.0549879    
   1     2    0.9666819       0.0048486       0.9572252       0.9762320    

  Program  MARK  - Survival Rate Estimation with Capture-Recapture Data
   gfortran(dble/PIM2) Vers. 10.1 March 2023  13-Feb-2024 12:31:16    Page  010
 - - - - - - - - - - - - - - - - - - - - - - - - - - - - - - - - - - - - - -
 
   1     3    1.2509282       0.1583939       0.9769641       1.6017184    
   1     4    1.0874764       0.1383083       0.8483863       1.3939463    
   1     5    0.9666819       0.0048486       0.9572252       0.9762320    
   1     6    1.0491526       0.0387097       0.9759841       1.1278065    
   1     7    1.0264347       0.0454342       0.9411772       1.1194154    
   1     8    0.9666819       0.0048486       0.9572252       0.9762320    
   1     9    1.9585035       0.7194159       0.9751860       3.9333379    
   1    10    1.1656270       0.2789802       0.7339396       1.8512235    
   1    11    0.9666819       0.0048486       0.9572252       0.9762320    
   1    12    0.9666819       0.0048486       0.9572252       0.9762320    
   1    13    0.9666819       0.0048486       0.9572252       0.9762320    
   1    14    1.1420124       0.1175357       0.9338872       1.3965203    
   1    15    0.9666819       0.0048486       0.9572252       0.9762320    
   1    16    0.9666820       0.0000000       0.9666820       0.9666820    
   1    17    0.9666819       0.0048486       0.9572252       0.9762320    
   1    18    0.9666819       0.0048486       0.9572252       0.9762320    
   1    19    0.9666819       0.0048486       0.9572252       0.9762320    
   1    20    0.9909588       0.0179564       0.9563846       1.0267828    
   1    21    1.0080912       0.0342926       0.9430876       1.0775753    
   1    22    1.0719736       0.1201581       0.8611293       1.3344423    

        log(Lambda) Estimates of { Phi(~1)p(~samplesize)f(~time) }
                                                95% Confidence Interval
 Grp. Occ.   log(Lambda-hat) Standard Error      Lower           Upper
 ---- ----   --------------  --------------  --------------  --------------
   1     1   -0.0202392       0.0376503      -0.0940338       0.0535554    
   1     2   -0.0338858       0.0050157      -0.0437167      -0.0240550    
   1     3    0.2238858       0.1266211      -0.0242916       0.4720632    
   1     4    0.0838598       0.1271828      -0.1654186       0.3331381    
   1     5   -0.0338858       0.0050157      -0.0437167      -0.0240550    
   1     6    0.0479828       0.0368961      -0.0243336       0.1202992    
   1     7    0.0260914       0.0442641      -0.0606663       0.1128490    
   1     8   -0.0338858       0.0050157      -0.0437167      -0.0240550    
   1     9    0.6721807       0.3673294      -0.0477850       1.3921463    
   1    10    0.1532591       0.2393392      -0.3158458       0.6223640    
   1    11   -0.0338858       0.0050157      -0.0437167      -0.0240550    
   1    12   -0.0338858       0.0050157      -0.0437167      -0.0240550    
   1    13   -0.0338858       0.0050157      -0.0437167      -0.0240550    
   1    14    0.1327920       0.1029198      -0.0689308       0.3345148    
   1    15   -0.0338858       0.0050157      -0.0437167      -0.0240550    
   1    16   -0.0338857       0.0000000      -0.0338857      -0.0338857    
   1    17   -0.0338858       0.0050157      -0.0437167      -0.0240550    
   1    18   -0.0338858       0.0050157      -0.0437167      -0.0240550    
   1    19   -0.0338858       0.0050157      -0.0437167      -0.0240550    
   1    20   -0.0090823       0.0181202      -0.0445980       0.0264333    
   1    21    0.0080587       0.0340174      -0.0586153       0.0747327    
   1    22    0.0695015       0.1120905      -0.1501960       0.2891989    

 To compute parameter estimates, CPU Time was 0.001 seconds and System Time was 0.016 seconds.

 Attempted ordering of parameters by estimatibility:
   2  4  1  3  9  6 12 17 10 23  7 24 25 13 19 16  8 18 15 20 21 22  5 11 14

 Beta number 14 is a singular value.

   For procedure estimate CPU Time was 3.047 seconds and System Time was 4.187 seconds       .

  Program  MARK  - Survival Rate Estimation with Capture-Recapture Data
   gfortran(dble/PIM2) Vers. 10.1 March 2023  13-Feb-2024 12:31:16    Page  011
 - - - - - - - - - - - - - - - - - - - - - - - - - - - - - - - - - - - - - -
 


  INPUT --- proc stop;

     For this job, CPU Time in minutes was 0.051 and System Time in minutes was 0.070.

     Time Start = 12:31:12.172   Time End = 12:31:16.363

     Wall Clock Time in minutes for this job was 0.070.

     Maximum of 25 words used of 4096 words allocated.


          E X E C U T I O N   S U C C E S S F U L 
