
   Program  MARK  - Survival Rate Estimation with Capture-Recapture Data
   gfortran(dble/PIM2) Vers. 10.1 March 2023  13-Feb-2024 12:31:01    Page  001
    
 - - - - - - - - - - - - - - - - - - - - - - - - - - - - - - - - - - - - - -
 
   Welcome to MARK Elizabeth Sibert on machine CHROMIUM in subdirectory 
   "C:\Elizabeth_Files\Personal\Research\Code\Github_Repos\eeco_teeth\mark" running file "mark020.inp".
   This version was compiled by GCC version 12.2.0 using the options: 
     -cpp -iprefix c:\tdm-gcc-64\mingw64\bin\../lib/gcc/x86_64-w64-mingw32/12.2.0/
     -D_MT -D_REENTRANT -U_REENTRANT -D ieee -D dbleprecision -m64 -mtune=generic
     -march=x86-64 -mthreads -O3 -std=f2018 -fsignaling-nans
     -ffpe-summary=invalid,zero,overflow,underflow -funroll-loops -ffast-math
     -fall-intrinsics -fopenmp.

   This problem will use 15 of 16 possible threads.
   Static thread allocation is used.
   Schedule kind is omp_sched_dynamic with chunk size 1


  INPUT --- proc title ;

   For procedure title CPU Time was 0.001 seconds and System Time was 0.001 seconds       .


  INPUT --- proc chmatrix occasions= 23 groups= 1 etype= PradRec Nodes= 
  INPUT --- 101 ICMeans NoHist hist=  165 ;

  INPUT ---    time interval 2.8033951005025 1.24942166188089 
  INPUT ---    0.684880952380901 0.374523809523801  0.197738095238101 
  INPUT ---    1.5531056176919 1.2130970501222 1.7911177305376 
  INPUT ---    0.118485576923099  0.129216346153804 0.375576923076899 
  INPUT ---    0.123850961538501 0.315735616432001 0.119379632613594  
  INPUT ---    0.4360828230744 0.376952948759303 1.8489037503733 
  INPUT ---    0.305253233500906 0.806371149511598  1.5131481122184 
  INPUT ---    1.3662431318681 0.4604281135531 ;

  INPUT ---    glabel(1)=Group 1;

      Number of unique encounter histories read was 165.

      Number of individual covariates read was 0.
      Time interval lengths vary and/or not equal to 1.

      Data type number is 17
      Data type is Pradel Survival and Recruitment

   For procedure chmatrix CPU Time was 0.001 seconds and System Time was 0.001 seconds       .

  Program  MARK  - Survival Rate Estimation with Capture-Recapture Data
   gfortran(dble/PIM2) Vers. 10.1 March 2023  13-Feb-2024 12:31:01    Page  002
 - - - - - - - - - - - - - - - - - - - - - - - - - - - - - - - - - - - - - -
 


  INPUT --- proc estimate link=Parm-Specific NOLOOP varest=2ndPart    ;


  INPUT --- model={ Phi(~time)p(~1)f(~time) };

  INPUT ---    group=1 Phi    rows=1 cols=22 Square ;
  INPUT ---        1 2 3 4 5 6 7 8 9 10 11 12 13 14 15 16 17 18 19 20 21 22 ;

  INPUT ---    group=1 p    rows=1 cols=23 Square ;
  INPUT ---        23 23 23 23 23 23 23 23 23 23 23 23 23 23 23 23 23 23 23 
  INPUT ---       23 23 23 23 ;

  INPUT ---    group=1 f    rows=1 cols=22 Square ;
  INPUT ---        24 25 26 27 28 29 30 31 32 33 34 35 36 37 38 39 40 41 42 
  INPUT ---       43 44 45 ;

  INPUT ---    design matrix constraints=45 covariates=45;
  INPUT ---        1 0 0 0 0 0 0 0 0 0 0 0 0 0 0 0 0 0 0 0 0 0 0 0 0 0 0 0 0 
  INPUT ---       0 0 0 0 0 0 0 0 0 0 0 0 0 0 0 0;
  INPUT ---        1 1 0 0 0 0 0 0 0 0 0 0 0 0 0 0 0 0 0 0 0 0 0 0 0 0 0 0 0 
  INPUT ---       0 0 0 0 0 0 0 0 0 0 0 0 0 0 0 0;
  INPUT ---        1 0 1 0 0 0 0 0 0 0 0 0 0 0 0 0 0 0 0 0 0 0 0 0 0 0 0 0 0 
  INPUT ---       0 0 0 0 0 0 0 0 0 0 0 0 0 0 0 0;
  INPUT ---        1 0 0 1 0 0 0 0 0 0 0 0 0 0 0 0 0 0 0 0 0 0 0 0 0 0 0 0 0 
  INPUT ---       0 0 0 0 0 0 0 0 0 0 0 0 0 0 0 0;
  INPUT ---        1 0 0 0 1 0 0 0 0 0 0 0 0 0 0 0 0 0 0 0 0 0 0 0 0 0 0 0 0 
  INPUT ---       0 0 0 0 0 0 0 0 0 0 0 0 0 0 0 0;
  INPUT ---        1 0 0 0 0 1 0 0 0 0 0 0 0 0 0 0 0 0 0 0 0 0 0 0 0 0 0 0 0 
  INPUT ---       0 0 0 0 0 0 0 0 0 0 0 0 0 0 0 0;
  INPUT ---        1 0 0 0 0 0 1 0 0 0 0 0 0 0 0 0 0 0 0 0 0 0 0 0 0 0 0 0 0 
  INPUT ---       0 0 0 0 0 0 0 0 0 0 0 0 0 0 0 0;
  INPUT ---        1 0 0 0 0 0 0 1 0 0 0 0 0 0 0 0 0 0 0 0 0 0 0 0 0 0 0 0 0 
  INPUT ---       0 0 0 0 0 0 0 0 0 0 0 0 0 0 0 0;
  INPUT ---        1 0 0 0 0 0 0 0 1 0 0 0 0 0 0 0 0 0 0 0 0 0 0 0 0 0 0 0 0 
  INPUT ---       0 0 0 0 0 0 0 0 0 0 0 0 0 0 0 0;
  INPUT ---        1 0 0 0 0 0 0 0 0 1 0 0 0 0 0 0 0 0 0 0 0 0 0 0 0 0 0 0 0 
  INPUT ---       0 0 0 0 0 0 0 0 0 0 0 0 0 0 0 0;
  INPUT ---        1 0 0 0 0 0 0 0 0 0 1 0 0 0 0 0 0 0 0 0 0 0 0 0 0 0 0 0 0 
  INPUT ---       0 0 0 0 0 0 0 0 0 0 0 0 0 0 0 0;
  INPUT ---        1 0 0 0 0 0 0 0 0 0 0 1 0 0 0 0 0 0 0 0 0 0 0 0 0 0 0 0 0 
  INPUT ---       0 0 0 0 0 0 0 0 0 0 0 0 0 0 0 0;
  INPUT ---        1 0 0 0 0 0 0 0 0 0 0 0 1 0 0 0 0 0 0 0 0 0 0 0 0 0 0 0 0 
  INPUT ---       0 0 0 0 0 0 0 0 0 0 0 0 0 0 0 0;
  INPUT ---        1 0 0 0 0 0 0 0 0 0 0 0 0 1 0 0 0 0 0 0 0 0 0 0 0 0 0 0 0 

  Program  MARK  - Survival Rate Estimation with Capture-Recapture Data
   gfortran(dble/PIM2) Vers. 10.1 March 2023  13-Feb-2024 12:31:01    Page  003
 - - - - - - - - - - - - - - - - - - - - - - - - - - - - - - - - - - - - - -
 
  INPUT ---       0 0 0 0 0 0 0 0 0 0 0 0 0 0 0 0;
  INPUT ---        1 0 0 0 0 0 0 0 0 0 0 0 0 0 1 0 0 0 0 0 0 0 0 0 0 0 0 0 0 
  INPUT ---       0 0 0 0 0 0 0 0 0 0 0 0 0 0 0 0;
  INPUT ---        1 0 0 0 0 0 0 0 0 0 0 0 0 0 0 1 0 0 0 0 0 0 0 0 0 0 0 0 0 
  INPUT ---       0 0 0 0 0 0 0 0 0 0 0 0 0 0 0 0;
  INPUT ---        1 0 0 0 0 0 0 0 0 0 0 0 0 0 0 0 1 0 0 0 0 0 0 0 0 0 0 0 0 
  INPUT ---       0 0 0 0 0 0 0 0 0 0 0 0 0 0 0 0;
  INPUT ---        1 0 0 0 0 0 0 0 0 0 0 0 0 0 0 0 0 1 0 0 0 0 0 0 0 0 0 0 0 
  INPUT ---       0 0 0 0 0 0 0 0 0 0 0 0 0 0 0 0;
  INPUT ---        1 0 0 0 0 0 0 0 0 0 0 0 0 0 0 0 0 0 1 0 0 0 0 0 0 0 0 0 0 
  INPUT ---       0 0 0 0 0 0 0 0 0 0 0 0 0 0 0 0;
  INPUT ---        1 0 0 0 0 0 0 0 0 0 0 0 0 0 0 0 0 0 0 1 0 0 0 0 0 0 0 0 0 
  INPUT ---       0 0 0 0 0 0 0 0 0 0 0 0 0 0 0 0;
  INPUT ---        1 0 0 0 0 0 0 0 0 0 0 0 0 0 0 0 0 0 0 0 1 0 0 0 0 0 0 0 0 
  INPUT ---       0 0 0 0 0 0 0 0 0 0 0 0 0 0 0 0;
  INPUT ---        1 0 0 0 0 0 0 0 0 0 0 0 0 0 0 0 0 0 0 0 0 1 0 0 0 0 0 0 0 
  INPUT ---       0 0 0 0 0 0 0 0 0 0 0 0 0 0 0 0;
  INPUT ---        0 0 0 0 0 0 0 0 0 0 0 0 0 0 0 0 0 0 0 0 0 0 1 0 0 0 0 0 0 
  INPUT ---       0 0 0 0 0 0 0 0 0 0 0 0 0 0 0 0;
  INPUT ---        0 0 0 0 0 0 0 0 0 0 0 0 0 0 0 0 0 0 0 0 0 0 0 1 0 0 0 0 0 
  INPUT ---       0 0 0 0 0 0 0 0 0 0 0 0 0 0 0 0;
  INPUT ---        0 0 0 0 0 0 0 0 0 0 0 0 0 0 0 0 0 0 0 0 0 0 0 1 1 0 0 0 0 
  INPUT ---       0 0 0 0 0 0 0 0 0 0 0 0 0 0 0 0;
  INPUT ---        0 0 0 0 0 0 0 0 0 0 0 0 0 0 0 0 0 0 0 0 0 0 0 1 0 1 0 0 0 
  INPUT ---       0 0 0 0 0 0 0 0 0 0 0 0 0 0 0 0;
  INPUT ---        0 0 0 0 0 0 0 0 0 0 0 0 0 0 0 0 0 0 0 0 0 0 0 1 0 0 1 0 0 
  INPUT ---       0 0 0 0 0 0 0 0 0 0 0 0 0 0 0 0;
  INPUT ---        0 0 0 0 0 0 0 0 0 0 0 0 0 0 0 0 0 0 0 0 0 0 0 1 0 0 0 1 0 
  INPUT ---       0 0 0 0 0 0 0 0 0 0 0 0 0 0 0 0;
  INPUT ---        0 0 0 0 0 0 0 0 0 0 0 0 0 0 0 0 0 0 0 0 0 0 0 1 0 0 0 0 1 
  INPUT ---       0 0 0 0 0 0 0 0 0 0 0 0 0 0 0 0;
  INPUT ---        0 0 0 0 0 0 0 0 0 0 0 0 0 0 0 0 0 0 0 0 0 0 0 1 0 0 0 0 0 
  INPUT ---       1 0 0 0 0 0 0 0 0 0 0 0 0 0 0 0;
  INPUT ---        0 0 0 0 0 0 0 0 0 0 0 0 0 0 0 0 0 0 0 0 0 0 0 1 0 0 0 0 0 
  INPUT ---       0 1 0 0 0 0 0 0 0 0 0 0 0 0 0 0;
  INPUT ---        0 0 0 0 0 0 0 0 0 0 0 0 0 0 0 0 0 0 0 0 0 0 0 1 0 0 0 0 0 
  INPUT ---       0 0 1 0 0 0 0 0 0 0 0 0 0 0 0 0;
  INPUT ---        0 0 0 0 0 0 0 0 0 0 0 0 0 0 0 0 0 0 0 0 0 0 0 1 0 0 0 0 0 
  INPUT ---       0 0 0 1 0 0 0 0 0 0 0 0 0 0 0 0;
  INPUT ---        0 0 0 0 0 0 0 0 0 0 0 0 0 0 0 0 0 0 0 0 0 0 0 1 0 0 0 0 0 
  INPUT ---       0 0 0 0 1 0 0 0 0 0 0 0 0 0 0 0;
  INPUT ---        0 0 0 0 0 0 0 0 0 0 0 0 0 0 0 0 0 0 0 0 0 0 0 1 0 0 0 0 0 
  INPUT ---       0 0 0 0 0 1 0 0 0 0 0 0 0 0 0 0;
  INPUT ---        0 0 0 0 0 0 0 0 0 0 0 0 0 0 0 0 0 0 0 0 0 0 0 1 0 0 0 0 0 
  INPUT ---       0 0 0 0 0 0 1 0 0 0 0 0 0 0 0 0;
  INPUT ---        0 0 0 0 0 0 0 0 0 0 0 0 0 0 0 0 0 0 0 0 0 0 0 1 0 0 0 0 0 

  Program  MARK  - Survival Rate Estimation with Capture-Recapture Data
   gfortran(dble/PIM2) Vers. 10.1 March 2023  13-Feb-2024 12:31:01    Page  004
 - - - - - - - - - - - - - - - - - - - - - - - - - - - - - - - - - - - - - -
 
  INPUT ---       0 0 0 0 0 0 0 1 0 0 0 0 0 0 0 0;
  INPUT ---        0 0 0 0 0 0 0 0 0 0 0 0 0 0 0 0 0 0 0 0 0 0 0 1 0 0 0 0 0 
  INPUT ---       0 0 0 0 0 0 0 0 1 0 0 0 0 0 0 0;
  INPUT ---        0 0 0 0 0 0 0 0 0 0 0 0 0 0 0 0 0 0 0 0 0 0 0 1 0 0 0 0 0 
  INPUT ---       0 0 0 0 0 0 0 0 0 1 0 0 0 0 0 0;
  INPUT ---        0 0 0 0 0 0 0 0 0 0 0 0 0 0 0 0 0 0 0 0 0 0 0 1 0 0 0 0 0 
  INPUT ---       0 0 0 0 0 0 0 0 0 0 1 0 0 0 0 0;
  INPUT ---        0 0 0 0 0 0 0 0 0 0 0 0 0 0 0 0 0 0 0 0 0 0 0 1 0 0 0 0 0 
  INPUT ---       0 0 0 0 0 0 0 0 0 0 0 1 0 0 0 0;
  INPUT ---        0 0 0 0 0 0 0 0 0 0 0 0 0 0 0 0 0 0 0 0 0 0 0 1 0 0 0 0 0 
  INPUT ---       0 0 0 0 0 0 0 0 0 0 0 0 1 0 0 0;
  INPUT ---        0 0 0 0 0 0 0 0 0 0 0 0 0 0 0 0 0 0 0 0 0 0 0 1 0 0 0 0 0 
  INPUT ---       0 0 0 0 0 0 0 0 0 0 0 0 0 1 0 0;
  INPUT ---        0 0 0 0 0 0 0 0 0 0 0 0 0 0 0 0 0 0 0 0 0 0 0 1 0 0 0 0 0 
  INPUT ---       0 0 0 0 0 0 0 0 0 0 0 0 0 0 1 0;
  INPUT ---        0 0 0 0 0 0 0 0 0 0 0 0 0 0 0 0 0 0 0 0 0 0 0 1 0 0 0 0 0 
  INPUT ---       0 0 0 0 0 0 0 0 0 0 0 0 0 0 0 1;

  INPUT ---    links=45;

  INPUT ---    Logit;

  INPUT ---    Logit;

  INPUT ---    Logit;

  INPUT ---    Logit;

  INPUT ---    Logit;

  INPUT ---    Logit;

  INPUT ---    Logit;

  INPUT ---    Logit;

  INPUT ---    Logit;

  INPUT ---    Logit;

  INPUT ---    Logit;

  INPUT ---    Logit;

  INPUT ---    Logit;


  Program  MARK  - Survival Rate Estimation with Capture-Recapture Data
   gfortran(dble/PIM2) Vers. 10.1 March 2023  13-Feb-2024 12:31:01    Page  005
 - - - - - - - - - - - - - - - - - - - - - - - - - - - - - - - - - - - - - -
 
  INPUT ---    Logit;

  INPUT ---    Logit;

  INPUT ---    Logit;

  INPUT ---    Logit;

  INPUT ---    Logit;

  INPUT ---    Logit;

  INPUT ---    Logit;

  INPUT ---    Logit;

  INPUT ---    Logit;

  INPUT ---    Logit;

  INPUT ---    Log;

  INPUT ---    Log;

  INPUT ---    Log;

  INPUT ---    Log;

  INPUT ---    Log;

  INPUT ---    Log;

  INPUT ---    Log;

  INPUT ---    Log;

  INPUT ---    Log;

  INPUT ---    Log;

  INPUT ---    Log;

  INPUT ---    Log;

  INPUT ---    Log;


  Program  MARK  - Survival Rate Estimation with Capture-Recapture Data
   gfortran(dble/PIM2) Vers. 10.1 March 2023  13-Feb-2024 12:31:01    Page  006
 - - - - - - - - - - - - - - - - - - - - - - - - - - - - - - - - - - - - - -
 
  INPUT ---    Log;

  INPUT ---    Log;

  INPUT ---    Log;

  INPUT ---    Log;

  INPUT ---    Log;

  INPUT ---    Log;

  INPUT ---    Log;

  INPUT ---    Log;

  INPUT ---    Log;
  INPUT ---       blabel(1)=Phi:(Intercept);
  INPUT ---       blabel(2)=Phi:time3.8033951005025;
  INPUT ---       blabel(3)=Phi:time5.05281676238339;
  INPUT ---       blabel(4)=Phi:time5.73769771476429;
  INPUT ---       blabel(5)=Phi:time6.1122215242881;
  INPUT ---       blabel(6)=Phi:time6.3099596195262;
  INPUT ---       blabel(7)=Phi:time7.86306523721809;
  INPUT ---       blabel(8)=Phi:time9.0761622873403;
  INPUT ---       blabel(9)=Phi:time10.8672800178779;
  INPUT ---       blabel(10)=Phi:time10.985765594801;
  INPUT ---       blabel(11)=Phi:time11.1149819409548;
  INPUT ---       blabel(12)=Phi:time11.4905588640317;
  INPUT ---       blabel(13)=Phi:time11.6144098255702;
  INPUT ---       blabel(14)=Phi:time11.9301454420022;
  INPUT ---       blabel(15)=Phi:time12.0495250746158;
  INPUT ---       blabel(16)=Phi:time12.4856078976902;
  INPUT ---       blabel(17)=Phi:time12.8625608464495;
  INPUT ---       blabel(18)=Phi:time14.7114645968228;
  INPUT ---       blabel(19)=Phi:time15.0167178303237;
  INPUT ---       blabel(20)=Phi:time15.8230889798353;
  INPUT ---       blabel(21)=Phi:time17.3362370920537;
  INPUT ---       blabel(22)=Phi:time18.7024802239218;
  INPUT ---       blabel(23)=p:(Intercept);
  INPUT ---       blabel(24)=f:(Intercept);
  INPUT ---       blabel(25)=f:time3.8033951005025;
  INPUT ---       blabel(26)=f:time5.05281676238339;
  INPUT ---       blabel(27)=f:time5.73769771476429;
  INPUT ---       blabel(28)=f:time6.1122215242881;
  INPUT ---       blabel(29)=f:time6.3099596195262;

  Program  MARK  - Survival Rate Estimation with Capture-Recapture Data
   gfortran(dble/PIM2) Vers. 10.1 March 2023  13-Feb-2024 12:31:01    Page  007
 - - - - - - - - - - - - - - - - - - - - - - - - - - - - - - - - - - - - - -
 
  INPUT ---       blabel(30)=f:time7.86306523721809;
  INPUT ---       blabel(31)=f:time9.0761622873403;
  INPUT ---       blabel(32)=f:time10.8672800178779;
  INPUT ---       blabel(33)=f:time10.985765594801;
  INPUT ---       blabel(34)=f:time11.1149819409548;
  INPUT ---       blabel(35)=f:time11.4905588640317;
  INPUT ---       blabel(36)=f:time11.6144098255702;
  INPUT ---       blabel(37)=f:time11.9301454420022;
  INPUT ---       blabel(38)=f:time12.0495250746158;
  INPUT ---       blabel(39)=f:time12.4856078976902;
  INPUT ---       blabel(40)=f:time12.8625608464495;
  INPUT ---       blabel(41)=f:time14.7114645968228;
  INPUT ---       blabel(42)=f:time15.0167178303237;
  INPUT ---       blabel(43)=f:time15.8230889798353;
  INPUT ---       blabel(44)=f:time17.3362370920537;
  INPUT ---       blabel(45)=f:time18.7024802239218;
  INPUT ---       rlabel(1)=Phi g1 a0 t1;
  INPUT ---       rlabel(2)=Phi g1 a2.8033951005025 t3.8033951005025;
  INPUT ---       rlabel(3)=Phi g1 a4.05281676238339 t5.05281676238339;
  INPUT ---       rlabel(4)=Phi g1 a4.73769771476429 t5.73769771476429;
  INPUT ---       rlabel(5)=Phi g1 a5.1122215242881 t6.1122215242881;
  INPUT ---       rlabel(6)=Phi g1 a5.3099596195262 t6.3099596195262;
  INPUT ---       rlabel(7)=Phi g1 a6.86306523721809 t7.86306523721809;
  INPUT ---       rlabel(8)=Phi g1 a8.0761622873403 t9.0761622873403;
  INPUT ---       rlabel(9)=Phi g1 a9.8672800178779 t10.8672800178779;
  INPUT ---       rlabel(10)=Phi g1 a9.98576559480099 t10.985765594801;
  INPUT ---       rlabel(11)=Phi g1 a10.1149819409548 t11.1149819409548;
  INPUT ---       rlabel(12)=Phi g1 a10.4905588640317 t11.4905588640317;
  INPUT ---       rlabel(13)=Phi g1 a10.6144098255702 t11.6144098255702;
  INPUT ---       rlabel(14)=Phi g1 a10.9301454420022 t11.9301454420022;
  INPUT ---       rlabel(15)=Phi g1 a11.0495250746158 t12.0495250746158;
  INPUT ---       rlabel(16)=Phi g1 a11.4856078976902 t12.4856078976902;
  INPUT ---       rlabel(17)=Phi g1 a11.8625608464495 t12.8625608464495;
  INPUT ---       rlabel(18)=Phi g1 a13.7114645968228 t14.7114645968228;
  INPUT ---       rlabel(19)=Phi g1 a14.0167178303237 t15.0167178303237;
  INPUT ---       rlabel(20)=Phi g1 a14.8230889798353 t15.8230889798353;
  INPUT ---       rlabel(21)=Phi g1 a16.3362370920537 t17.3362370920537;
  INPUT ---       rlabel(22)=Phi g1 a17.7024802239218 t18.7024802239218;
  INPUT ---       rlabel(23)=p g1 a0 t1;
  INPUT ---       rlabel(24)=f g1 a0 t1;
  INPUT ---       rlabel(25)=f g1 a2.8033951005025 t3.8033951005025;
  INPUT ---       rlabel(26)=f g1 a4.05281676238339 t5.05281676238339;
  INPUT ---       rlabel(27)=f g1 a4.73769771476429 t5.73769771476429;
  INPUT ---       rlabel(28)=f g1 a5.1122215242881 t6.1122215242881;
  INPUT ---       rlabel(29)=f g1 a5.3099596195262 t6.3099596195262;
  INPUT ---       rlabel(30)=f g1 a6.86306523721809 t7.86306523721809;

  Program  MARK  - Survival Rate Estimation with Capture-Recapture Data
   gfortran(dble/PIM2) Vers. 10.1 March 2023  13-Feb-2024 12:31:01    Page  008
 - - - - - - - - - - - - - - - - - - - - - - - - - - - - - - - - - - - - - -
 
  INPUT ---       rlabel(31)=f g1 a8.0761622873403 t9.0761622873403;
  INPUT ---       rlabel(32)=f g1 a9.8672800178779 t10.8672800178779;
  INPUT ---       rlabel(33)=f g1 a9.98576559480099 t10.985765594801;
  INPUT ---       rlabel(34)=f g1 a10.1149819409548 t11.1149819409548;
  INPUT ---       rlabel(35)=f g1 a10.4905588640317 t11.4905588640317;
  INPUT ---       rlabel(36)=f g1 a10.6144098255702 t11.6144098255702;
  INPUT ---       rlabel(37)=f g1 a10.9301454420022 t11.9301454420022;
  INPUT ---       rlabel(38)=f g1 a11.0495250746158 t12.0495250746158;
  INPUT ---       rlabel(39)=f g1 a11.4856078976902 t12.4856078976902;
  INPUT ---       rlabel(40)=f g1 a11.8625608464495 t12.8625608464495;
  INPUT ---       rlabel(41)=f g1 a13.7114645968228 t14.7114645968228;
  INPUT ---       rlabel(42)=f g1 a14.0167178303237 t15.0167178303237;
  INPUT ---       rlabel(43)=f g1 a14.8230889798353 t15.8230889798353;
  INPUT ---       rlabel(44)=f g1 a16.3362370920537 t17.3362370920537;
  INPUT ---       rlabel(45)=f g1 a17.7024802239218 t18.7024802239218;
   Model is { Phi(~time)p(~1)f(~time) }

 Link Function Used is PARM-SPECIFIC

 Variance Estimation Procedure Used is 2ndPart 
 -2logL(saturated) = 1800.5278     
 Effective Sample Size = 1341

 Number of function evaluations was 96 for 45 parameters.
 For numerical optimization, CPU Time was 3.766 seconds and System Time was 5.532 seconds.
 -2logL { Phi(~time)p(~1)f(~time) } = 4652.6056     
 Penalty { Phi(~time)p(~1)f(~time) } = 0.0000000     
 Gradient { Phi(~time)p(~1)f(~time) }:
  0.13468898E-03   0.0000000     -0.81653574E-05  0.28584267E-05   0.0000000    
 -0.26156558E-04 -0.13947809E-03   0.0000000       0.0000000     -0.25212618E-03
 -0.85323360E-04   0.0000000      0.10273244E-03   0.0000000      0.15036775E-03
   0.0000000     -0.10235272E-04  0.58697847E-04  0.30749728E-03   0.0000000    
   0.0000000       0.0000000      0.99061743E-03  0.15815928E-02   0.0000000    
  0.42558428E-03   0.0000000     -0.27744162E-04  0.38781151E-03   0.0000000    
 -0.34195061E-03 -0.60721884E-04 -0.16051017E-03   0.0000000       0.0000000    
   0.0000000     -0.74395339E-04 -0.15321249E-03 -0.66231045E-05   0.0000000    
   0.0000000       0.0000000      0.66989702E-03  0.26033863E-03  0.32556270E-03
 Maximum ABS(G) { Phi(~time)p(~1)f(~time) } = 0.0015816     
 To compute VC matrix, CPU Time was 3.234 seconds and System Time was 4.422 seconds.

  Program  MARK  - Survival Rate Estimation with Capture-Recapture Data
   gfortran(dble/PIM2) Vers. 10.1 March 2023  13-Feb-2024 12:31:11    Page  009
 - - - - - - - - - - - - - - - - - - - - - - - - - - - - - - - - - - - - - -
 
 S Vector { Phi(~time)p(~1)f(~time) }:
   588.7693      69.80442      51.32412      8.626210      6.666258    
   6.152584      4.341151      3.581241      2.825751      2.459751    
   2.033112      1.830472      1.487411      1.202965     0.9381577    
  0.8396298     0.6923469     0.2503481     0.2393297     0.2351784    
  0.1254887     0.5776766E-01 0.2057216E-04 0.2015082E-04 0.1295741E-04
  0.1186823E-04 0.8771622E-05 0.8708747E-05 0.6639524E-05 0.5401561E-05
  0.3628290E-05 0.1536990E-05 0.1456303E-05 0.1343617E-05 0.2635703E-06
  0.1305357E-06 0.1255698E-06 0.1227315E-06 0.1203420E-06 0.3302105E-07
  0.3187722E-07 0.2303070E-08 0.1092842E-08 0.7453723E-12 0.2806169E-14
 To invert VC matrix, CPU Time was 0.001 seconds and System Time was 0.001 seconds.
 Ratio Threshold = 50.000000       Max Gap (22/23) = 2808.0500       Next Max Gap (43/44) = 1466.1688     
 Gap Method for Num. of Estimated Parameters { Phi(~time)p(~1)f(~time) } = 22          
 Threshold { Phi(~time)p(~1)f(~time) } = 0.0031632               
 Numerical Threshold Method for Num. of Estimated Parameters { Phi(~time)p(~1)f(~time) } = 22          
 Number of Estimated Parameters { Phi(~time)p(~1)f(~time) } = 22          
 DEVIANCE { Phi(~time)p(~1)f(~time) } = 2852.0778               
 DEVIANCE Degrees of Freedom { Phi(~time)p(~1)f(~time) } = 143          
 c-hat { Phi(~time)p(~1)f(~time) } = 19.944600               
 AIC { Phi(~time)p(~1)f(~time) } = 4696.6056               
 AICc { Phi(~time)p(~1)f(~time) } = 4697.3734               
 BIC { Phi(~time)p(~1)f(~time) } = 4811.0314               
 Pearson Chisquare { Phi(~time)p(~1)f(~time) } = 17172656.               
 Possible Encounter Histories { Phi(~time)p(~1)f(~time) } = 8388607          
 Pearson Chisquare df { Phi(~time)p(~1)f(~time) } = 8388584          
 Pearson chat { Phi(~time)p(~1)f(~time) } = 2.0471460               
 Sum(Observed/Expected) { Phi(~time)p(~1)f(~time) } = 15899165.               
 s-bar { Phi(~time)p(~1)f(~time) } = 0.8953284               
 Fletcher chat { Phi(~time)p(~1)f(~time) } = 1.0801009               


          PARM-SPECIFIC Link Function Parameters of { Phi(~time)p(~1)f(~time) }
                                                              95% Confidence Interval
    Parameter                  Beta         Standard Error     Lower           Upper
 -------------------------  --------------  --------------  --------------  --------------
    1:Phi:(Intercept)        22.564126       35.376990      -46.774776       91.903027    
    2:Phi:time3.8033951005   8.5521411       18877440.      -36999774.       36999791.    
    3:Phi:time5.0528167623  -6.4748909       0.0000000      -6.4748909      -6.4748909    
    4:Phi:time5.7376977147  -20.352710       35.389178      -89.715501       49.010081    
    5:Phi:time6.1122215242  -1.8262522       1754.0517      -3439.7677       3436.1152    
    6:Phi:time6.3099596195  -8.3338208       288.99566      -574.76532       558.09767    
    7:Phi:time7.8630652372  -19.567047       35.377000      -88.905969       49.771875    
    8:Phi:time9.0761622873   2.6687351       0.0000000       2.6687351       2.6687351    
    9:Phi:time10.867280017   2.0459267       0.0000000       2.0459267       2.0459267    
   10:Phi:time10.985765594  -22.481933       35.386976      -91.840408       46.876541    
   11:Phi:time11.114981940  -19.029502       35.394845      -88.403398       50.344395    
   12:Phi:time11.490558864   1.6185924       0.0000000       1.6185924       1.6185924    
   13:Phi:time11.614409825  -20.388236       35.400081      -89.772395       48.995923    
   14:Phi:time11.930145442  -2.3666020       20290.779      -39772.295       39767.562    
   15:Phi:time12.049525074  -21.324824       35.372169      -90.654277       48.004628    
   16:Phi:time12.485607897   3.7359643       0.0000000       3.7359643       3.7359643    
   17:Phi:time12.862560846  -4.9632181       19.998559      -44.160394       34.233957    
   18:Phi:time14.711464596  -21.876025       35.379326      -91.219506       47.467455    
   19:Phi:time15.016717830  -20.635418       35.376584      -89.973524       48.702689    
   20:Phi:time15.823088979   1.0146089       0.0000000       1.0146089       1.0146089    
   21:Phi:time17.336237092   2.0841062       0.0000000       2.0841062       2.0841062    
   22:Phi:time18.702480223   1.0102698       0.0000000       1.0102698       1.0102698    
   23:p:(Intercept)         -0.1090384       0.0421020      -0.1915583      -0.0265185    
   24:f:(Intercept)         -3.1292308       0.6815096      -4.4649896      -1.7934720    
   25:f:time3.803395100502  -18.907726       224.84953      -459.61280       421.79735    
   26:f:time5.052816762383   2.5853742       0.7876528       1.0415747       4.1291737    
   27:f:time5.737697714764  -25.004729       0.0000000      -25.004729      -25.004729    
   28:f:time6.112221524288   1.1999279       2.2731047      -3.2553575       5.6552133    
   29:f:time6.309959619526  -0.1016849       0.2207900E-05  -0.1016892      -0.1016806    

  Program  MARK  - Survival Rate Estimation with Capture-Recapture Data
   gfortran(dble/PIM2) Vers. 10.1 March 2023  13-Feb-2024 12:31:11    Page  010
 - - - - - - - - - - - - - - - - - - - - - - - - - - - - - - - - - - - - - -
 
   30:f:time7.863065237218  -0.1216937       1.3671621      -2.8013315       2.5579441    
   31:f:time9.076162287340  -0.4279292       1.1426441      -2.6675116       1.8116533    
   32:f:time10.86728001787   3.0206365       1.0921890       0.8799460       5.1613270    
   33:f:time10.98576559480   0.1407718       3.0268401      -5.7918349       6.0733784    
   34:f:time11.11498194095  -20.519661       63.567860      -145.11267       104.07335    
   35:f:time11.49055886403  -20.856697       37.595304      -94.543494       52.830101    
   36:f:time11.61440982557  -24.388254       0.0000000      -24.388254      -24.388254    
   37:f:time11.93014544200   0.6408328       1.8299897      -2.9459471       4.2276127    
   38:f:time12.04952507461  -0.9918466       1.7665934      -4.4543696       2.4706765    
   39:f:time12.48560789769  -8.2154904       15.662300      -38.913599       22.482618    
   40:f:time12.86256084644  -15.490727       48.712675      -110.96757       79.986117    
   41:f:time14.71146459682  -21.369393       0.0000000      -21.369393      -21.369393    
   42:f:time15.01671783032  -21.668623       0.0000000      -21.668623      -21.668623    
   43:f:time15.82308897983  -0.4577800       0.9938957      -2.4058156       1.4902555    
   44:f:time17.33623709205  -0.4066715       1.1950265      -2.7489236       1.9355805    
   45:f:time18.70248022392   1.2497107       1.0177063      -0.7449938       3.2444151    


                 Real Function Parameters of { Phi(~time)p(~1)f(~time) }
                                                               95% Confidence Interval
     Parameter                Estimate       Standard Error     Lower           Upper
 --------------------------  --------------  --------------  --------------  --------------
     1:Phi g1 a0 t1           1.0000000       0.5613651E-08   1.0000000       1.0000000       
     2:Phi g1 a2.8033951005   1.0000000       0.5784454E-06   0.9999989       1.0000011       
     3:Phi g1 a4.0528167623   0.9999999       0.0000000       0.9999999       0.9999999       
     4:Phi g1 a4.7376977147   0.9012700       0.0536827       0.7367136       0.9675125       
     5:Phi g1 a5.1122215242   1.0000000       0.1733029E-05   0.9999966       1.0000034       
     6:Phi g1 a5.3099596195   0.9999993       0.1895427E-03  0.7914698E-238   1.0000000       
     7:Phi g1 a6.8630652372   0.9524420       0.0204637       0.8920258       0.9798176       
     8:Phi g1 a8.0761622873   1.0000000       0.0000000       1.0000000       1.0000000       
     9:Phi g1 a9.8672800178   1.0000000       0.0000000       1.0000000       1.0000000       
    10:Phi g1 a9.9857655948   0.5205365       0.1238950       0.2909476       0.7417666       
    11:Phi g1 a10.114981940   0.9716570       0.0574647       0.3646710       0.9995118       
    12:Phi g1 a10.490558864   1.0000000       0.0000000       1.0000000       1.0000000       
    13:Phi g1 a10.614409825   0.8980634       0.0804382       0.6115181       0.9801223       
    14:Phi g1 a10.930145442   1.0000000       0.3455176E-04   0.9999323       1.0000677       
    15:Phi g1 a11.049525074   0.7754424       0.0687420       0.6143302       0.8821607       
    16:Phi g1 a11.485607897   1.0000000       0.0000000       1.0000000       1.0000000       
    17:Phi g1 a11.862560846   1.0000000       0.1136021E-05   0.1107991E-34   1.0000000       
    18:Phi g1 a13.711464596   0.6655442       0.1211659       0.4064182       0.8525814       
    19:Phi g1 a14.016717830   0.8731063       0.0654936       0.6835360       0.9563678       
    20:Phi g1 a14.823088979   1.0000000       0.0000000       1.0000000       1.0000000       
    21:Phi g1 a16.336237092   1.0000000       0.0000000       1.0000000       1.0000000       
    22:Phi g1 a17.702480223   1.0000000       0.0000000       1.0000000       1.0000000       
    23:p g1 a0 t1             0.4727674       0.0104943       0.4522563       0.4933708       
    24:f g1 a0 t1             0.0437514       0.0298170       0.0111913       0.1560892       

  Program  MARK  - Survival Rate Estimation with Capture-Recapture Data
   gfortran(dble/PIM2) Vers. 10.1 March 2023  13-Feb-2024 12:31:11    Page  011
 - - - - - - - - - - - - - - - - - - - - - - - - - - - - - - - - - - - - - -
 
    25:f g1 a2.803395100502   0.2688259E-09   0.6045991E-07  -0.1182326E-06   0.1187703E-06   
    26:f g1 a4.052816762383   0.5805052       0.1815099       0.2430439       0.8564064       
    27:f g1 a4.737697714764   0.6047509E-12   0.0000000       0.6047509E-12   0.6047509E-12   
    28:f g1 a5.112221524288   0.1452494       0.2813414       0.0019974       0.9351850       
    29:f g1 a5.309959619526   0.0395213       0.0269341       0.0101376       0.1418668       
    30:f g1 a6.863065237218   0.0387384       0.0379057       0.0054505       0.2285957       
    31:f g1 a8.076162287340   0.0285197       0.0261620       0.0045914       0.1574297       
    32:f g1 a9.867280017877   0.8970943       0.7622072       0.8172054E-06   1.0000000       
    33:f g1 a9.985765594800   0.0503650       0.1489885       0.1182831E-03   0.9596411       
    34:f g1 a10.11498194095   0.5363110E-10   0.3424362E-08  -0.6658118E-08   0.6765380E-08   
    35:f g1 a10.49055886403   0.3828635E-10   0.1442504E-08  -0.2789022E-08   0.2865594E-08   
    36:f g1 a10.61440982557   0.1120233E-11   0.0000000       0.1120233E-11   0.1120233E-11   
    37:f g1 a10.93014544200   0.0830429       0.1409403       0.0024010       0.7731293       
    38:f g1 a11.04952507461   0.0162270       0.0264268       0.6425924E-03   0.2973232       
    39:f g1 a11.48560789769   0.1183178E-04   0.1893099E-03   0.2839999E-18   1.0000000       
    40:f g1 a11.86256084644   0.8193225E-08   0.4014355E-06  -0.7786203E-06   0.7950067E-06   
    41:f g1 a13.71146459682   0.2292888E-10   0.0000000       0.2292888E-10   0.2292888E-10   
    42:f g1 a14.01671783032   0.1699921E-10   0.0000000       0.1699921E-10   0.1699921E-10   
    43:f g1 a14.82308897983   0.0276809       0.0199832       0.0065993       0.1087364       
    44:f g1 a16.33623709205   0.0291325       0.0286395       0.0041068       0.1792135       
    45:f g1 a17.70248022392   0.1526633       0.1152454       0.0304708       0.5080784       





                     Estimates of Derived Parameters

             Lambda Estimates of { Phi(~time)p(~1)f(~time) }
                                                95% Confidence Interval
 Grp. Occ.   Lambda-hat      Standard Error      Lower           Upper
 ---- ----   --------------  --------------  --------------  --------------
   1     1    1.0437514       0.0298171       0.9869273       1.1038474    
   1     2    1.0000000       0.5920653E-06   0.9999988       1.0000012    
   1     3    1.5805051       0.1815098       1.2628730       1.9780265    
   1     4    0.9012700       0.0536836       0.8020429       1.0127732    
   1     5    1.1452494       0.2813415       0.7126005       1.8405771    
   1     6    1.0395206       0.0269347       0.9880552       1.0936667    
   1     7    0.9911804       0.0424213       0.9114615       1.0778716    
   1     8    1.0285197       0.0261620       0.9785074       1.0810882    
   1     9    1.8970943       0.7622083       0.8887952       4.0492642    
   1    10    0.5709015       0.1957538       0.2970047       1.0973848    
   1    11    0.9716570       0.0574667       0.8653930       1.0909695    
   1    12    1.0000000       0.0000000       1.0000000       1.0000000    
   1    13    0.8980634       0.0804396       0.7537298       1.0700358    
   1    14    1.0830429       0.1409430       0.8401103       1.3962237    
   1    15    0.7916694       0.0740381       0.6593409       0.9505560    
   1    16    1.0000118       0.1893113E-03   0.9996409       1.0003830    
   1    17    1.0000000       0.1517702E-05   0.9999970       1.0000030    
   1    18    0.6655442       0.1211639       0.4671671       0.9481597    

  Program  MARK  - Survival Rate Estimation with Capture-Recapture Data
   gfortran(dble/PIM2) Vers. 10.1 March 2023  13-Feb-2024 12:31:11    Page  012
 - - - - - - - - - - - - - - - - - - - - - - - - - - - - - - - - - - - - - -
 
   1    19    0.8731063       0.0654947       0.7538830       1.0111843    
   1    20    1.0276809       0.0199832       0.9892545       1.0676000    
   1    21    1.0291325       0.0286395       0.9745127       1.0868135    
   1    22    1.1526633       0.1152454       0.9479987       1.4015133    

           log(Lambda) Estimates of { Phi(~time)p(~1)f(~time) }
                                                95% Confidence Interval
 Grp. Occ.   log(Lambda-hat) Standard Error      Lower           Upper
 ---- ----   --------------  --------------  --------------  --------------
   1     1    0.0428214       0.0285672      -0.0131704       0.0988131    
   1     2    0.2687952E-09   0.5920653E-06  -0.1160179E-05   0.1160717E-05
   1     3    0.4577445       0.1148429       0.2326524       0.6828366    
   1     4   -0.1039504       0.0595644      -0.2206966       0.0127957    
   1     5    0.1356224       0.2456596      -0.3458704       0.6171153    
   1     6    0.0387597       0.0259106      -0.0120252       0.0895445    
   1     7   -0.0088588       0.0427987      -0.0927443       0.0750268    
   1     8    0.0281206       0.0254365      -0.0217350       0.0779762    
   1     9    0.6403234       0.4017767      -0.1471590       1.4278058    
   1    10   -0.5605386       0.3428855      -1.2325942       0.1115169    
   1    11   -0.0287524       0.0591430      -0.1446727       0.0871679    
   1    12    0.6839196E-11   0.0000000       0.6839196E-11   0.6839196E-11
   1    13   -0.1075146       0.0895701      -0.2830720       0.0680427    
   1    14    0.0797746       0.1301361      -0.1752922       0.3348413    
   1    15   -0.2336114       0.0935215      -0.4169135      -0.0503093    
   1    16    0.1183171E-04   0.1893090E-03  -0.3592140E-03   0.3828774E-03
   1    17   -0.1450663E-07   0.1517702E-05  -0.2989203E-05   0.2960190E-05
   1    18   -0.4071503       0.1820524      -0.7639729      -0.0503277    
   1    19   -0.1356979       0.0750135      -0.2827243       0.0113285    
   1    20    0.0273048       0.0194449      -0.0108073       0.0654168    
   1    21    0.0287162       0.0278288      -0.0258282       0.0832606    
   1    22    0.1420752       0.0999819      -0.0538893       0.3380397    

 To compute parameter estimates, CPU Time was 0.001 seconds and System Time was 0.001 seconds.

 Attempted ordering of parameters by estimatibility:
  23 24  1 26 15  7 10  4 43 32 45 18 19 29 31 44 30 38 37 11 28 33 13 20 22
   6 12  9 21  8 16 40  3 39  5 25 17 36 27 35 34 14 41 42  2
 Beta number 2 is a singular value.

   For procedure estimate CPU Time was 7.016 seconds and System Time was 9.985 seconds       .

  Program  MARK  - Survival Rate Estimation with Capture-Recapture Data
   gfortran(dble/PIM2) Vers. 10.1 March 2023  13-Feb-2024 12:31:11    Page  013
 - - - - - - - - - - - - - - - - - - - - - - - - - - - - - - - - - - - - - -
 


  INPUT --- proc stop;

     For this job, CPU Time in minutes was 0.117 and System Time in minutes was 0.167.

     Time Start = 12:31:01.567   Time End = 12:31:11.552

     Wall Clock Time in minutes for this job was 0.166.

     Maximum of 45 words used of 4096 words allocated.


          E X E C U T I O N   S U C C E S S F U L 
