
   Program  MARK  - Survival Rate Estimation with Capture-Recapture Data
   gfortran(dble/PIM2) Vers. 10.1 March 2023  13-Feb-2024 12:30:28    Page  001
    
 - - - - - - - - - - - - - - - - - - - - - - - - - - - - - - - - - - - - - -
 
   Welcome to MARK Elizabeth Sibert on machine CHROMIUM in subdirectory 
   "C:\Elizabeth_Files\Personal\Research\Code\Github_Repos\eeco_teeth\mark" running file "mark015.inp".
   This version was compiled by GCC version 12.2.0 using the options: 
     -cpp -iprefix c:\tdm-gcc-64\mingw64\bin\../lib/gcc/x86_64-w64-mingw32/12.2.0/
     -D_MT -D_REENTRANT -U_REENTRANT -D ieee -D dbleprecision -m64 -mtune=generic
     -march=x86-64 -mthreads -O3 -std=f2018 -fsignaling-nans
     -ffpe-summary=invalid,zero,overflow,underflow -funroll-loops -ffast-math
     -fall-intrinsics -fopenmp.

   This problem will use 15 of 16 possible threads.
   Static thread allocation is used.
   Schedule kind is omp_sched_dynamic with chunk size 1


  INPUT --- proc title ;

   For procedure title CPU Time was 0.001 seconds and System Time was 0.001 seconds       .


  INPUT --- proc chmatrix occasions= 23 groups= 1 etype= PradRec Nodes= 
  INPUT --- 101 ICMeans NoHist hist=  165 ;

  INPUT ---    time interval 2.8033951005025 1.24942166188089 
  INPUT ---    0.684880952380901 0.374523809523801  0.197738095238101 
  INPUT ---    1.5531056176919 1.2130970501222 1.7911177305376 
  INPUT ---    0.118485576923099  0.129216346153804 0.375576923076899 
  INPUT ---    0.123850961538501 0.315735616432001 0.119379632613594  
  INPUT ---    0.4360828230744 0.376952948759303 1.8489037503733 
  INPUT ---    0.305253233500906 0.806371149511598  1.5131481122184 
  INPUT ---    1.3662431318681 0.4604281135531 ;

  INPUT ---    glabel(1)=Group 1;

      Number of unique encounter histories read was 165.

      Number of individual covariates read was 0.
      Time interval lengths vary and/or not equal to 1.

      Data type number is 17
      Data type is Pradel Survival and Recruitment

   For procedure chmatrix CPU Time was 0.001 seconds and System Time was 0.001 seconds       .

  Program  MARK  - Survival Rate Estimation with Capture-Recapture Data
   gfortran(dble/PIM2) Vers. 10.1 March 2023  13-Feb-2024 12:30:28    Page  002
 - - - - - - - - - - - - - - - - - - - - - - - - - - - - - - - - - - - - - -
 


  INPUT --- proc estimate link=Parm-Specific NOLOOP varest=2ndPart    ;


  INPUT --- model={ Phi(~1)p(~samplesize)f(~1) };

  INPUT ---    group=1 Phi    rows=1 cols=22 Square ;
  INPUT ---        1 1 1 1 1 1 1 1 1 1 1 1 1 1 1 1 1 1 1 1 1 1 ;

  INPUT ---    group=1 p    rows=1 cols=23 Square ;
  INPUT ---        2 3 4 5 6 7 8 9 10 11 12 13 14 15 16 17 18 19 20 21 22 23 
  INPUT ---       24 ;

  INPUT ---    group=1 f    rows=1 cols=22 Square ;
  INPUT ---        25 25 25 25 25 25 25 25 25 25 25 25 25 25 25 25 25 25 25 
  INPUT ---       25 25 25 ;

  INPUT ---    design matrix constraints=25 covariates=4;
  INPUT ---        1 0 0 0;
  INPUT ---        0 1 125 0;
  INPUT ---        0 1 158 0;
  INPUT ---        0 1 105 0;
  INPUT ---        0 1 547 0;
  INPUT ---        0 1 63 0;
  INPUT ---        0 1 426 0;
  INPUT ---        0 1 178 0;
  INPUT ---        0 1 75 0;
  INPUT ---        0 1 366 0;
  INPUT ---        0 1 345 0;
  INPUT ---        0 1 351 0;
  INPUT ---        0 1 327 0;
  INPUT ---        0 1 259 0;
  INPUT ---        0 1 322 0;
  INPUT ---        0 1 95 0;
  INPUT ---        0 1 163 0;
  INPUT ---        0 1 380 0;
  INPUT ---        0 1 250 0;
  INPUT ---        0 1 134 0;
  INPUT ---        0 1 57 0;
  INPUT ---        0 1 229 0;
  INPUT ---        0 1 87 0;
  INPUT ---        0 1 207 0;
  INPUT ---        0 0 0 1;

  INPUT ---    links=25;

  Program  MARK  - Survival Rate Estimation with Capture-Recapture Data
   gfortran(dble/PIM2) Vers. 10.1 March 2023  13-Feb-2024 12:30:28    Page  003
 - - - - - - - - - - - - - - - - - - - - - - - - - - - - - - - - - - - - - -
 

  INPUT ---    Logit;

  INPUT ---    Logit;

  INPUT ---    Logit;

  INPUT ---    Logit;

  INPUT ---    Logit;

  INPUT ---    Logit;

  INPUT ---    Logit;

  INPUT ---    Logit;

  INPUT ---    Logit;

  INPUT ---    Logit;

  INPUT ---    Logit;

  INPUT ---    Logit;

  INPUT ---    Logit;

  INPUT ---    Logit;

  INPUT ---    Logit;

  INPUT ---    Logit;

  INPUT ---    Logit;

  INPUT ---    Logit;

  INPUT ---    Logit;

  INPUT ---    Logit;

  INPUT ---    Logit;

  INPUT ---    Logit;

  INPUT ---    Logit;

  Program  MARK  - Survival Rate Estimation with Capture-Recapture Data
   gfortran(dble/PIM2) Vers. 10.1 March 2023  13-Feb-2024 12:30:28    Page  004
 - - - - - - - - - - - - - - - - - - - - - - - - - - - - - - - - - - - - - -
 

  INPUT ---    Logit;

  INPUT ---    Log;
  INPUT ---       blabel(1)=Phi:(Intercept);
  INPUT ---       blabel(2)=p:(Intercept);
  INPUT ---       blabel(3)=p:samplesize;
  INPUT ---       blabel(4)=f:(Intercept);
  INPUT ---       rlabel(1)=Phi g1 a0 t1;
  INPUT ---       rlabel(2)=p g1 a0 t1;
  INPUT ---       rlabel(3)=p g1 a2.8033951005025 t3.8033951005025;
  INPUT ---       rlabel(4)=p g1 a4.05281676238339 t5.05281676238339;
  INPUT ---       rlabel(5)=p g1 a4.73769771476429 t5.73769771476429;
  INPUT ---       rlabel(6)=p g1 a5.1122215242881 t6.1122215242881;
  INPUT ---       rlabel(7)=p g1 a5.3099596195262 t6.3099596195262;
  INPUT ---       rlabel(8)=p g1 a6.86306523721809 t7.86306523721809;
  INPUT ---       rlabel(9)=p g1 a8.0761622873403 t9.0761622873403;
  INPUT ---       rlabel(10)=p g1 a9.8672800178779 t10.8672800178779;
  INPUT ---       rlabel(11)=p g1 a9.98576559480099 t10.985765594801;
  INPUT ---       rlabel(12)=p g1 a10.1149819409548 t11.1149819409548;
  INPUT ---       rlabel(13)=p g1 a10.4905588640317 t11.4905588640317;
  INPUT ---       rlabel(14)=p g1 a10.6144098255702 t11.6144098255702;
  INPUT ---       rlabel(15)=p g1 a10.9301454420022 t11.9301454420022;
  INPUT ---       rlabel(16)=p g1 a11.0495250746158 t12.0495250746158;
  INPUT ---       rlabel(17)=p g1 a11.4856078976902 t12.4856078976902;
  INPUT ---       rlabel(18)=p g1 a11.8625608464495 t12.8625608464495;
  INPUT ---       rlabel(19)=p g1 a13.7114645968228 t14.7114645968228;
  INPUT ---       rlabel(20)=p g1 a14.0167178303237 t15.0167178303237;
  INPUT ---       rlabel(21)=p g1 a14.8230889798353 t15.8230889798353;
  INPUT ---       rlabel(22)=p g1 a16.3362370920537 t17.3362370920537;
  INPUT ---       rlabel(23)=p g1 a17.7024802239218 t18.7024802239218;
  INPUT ---       rlabel(24)=p g1 a18.1629083374749 t19.1629083374749;
  INPUT ---       rlabel(25)=f g1 a0 t1;
   Model is { Phi(~1)p(~samplesize)f(~1) }

 Link Function Used is PARM-SPECIFIC

 Variance Estimation Procedure Used is 2ndPart 
 -2logL(saturated) = 1800.5278     
 Effective Sample Size = 1341

 Number of function evaluations was 20 for 4 parameters.
 For numerical optimization, CPU Time was 0.078 seconds and System Time was 0.109 seconds.
 -2logL { Phi(~1)p(~samplesize)f(~1) } = 4644.6353     
 Penalty { Phi(~1)p(~samplesize)f(~1) } = 0.0000000     
 Gradient { Phi(~1)p(~samplesize)f(~1) }:
  0.13994738E-04  0.30120496E-04  0.21117192E-04  0.14089222E-04
 Maximum ABS(G) { Phi(~1)p(~samplesize)f(~1) } = 0.3012050E-04 
 To compute VC matrix, CPU Time was 0.031 seconds and System Time was 0.047 seconds.

  Program  MARK  - Survival Rate Estimation with Capture-Recapture Data
   gfortran(dble/PIM2) Vers. 10.1 March 2023  13-Feb-2024 12:30:29    Page  005
 - - - - - - - - - - - - - - - - - - - - - - - - - - - - - - - - - - - - - -
 
 S Vector { Phi(~1)p(~samplesize)f(~1) }:
   672.2132      65.07745      35.42898      29.95281    
 To invert VC matrix, CPU Time was 0.001 seconds and System Time was 0.001 seconds.
 Ratio Threshold = 50.000000       Max Gap (1/2) = 10.329435       Next Max Gap (1/2) = 10.329435     
 Gap Method for Num. of Estimated Parameters { Phi(~1)p(~samplesize)f(~1) } = 4          
 Threshold { Phi(~1)p(~samplesize)f(~1) } = 0.6024099E-04           
 Numerical Threshold Method for Num. of Estimated Parameters { Phi(~1)p(~samplesize)f(~1) } = 4          
 Number of Estimated Parameters { Phi(~1)p(~samplesize)f(~1) } = 4          
 DEVIANCE { Phi(~1)p(~samplesize)f(~1) } = 2844.1075               
 DEVIANCE Degrees of Freedom { Phi(~1)p(~samplesize)f(~1) } = 161          
 c-hat { Phi(~1)p(~samplesize)f(~1) } = 17.665264               
 AIC { Phi(~1)p(~samplesize)f(~1) } = 4652.6353               
 AICc { Phi(~1)p(~samplesize)f(~1) } = 4652.6652               
 BIC { Phi(~1)p(~samplesize)f(~1) } = 4673.4399               
 Pearson Chisquare { Phi(~1)p(~samplesize)f(~1) } = 37676860.               
 Possible Encounter Histories { Phi(~1)p(~samplesize)f(~1) } = 8388607          
 Pearson Chisquare df { Phi(~1)p(~samplesize)f(~1) } = 8388602          
 Pearson chat { Phi(~1)p(~samplesize)f(~1) } = 4.4914350               
 Sum(Observed/Expected) { Phi(~1)p(~samplesize)f(~1) } = 29180463.               
 s-bar { Phi(~1)p(~samplesize)f(~1) } = 2.4785829               
 Fletcher chat { Phi(~1)p(~samplesize)f(~1) } = 1.2911680               


         PARM-SPECIFIC Link Function Parameters of { Phi(~1)p(~samplesize)f(~1) }
                                                              95% Confidence Interval
    Parameter                  Beta         Standard Error     Lower           Upper
 -------------------------  --------------  --------------  --------------  --------------
    1:Phi:(Intercept)        3.3612932       0.1519681       3.0634357       3.6591507    
    2:p:(Intercept)         -1.0263662       0.0833718      -1.1897750      -0.8629575    
    3:p:samplesize           0.0034558       0.3020883E-03   0.0028637       0.0040479    
    4:f:(Intercept)         -3.3320460       0.1453103      -3.6168541      -3.0472378    


                Real Function Parameters of { Phi(~1)p(~samplesize)f(~1) }
                                                               95% Confidence Interval
     Parameter                Estimate       Standard Error     Lower           Upper
 --------------------------  --------------  --------------  --------------  --------------
     1:Phi g1 a0 t1           0.9664727       0.0049243       0.9553591       0.9748923       
     2:p g1 a0 t1             0.3556271       0.0125256       0.3314736       0.3805387       
     3:p g1 a2.803395100502   0.3821684       0.0116086       0.3596882       0.4051646       
     4:p g1 a4.052816762383   0.3399515       0.0131416       0.3146859       0.3661618       
     5:p g1 a4.737697714764   0.7034832       0.0215502       0.6595861       0.7439174       
     6:p g1 a5.112221524288   0.3081777       0.0144554       0.2805889       0.3372076       
     7:p g1 a5.309959619526   0.6096383       0.0170714       0.5757113       0.6425368       
     8:p g1 a6.863065237218   0.3986150       0.0111623       0.3769524       0.4206821       
     9:p g1 a8.076162287340   0.3170887       0.0140849       0.2901471       0.3453150       
    10:p g1 a9.867280017877   0.5593306       0.0143638       0.5310164       0.5872640       
    11:p g1 a9.985765594800   0.5413738       0.0134600       0.5149007       0.5676154       
    12:p g1 a10.11498194095   0.5465174       0.0137125       0.5195312       0.5732329       
    13:p g1 a10.49055886403   0.5258945       0.0127403       0.5008794       0.5507802       
    14:p g1 a10.61440982557   0.4672167       0.0108684       0.4459872       0.4885655       
    15:p g1 a10.93014544200   0.5215845       0.0125525       0.4969491       0.5461154       
    16:p g1 a11.04952507461   0.3322407       0.0134562       0.3064120       0.3591193       
    17:p g1 a11.48560789769   0.3862564       0.0114874       0.3639984       0.4090003       
    18:p g1 a11.86256084644   0.5712190       0.0149899       0.5416215       0.6003157       
    19:p g1 a13.71146459682   0.4594831       0.0107578       0.4384826       0.4806285       
    20:p g1 a14.01671783032   0.3627859       0.0122595       0.3391162       0.3871399       
    21:p g1 a14.82308897983   0.3037746       0.0146375       0.2758707       0.3332023       
    22:p g1 a16.33623709205   0.4415202       0.0106449       0.4207712       0.4624754       
    23:p g1 a17.70248022392   0.3261359       0.0137085       0.2998586       0.3535532       
    24:p g1 a18.16290833747   0.4228654       0.0107405       0.4019661       0.4440444       
    25:f g1 a0 t1             0.0357199       0.0051905       0.0268302       0.0474117       

  Program  MARK  - Survival Rate Estimation with Capture-Recapture Data
   gfortran(dble/PIM2) Vers. 10.1 March 2023  13-Feb-2024 12:30:29    Page  006
 - - - - - - - - - - - - - - - - - - - - - - - - - - - - - - - - - - - - - -
 





                     Estimates of Derived Parameters

            Lambda Estimates of { Phi(~1)p(~samplesize)f(~1) }
                                                95% Confidence Interval
 Grp. Occ.   Lambda-hat      Standard Error      Lower           Upper
 ---- ----   --------------  --------------  --------------  --------------
   1     1    1.0021927       0.0059828       0.9905349       1.0139876    
   1     2    1.0021927       0.0059828       0.9905349       1.0139876    
   1     3    1.0021927       0.0059828       0.9905349       1.0139876    
   1     4    1.0021927       0.0059828       0.9905349       1.0139876    
   1     5    1.0021927       0.0059828       0.9905349       1.0139876    
   1     6    1.0021927       0.0059828       0.9905349       1.0139876    
   1     7    1.0021927       0.0059828       0.9905349       1.0139876    
   1     8    1.0021927       0.0059828       0.9905349       1.0139876    
   1     9    1.0021927       0.0059828       0.9905349       1.0139876    
   1    10    1.0021927       0.0059828       0.9905349       1.0139876    
   1    11    1.0021927       0.0059828       0.9905349       1.0139876    
   1    12    1.0021927       0.0059828       0.9905349       1.0139876    
   1    13    1.0021927       0.0059828       0.9905349       1.0139876    
   1    14    1.0021927       0.0059828       0.9905349       1.0139876    
   1    15    1.0021927       0.0059828       0.9905349       1.0139876    
   1    16    1.0021927       0.0059828       0.9905349       1.0139876    
   1    17    1.0021927       0.0059828       0.9905349       1.0139876    
   1    18    1.0021927       0.0059828       0.9905349       1.0139876    
   1    19    1.0021927       0.0059828       0.9905349       1.0139876    
   1    20    1.0021927       0.0059828       0.9905349       1.0139876    
   1    21    1.0021927       0.0059828       0.9905349       1.0139876    
   1    22    1.0021927       0.0059828       0.9905349       1.0139876    

         log(Lambda) Estimates of { Phi(~1)p(~samplesize)f(~1) }
                                                95% Confidence Interval
 Grp. Occ.   log(Lambda-hat) Standard Error      Lower           Upper
 ---- ----   --------------  --------------  --------------  --------------
   1     1    0.0021903       0.0059697      -0.0095103       0.0138908    
   1     2    0.0021903       0.0059697      -0.0095103       0.0138908    
   1     3    0.0021903       0.0059697      -0.0095103       0.0138908    
   1     4    0.0021903       0.0059697      -0.0095103       0.0138908    
   1     5    0.0021903       0.0059697      -0.0095103       0.0138908    
   1     6    0.0021903       0.0059697      -0.0095103       0.0138908    
   1     7    0.0021903       0.0059697      -0.0095103       0.0138908    
   1     8    0.0021903       0.0059697      -0.0095103       0.0138908    
   1     9    0.0021903       0.0059697      -0.0095103       0.0138908    
   1    10    0.0021903       0.0059697      -0.0095103       0.0138908    
   1    11    0.0021903       0.0059697      -0.0095103       0.0138908    
   1    12    0.0021903       0.0059697      -0.0095103       0.0138908    
   1    13    0.0021903       0.0059697      -0.0095103       0.0138908    
   1    14    0.0021903       0.0059697      -0.0095103       0.0138908    
   1    15    0.0021903       0.0059697      -0.0095103       0.0138908    
   1    16    0.0021903       0.0059697      -0.0095103       0.0138908    
   1    17    0.0021903       0.0059697      -0.0095103       0.0138908    

  Program  MARK  - Survival Rate Estimation with Capture-Recapture Data
   gfortran(dble/PIM2) Vers. 10.1 March 2023  13-Feb-2024 12:30:29    Page  007
 - - - - - - - - - - - - - - - - - - - - - - - - - - - - - - - - - - - - - -
 
   1    18    0.0021903       0.0059697      -0.0095103       0.0138908    
   1    19    0.0021903       0.0059697      -0.0095103       0.0138908    
   1    20    0.0021903       0.0059697      -0.0095103       0.0138908    
   1    21    0.0021903       0.0059697      -0.0095103       0.0138908    
   1    22    0.0021903       0.0059697      -0.0095103       0.0138908    

 To compute parameter estimates, CPU Time was 0.001 seconds and System Time was 0.001 seconds.

   For procedure estimate CPU Time was 0.109 seconds and System Time was 0.203 seconds       .


  INPUT --- proc stop;

     For this job, CPU Time in minutes was 0.002 and System Time in minutes was 0.003.

     Time Start = 12:30:28.925   Time End = 12:30:29.132

     Wall Clock Time in minutes for this job was 0.003.

     Maximum of 24 words used of 4096 words allocated.


          E X E C U T I O N   S U C C E S S F U L 
