
   Program  MARK  - Survival Rate Estimation with Capture-Recapture Data
   gfortran(dble/PIM2) Vers. 10.1 March 2023  13-Feb-2024 12:25:51    Page  001
    
 - - - - - - - - - - - - - - - - - - - - - - - - - - - - - - - - - - - - - -
 
   Welcome to MARK Elizabeth Sibert on machine CHROMIUM in subdirectory 
   "C:\Elizabeth_Files\Personal\Research\Code\Github_Repos\eeco_teeth\mark" running file "mark002.inp".
   This version was compiled by GCC version 12.2.0 using the options: 
     -cpp -iprefix c:\tdm-gcc-64\mingw64\bin\../lib/gcc/x86_64-w64-mingw32/12.2.0/
     -D_MT -D_REENTRANT -U_REENTRANT -D ieee -D dbleprecision -m64 -mtune=generic
     -march=x86-64 -mthreads -O3 -std=f2018 -fsignaling-nans
     -ffpe-summary=invalid,zero,overflow,underflow -funroll-loops -ffast-math
     -fall-intrinsics -fopenmp.

   This problem will use 15 of 16 possible threads.
   Static thread allocation is used.
   Schedule kind is omp_sched_dynamic with chunk size 1


  INPUT --- proc title ;

   For procedure title CPU Time was 0.001 seconds and System Time was 0.001 seconds       .


  INPUT --- proc chmatrix occasions= 23 groups= 1 etype= PradRec Nodes= 
  INPUT --- 101 ICMeans NoHist hist=  165 ;

  INPUT ---    time interval 3.7003706788838 0.807472530889903 
  INPUT ---    0.9472842403882 0.550862262038102  0.2908398656215 
  INPUT ---    1.30378178010029 0.356399058017601 0.698305097357299 
  INPUT ---    0.351897018970206  0.492318053393298 0.786382978723395 
  INPUT ---    0.283538101079301 0.599440066362504 0.226596847780996  
  INPUT ---    0.827737453338798 0.7155018664455 0.683191621733705 
  INPUT ---    0.280456661351501 0.806371149511598  1.5131481122184 
  INPUT ---    1.3662431318681 0.4604281135531 ;

  INPUT ---    glabel(1)=Group 1;

      Number of unique encounter histories read was 165.

      Number of individual covariates read was 0.
      Time interval lengths vary and/or not equal to 1.

      Data type number is 17
      Data type is Pradel Survival and Recruitment

   For procedure chmatrix CPU Time was 0.001 seconds and System Time was 0.001 seconds       .

  Program  MARK  - Survival Rate Estimation with Capture-Recapture Data
   gfortran(dble/PIM2) Vers. 10.1 March 2023  13-Feb-2024 12:25:51    Page  002
 - - - - - - - - - - - - - - - - - - - - - - - - - - - - - - - - - - - - - -
 


  INPUT --- proc estimate link=Parm-Specific NOLOOP varest=2ndPart    ;


  INPUT --- model={ Phi(~time)p(~1)f(~1) };

  INPUT ---    group=1 Phi    rows=1 cols=22 Square ;
  INPUT ---        1 2 3 4 5 6 7 8 9 10 11 12 13 14 15 16 17 18 19 20 21 22 ;

  INPUT ---    group=1 p    rows=1 cols=23 Square ;
  INPUT ---        23 23 23 23 23 23 23 23 23 23 23 23 23 23 23 23 23 23 23 
  INPUT ---       23 23 23 23 ;

  INPUT ---    group=1 f    rows=1 cols=22 Square ;
  INPUT ---        24 24 24 24 24 24 24 24 24 24 24 24 24 24 24 24 24 24 24 
  INPUT ---       24 24 24 ;

  INPUT ---    design matrix constraints=24 covariates=24;
  INPUT ---        1 0 0 0 0 0 0 0 0 0 0 0 0 0 0 0 0 0 0 0 0 0 0 0;
  INPUT ---        1 1 0 0 0 0 0 0 0 0 0 0 0 0 0 0 0 0 0 0 0 0 0 0;
  INPUT ---        1 0 1 0 0 0 0 0 0 0 0 0 0 0 0 0 0 0 0 0 0 0 0 0;
  INPUT ---        1 0 0 1 0 0 0 0 0 0 0 0 0 0 0 0 0 0 0 0 0 0 0 0;
  INPUT ---        1 0 0 0 1 0 0 0 0 0 0 0 0 0 0 0 0 0 0 0 0 0 0 0;
  INPUT ---        1 0 0 0 0 1 0 0 0 0 0 0 0 0 0 0 0 0 0 0 0 0 0 0;
  INPUT ---        1 0 0 0 0 0 1 0 0 0 0 0 0 0 0 0 0 0 0 0 0 0 0 0;
  INPUT ---        1 0 0 0 0 0 0 1 0 0 0 0 0 0 0 0 0 0 0 0 0 0 0 0;
  INPUT ---        1 0 0 0 0 0 0 0 1 0 0 0 0 0 0 0 0 0 0 0 0 0 0 0;
  INPUT ---        1 0 0 0 0 0 0 0 0 1 0 0 0 0 0 0 0 0 0 0 0 0 0 0;
  INPUT ---        1 0 0 0 0 0 0 0 0 0 1 0 0 0 0 0 0 0 0 0 0 0 0 0;
  INPUT ---        1 0 0 0 0 0 0 0 0 0 0 1 0 0 0 0 0 0 0 0 0 0 0 0;
  INPUT ---        1 0 0 0 0 0 0 0 0 0 0 0 1 0 0 0 0 0 0 0 0 0 0 0;
  INPUT ---        1 0 0 0 0 0 0 0 0 0 0 0 0 1 0 0 0 0 0 0 0 0 0 0;
  INPUT ---        1 0 0 0 0 0 0 0 0 0 0 0 0 0 1 0 0 0 0 0 0 0 0 0;
  INPUT ---        1 0 0 0 0 0 0 0 0 0 0 0 0 0 0 1 0 0 0 0 0 0 0 0;
  INPUT ---        1 0 0 0 0 0 0 0 0 0 0 0 0 0 0 0 1 0 0 0 0 0 0 0;
  INPUT ---        1 0 0 0 0 0 0 0 0 0 0 0 0 0 0 0 0 1 0 0 0 0 0 0;
  INPUT ---        1 0 0 0 0 0 0 0 0 0 0 0 0 0 0 0 0 0 1 0 0 0 0 0;
  INPUT ---        1 0 0 0 0 0 0 0 0 0 0 0 0 0 0 0 0 0 0 1 0 0 0 0;
  INPUT ---        1 0 0 0 0 0 0 0 0 0 0 0 0 0 0 0 0 0 0 0 1 0 0 0;
  INPUT ---        1 0 0 0 0 0 0 0 0 0 0 0 0 0 0 0 0 0 0 0 0 1 0 0;
  INPUT ---        0 0 0 0 0 0 0 0 0 0 0 0 0 0 0 0 0 0 0 0 0 0 1 0;
  INPUT ---        0 0 0 0 0 0 0 0 0 0 0 0 0 0 0 0 0 0 0 0 0 0 0 1;

  INPUT ---    links=24;


  Program  MARK  - Survival Rate Estimation with Capture-Recapture Data
   gfortran(dble/PIM2) Vers. 10.1 March 2023  13-Feb-2024 12:25:51    Page  003
 - - - - - - - - - - - - - - - - - - - - - - - - - - - - - - - - - - - - - -
 
  INPUT ---    Logit;

  INPUT ---    Logit;

  INPUT ---    Logit;

  INPUT ---    Logit;

  INPUT ---    Logit;

  INPUT ---    Logit;

  INPUT ---    Logit;

  INPUT ---    Logit;

  INPUT ---    Logit;

  INPUT ---    Logit;

  INPUT ---    Logit;

  INPUT ---    Logit;

  INPUT ---    Logit;

  INPUT ---    Logit;

  INPUT ---    Logit;

  INPUT ---    Logit;

  INPUT ---    Logit;

  INPUT ---    Logit;

  INPUT ---    Logit;

  INPUT ---    Logit;

  INPUT ---    Logit;

  INPUT ---    Logit;

  INPUT ---    Logit;


  Program  MARK  - Survival Rate Estimation with Capture-Recapture Data
   gfortran(dble/PIM2) Vers. 10.1 March 2023  13-Feb-2024 12:25:51    Page  004
 - - - - - - - - - - - - - - - - - - - - - - - - - - - - - - - - - - - - - -
 
  INPUT ---    Log;
  INPUT ---       blabel(1)=Phi:(Intercept);
  INPUT ---       blabel(2)=Phi:time4.7003706788838;
  INPUT ---       blabel(3)=Phi:time5.5078432097737;
  INPUT ---       blabel(4)=Phi:time6.4551274501619;
  INPUT ---       blabel(5)=Phi:time7.00598971220001;
  INPUT ---       blabel(6)=Phi:time7.29682957782151;
  INPUT ---       blabel(7)=Phi:time8.6006113579218;
  INPUT ---       blabel(8)=Phi:time8.9570104159394;
  INPUT ---       blabel(9)=Phi:time9.6553155132967;
  INPUT ---       blabel(10)=Phi:time10.0072125322669;
  INPUT ---       blabel(11)=Phi:time10.4995305856602;
  INPUT ---       blabel(12)=Phi:time11.2859135643836;
  INPUT ---       blabel(13)=Phi:time11.5694516654629;
  INPUT ---       blabel(14)=Phi:time12.1688917318254;
  INPUT ---       blabel(15)=Phi:time12.3954885796064;
  INPUT ---       blabel(16)=Phi:time13.2232260329452;
  INPUT ---       blabel(17)=Phi:time13.9387278993907;
  INPUT ---       blabel(18)=Phi:time14.6219195211244;
  INPUT ---       blabel(19)=Phi:time14.9023761824759;
  INPUT ---       blabel(20)=Phi:time15.7087473319875;
  INPUT ---       blabel(21)=Phi:time17.2218954442059;
  INPUT ---       blabel(22)=Phi:time18.588138576074;
  INPUT ---       blabel(23)=p:(Intercept);
  INPUT ---       blabel(24)=f:(Intercept);
  INPUT ---       rlabel(1)=Phi g1 a0 t1;
  INPUT ---       rlabel(2)=Phi g1 a3.7003706788838 t4.7003706788838;
  INPUT ---       rlabel(3)=Phi g1 a4.5078432097737 t5.5078432097737;
  INPUT ---       rlabel(4)=Phi g1 a5.4551274501619 t6.4551274501619;
  INPUT ---       rlabel(5)=Phi g1 a6.00598971220001 t7.00598971220001;
  INPUT ---       rlabel(6)=Phi g1 a6.29682957782151 t7.29682957782151;
  INPUT ---       rlabel(7)=Phi g1 a7.6006113579218 t8.6006113579218;
  INPUT ---       rlabel(8)=Phi g1 a7.9570104159394 t8.9570104159394;
  INPUT ---       rlabel(9)=Phi g1 a8.6553155132967 t9.6553155132967;
  INPUT ---       rlabel(10)=Phi g1 a9.00721253226691 t10.0072125322669;
  INPUT ---       rlabel(11)=Phi g1 a9.4995305856602 t10.4995305856602;
  INPUT ---       rlabel(12)=Phi g1 a10.2859135643836 t11.2859135643836;
  INPUT ---       rlabel(13)=Phi g1 a10.5694516654629 t11.5694516654629;
  INPUT ---       rlabel(14)=Phi g1 a11.1688917318254 t12.1688917318254;
  INPUT ---       rlabel(15)=Phi g1 a11.3954885796064 t12.3954885796064;
  INPUT ---       rlabel(16)=Phi g1 a12.2232260329452 t13.2232260329452;
  INPUT ---       rlabel(17)=Phi g1 a12.9387278993907 t13.9387278993907;
  INPUT ---       rlabel(18)=Phi g1 a13.6219195211244 t14.6219195211244;
  INPUT ---       rlabel(19)=Phi g1 a13.9023761824759 t14.9023761824759;
  INPUT ---       rlabel(20)=Phi g1 a14.7087473319875 t15.7087473319875;
  INPUT ---       rlabel(21)=Phi g1 a16.2218954442059 t17.2218954442059;

  Program  MARK  - Survival Rate Estimation with Capture-Recapture Data
   gfortran(dble/PIM2) Vers. 10.1 March 2023  13-Feb-2024 12:25:51    Page  005
 - - - - - - - - - - - - - - - - - - - - - - - - - - - - - - - - - - - - - -
 
  INPUT ---       rlabel(22)=Phi g1 a17.588138576074 t18.588138576074;
  INPUT ---       rlabel(23)=p g1 a0 t1;
  INPUT ---       rlabel(24)=f g1 a0 t1;
   Model is { Phi(~time)p(~1)f(~1) }

 Link Function Used is PARM-SPECIFIC

 Variance Estimation Procedure Used is 2ndPart 
 -2logL(saturated) = 1800.5278     
 Effective Sample Size = 1341

 Number of function evaluations was 103 for 24 parameters.
 For numerical optimization, CPU Time was 1.844 seconds and System Time was 3.891 seconds.
 -2logL { Phi(~time)p(~1)f(~1) } = 4713.4819     
 Penalty { Phi(~time)p(~1)f(~1) } = 0.0000000     
 Gradient { Phi(~time)p(~1)f(~1) }:
 -0.83924492E-03   0.0000000     -0.77613409E-04 -0.49304106E-04   0.0000000    
   0.0000000     -0.34228084E-04 -0.10206074E-03 -0.39922905E-04 -0.43539620E-04
 -0.88985689E-04   0.0000000     -0.39484693E-04   0.0000000     -0.62948715E-05
 -0.10366355E-03 -0.58295439E-04 -0.23689615E-04  0.67074688E-04 -0.13718131E-03
 -0.80378913E-04 -0.31165413E-04 -0.69506732E-03 -0.10077095E-02
 Maximum ABS(G) { Phi(~time)p(~1)f(~1) } = 0.0010077     
 To compute VC matrix, CPU Time was 0.750 seconds and System Time was 1.328 seconds.
 S Vector { Phi(~time)p(~1)f(~1) }:
   575.6269      74.14331      43.35419      6.752899      5.317828    
   4.004036      2.452404      2.258144      1.480515      1.217651    
  0.2609110     0.2295482     0.2200416     0.7398923E-04 0.5309878E-04
  0.4002847E-04 0.3014891E-04 0.1781096E-04 0.8874644E-05 0.3757313E-05
  0.2835732E-05 0.1263049E-14 0.1514195E-16 0.1922681E-21
 To invert VC matrix, CPU Time was 0.001 seconds and System Time was 0.001 seconds.
 Ratio Threshold = 50.000000       Max Gap (21/22) = 0.2245149E+10   Next Max Gap (23/24) = 78754.350     
 Gap Method for Num. of Estimated Parameters { Phi(~time)p(~1)f(~1) } = 21          
 Threshold { Phi(~time)p(~1)f(~1) } = 0.0020154               
 Numerical Threshold Method for Num. of Estimated Parameters { Phi(~time)p(~1)f(~1) } = 13          
 Number of Estimated Parameters { Phi(~time)p(~1)f(~1) } = 21          

   * *  WARNING  * *   Number of parameters estimated from gap method (=21) and threshold method (=13) differ.  Inspect full output. 
 Ratios of S Vector { Phi(~time)p(~1)f(~1) }:
   1/2    7.763708       2/3    1.710176       3/4    6.420085       4/5    1.269860       5/6    1.328117    
   6/7    1.632698       7/8    1.086026       8/9    1.525242       9/10    1.215878       10/11    4.666921    
   11/12    1.136628       12/13    1.043204       13/14    2973.967       14/15    1.393426       15/16    1.326525    
   16/17    1.327692       17/18    1.692717       18/19    2.006949       19/20    2.361966       20/21    1.324989    
   21/22   0.2245149E+10   22/23    83.41388       23/24    78754.35    
 DEVIANCE { Phi(~time)p(~1)f(~1) } = 2912.9542               
 DEVIANCE Degrees of Freedom { Phi(~time)p(~1)f(~1) } = 152          
 c-hat { Phi(~time)p(~1)f(~1) } = 19.164172               
 AIC { Phi(~time)p(~1)f(~1) } = 4739.4819               
 AICc { Phi(~time)p(~1)f(~1) } = 4739.7562               
 BIC { Phi(~time)p(~1)f(~1) } = 4807.0971               
 Pearson Chisquare { Phi(~time)p(~1)f(~1) } = 19182423.               
 Possible Encounter Histories { Phi(~time)p(~1)f(~1) } = 8388607          
 Pearson Chisquare df { Phi(~time)p(~1)f(~1) } = 8388593          
 Pearson chat { Phi(~time)p(~1)f(~1) } = 2.2867271               
 Sum(Observed/Expected) { Phi(~time)p(~1)f(~1) } = 17387388.               
 s-bar { Phi(~time)p(~1)f(~1) } = 1.0727385               
 Fletcher chat { Phi(~time)p(~1)f(~1) } = 1.1032396               


            PARM-SPECIFIC Link Function Parameters of { Phi(~time)p(~1)f(~1) }
                                                              95% Confidence Interval
    Parameter                  Beta         Standard Error     Lower           Upper
 -------------------------  --------------  --------------  --------------  --------------
    1:Phi:(Intercept)        20.308798       0.0000000       20.308798       20.308798    
    2:Phi:time4.7003706788   11.375200       0.0000000       11.375200       11.375200    
    3:Phi:time5.5078432097  -7.6503960       138.20317      -278.52862       263.22783    
    4:Phi:time6.4551274501  -17.568988       0.0000000      -17.568988      -17.568988    
    5:Phi:time7.0059897122   9.4465338       0.0000000       9.4465338       9.4465338    
    6:Phi:time7.2968295778  -4.3778218       593.03710      -1166.7306       1157.9749    

  Program  MARK  - Survival Rate Estimation with Capture-Recapture Data
   gfortran(dble/PIM2) Vers. 10.1 March 2023  13-Feb-2024 12:25:57    Page  006
 - - - - - - - - - - - - - - - - - - - - - - - - - - - - - - - - - - - - - -
 
    7:Phi:time8.6006113579  -18.615083       0.0000000      -18.615083      -18.615083    
    8:Phi:time8.9570104159  -7.3723887       114.88965      -232.55611       217.81134    
    9:Phi:time9.6553155132  -17.345906       0.0000000      -17.345906      -17.345906    
   10:Phi:time10.007212532  -18.625624       0.0000000      -18.625624      -18.625624    
   11:Phi:time10.499530585  -16.147464       0.0000000      -16.147464      -16.147464    
   12:Phi:time11.285913564  -3.6541325       515.88599      -1014.7907       1007.4824    
   13:Phi:time11.569451665  -17.549514       0.0000000      -17.549514      -17.549514    
   14:Phi:time12.168891731   9.6969627       0.7148536E+11  -0.1401113E+12   0.1401113E+12
   15:Phi:time12.395488579  -18.392026       0.0000000      -18.392026      -18.392026    
   16:Phi:time13.223226032  -16.663438       0.0000000      -16.663438      -16.663438    
   17:Phi:time13.938727899  -7.3759770       166.14702      -333.02415       318.27220    
   18:Phi:time14.621919521  -19.611616       0.0000000      -19.611616      -19.611616    
   19:Phi:time14.902376182  -18.109120       0.0000000      -18.109120      -18.109120    
   20:Phi:time15.708747331  -7.4535420       88.457196      -180.82965       165.92257    
   21:Phi:time17.221895444  -17.983572       0.0000000      -17.983572      -17.983572    
   22:Phi:time18.588138576  -6.8337041       227.28921      -452.32057       438.65317    
   23:p:(Intercept)         -0.1415542       0.0430652      -0.2259621      -0.0571463    
   24:f:(Intercept)         -3.2397743       0.1426010      -3.5192723      -2.9602763    


                   Real Function Parameters of { Phi(~time)p(~1)f(~1) }
                                                               95% Confidence Interval
     Parameter                Estimate       Standard Error     Lower           Upper
 --------------------------  --------------  --------------  --------------  --------------
     1:Phi g1 a0 t1           1.0000000       0.0000000       1.0000000       1.0000000       
     2:Phi g1 a3.7003706788   1.0000000       0.0000000       1.0000000       1.0000000       
     3:Phi g1 a4.5078432097   0.9999968       0.5156188E-03  0.3220461E-132   1.0000000       
     4:Phi g1 a5.4551274501   0.9393353       0.0360277       0.8176678       0.9816390       
     5:Phi g1 a6.0059897122   1.0000000       0.0000000       1.0000000       1.0000000       
     6:Phi g1 a6.2968295778   0.9999999       0.7182665E-04  0.4613384E-301   1.0000000       
     7:Phi g1 a7.6006113579   0.8447121       0.0695742       0.6579416       0.9389630       
     8:Phi g1 a7.9570104159   0.9999976       0.3409040E-03  0.1400506E-114   1.0000000       
     9:Phi g1 a8.6553155132   0.9508693       0.0965963       0.2516577       0.9991030       
    10:Phi g1 a9.0072125322   0.8433245       0.0730555       0.6455339       0.9408599       
    11:Phi g1 a9.4995305856   0.9846525       0.0314399       0.5208962       0.9997359       
    12:Phi g1 a10.285913564   0.9999999       0.2981883E-04  0.9512921E-301   1.0000000       
    13:Phi g1 a10.569451665   0.9404355       0.0488389       0.7408570       0.9886614       
    14:Phi g1 a11.168891731   1.0000000       0.0066508       0.9869645       1.0130355       
    15:Phi g1 a11.395488579   0.8717781       0.0479923       0.7455964       0.9403794       
    16:Phi g1 a12.223226032   0.9745525       0.0528046       0.3710028       0.9995980       
    17:Phi g1 a12.938727899   0.9999976       0.4489022E-03  0.3527482E-152   1.0000000       
    18:Phi g1 a13.621919521   0.6675627       0.1372653       0.3739914       0.8709624       
    19:Phi g1 a13.902376182   0.9002206       0.0716766       0.6537703       0.9773282       
    20:Phi g1 a14.708747331   0.9999974       0.3187056E-03   0.5428849E-98   1.0000000       
    21:Phi g1 a16.221895444   0.9109448       0.0562145       0.7245328       0.9754789       
    22:Phi g1 a17.588138576   0.9999986       0.3384610E-03  0.7467830E-199   1.0000000       

  Program  MARK  - Survival Rate Estimation with Capture-Recapture Data
   gfortran(dble/PIM2) Vers. 10.1 March 2023  13-Feb-2024 12:25:57    Page  007
 - - - - - - - - - - - - - - - - - - - - - - - - - - - - - - - - - - - - - -
 
    23:p g1 a0 t1             0.4646704       0.0107126       0.4437486       0.4857173       
    24:f g1 a0 t1             0.0391727       0.0055861       0.0295778       0.0517143       





                     Estimates of Derived Parameters

               Lambda Estimates of { Phi(~time)p(~1)f(~1) }
                                                95% Confidence Interval
 Grp. Occ.   Lambda-hat      Standard Error      Lower           Upper
 ---- ----   --------------  --------------  --------------  --------------
   1     1    1.0391727       0.0055861       1.0282816       1.0501793    
   1     2    1.0391727       0.0055861       1.0282816       1.0501793    
   1     3    1.0391696       0.0056093       1.0282333       1.0502222    
   1     4    0.9785080       0.0359279       0.9105855       1.0514970    
   1     5    1.0391727       0.0055860       1.0282818       1.0501791    
   1     6    1.0391726       0.0055865       1.0282806       1.0501800    
   1     7    0.8838848       0.0692994       0.7581580       1.0304612    
   1     8    1.0391703       0.0055964       1.0282592       1.0501973    
   1     9    0.9900420       0.0965685       0.8181304       1.1980770    
   1    10    0.8824972       0.0730019       0.7506180       1.0375467    
   1    11    1.0238252       0.0318165       0.9633401       1.0881080    
   1    12    1.0391727       0.0055862       1.0282814       1.0501794    
   1    13    0.9796083       0.0489467       0.8882748       1.0803327    
   1    14    1.0391727       0.0081794       1.0232643       1.0553285    
   1    15    0.9109508       0.0480343       0.8215642       1.0100627    
   1    16    1.0137252       0.0529448       0.9151518       1.1229162    
   1    17    1.0391703       0.0056040       1.0282444       1.0502124    
   1    18    0.7067354       0.1372694       0.4846776       1.0305304    
   1    19    0.9393933       0.0716705       0.8090932       1.0906776    
   1    20    1.0391701       0.0055951       1.0282614       1.0501945    
   1    21    0.9501176       0.0561905       0.8462132       1.0667800    
   1    22    1.0391713       0.0055963       1.0282603       1.0501981    

            log(Lambda) Estimates of { Phi(~time)p(~1)f(~1) }
                                                95% Confidence Interval
 Grp. Occ.   log(Lambda-hat) Standard Error      Lower           Upper
 ---- ----   --------------  --------------  --------------  --------------
   1     1    0.0384249       0.0053755       0.0278890       0.0489609    
   1     2    0.0384250       0.0053755       0.0278890       0.0489609    
   1     3    0.0384219       0.0053979       0.0278420       0.0490018    
   1     4   -0.0217263       0.0367170      -0.0936917       0.0502391    
   1     5    0.0384250       0.0053754       0.0278891       0.0489608    
   1     6    0.0384248       0.0053759       0.0278880       0.0489617    
   1     7   -0.1234285       0.0784033      -0.2770989       0.0302419    
   1     8    0.0384226       0.0053854       0.0278672       0.0489781    
   1     9   -0.0100079       0.0975398      -0.2011860       0.1811702    
   1    10   -0.1249997       0.0827220      -0.2871347       0.0371354    
   1    11    0.0235458       0.0310761      -0.0373634       0.0844551    
   1    12    0.0384249       0.0053756       0.0278887       0.0489610    
   1    13   -0.0206025       0.0499656      -0.1185351       0.0773301    
   1    14    0.0384250       0.0078711       0.0229976       0.0538523    
   1    15   -0.0932664       0.0527298      -0.1966169       0.0100841    

  Program  MARK  - Survival Rate Estimation with Capture-Recapture Data
   gfortran(dble/PIM2) Vers. 10.1 March 2023  13-Feb-2024 12:25:57    Page  008
 - - - - - - - - - - - - - - - - - - - - - - - - - - - - - - - - - - - - - -
 
   1    16    0.0136319       0.0522280      -0.0887350       0.1159988    
   1    17    0.0384226       0.0053928       0.0278528       0.0489925    
   1    18   -0.3470989       0.1942303      -0.7277903       0.0335925    
   1    19   -0.0625210       0.0762944      -0.2120580       0.0870161    
   1    20    0.0384224       0.0053842       0.0278694       0.0489755    
   1    21   -0.0511696       0.0591406      -0.1670851       0.0647460    
   1    22    0.0384236       0.0053854       0.0278683       0.0489789    

 To compute parameter estimates, CPU Time was 0.001 seconds and System Time was 0.001 seconds.

 Attempted ordering of parameters by estimatibility:
  23  1 24 15 10  7  4 18 21 19 13  9 11 16 20  8  3 17 22 12  6  5  2 14
 Beta number 14 is a singular value.

   For procedure estimate CPU Time was 2.609 seconds and System Time was 5.235 seconds       .


  INPUT --- proc stop;

     For this job, CPU Time in minutes was 0.043 and System Time in minutes was 0.088.

     Time Start = 12:25:51.877   Time End = 12:25:57.127

     Wall Clock Time in minutes for this job was 0.088.

     Maximum of 24 words used of 4096 words allocated.


          E X E C U T I O N   S U C C E S S F U L 
