
   Program  MARK  - Survival Rate Estimation with Capture-Recapture Data
   gfortran(dble/PIM2) Vers. 10.1 March 2023  13-Feb-2024 12:31:37    Page  001
    
 - - - - - - - - - - - - - - - - - - - - - - - - - - - - - - - - - - - - - -
 
   Welcome to MARK Elizabeth Sibert on machine CHROMIUM in subdirectory 
   "C:\Elizabeth_Files\Personal\Research\Code\Github_Repos\eeco_teeth\mark" running file "mark024.inp".
   This version was compiled by GCC version 12.2.0 using the options: 
     -cpp -iprefix c:\tdm-gcc-64\mingw64\bin\../lib/gcc/x86_64-w64-mingw32/12.2.0/
     -D_MT -D_REENTRANT -U_REENTRANT -D ieee -D dbleprecision -m64 -mtune=generic
     -march=x86-64 -mthreads -O3 -std=f2018 -fsignaling-nans
     -ffpe-summary=invalid,zero,overflow,underflow -funroll-loops -ffast-math
     -fall-intrinsics -fopenmp.

   This problem will use 15 of 16 possible threads.
   Static thread allocation is used.
   Schedule kind is omp_sched_dynamic with chunk size 1


  INPUT --- proc title ;

   For procedure title CPU Time was 0.001 seconds and System Time was 0.001 seconds       .


  INPUT --- proc chmatrix occasions= 23 groups= 1 etype= PradRec Nodes= 
  INPUT --- 101 ICMeans NoHist hist=  165 ;

  INPUT ---    time interval 2.8033951005025 1.24942166188089 
  INPUT ---    0.684880952380901 0.374523809523801  0.197738095238101 
  INPUT ---    1.5531056176919 1.2130970501222 1.7911177305376 
  INPUT ---    0.118485576923099  0.129216346153804 0.375576923076899 
  INPUT ---    0.123850961538501 0.315735616432001 0.119379632613594  
  INPUT ---    0.4360828230744 0.376952948759303 1.8489037503733 
  INPUT ---    0.305253233500906 0.806371149511598  1.5131481122184 
  INPUT ---    1.3662431318681 0.4604281135531 ;

  INPUT ---    glabel(1)=Group 1;

      Number of unique encounter histories read was 165.

      Number of individual covariates read was 0.
      Time interval lengths vary and/or not equal to 1.

      Data type number is 17
      Data type is Pradel Survival and Recruitment

   For procedure chmatrix CPU Time was 0.001 seconds and System Time was 0.001 seconds       .

  Program  MARK  - Survival Rate Estimation with Capture-Recapture Data
   gfortran(dble/PIM2) Vers. 10.1 March 2023  13-Feb-2024 12:31:37    Page  002
 - - - - - - - - - - - - - - - - - - - - - - - - - - - - - - - - - - - - - -
 


  INPUT --- proc estimate link=Parm-Specific NOLOOP varest=2ndPart    ;


  INPUT --- model={ Phi(~time)p(~time)f(~time) };

  INPUT ---    group=1 Phi    rows=1 cols=22 Square ;
  INPUT ---        1 2 3 4 5 6 7 8 9 10 11 12 13 14 15 16 17 18 19 20 21 22 ;

  INPUT ---    group=1 p    rows=1 cols=23 Square ;
  INPUT ---        23 24 25 26 27 28 29 30 31 32 33 34 35 36 37 38 39 40 41 
  INPUT ---       42 43 44 45 ;

  INPUT ---    group=1 f    rows=1 cols=22 Square ;
  INPUT ---        46 47 48 49 50 51 52 53 54 55 56 57 58 59 60 61 62 63 64 
  INPUT ---       65 66 67 ;

  INPUT ---    design matrix constraints=67 covariates=67;
  INPUT ---        1 0 0 0 0 0 0 0 0 0 0 0 0 0 0 0 0 0 0 0 0 0 0 0 0 0 0 0 0 
  INPUT ---       0 0 0 0 0 0 0 0 0 0 0 0 0 0 0 0 0 0 0 0 0 0 0 0 0 0 0 0 0 0 
  INPUT ---       0 0 0 0 0 0 0 0;
  INPUT ---        1 1 0 0 0 0 0 0 0 0 0 0 0 0 0 0 0 0 0 0 0 0 0 0 0 0 0 0 0 
  INPUT ---       0 0 0 0 0 0 0 0 0 0 0 0 0 0 0 0 0 0 0 0 0 0 0 0 0 0 0 0 0 0 
  INPUT ---       0 0 0 0 0 0 0 0;
  INPUT ---        1 0 1 0 0 0 0 0 0 0 0 0 0 0 0 0 0 0 0 0 0 0 0 0 0 0 0 0 0 
  INPUT ---       0 0 0 0 0 0 0 0 0 0 0 0 0 0 0 0 0 0 0 0 0 0 0 0 0 0 0 0 0 0 
  INPUT ---       0 0 0 0 0 0 0 0;
  INPUT ---        1 0 0 1 0 0 0 0 0 0 0 0 0 0 0 0 0 0 0 0 0 0 0 0 0 0 0 0 0 
  INPUT ---       0 0 0 0 0 0 0 0 0 0 0 0 0 0 0 0 0 0 0 0 0 0 0 0 0 0 0 0 0 0 
  INPUT ---       0 0 0 0 0 0 0 0;
  INPUT ---        1 0 0 0 1 0 0 0 0 0 0 0 0 0 0 0 0 0 0 0 0 0 0 0 0 0 0 0 0 
  INPUT ---       0 0 0 0 0 0 0 0 0 0 0 0 0 0 0 0 0 0 0 0 0 0 0 0 0 0 0 0 0 0 
  INPUT ---       0 0 0 0 0 0 0 0;
  INPUT ---        1 0 0 0 0 1 0 0 0 0 0 0 0 0 0 0 0 0 0 0 0 0 0 0 0 0 0 0 0 
  INPUT ---       0 0 0 0 0 0 0 0 0 0 0 0 0 0 0 0 0 0 0 0 0 0 0 0 0 0 0 0 0 0 
  INPUT ---       0 0 0 0 0 0 0 0;
  INPUT ---        1 0 0 0 0 0 1 0 0 0 0 0 0 0 0 0 0 0 0 0 0 0 0 0 0 0 0 0 0 
  INPUT ---       0 0 0 0 0 0 0 0 0 0 0 0 0 0 0 0 0 0 0 0 0 0 0 0 0 0 0 0 0 0 
  INPUT ---       0 0 0 0 0 0 0 0;
  INPUT ---        1 0 0 0 0 0 0 1 0 0 0 0 0 0 0 0 0 0 0 0 0 0 0 0 0 0 0 0 0 
  INPUT ---       0 0 0 0 0 0 0 0 0 0 0 0 0 0 0 0 0 0 0 0 0 0 0 0 0 0 0 0 0 0 
  INPUT ---       0 0 0 0 0 0 0 0;
  INPUT ---        1 0 0 0 0 0 0 0 1 0 0 0 0 0 0 0 0 0 0 0 0 0 0 0 0 0 0 0 0 
  INPUT ---       0 0 0 0 0 0 0 0 0 0 0 0 0 0 0 0 0 0 0 0 0 0 0 0 0 0 0 0 0 0 
  INPUT ---       0 0 0 0 0 0 0 0;

  Program  MARK  - Survival Rate Estimation with Capture-Recapture Data
   gfortran(dble/PIM2) Vers. 10.1 March 2023  13-Feb-2024 12:31:37    Page  003
 - - - - - - - - - - - - - - - - - - - - - - - - - - - - - - - - - - - - - -
 
  INPUT ---        1 0 0 0 0 0 0 0 0 1 0 0 0 0 0 0 0 0 0 0 0 0 0 0 0 0 0 0 0 
  INPUT ---       0 0 0 0 0 0 0 0 0 0 0 0 0 0 0 0 0 0 0 0 0 0 0 0 0 0 0 0 0 0 
  INPUT ---       0 0 0 0 0 0 0 0;
  INPUT ---        1 0 0 0 0 0 0 0 0 0 1 0 0 0 0 0 0 0 0 0 0 0 0 0 0 0 0 0 0 
  INPUT ---       0 0 0 0 0 0 0 0 0 0 0 0 0 0 0 0 0 0 0 0 0 0 0 0 0 0 0 0 0 0 
  INPUT ---       0 0 0 0 0 0 0 0;
  INPUT ---        1 0 0 0 0 0 0 0 0 0 0 1 0 0 0 0 0 0 0 0 0 0 0 0 0 0 0 0 0 
  INPUT ---       0 0 0 0 0 0 0 0 0 0 0 0 0 0 0 0 0 0 0 0 0 0 0 0 0 0 0 0 0 0 
  INPUT ---       0 0 0 0 0 0 0 0;
  INPUT ---        1 0 0 0 0 0 0 0 0 0 0 0 1 0 0 0 0 0 0 0 0 0 0 0 0 0 0 0 0 
  INPUT ---       0 0 0 0 0 0 0 0 0 0 0 0 0 0 0 0 0 0 0 0 0 0 0 0 0 0 0 0 0 0 
  INPUT ---       0 0 0 0 0 0 0 0;
  INPUT ---        1 0 0 0 0 0 0 0 0 0 0 0 0 1 0 0 0 0 0 0 0 0 0 0 0 0 0 0 0 
  INPUT ---       0 0 0 0 0 0 0 0 0 0 0 0 0 0 0 0 0 0 0 0 0 0 0 0 0 0 0 0 0 0 
  INPUT ---       0 0 0 0 0 0 0 0;
  INPUT ---        1 0 0 0 0 0 0 0 0 0 0 0 0 0 1 0 0 0 0 0 0 0 0 0 0 0 0 0 0 
  INPUT ---       0 0 0 0 0 0 0 0 0 0 0 0 0 0 0 0 0 0 0 0 0 0 0 0 0 0 0 0 0 0 
  INPUT ---       0 0 0 0 0 0 0 0;
  INPUT ---        1 0 0 0 0 0 0 0 0 0 0 0 0 0 0 1 0 0 0 0 0 0 0 0 0 0 0 0 0 
  INPUT ---       0 0 0 0 0 0 0 0 0 0 0 0 0 0 0 0 0 0 0 0 0 0 0 0 0 0 0 0 0 0 
  INPUT ---       0 0 0 0 0 0 0 0;
  INPUT ---        1 0 0 0 0 0 0 0 0 0 0 0 0 0 0 0 1 0 0 0 0 0 0 0 0 0 0 0 0 
  INPUT ---       0 0 0 0 0 0 0 0 0 0 0 0 0 0 0 0 0 0 0 0 0 0 0 0 0 0 0 0 0 0 
  INPUT ---       0 0 0 0 0 0 0 0;
  INPUT ---        1 0 0 0 0 0 0 0 0 0 0 0 0 0 0 0 0 1 0 0 0 0 0 0 0 0 0 0 0 
  INPUT ---       0 0 0 0 0 0 0 0 0 0 0 0 0 0 0 0 0 0 0 0 0 0 0 0 0 0 0 0 0 0 
  INPUT ---       0 0 0 0 0 0 0 0;
  INPUT ---        1 0 0 0 0 0 0 0 0 0 0 0 0 0 0 0 0 0 1 0 0 0 0 0 0 0 0 0 0 
  INPUT ---       0 0 0 0 0 0 0 0 0 0 0 0 0 0 0 0 0 0 0 0 0 0 0 0 0 0 0 0 0 0 
  INPUT ---       0 0 0 0 0 0 0 0;
  INPUT ---        1 0 0 0 0 0 0 0 0 0 0 0 0 0 0 0 0 0 0 1 0 0 0 0 0 0 0 0 0 
  INPUT ---       0 0 0 0 0 0 0 0 0 0 0 0 0 0 0 0 0 0 0 0 0 0 0 0 0 0 0 0 0 0 
  INPUT ---       0 0 0 0 0 0 0 0;
  INPUT ---        1 0 0 0 0 0 0 0 0 0 0 0 0 0 0 0 0 0 0 0 1 0 0 0 0 0 0 0 0 
  INPUT ---       0 0 0 0 0 0 0 0 0 0 0 0 0 0 0 0 0 0 0 0 0 0 0 0 0 0 0 0 0 0 
  INPUT ---       0 0 0 0 0 0 0 0;
  INPUT ---        1 0 0 0 0 0 0 0 0 0 0 0 0 0 0 0 0 0 0 0 0 1 0 0 0 0 0 0 0 
  INPUT ---       0 0 0 0 0 0 0 0 0 0 0 0 0 0 0 0 0 0 0 0 0 0 0 0 0 0 0 0 0 0 
  INPUT ---       0 0 0 0 0 0 0 0;
  INPUT ---        0 0 0 0 0 0 0 0 0 0 0 0 0 0 0 0 0 0 0 0 0 0 1 0 0 0 0 0 0 
  INPUT ---       0 0 0 0 0 0 0 0 0 0 0 0 0 0 0 0 0 0 0 0 0 0 0 0 0 0 0 0 0 0 
  INPUT ---       0 0 0 0 0 0 0 0;
  INPUT ---        0 0 0 0 0 0 0 0 0 0 0 0 0 0 0 0 0 0 0 0 0 0 1 1 0 0 0 0 0 
  INPUT ---       0 0 0 0 0 0 0 0 0 0 0 0 0 0 0 0 0 0 0 0 0 0 0 0 0 0 0 0 0 0 
  INPUT ---       0 0 0 0 0 0 0 0;
  INPUT ---        0 0 0 0 0 0 0 0 0 0 0 0 0 0 0 0 0 0 0 0 0 0 1 0 1 0 0 0 0 

  Program  MARK  - Survival Rate Estimation with Capture-Recapture Data
   gfortran(dble/PIM2) Vers. 10.1 March 2023  13-Feb-2024 12:31:37    Page  004
 - - - - - - - - - - - - - - - - - - - - - - - - - - - - - - - - - - - - - -
 
  INPUT ---       0 0 0 0 0 0 0 0 0 0 0 0 0 0 0 0 0 0 0 0 0 0 0 0 0 0 0 0 0 0 
  INPUT ---       0 0 0 0 0 0 0 0;
  INPUT ---        0 0 0 0 0 0 0 0 0 0 0 0 0 0 0 0 0 0 0 0 0 0 1 0 0 1 0 0 0 
  INPUT ---       0 0 0 0 0 0 0 0 0 0 0 0 0 0 0 0 0 0 0 0 0 0 0 0 0 0 0 0 0 0 
  INPUT ---       0 0 0 0 0 0 0 0;
  INPUT ---        0 0 0 0 0 0 0 0 0 0 0 0 0 0 0 0 0 0 0 0 0 0 1 0 0 0 1 0 0 
  INPUT ---       0 0 0 0 0 0 0 0 0 0 0 0 0 0 0 0 0 0 0 0 0 0 0 0 0 0 0 0 0 0 
  INPUT ---       0 0 0 0 0 0 0 0;
  INPUT ---        0 0 0 0 0 0 0 0 0 0 0 0 0 0 0 0 0 0 0 0 0 0 1 0 0 0 0 1 0 
  INPUT ---       0 0 0 0 0 0 0 0 0 0 0 0 0 0 0 0 0 0 0 0 0 0 0 0 0 0 0 0 0 0 
  INPUT ---       0 0 0 0 0 0 0 0;
  INPUT ---        0 0 0 0 0 0 0 0 0 0 0 0 0 0 0 0 0 0 0 0 0 0 1 0 0 0 0 0 1 
  INPUT ---       0 0 0 0 0 0 0 0 0 0 0 0 0 0 0 0 0 0 0 0 0 0 0 0 0 0 0 0 0 0 
  INPUT ---       0 0 0 0 0 0 0 0;
  INPUT ---        0 0 0 0 0 0 0 0 0 0 0 0 0 0 0 0 0 0 0 0 0 0 1 0 0 0 0 0 0 
  INPUT ---       1 0 0 0 0 0 0 0 0 0 0 0 0 0 0 0 0 0 0 0 0 0 0 0 0 0 0 0 0 0 
  INPUT ---       0 0 0 0 0 0 0 0;
  INPUT ---        0 0 0 0 0 0 0 0 0 0 0 0 0 0 0 0 0 0 0 0 0 0 1 0 0 0 0 0 0 
  INPUT ---       0 1 0 0 0 0 0 0 0 0 0 0 0 0 0 0 0 0 0 0 0 0 0 0 0 0 0 0 0 0 
  INPUT ---       0 0 0 0 0 0 0 0;
  INPUT ---        0 0 0 0 0 0 0 0 0 0 0 0 0 0 0 0 0 0 0 0 0 0 1 0 0 0 0 0 0 
  INPUT ---       0 0 1 0 0 0 0 0 0 0 0 0 0 0 0 0 0 0 0 0 0 0 0 0 0 0 0 0 0 0 
  INPUT ---       0 0 0 0 0 0 0 0;
  INPUT ---        0 0 0 0 0 0 0 0 0 0 0 0 0 0 0 0 0 0 0 0 0 0 1 0 0 0 0 0 0 
  INPUT ---       0 0 0 1 0 0 0 0 0 0 0 0 0 0 0 0 0 0 0 0 0 0 0 0 0 0 0 0 0 0 
  INPUT ---       0 0 0 0 0 0 0 0;
  INPUT ---        0 0 0 0 0 0 0 0 0 0 0 0 0 0 0 0 0 0 0 0 0 0 1 0 0 0 0 0 0 
  INPUT ---       0 0 0 0 1 0 0 0 0 0 0 0 0 0 0 0 0 0 0 0 0 0 0 0 0 0 0 0 0 0 
  INPUT ---       0 0 0 0 0 0 0 0;
  INPUT ---        0 0 0 0 0 0 0 0 0 0 0 0 0 0 0 0 0 0 0 0 0 0 1 0 0 0 0 0 0 
  INPUT ---       0 0 0 0 0 1 0 0 0 0 0 0 0 0 0 0 0 0 0 0 0 0 0 0 0 0 0 0 0 0 
  INPUT ---       0 0 0 0 0 0 0 0;
  INPUT ---        0 0 0 0 0 0 0 0 0 0 0 0 0 0 0 0 0 0 0 0 0 0 1 0 0 0 0 0 0 
  INPUT ---       0 0 0 0 0 0 1 0 0 0 0 0 0 0 0 0 0 0 0 0 0 0 0 0 0 0 0 0 0 0 
  INPUT ---       0 0 0 0 0 0 0 0;
  INPUT ---        0 0 0 0 0 0 0 0 0 0 0 0 0 0 0 0 0 0 0 0 0 0 1 0 0 0 0 0 0 
  INPUT ---       0 0 0 0 0 0 0 1 0 0 0 0 0 0 0 0 0 0 0 0 0 0 0 0 0 0 0 0 0 0 
  INPUT ---       0 0 0 0 0 0 0 0;
  INPUT ---        0 0 0 0 0 0 0 0 0 0 0 0 0 0 0 0 0 0 0 0 0 0 1 0 0 0 0 0 0 
  INPUT ---       0 0 0 0 0 0 0 0 1 0 0 0 0 0 0 0 0 0 0 0 0 0 0 0 0 0 0 0 0 0 
  INPUT ---       0 0 0 0 0 0 0 0;
  INPUT ---        0 0 0 0 0 0 0 0 0 0 0 0 0 0 0 0 0 0 0 0 0 0 1 0 0 0 0 0 0 
  INPUT ---       0 0 0 0 0 0 0 0 0 1 0 0 0 0 0 0 0 0 0 0 0 0 0 0 0 0 0 0 0 0 
  INPUT ---       0 0 0 0 0 0 0 0;
  INPUT ---        0 0 0 0 0 0 0 0 0 0 0 0 0 0 0 0 0 0 0 0 0 0 1 0 0 0 0 0 0 
  INPUT ---       0 0 0 0 0 0 0 0 0 0 1 0 0 0 0 0 0 0 0 0 0 0 0 0 0 0 0 0 0 0 

  Program  MARK  - Survival Rate Estimation with Capture-Recapture Data
   gfortran(dble/PIM2) Vers. 10.1 March 2023  13-Feb-2024 12:31:37    Page  005
 - - - - - - - - - - - - - - - - - - - - - - - - - - - - - - - - - - - - - -
 
  INPUT ---       0 0 0 0 0 0 0 0;
  INPUT ---        0 0 0 0 0 0 0 0 0 0 0 0 0 0 0 0 0 0 0 0 0 0 1 0 0 0 0 0 0 
  INPUT ---       0 0 0 0 0 0 0 0 0 0 0 1 0 0 0 0 0 0 0 0 0 0 0 0 0 0 0 0 0 0 
  INPUT ---       0 0 0 0 0 0 0 0;
  INPUT ---        0 0 0 0 0 0 0 0 0 0 0 0 0 0 0 0 0 0 0 0 0 0 1 0 0 0 0 0 0 
  INPUT ---       0 0 0 0 0 0 0 0 0 0 0 0 1 0 0 0 0 0 0 0 0 0 0 0 0 0 0 0 0 0 
  INPUT ---       0 0 0 0 0 0 0 0;
  INPUT ---        0 0 0 0 0 0 0 0 0 0 0 0 0 0 0 0 0 0 0 0 0 0 1 0 0 0 0 0 0 
  INPUT ---       0 0 0 0 0 0 0 0 0 0 0 0 0 1 0 0 0 0 0 0 0 0 0 0 0 0 0 0 0 0 
  INPUT ---       0 0 0 0 0 0 0 0;
  INPUT ---        0 0 0 0 0 0 0 0 0 0 0 0 0 0 0 0 0 0 0 0 0 0 1 0 0 0 0 0 0 
  INPUT ---       0 0 0 0 0 0 0 0 0 0 0 0 0 0 1 0 0 0 0 0 0 0 0 0 0 0 0 0 0 0 
  INPUT ---       0 0 0 0 0 0 0 0;
  INPUT ---        0 0 0 0 0 0 0 0 0 0 0 0 0 0 0 0 0 0 0 0 0 0 1 0 0 0 0 0 0 
  INPUT ---       0 0 0 0 0 0 0 0 0 0 0 0 0 0 0 1 0 0 0 0 0 0 0 0 0 0 0 0 0 0 
  INPUT ---       0 0 0 0 0 0 0 0;
  INPUT ---        0 0 0 0 0 0 0 0 0 0 0 0 0 0 0 0 0 0 0 0 0 0 0 0 0 0 0 0 0 
  INPUT ---       0 0 0 0 0 0 0 0 0 0 0 0 0 0 0 0 1 0 0 0 0 0 0 0 0 0 0 0 0 0 
  INPUT ---       0 0 0 0 0 0 0 0;
  INPUT ---        0 0 0 0 0 0 0 0 0 0 0 0 0 0 0 0 0 0 0 0 0 0 0 0 0 0 0 0 0 
  INPUT ---       0 0 0 0 0 0 0 0 0 0 0 0 0 0 0 0 1 1 0 0 0 0 0 0 0 0 0 0 0 0 
  INPUT ---       0 0 0 0 0 0 0 0;
  INPUT ---        0 0 0 0 0 0 0 0 0 0 0 0 0 0 0 0 0 0 0 0 0 0 0 0 0 0 0 0 0 
  INPUT ---       0 0 0 0 0 0 0 0 0 0 0 0 0 0 0 0 1 0 1 0 0 0 0 0 0 0 0 0 0 0 
  INPUT ---       0 0 0 0 0 0 0 0;
  INPUT ---        0 0 0 0 0 0 0 0 0 0 0 0 0 0 0 0 0 0 0 0 0 0 0 0 0 0 0 0 0 
  INPUT ---       0 0 0 0 0 0 0 0 0 0 0 0 0 0 0 0 1 0 0 1 0 0 0 0 0 0 0 0 0 0 
  INPUT ---       0 0 0 0 0 0 0 0;
  INPUT ---        0 0 0 0 0 0 0 0 0 0 0 0 0 0 0 0 0 0 0 0 0 0 0 0 0 0 0 0 0 
  INPUT ---       0 0 0 0 0 0 0 0 0 0 0 0 0 0 0 0 1 0 0 0 1 0 0 0 0 0 0 0 0 0 
  INPUT ---       0 0 0 0 0 0 0 0;
  INPUT ---        0 0 0 0 0 0 0 0 0 0 0 0 0 0 0 0 0 0 0 0 0 0 0 0 0 0 0 0 0 
  INPUT ---       0 0 0 0 0 0 0 0 0 0 0 0 0 0 0 0 1 0 0 0 0 1 0 0 0 0 0 0 0 0 
  INPUT ---       0 0 0 0 0 0 0 0;
  INPUT ---        0 0 0 0 0 0 0 0 0 0 0 0 0 0 0 0 0 0 0 0 0 0 0 0 0 0 0 0 0 
  INPUT ---       0 0 0 0 0 0 0 0 0 0 0 0 0 0 0 0 1 0 0 0 0 0 1 0 0 0 0 0 0 0 
  INPUT ---       0 0 0 0 0 0 0 0;
  INPUT ---        0 0 0 0 0 0 0 0 0 0 0 0 0 0 0 0 0 0 0 0 0 0 0 0 0 0 0 0 0 
  INPUT ---       0 0 0 0 0 0 0 0 0 0 0 0 0 0 0 0 1 0 0 0 0 0 0 1 0 0 0 0 0 0 
  INPUT ---       0 0 0 0 0 0 0 0;
  INPUT ---        0 0 0 0 0 0 0 0 0 0 0 0 0 0 0 0 0 0 0 0 0 0 0 0 0 0 0 0 0 
  INPUT ---       0 0 0 0 0 0 0 0 0 0 0 0 0 0 0 0 1 0 0 0 0 0 0 0 1 0 0 0 0 0 
  INPUT ---       0 0 0 0 0 0 0 0;
  INPUT ---        0 0 0 0 0 0 0 0 0 0 0 0 0 0 0 0 0 0 0 0 0 0 0 0 0 0 0 0 0 
  INPUT ---       0 0 0 0 0 0 0 0 0 0 0 0 0 0 0 0 1 0 0 0 0 0 0 0 0 1 0 0 0 0 
  INPUT ---       0 0 0 0 0 0 0 0;

  Program  MARK  - Survival Rate Estimation with Capture-Recapture Data
   gfortran(dble/PIM2) Vers. 10.1 March 2023  13-Feb-2024 12:31:37    Page  006
 - - - - - - - - - - - - - - - - - - - - - - - - - - - - - - - - - - - - - -
 
  INPUT ---        0 0 0 0 0 0 0 0 0 0 0 0 0 0 0 0 0 0 0 0 0 0 0 0 0 0 0 0 0 
  INPUT ---       0 0 0 0 0 0 0 0 0 0 0 0 0 0 0 0 1 0 0 0 0 0 0 0 0 0 1 0 0 0 
  INPUT ---       0 0 0 0 0 0 0 0;
  INPUT ---        0 0 0 0 0 0 0 0 0 0 0 0 0 0 0 0 0 0 0 0 0 0 0 0 0 0 0 0 0 
  INPUT ---       0 0 0 0 0 0 0 0 0 0 0 0 0 0 0 0 1 0 0 0 0 0 0 0 0 0 0 1 0 0 
  INPUT ---       0 0 0 0 0 0 0 0;
  INPUT ---        0 0 0 0 0 0 0 0 0 0 0 0 0 0 0 0 0 0 0 0 0 0 0 0 0 0 0 0 0 
  INPUT ---       0 0 0 0 0 0 0 0 0 0 0 0 0 0 0 0 1 0 0 0 0 0 0 0 0 0 0 0 1 0 
  INPUT ---       0 0 0 0 0 0 0 0;
  INPUT ---        0 0 0 0 0 0 0 0 0 0 0 0 0 0 0 0 0 0 0 0 0 0 0 0 0 0 0 0 0 
  INPUT ---       0 0 0 0 0 0 0 0 0 0 0 0 0 0 0 0 1 0 0 0 0 0 0 0 0 0 0 0 0 1 
  INPUT ---       0 0 0 0 0 0 0 0;
  INPUT ---        0 0 0 0 0 0 0 0 0 0 0 0 0 0 0 0 0 0 0 0 0 0 0 0 0 0 0 0 0 
  INPUT ---       0 0 0 0 0 0 0 0 0 0 0 0 0 0 0 0 1 0 0 0 0 0 0 0 0 0 0 0 0 0 
  INPUT ---       1 0 0 0 0 0 0 0;
  INPUT ---        0 0 0 0 0 0 0 0 0 0 0 0 0 0 0 0 0 0 0 0 0 0 0 0 0 0 0 0 0 
  INPUT ---       0 0 0 0 0 0 0 0 0 0 0 0 0 0 0 0 1 0 0 0 0 0 0 0 0 0 0 0 0 0 
  INPUT ---       0 1 0 0 0 0 0 0;
  INPUT ---        0 0 0 0 0 0 0 0 0 0 0 0 0 0 0 0 0 0 0 0 0 0 0 0 0 0 0 0 0 
  INPUT ---       0 0 0 0 0 0 0 0 0 0 0 0 0 0 0 0 1 0 0 0 0 0 0 0 0 0 0 0 0 0 
  INPUT ---       0 0 1 0 0 0 0 0;
  INPUT ---        0 0 0 0 0 0 0 0 0 0 0 0 0 0 0 0 0 0 0 0 0 0 0 0 0 0 0 0 0 
  INPUT ---       0 0 0 0 0 0 0 0 0 0 0 0 0 0 0 0 1 0 0 0 0 0 0 0 0 0 0 0 0 0 
  INPUT ---       0 0 0 1 0 0 0 0;
  INPUT ---        0 0 0 0 0 0 0 0 0 0 0 0 0 0 0 0 0 0 0 0 0 0 0 0 0 0 0 0 0 
  INPUT ---       0 0 0 0 0 0 0 0 0 0 0 0 0 0 0 0 1 0 0 0 0 0 0 0 0 0 0 0 0 0 
  INPUT ---       0 0 0 0 1 0 0 0;
  INPUT ---        0 0 0 0 0 0 0 0 0 0 0 0 0 0 0 0 0 0 0 0 0 0 0 0 0 0 0 0 0 
  INPUT ---       0 0 0 0 0 0 0 0 0 0 0 0 0 0 0 0 1 0 0 0 0 0 0 0 0 0 0 0 0 0 
  INPUT ---       0 0 0 0 0 1 0 0;
  INPUT ---        0 0 0 0 0 0 0 0 0 0 0 0 0 0 0 0 0 0 0 0 0 0 0 0 0 0 0 0 0 
  INPUT ---       0 0 0 0 0 0 0 0 0 0 0 0 0 0 0 0 1 0 0 0 0 0 0 0 0 0 0 0 0 0 
  INPUT ---       0 0 0 0 0 0 1 0;
  INPUT ---        0 0 0 0 0 0 0 0 0 0 0 0 0 0 0 0 0 0 0 0 0 0 0 0 0 0 0 0 0 
  INPUT ---       0 0 0 0 0 0 0 0 0 0 0 0 0 0 0 0 1 0 0 0 0 0 0 0 0 0 0 0 0 0 
  INPUT ---       0 0 0 0 0 0 0 1;

  INPUT ---    links=67;

  INPUT ---    Logit;

  INPUT ---    Logit;

  INPUT ---    Logit;

  INPUT ---    Logit;

  Program  MARK  - Survival Rate Estimation with Capture-Recapture Data
   gfortran(dble/PIM2) Vers. 10.1 March 2023  13-Feb-2024 12:31:37    Page  007
 - - - - - - - - - - - - - - - - - - - - - - - - - - - - - - - - - - - - - -
 

  INPUT ---    Logit;

  INPUT ---    Logit;

  INPUT ---    Logit;

  INPUT ---    Logit;

  INPUT ---    Logit;

  INPUT ---    Logit;

  INPUT ---    Logit;

  INPUT ---    Logit;

  INPUT ---    Logit;

  INPUT ---    Logit;

  INPUT ---    Logit;

  INPUT ---    Logit;

  INPUT ---    Logit;

  INPUT ---    Logit;

  INPUT ---    Logit;

  INPUT ---    Logit;

  INPUT ---    Logit;

  INPUT ---    Logit;

  INPUT ---    Logit;

  INPUT ---    Logit;

  INPUT ---    Logit;

  INPUT ---    Logit;

  INPUT ---    Logit;

  Program  MARK  - Survival Rate Estimation with Capture-Recapture Data
   gfortran(dble/PIM2) Vers. 10.1 March 2023  13-Feb-2024 12:31:37    Page  008
 - - - - - - - - - - - - - - - - - - - - - - - - - - - - - - - - - - - - - -
 

  INPUT ---    Logit;

  INPUT ---    Logit;

  INPUT ---    Logit;

  INPUT ---    Logit;

  INPUT ---    Logit;

  INPUT ---    Logit;

  INPUT ---    Logit;

  INPUT ---    Logit;

  INPUT ---    Logit;

  INPUT ---    Logit;

  INPUT ---    Logit;

  INPUT ---    Logit;

  INPUT ---    Logit;

  INPUT ---    Logit;

  INPUT ---    Logit;

  INPUT ---    Logit;

  INPUT ---    Logit;

  INPUT ---    Logit;

  INPUT ---    Log;

  INPUT ---    Log;

  INPUT ---    Log;

  INPUT ---    Log;

  INPUT ---    Log;

  Program  MARK  - Survival Rate Estimation with Capture-Recapture Data
   gfortran(dble/PIM2) Vers. 10.1 March 2023  13-Feb-2024 12:31:37    Page  009
 - - - - - - - - - - - - - - - - - - - - - - - - - - - - - - - - - - - - - -
 

  INPUT ---    Log;

  INPUT ---    Log;

  INPUT ---    Log;

  INPUT ---    Log;

  INPUT ---    Log;

  INPUT ---    Log;

  INPUT ---    Log;

  INPUT ---    Log;

  INPUT ---    Log;

  INPUT ---    Log;

  INPUT ---    Log;

  INPUT ---    Log;

  INPUT ---    Log;

  INPUT ---    Log;

  INPUT ---    Log;

  INPUT ---    Log;

  INPUT ---    Log;
  INPUT ---       blabel(1)=Phi:(Intercept);
  INPUT ---       blabel(2)=Phi:time3.8033951005025;
  INPUT ---       blabel(3)=Phi:time5.05281676238339;
  INPUT ---       blabel(4)=Phi:time5.73769771476429;
  INPUT ---       blabel(5)=Phi:time6.1122215242881;
  INPUT ---       blabel(6)=Phi:time6.3099596195262;
  INPUT ---       blabel(7)=Phi:time7.86306523721809;
  INPUT ---       blabel(8)=Phi:time9.0761622873403;
  INPUT ---       blabel(9)=Phi:time10.8672800178779;
  INPUT ---       blabel(10)=Phi:time10.985765594801;
  INPUT ---       blabel(11)=Phi:time11.1149819409548;
  INPUT ---       blabel(12)=Phi:time11.4905588640317;

  Program  MARK  - Survival Rate Estimation with Capture-Recapture Data
   gfortran(dble/PIM2) Vers. 10.1 March 2023  13-Feb-2024 12:31:37    Page  010
 - - - - - - - - - - - - - - - - - - - - - - - - - - - - - - - - - - - - - -
 
  INPUT ---       blabel(13)=Phi:time11.6144098255702;
  INPUT ---       blabel(14)=Phi:time11.9301454420022;
  INPUT ---       blabel(15)=Phi:time12.0495250746158;
  INPUT ---       blabel(16)=Phi:time12.4856078976902;
  INPUT ---       blabel(17)=Phi:time12.8625608464495;
  INPUT ---       blabel(18)=Phi:time14.7114645968228;
  INPUT ---       blabel(19)=Phi:time15.0167178303237;
  INPUT ---       blabel(20)=Phi:time15.8230889798353;
  INPUT ---       blabel(21)=Phi:time17.3362370920537;
  INPUT ---       blabel(22)=Phi:time18.7024802239218;
  INPUT ---       blabel(23)=p:(Intercept);
  INPUT ---       blabel(24)=p:time3.8033951005025;
  INPUT ---       blabel(25)=p:time5.05281676238339;
  INPUT ---       blabel(26)=p:time5.73769771476429;
  INPUT ---       blabel(27)=p:time6.1122215242881;
  INPUT ---       blabel(28)=p:time6.3099596195262;
  INPUT ---       blabel(29)=p:time7.86306523721809;
  INPUT ---       blabel(30)=p:time9.0761622873403;
  INPUT ---       blabel(31)=p:time10.8672800178779;
  INPUT ---       blabel(32)=p:time10.985765594801;
  INPUT ---       blabel(33)=p:time11.1149819409548;
  INPUT ---       blabel(34)=p:time11.4905588640317;
  INPUT ---       blabel(35)=p:time11.6144098255702;
  INPUT ---       blabel(36)=p:time11.9301454420022;
  INPUT ---       blabel(37)=p:time12.0495250746158;
  INPUT ---       blabel(38)=p:time12.4856078976902;
  INPUT ---       blabel(39)=p:time12.8625608464495;
  INPUT ---       blabel(40)=p:time14.7114645968228;
  INPUT ---       blabel(41)=p:time15.0167178303237;
  INPUT ---       blabel(42)=p:time15.8230889798353;
  INPUT ---       blabel(43)=p:time17.3362370920537;
  INPUT ---       blabel(44)=p:time18.7024802239218;
  INPUT ---       blabel(45)=p:time19.1629083374749;
  INPUT ---       blabel(46)=f:(Intercept);
  INPUT ---       blabel(47)=f:time3.8033951005025;
  INPUT ---       blabel(48)=f:time5.05281676238339;
  INPUT ---       blabel(49)=f:time5.73769771476429;
  INPUT ---       blabel(50)=f:time6.1122215242881;
  INPUT ---       blabel(51)=f:time6.3099596195262;
  INPUT ---       blabel(52)=f:time7.86306523721809;
  INPUT ---       blabel(53)=f:time9.0761622873403;
  INPUT ---       blabel(54)=f:time10.8672800178779;
  INPUT ---       blabel(55)=f:time10.985765594801;
  INPUT ---       blabel(56)=f:time11.1149819409548;
  INPUT ---       blabel(57)=f:time11.4905588640317;
  INPUT ---       blabel(58)=f:time11.6144098255702;

  Program  MARK  - Survival Rate Estimation with Capture-Recapture Data
   gfortran(dble/PIM2) Vers. 10.1 March 2023  13-Feb-2024 12:31:37    Page  011
 - - - - - - - - - - - - - - - - - - - - - - - - - - - - - - - - - - - - - -
 
  INPUT ---       blabel(59)=f:time11.9301454420022;
  INPUT ---       blabel(60)=f:time12.0495250746158;
  INPUT ---       blabel(61)=f:time12.4856078976902;
  INPUT ---       blabel(62)=f:time12.8625608464495;
  INPUT ---       blabel(63)=f:time14.7114645968228;
  INPUT ---       blabel(64)=f:time15.0167178303237;
  INPUT ---       blabel(65)=f:time15.8230889798353;
  INPUT ---       blabel(66)=f:time17.3362370920537;
  INPUT ---       blabel(67)=f:time18.7024802239218;
  INPUT ---       rlabel(1)=Phi g1 a0 t1;
  INPUT ---       rlabel(2)=Phi g1 a2.8033951005025 t3.8033951005025;
  INPUT ---       rlabel(3)=Phi g1 a4.05281676238339 t5.05281676238339;
  INPUT ---       rlabel(4)=Phi g1 a4.73769771476429 t5.73769771476429;
  INPUT ---       rlabel(5)=Phi g1 a5.1122215242881 t6.1122215242881;
  INPUT ---       rlabel(6)=Phi g1 a5.3099596195262 t6.3099596195262;
  INPUT ---       rlabel(7)=Phi g1 a6.86306523721809 t7.86306523721809;
  INPUT ---       rlabel(8)=Phi g1 a8.0761622873403 t9.0761622873403;
  INPUT ---       rlabel(9)=Phi g1 a9.8672800178779 t10.8672800178779;
  INPUT ---       rlabel(10)=Phi g1 a9.98576559480099 t10.985765594801;
  INPUT ---       rlabel(11)=Phi g1 a10.1149819409548 t11.1149819409548;
  INPUT ---       rlabel(12)=Phi g1 a10.4905588640317 t11.4905588640317;
  INPUT ---       rlabel(13)=Phi g1 a10.6144098255702 t11.6144098255702;
  INPUT ---       rlabel(14)=Phi g1 a10.9301454420022 t11.9301454420022;
  INPUT ---       rlabel(15)=Phi g1 a11.0495250746158 t12.0495250746158;
  INPUT ---       rlabel(16)=Phi g1 a11.4856078976902 t12.4856078976902;
  INPUT ---       rlabel(17)=Phi g1 a11.8625608464495 t12.8625608464495;
  INPUT ---       rlabel(18)=Phi g1 a13.7114645968228 t14.7114645968228;
  INPUT ---       rlabel(19)=Phi g1 a14.0167178303237 t15.0167178303237;
  INPUT ---       rlabel(20)=Phi g1 a14.8230889798353 t15.8230889798353;
  INPUT ---       rlabel(21)=Phi g1 a16.3362370920537 t17.3362370920537;
  INPUT ---       rlabel(22)=Phi g1 a17.7024802239218 t18.7024802239218;
  INPUT ---       rlabel(23)=p g1 a0 t1;
  INPUT ---       rlabel(24)=p g1 a2.8033951005025 t3.8033951005025;
  INPUT ---       rlabel(25)=p g1 a4.05281676238339 t5.05281676238339;
  INPUT ---       rlabel(26)=p g1 a4.73769771476429 t5.73769771476429;
  INPUT ---       rlabel(27)=p g1 a5.1122215242881 t6.1122215242881;
  INPUT ---       rlabel(28)=p g1 a5.3099596195262 t6.3099596195262;
  INPUT ---       rlabel(29)=p g1 a6.86306523721809 t7.86306523721809;
  INPUT ---       rlabel(30)=p g1 a8.0761622873403 t9.0761622873403;
  INPUT ---       rlabel(31)=p g1 a9.8672800178779 t10.8672800178779;
  INPUT ---       rlabel(32)=p g1 a9.98576559480099 t10.985765594801;
  INPUT ---       rlabel(33)=p g1 a10.1149819409548 t11.1149819409548;
  INPUT ---       rlabel(34)=p g1 a10.4905588640317 t11.4905588640317;
  INPUT ---       rlabel(35)=p g1 a10.6144098255702 t11.6144098255702;
  INPUT ---       rlabel(36)=p g1 a10.9301454420022 t11.9301454420022;
  INPUT ---       rlabel(37)=p g1 a11.0495250746158 t12.0495250746158;

  Program  MARK  - Survival Rate Estimation with Capture-Recapture Data
   gfortran(dble/PIM2) Vers. 10.1 March 2023  13-Feb-2024 12:31:37    Page  012
 - - - - - - - - - - - - - - - - - - - - - - - - - - - - - - - - - - - - - -
 
  INPUT ---       rlabel(38)=p g1 a11.4856078976902 t12.4856078976902;
  INPUT ---       rlabel(39)=p g1 a11.8625608464495 t12.8625608464495;
  INPUT ---       rlabel(40)=p g1 a13.7114645968228 t14.7114645968228;
  INPUT ---       rlabel(41)=p g1 a14.0167178303237 t15.0167178303237;
  INPUT ---       rlabel(42)=p g1 a14.8230889798353 t15.8230889798353;
  INPUT ---       rlabel(43)=p g1 a16.3362370920537 t17.3362370920537;
  INPUT ---       rlabel(44)=p g1 a17.7024802239218 t18.7024802239218;
  INPUT ---       rlabel(45)=p g1 a18.1629083374749 t19.1629083374749;
  INPUT ---       rlabel(46)=f g1 a0 t1;
  INPUT ---       rlabel(47)=f g1 a2.8033951005025 t3.8033951005025;
  INPUT ---       rlabel(48)=f g1 a4.05281676238339 t5.05281676238339;
  INPUT ---       rlabel(49)=f g1 a4.73769771476429 t5.73769771476429;
  INPUT ---       rlabel(50)=f g1 a5.1122215242881 t6.1122215242881;
  INPUT ---       rlabel(51)=f g1 a5.3099596195262 t6.3099596195262;
  INPUT ---       rlabel(52)=f g1 a6.86306523721809 t7.86306523721809;
  INPUT ---       rlabel(53)=f g1 a8.0761622873403 t9.0761622873403;
  INPUT ---       rlabel(54)=f g1 a9.8672800178779 t10.8672800178779;
  INPUT ---       rlabel(55)=f g1 a9.98576559480099 t10.985765594801;
  INPUT ---       rlabel(56)=f g1 a10.1149819409548 t11.1149819409548;
  INPUT ---       rlabel(57)=f g1 a10.4905588640317 t11.4905588640317;
  INPUT ---       rlabel(58)=f g1 a10.6144098255702 t11.6144098255702;
  INPUT ---       rlabel(59)=f g1 a10.9301454420022 t11.9301454420022;
  INPUT ---       rlabel(60)=f g1 a11.0495250746158 t12.0495250746158;
  INPUT ---       rlabel(61)=f g1 a11.4856078976902 t12.4856078976902;
  INPUT ---       rlabel(62)=f g1 a11.8625608464495 t12.8625608464495;
  INPUT ---       rlabel(63)=f g1 a13.7114645968228 t14.7114645968228;
  INPUT ---       rlabel(64)=f g1 a14.0167178303237 t15.0167178303237;
  INPUT ---       rlabel(65)=f g1 a14.8230889798353 t15.8230889798353;
  INPUT ---       rlabel(66)=f g1 a16.3362370920537 t17.3362370920537;
  INPUT ---       rlabel(67)=f g1 a17.7024802239218 t18.7024802239218;
   Model is { Phi(~time)p(~time)f(~time) }

 Link Function Used is PARM-SPECIFIC

 Variance Estimation Procedure Used is 2ndPart 
 -2logL(saturated) = 1800.5278     
 Effective Sample Size = 1341

 Number of function evaluations was 147 for 67 parameters.
 For numerical optimization, CPU Time was 9.719 seconds and System Time was 14.156 seconds.
 -2logL { Phi(~time)p(~time)f(~time) } = 4497.2094     
 Penalty { Phi(~time)p(~time)f(~time) } = 0.0000000     

   * *  WARNING  * *   Numerical underflow occurred during optimization of this model. 
     IEEE flag status at end of optimization:
     overflow       F
     divide by zero F
     invalid        F
     underflow      T
     inexact        T


  Program  MARK  - Survival Rate Estimation with Capture-Recapture Data
   gfortran(dble/PIM2) Vers. 10.1 March 2023  13-Feb-2024 12:31:51    Page  013
 - - - - - - - - - - - - - - - - - - - - - - - - - - - - - - - - - - - - - -
 
 Gradient { Phi(~time)p(~time)f(~time) }:
  -10.248645       0.0000000     -0.11035229E-01 -0.86814267E-02   0.0000000    
   0.0000000     -0.42455390E-01 -0.82581294E-02   0.0000000     -0.71163015E-01
   0.0000000       0.0000000     -0.76139037E-01   0.0000000     -0.43903215    
   0.0000000       0.0000000      -1.0506257      -2.2441854       0.0000000    
  0.41582697E-01  -6.3386615      -9.2728156     -0.45182014E-02  0.14841734E-01
  0.27127409E-02  0.18599935E-02  0.45947092E-02  0.90741710E-02 -0.76108464E-03
 -0.70823295E-03  0.85945175E-02  0.12016719E-01  0.16593198E-01 -0.27289792E-02
  0.29335214E-01  0.31044218E-01  0.15610418      0.18322423      0.20084771    
  0.56887599      0.94535336       2.1467949      -7.4208952      -6.1750366    
  -1.0483595     -0.24014018E-01 -0.28126477E-01 -0.37366282E-01   0.0000000    
 -0.12016717E-02 -0.25314903E-01  0.35609325E-05 -0.35297398E-01 -0.13462462E-01
   0.0000000       0.0000000       0.0000000     -0.10061780E-02 -0.66536583E-02
   0.0000000       0.0000000       0.0000000       0.0000000     -0.10882389    
 -0.58645426     -0.31364318    
 Maximum ABS(G) { Phi(~time)p(~time)f(~time) } = 10.248645     

   * *  WARNING  * *   Numerical convergence suspect. 
 To compute VC matrix, CPU Time was 6.453 seconds and System Time was 8.203 seconds.
 S Vector { Phi(~time)p(~time)f(~time) }:
   561.2840      112.8764      74.90244      35.77886      35.33149    
   34.84960      34.10661      33.26382      32.72221      31.30461    
   31.17687      30.88248      30.17749      29.44330      28.69353    
   26.78161      23.55857      23.21387      22.74505      21.56753    
   20.62023      20.07173      17.79924      9.998724      6.643998    
   5.450540      5.317364      4.856732      3.876954      3.431026    
   2.159838      1.822417      1.703315      1.495091      1.474591    
   1.445498      1.378994      1.078396     0.7567356     0.7205425    
  0.6092661     0.5981202     0.3361576     0.2981189     0.1173148    
  0.6903682E-01 0.1776193E-04 0.1214410E-04 0.7505349E-06 0.2770056E-06
  0.1811612E-06 0.1626758E-06 0.1214641E-06 0.4417211E-10 0.2321710E-11
  0.9180988E-14 0.6246001E-14 0.4848662E-14 0.2469448E-14 0.1611096E-14
  0.1387012E-14 0.9352885E-15 0.2475775E-15 0.1861782E-30 0.1937651E-31
  0.1605881E-46 0.7905361E-48
 To invert VC matrix, CPU Time was 0.001 seconds and System Time was 0.001 seconds.
 Ratio Threshold = 50.000000       Max Gap (63/64) = 0.1329788E+16   Next Max Gap (65/66) = 0.1206596E+16 
 Gap Method for Num. of Estimated Parameters { Phi(~time)p(~time)f(~time) } = 63          
 Threshold { Phi(~time)p(~time)f(~time) } = 20.497289               
 Numerical Threshold Method for Num. of Estimated Parameters { Phi(~time)p(~time)f(~time) } = 21          
 Number of Estimated Parameters { Phi(~time)p(~time)f(~time) } = 63          

   * *  WARNING  * *   Number of parameters estimated from gap method (=63) and threshold method (=21) differ.  Inspect full output. 

  Program  MARK  - Survival Rate Estimation with Capture-Recapture Data
   gfortran(dble/PIM2) Vers. 10.1 March 2023  13-Feb-2024 12:32:00    Page  014
 - - - - - - - - - - - - - - - - - - - - - - - - - - - - - - - - - - - - - -
 
 Ratios of S Vector { Phi(~time)p(~time)f(~time) }:
   1/2    4.972552       2/3    1.506980       3/4    2.093483       4/5    1.012662       5/6    1.013828    
   6/7    1.021784       7/8    1.025337       8/9    1.016552       9/10    1.045284       10/11    1.004097    
   11/12    1.009533       12/13    1.023361       13/14    1.024936       14/15    1.026130       15/16    1.071389    
   16/17    1.136809       17/18    1.014849       18/19    1.020612       19/20    1.054597       20/21    1.045941    
   21/22    1.027327       22/23    1.127673       23/24    1.780151       24/25    1.504926       25/26    1.218962    
   26/27    1.025045       27/28    1.094844       28/29    1.252718       29/30    1.129969       30/31    1.588557    
   31/32    1.185150       32/33    1.069923       33/34    1.139272       34/35    1.013902       35/36    1.020126    
   36/37    1.048226       37/38    1.278746       38/39    1.425063       39/40    1.050230       40/41    1.182640    
   41/42    1.018635       42/43    1.779285       43/44    1.127596       44/45    2.541188       45/46    1.699307    
   46/47    3886.786       47/48    1.462597       48/49    16.18060       49/50    2.709458       50/51    1.529056    
   51/52    1.113633       52/53    1.339292       53/54    2749.791       54/55    19.02568       55/56    252.8823    
   56/57    1.469898       57/58    1.288191       58/59    1.963460       59/60    1.532775       60/61    1.161559    
   61/62    1.482978       62/63    3.777761       63/64   0.1329788E+16   64/65    9.608450       65/66   0.1206596E+16
   66/67    20.31383    
 DEVIANCE { Phi(~time)p(~time)f(~time) } = 2696.6817               
 DEVIANCE Degrees of Freedom { Phi(~time)p(~time)f(~time) } = 144          
 c-hat { Phi(~time)p(~time)f(~time) } = 18.726956               
 AIC { Phi(~time)p(~time)f(~time) } = 4539.2094               
 AICc { Phi(~time)p(~time)f(~time) } = 4539.9100               
 BIC { Phi(~time)p(~time)f(~time) } = 4648.4340               
 Pearson Chisquare { Phi(~time)p(~time)f(~time) } = 21000137.               
 Possible Encounter Histories { Phi(~time)p(~time)f(~time) } = 8388607          
 Pearson Chisquare df { Phi(~time)p(~time)f(~time) } = 8388585          
 Pearson chat { Phi(~time)p(~time)f(~time) } = 2.5034183               
 Sum(Observed/Expected) { Phi(~time)p(~time)f(~time) } = 17417557.               
 s-bar { Phi(~time)p(~time)f(~time) } = 1.0763350               
 Fletcher chat { Phi(~time)p(~time)f(~time) } = 1.2056910               

   * *  WARNING  * *   Numerical underflow occurred during variance-covariance calculation of this model. 
     IEEE flag status at end of variance-covariance calculation:
     overflow       F
     divide by zero F
     invalid        F
     underflow      T
     inexact        T



         PARM-SPECIFIC Link Function Parameters of { Phi(~time)p(~time)f(~time) }
                                                              95% Confidence Interval
    Parameter                  Beta         Standard Error     Lower           Upper
 -------------------------  --------------  --------------  --------------  --------------
    1:Phi:(Intercept)        31.752336       18.762375      -5.0219191       68.526592    
    2:Phi:time3.8033951005   19.730911       10359181.      -20303975.       20304014.    
    3:Phi:time5.0528167623  -28.098260       18.723068      -64.795475       8.5989547    
    4:Phi:time5.7376977147  -28.886844       18.837882      -65.809093       8.0354045    
    5:Phi:time6.1122215242   1.9845373       0.0000000       1.9845373       1.9845373    
    6:Phi:time6.3099596195   13.730307       0.0000000       13.730307       13.730307    
    7:Phi:time7.8630652372  -28.794888       18.765337      -65.574950       7.9851737    
    8:Phi:time9.0761622873  -26.242923       19.022355      -63.526739       11.040893    
    9:Phi:time10.867280017   2.4033897       43554995.      -85367790.       85367795.    
   10:Phi:time10.985765594  -31.711091       18.762357      -68.485312       5.0631304    
   11:Phi:time11.114981940   14.696947       11808689.      -23145016.       23145045.    
   12:Phi:time11.490558864   1.7276703       0.0000000       1.7276703       1.7276703    
   13:Phi:time11.614409825  -29.144406       18.809043      -66.010130       7.7213190    
   14:Phi:time11.930145442  -0.1794418       13213185.      -25897843.       25897842.    
   15:Phi:time12.049525074  -30.550362       18.767244      -67.334161       6.2334361    
   16:Phi:time12.485607897  -9.4131371       0.0000000      -9.4131371      -9.4131371    
   17:Phi:time12.862560846  -7.7592568       186764.76      -366066.70       366051.18    

  Program  MARK  - Survival Rate Estimation with Capture-Recapture Data
   gfortran(dble/PIM2) Vers. 10.1 March 2023  13-Feb-2024 12:32:00    Page  015
 - - - - - - - - - - - - - - - - - - - - - - - - - - - - - - - - - - - - - -
 
   18:Phi:time14.711464596  -30.744882       18.777610      -67.548999       6.0592344    
   19:Phi:time15.016717830  -30.124624       18.770390      -66.914590       6.6653415    
   20:Phi:time15.823088979   19.778950       11991491.      -23503303.       23503343.    
   21:Phi:time17.336237092  -29.355608       18.770231      -66.145261       7.4340445    
   22:Phi:time18.702480223  -31.873303       18.780909      -68.683885       4.9372788    
   23:p:(Intercept)          12.521810       8.9514248      -5.0229826       30.066603    
   24:p:time3.803395100502  -12.427676       8.9645616      -29.998217       5.1428647    
   25:p:time5.052816762383  -13.039736       8.9549455      -30.591430       4.5119575    
   26:p:time5.737697714764  -11.352194       8.9549343      -28.903865       6.1994779    
   27:p:time6.112221524288  -13.733807       8.9485850      -31.273034       3.8054200    
   28:p:time6.309959619526  -12.177520       8.9434359      -29.706655       5.3516143    
   29:p:time7.863065237218  -12.694648       8.9684353      -30.272782       4.8834854    
   30:p:time9.076162287340  -13.194509       8.9532946      -30.742967       4.3539490    
   31:p:time10.86728001787  -11.926924       8.9560943      -29.480869       5.6270212    
   32:p:time10.98576559480  -12.308471       9.0028676      -29.954091       5.3371503    
   33:p:time11.11498194095  -12.200805       8.9502325      -29.743261       5.3416507    
   34:p:time11.49055886403  -12.429560       8.9472701      -29.966210       5.1070894    
   35:p:time11.61440982557  -12.486434       8.9505928      -30.029597       5.0567279    
   36:p:time11.93014544200  -12.700821       8.9514364      -30.245636       4.8439948    
   37:p:time12.04952507461  -13.084937       8.9532402      -30.633288       4.4634141    
   38:p:time12.48560789769  -13.007213       8.9533622      -30.555803       4.5413773    
   39:p:time12.86256084644  -12.841689       8.9533103      -30.390178       4.7067997    
   40:p:time14.71146459682  -12.616905       8.9532851      -30.165345       4.9315339    
   41:p:time15.01671783032  -12.994045       8.9538697      -30.543630       4.5555396    
   42:p:time15.82308897983  -13.504280       8.9543977      -31.054900       4.0463398    
   43:p:time17.33623709205  -12.090747       8.9543629      -29.641299       5.4598046    
   44:p:time18.70248022392  -13.027000       8.9467169      -30.562565       4.5085657    
   45:p:time19.16290833747  -11.323296       8.9656067      -28.895885       6.2492938    
   46:f:(Intercept)         -1.0644118       0.2304864      -1.5161652      -0.6126584    
   47:f:time3.803395100502  -1.3738983       1.6503443      -4.6085732       1.8607767    
   48:f:time5.052816762383  -0.1913437       0.7330722      -1.6281653       1.2454779    
   49:f:time5.737697714764  -0.4374172       0.7770438      -1.9604232       1.0855887    
   50:f:time6.112221524288  -20.195786       0.0000000      -20.195786      -20.195786    
   51:f:time6.309959619526  -1.7935529       0.6433593      -3.0545371      -0.5325687    
   52:f:time7.863065237218  -1.8088576       0.7181997      -3.2165290      -0.4011862    
   53:f:time9.076162287340  -16.140217       1900.0275      -3740.1941       3707.9137    
   54:f:time10.86728001787   1.0784608       0.6992090      -0.2919889       2.4489106    
   55:f:time10.98576559480  -1.0265769       1.2189978      -3.4158125       1.3626588    
   56:f:time11.11498194095  -21.993501       610872.53      -1197332.2       1197288.2    
   57:f:time11.49055886403  -24.888170       0.0000000      -24.888170      -24.888170    
   58:f:time11.61440982557  -34.627043       0.0000000      -34.627043      -34.627043    
   59:f:time11.93014544200  -0.8804722       1.3754340      -3.5763229       1.8153784    
   60:f:time12.04952507461  -3.6599717       3.6737466      -10.860515       3.5405718    
   61:f:time12.48560789769  -35.034717       0.0000000      -35.034717      -35.034717    
   62:f:time12.86256084644  -21.366522       0.0000000      -21.366522      -21.366522    
   63:f:time14.71146459682  -58.191959       0.0000000      -58.191959      -58.191959    

  Program  MARK  - Survival Rate Estimation with Capture-Recapture Data
   gfortran(dble/PIM2) Vers. 10.1 March 2023  13-Feb-2024 12:32:00    Page  016
 - - - - - - - - - - - - - - - - - - - - - - - - - - - - - - - - - - - - - -
 
   64:f:time15.01671783032  -46.678837       0.0000000      -46.678837      -46.678837    
   65:f:time15.82308897983  -2.8020818       0.7970030      -4.3642077      -1.2399558    
   66:f:time17.33623709205  -1.9883020       0.8675835      -3.6887658      -0.2878383    
   67:f:time18.70248022392  -2.1406594       1.6810994      -5.4356143       1.1542956    


                Real Function Parameters of { Phi(~time)p(~time)f(~time) }
                                                               95% Confidence Interval
     Parameter                Estimate       Standard Error     Lower           Upper
 --------------------------  --------------  --------------  --------------  --------------
     1:Phi g1 a0 t1           1.0000000       0.3041241E-12   1.0000000       1.0000000       
     2:Phi g1 a2.8033951005   1.0000000       0.0000000       1.0000000       1.0000000       
     3:Phi g1 a4.0528167623   0.9747678       0.0263356       0.8256940       0.9968360       
     4:Phi g1 a4.7376977147   0.9461140       0.0502616       0.7177242       0.9918195       
     5:Phi g1 a5.1122215242   1.0000000       0.0000000       1.0000000       1.0000000       
     6:Phi g1 a5.3099596195   1.0000000       0.0000000       1.0000000       1.0000000       
     7:Phi g1 a6.8630652372   0.9506143       0.0235824       0.8779217       0.9809602       
     8:Phi g1 a8.0761622873   0.9959678       0.0120700       0.4057753       0.9999888       
     9:Phi g1 a9.8672800178   1.0000000       0.6769806E-07   0.9999999       1.0000001       
    10:Phi g1 a9.9857655948   0.5103100       0.1117628       0.3025157       0.7146015       
    11:Phi g1 a10.114981940   1.0000000       0.0000000       1.0000000       1.0000000       
    12:Phi g1 a10.490558864   1.0000000       0.0000000       1.0000000       1.0000000       
    13:Phi g1 a10.614409825   0.9313703       0.0829198       0.5163248       0.9942371       
    14:Phi g1 a10.930145442   1.0000000       0.2552508E-06   0.9999995       1.0000005       
    15:Phi g1 a11.049525074   0.7688758       0.0762615       0.5892462       0.8852483       
    16:Phi g1 a11.485607897   1.0000000       0.0000000       1.0000000       1.0000000       
    17:Phi g1 a11.862560846   1.0000000       0.7095332E-05   0.9999861       1.0000139       
    18:Phi g1 a13.711464596   0.7325216       0.1485092       0.3826912       0.9236531       
    19:Phi g1 a14.016717830   0.8358560       0.0746009       0.6369130       0.9366381       
    20:Phi g1 a14.823088979   1.0000000       0.0000000       1.0000000       1.0000000       
    21:Phi g1 a16.336237092   0.9165775       0.0894166       0.5261490       0.9908858       
    22:Phi g1 a17.702480223   0.4697952       0.1572763       0.2044795       0.7533567       
    23:p g1 a0 t1             0.9999964       0.3263893E-04   0.0065418       1.0000000       
    24:p g1 a2.803395100502   0.5235161       0.0795333       0.3703328       0.6723994       
    25:p g1 a4.052816762383   0.3733374       0.0592203       0.2661878       0.4945502       
    26:p g1 a4.737697714764   0.7630757       0.0489439       0.6545284       0.8455646       
    27:p g1 a5.112221524288   0.2293480       0.0379263       0.1634784       0.3118635       
    28:p g1 a5.309959619526   0.5852322       0.0467354       0.4917304       0.6729727       
    29:p g1 a6.863065237218   0.4568978       0.0456930       0.3696421       0.5468812       
    30:p g1 a8.076162287340   0.3378929       0.0409782       0.2627539       0.4222136       
    31:p g1 a9.867280017877   0.6444855       0.0430297       0.5564572       0.7237174       
    32:p g1 a9.985765594800   0.5531336       0.0433741       0.4673970       0.6358222       
    33:p g1 a10.11498194095   0.5795692       0.0418395       0.4961152       0.6587097       
    34:p g1 a10.49055886403   0.5230461       0.0422642       0.4403340       0.6045133       
    35:p g1 a10.61440982557   0.5088431       0.0422873       0.4264719       0.5907369       
    36:p g1 a10.93014544200   0.4553665       0.0438169       0.3716150       0.5417212       

  Program  MARK  - Survival Rate Estimation with Capture-Recapture Data
   gfortran(dble/PIM2) Vers. 10.1 March 2023  13-Feb-2024 12:32:00    Page  017
 - - - - - - - - - - - - - - - - - - - - - - - - - - - - - - - - - - - - - -
 
    37:p g1 a11.04952507461   0.3628243       0.0418983       0.2852949       0.4482096       
    38:p g1 a11.48560789769   0.3809772       0.0439655       0.2992655       0.4700341       
    39:p g1 a11.86256084644   0.4207053       0.0448273       0.3361738       0.5101573       
    40:p g1 a13.71146459682   0.4762441       0.0455727       0.3886018       0.5653744       
    41:p g1 a14.01671783032   0.3840874       0.0495436       0.2926150       0.4845667       
    42:p g1 a14.82308897983   0.2724020       0.0456747       0.1924531       0.3703325       
    43:p g1 a16.33623709205   0.6061276       0.0544966       0.4959134       0.7065058       
    44:p g1 a17.70248022392   0.3763219       0.0693523       0.2526842       0.5184838       
    45:p g1 a18.16290833747   0.7682604       0.1014452       0.5204150       0.9101382       
    46:f g1 a0 t1             0.3449307       0.0795018       0.2089900       0.5120550       
    47:f g1 a2.803395100502   0.0873083       0.1324304       0.0036685       0.7130812       
    48:f g1 a4.052816762383   0.2848606       0.1990146       0.0554486       0.7299361       
    49:f g1 a4.737697714764   0.2227224       0.1643939       0.0426514       0.6482523       
    50:f g1 a5.112221524288   0.5845389E-09   0.0000000       0.5845389E-09   0.5845389E-09   
    51:f g1 a5.309959619526   0.0573854       0.0344090       0.0171973       0.1747860       
    52:f g1 a6.863065237218   0.0565139       0.0385079       0.0143350       0.1978831       
    53:f g1 a8.076162287340   0.3373841E-07   0.6410389E-04  0.1876761E-315   1.0000000       
    54:f g1 a9.867280017877   1.0141482       0.6690726      -0.2972341       2.3255305       
    55:f g1 a9.985765594800   0.1235649       0.1479968       0.0095880       0.6724781       
    56:f g1 a10.11498194095   0.9684463E-10   0.5915972E-04  -0.1159530E-03   0.1159532E-03   
    57:f g1 a10.49055886403   0.5357191E-11   0.0000000       0.5357191E-11   0.5357191E-11   
    58:f g1 a10.61440982557   0.3157897E-15   0.0000000       0.3157897E-15   0.3157897E-15   
    59:f g1 a10.93014544200   0.1430038       0.1939064       0.0074527       0.7876102       
    60:f g1 a11.04952507461   0.0088762       0.0325446       0.6355488E-05   0.9265763       
    61:f g1 a11.48560789769   0.2100620E-15   0.0000000       0.2100620E-15   0.2100620E-15   
    62:f g1 a11.86256084644   0.1812881E-09   0.0000000       0.1812881E-09   0.1812881E-09   
    63:f g1 a13.71146459682   0.1841981E-25   0.0000000       0.1841981E-25   0.1841981E-25   
    64:f g1 a14.01671783032   0.1842344E-20   0.0000000       0.1842344E-20   0.1842344E-20   
    65:f g1 a14.82308897983   0.0209316       0.0159698       0.0046202       0.0896442       
    66:f g1 a16.33623709205   0.0472306       0.0395068       0.0087920       0.2169404       
    67:f g1 a17.70248022392   0.0405560       0.0675327       0.0014063       0.5592269       





                     Estimates of Derived Parameters

            Lambda Estimates of { Phi(~time)p(~time)f(~time) }
                                                95% Confidence Interval
 Grp. Occ.   Lambda-hat      Standard Error      Lower           Upper
 ---- ----   --------------  --------------  --------------  --------------
   1     1    1.3449307       0.0795019       1.1979161       1.5099876    
   1     2    1.0873083       0.1324305       0.8571538       1.3792616    
   1     3    1.2596283       0.2007990       0.9234198       1.7182473    
   1     4    1.1688364       0.1750272       0.8729601       1.5649955    
   1     5    1.0000000       0.0000000       1.0000000       1.0000000    
   1     6    1.0573854       0.0344090       0.9920663       1.1270053    
   1     7    1.0071282       0.0448564       0.9229777       1.0989509    
   1     8    0.9959679       0.0120709       0.9725885       1.0199093    

  Program  MARK  - Survival Rate Estimation with Capture-Recapture Data
   gfortran(dble/PIM2) Vers. 10.1 March 2023  13-Feb-2024 12:32:00    Page  018
 - - - - - - - - - - - - - - - - - - - - - - - - - - - - - - - - - - - - - -
 
   1     9    2.0141482       0.6690728       1.0683041       3.7974142    
   1    10    0.6338749       0.1964986       0.3500734       1.1477518    
   1    11    1.0000000       0.5916454E-04   0.9998840       1.0001160    
   1    12    1.0000000       0.0000000       1.0000000       1.0000000    
   1    13    0.9313703       0.0829241       0.7824998       1.1085633    
   1    14    1.1430038       0.1939065       0.8216084       1.5901221    
   1    15    0.7777520       0.0830871       0.6311951       0.9583377    
   1    16    1.0000000       0.0000000       1.0000000       1.0000000    
   1    17    1.0000000       0.7082791E-05   0.9999861       1.0000139    
   1    18    0.7325216       0.1485068       0.4942934       1.0855656    
   1    19    0.8358560       0.0746021       0.7019546       0.9952999    
   1    20    1.0209316       0.0159698       0.9901076       1.0527153    
   1    21    0.9638080       0.1024468       0.7830066       1.1863577    
   1    22    0.5103512       0.1820381       0.2589947       1.0056514    

         log(Lambda) Estimates of { Phi(~time)p(~time)f(~time) }
                                                95% Confidence Interval
 Grp. Occ.   log(Lambda-hat) Standard Error      Lower           Upper
 ---- ----   --------------  --------------  --------------  --------------
   1     1    0.2963425       0.0591122       0.1804825       0.4122025    
   1     2    0.0837052       0.1217966      -0.1550162       0.3224266    
   1     3    0.2308167       0.1594113      -0.0816295       0.5432629    
   1     4    0.1560087       0.1497448      -0.1374911       0.4495086    
   1     5    0.5845366E-09   0.0000000       0.5845366E-09   0.5845366E-09
   1     6    0.0557993       0.0325416      -0.0079822       0.1195808    
   1     7    0.0071029       0.0445390      -0.0801935       0.0943993    
   1     8   -0.0040403       0.0121198      -0.0277951       0.0197146    
   1     9    0.7001964       0.3321865       0.0491108       1.3512819    
   1    10   -0.4559037       0.3099958      -1.0634955       0.1516881    
   1    11    0.9684453E-10   0.5916454E-04  -0.1159624E-03   0.1159626E-03
   1    12    0.5354384E-11   0.0000000       0.5354384E-11   0.5354384E-11
   1    13   -0.0710984       0.0890345      -0.2456060       0.1034092    
   1    14    0.1336597       0.1696464      -0.1988472       0.4661666    
   1    15   -0.2513476       0.1068298      -0.4607340      -0.0419613    
   1    16   -0.1987048E-09   0.0000000      -0.1987048E-09  -0.1987048E-09
   1    17    0.1432745E-09   0.7082791E-05  -0.1388213E-04   0.1388241E-04
   1    18   -0.3112624       0.2027337      -0.7086205       0.0860956    
   1    19   -0.1792989       0.0892523      -0.3542335      -0.0043643    
   1    20    0.0207156       0.0156424      -0.0099435       0.0513747    
   1    21   -0.0368631       0.1062938      -0.2451990       0.1714728    
   1    22   -0.6726562       0.3566919      -1.3717722       0.0264599    

 To compute parameter estimates, CPU Time was 0.001 seconds and System Time was 0.031 seconds.

 Attempted ordering of parameters by estimatibility:
  23 46  1 32 35 34 33 36 29 37 40 30 39 31 28 38 41 25 43 44 27 24 42 26 15
  10  7 51 54 66 22 48 52 49 19 65 18 59  4 55  3 21 47 67  8 60 45 13 16 53
  50 62 57 17 56 11 14 58  6  2 61  9 63 64  5 12 20
 Beta number 20 is a singular value.

   For procedure estimate CPU Time was 16.188 seconds and System Time was 22.422 seconds       .

  Program  MARK  - Survival Rate Estimation with Capture-Recapture Data
   gfortran(dble/PIM2) Vers. 10.1 March 2023  13-Feb-2024 12:32:00    Page  019
 - - - - - - - - - - - - - - - - - - - - - - - - - - - - - - - - - - - - - -
 


  INPUT --- proc stop;

     For this job, CPU Time in minutes was 0.270 and System Time in minutes was 0.374.

     Time Start = 12:31:37.648   Time End = 12:32:00.058

     Wall Clock Time in minutes for this job was 0.373.

     Maximum of 67 words used of 4096 words allocated.


          E X E C U T I O N   S U C C E S S F U L 
