
   Program  MARK  - Survival Rate Estimation with Capture-Recapture Data
   gfortran(dble/PIM2) Vers. 10.1 March 2023  13-Feb-2024 12:31:16    Page  001
    
 - - - - - - - - - - - - - - - - - - - - - - - - - - - - - - - - - - - - - -
 
   Welcome to MARK Elizabeth Sibert on machine CHROMIUM in subdirectory 
   "C:\Elizabeth_Files\Personal\Research\Code\Github_Repos\eeco_teeth\mark" running file "mark022.inp".
   This version was compiled by GCC version 12.2.0 using the options: 
     -cpp -iprefix c:\tdm-gcc-64\mingw64\bin\../lib/gcc/x86_64-w64-mingw32/12.2.0/
     -D_MT -D_REENTRANT -U_REENTRANT -D ieee -D dbleprecision -m64 -mtune=generic
     -march=x86-64 -mthreads -O3 -std=f2018 -fsignaling-nans
     -ffpe-summary=invalid,zero,overflow,underflow -funroll-loops -ffast-math
     -fall-intrinsics -fopenmp.

   This problem will use 15 of 16 possible threads.
   Static thread allocation is used.
   Schedule kind is omp_sched_dynamic with chunk size 1


  INPUT --- proc title ;

   For procedure title CPU Time was 0.001 seconds and System Time was 0.001 seconds       .


  INPUT --- proc chmatrix occasions= 23 groups= 1 etype= PradRec Nodes= 
  INPUT --- 101 ICMeans NoHist hist=  165 ;

  INPUT ---    time interval 2.8033951005025 1.24942166188089 
  INPUT ---    0.684880952380901 0.374523809523801  0.197738095238101 
  INPUT ---    1.5531056176919 1.2130970501222 1.7911177305376 
  INPUT ---    0.118485576923099  0.129216346153804 0.375576923076899 
  INPUT ---    0.123850961538501 0.315735616432001 0.119379632613594  
  INPUT ---    0.4360828230744 0.376952948759303 1.8489037503733 
  INPUT ---    0.305253233500906 0.806371149511598  1.5131481122184 
  INPUT ---    1.3662431318681 0.4604281135531 ;

  INPUT ---    glabel(1)=Group 1;

      Number of unique encounter histories read was 165.

      Number of individual covariates read was 0.
      Time interval lengths vary and/or not equal to 1.

      Data type number is 17
      Data type is Pradel Survival and Recruitment

   For procedure chmatrix CPU Time was 0.001 seconds and System Time was 0.001 seconds       .

  Program  MARK  - Survival Rate Estimation with Capture-Recapture Data
   gfortran(dble/PIM2) Vers. 10.1 March 2023  13-Feb-2024 12:31:16    Page  002
 - - - - - - - - - - - - - - - - - - - - - - - - - - - - - - - - - - - - - -
 


  INPUT --- proc estimate link=Parm-Specific NOLOOP varest=2ndPart    ;


  INPUT --- model={ Phi(~time)p(~samplesize)f(~time) };

  INPUT ---    group=1 Phi    rows=1 cols=22 Square ;
  INPUT ---        1 2 3 4 5 6 7 8 9 10 11 12 13 14 15 16 17 18 19 20 21 22 ;

  INPUT ---    group=1 p    rows=1 cols=23 Square ;
  INPUT ---        23 24 25 26 27 28 29 30 31 32 33 34 35 36 37 38 39 40 41 
  INPUT ---       42 43 44 45 ;

  INPUT ---    group=1 f    rows=1 cols=22 Square ;
  INPUT ---        46 47 48 49 50 51 52 53 54 55 56 57 58 59 60 61 62 63 64 
  INPUT ---       65 66 67 ;

  INPUT ---    design matrix constraints=67 covariates=46;
  INPUT ---        1 0 0 0 0 0 0 0 0 0 0 0 0 0 0 0 0 0 0 0 0 0 0 0 0 0 0 0 0 
  INPUT ---       0 0 0 0 0 0 0 0 0 0 0 0 0 0 0 0 0;
  INPUT ---        1 1 0 0 0 0 0 0 0 0 0 0 0 0 0 0 0 0 0 0 0 0 0 0 0 0 0 0 0 
  INPUT ---       0 0 0 0 0 0 0 0 0 0 0 0 0 0 0 0 0;
  INPUT ---        1 0 1 0 0 0 0 0 0 0 0 0 0 0 0 0 0 0 0 0 0 0 0 0 0 0 0 0 0 
  INPUT ---       0 0 0 0 0 0 0 0 0 0 0 0 0 0 0 0 0;
  INPUT ---        1 0 0 1 0 0 0 0 0 0 0 0 0 0 0 0 0 0 0 0 0 0 0 0 0 0 0 0 0 
  INPUT ---       0 0 0 0 0 0 0 0 0 0 0 0 0 0 0 0 0;
  INPUT ---        1 0 0 0 1 0 0 0 0 0 0 0 0 0 0 0 0 0 0 0 0 0 0 0 0 0 0 0 0 
  INPUT ---       0 0 0 0 0 0 0 0 0 0 0 0 0 0 0 0 0;
  INPUT ---        1 0 0 0 0 1 0 0 0 0 0 0 0 0 0 0 0 0 0 0 0 0 0 0 0 0 0 0 0 
  INPUT ---       0 0 0 0 0 0 0 0 0 0 0 0 0 0 0 0 0;
  INPUT ---        1 0 0 0 0 0 1 0 0 0 0 0 0 0 0 0 0 0 0 0 0 0 0 0 0 0 0 0 0 
  INPUT ---       0 0 0 0 0 0 0 0 0 0 0 0 0 0 0 0 0;
  INPUT ---        1 0 0 0 0 0 0 1 0 0 0 0 0 0 0 0 0 0 0 0 0 0 0 0 0 0 0 0 0 
  INPUT ---       0 0 0 0 0 0 0 0 0 0 0 0 0 0 0 0 0;
  INPUT ---        1 0 0 0 0 0 0 0 1 0 0 0 0 0 0 0 0 0 0 0 0 0 0 0 0 0 0 0 0 
  INPUT ---       0 0 0 0 0 0 0 0 0 0 0 0 0 0 0 0 0;
  INPUT ---        1 0 0 0 0 0 0 0 0 1 0 0 0 0 0 0 0 0 0 0 0 0 0 0 0 0 0 0 0 
  INPUT ---       0 0 0 0 0 0 0 0 0 0 0 0 0 0 0 0 0;
  INPUT ---        1 0 0 0 0 0 0 0 0 0 1 0 0 0 0 0 0 0 0 0 0 0 0 0 0 0 0 0 0 
  INPUT ---       0 0 0 0 0 0 0 0 0 0 0 0 0 0 0 0 0;
  INPUT ---        1 0 0 0 0 0 0 0 0 0 0 1 0 0 0 0 0 0 0 0 0 0 0 0 0 0 0 0 0 
  INPUT ---       0 0 0 0 0 0 0 0 0 0 0 0 0 0 0 0 0;
  INPUT ---        1 0 0 0 0 0 0 0 0 0 0 0 1 0 0 0 0 0 0 0 0 0 0 0 0 0 0 0 0 
  INPUT ---       0 0 0 0 0 0 0 0 0 0 0 0 0 0 0 0 0;
  INPUT ---        1 0 0 0 0 0 0 0 0 0 0 0 0 1 0 0 0 0 0 0 0 0 0 0 0 0 0 0 0 

  Program  MARK  - Survival Rate Estimation with Capture-Recapture Data
   gfortran(dble/PIM2) Vers. 10.1 March 2023  13-Feb-2024 12:31:16    Page  003
 - - - - - - - - - - - - - - - - - - - - - - - - - - - - - - - - - - - - - -
 
  INPUT ---       0 0 0 0 0 0 0 0 0 0 0 0 0 0 0 0 0;
  INPUT ---        1 0 0 0 0 0 0 0 0 0 0 0 0 0 1 0 0 0 0 0 0 0 0 0 0 0 0 0 0 
  INPUT ---       0 0 0 0 0 0 0 0 0 0 0 0 0 0 0 0 0;
  INPUT ---        1 0 0 0 0 0 0 0 0 0 0 0 0 0 0 1 0 0 0 0 0 0 0 0 0 0 0 0 0 
  INPUT ---       0 0 0 0 0 0 0 0 0 0 0 0 0 0 0 0 0;
  INPUT ---        1 0 0 0 0 0 0 0 0 0 0 0 0 0 0 0 1 0 0 0 0 0 0 0 0 0 0 0 0 
  INPUT ---       0 0 0 0 0 0 0 0 0 0 0 0 0 0 0 0 0;
  INPUT ---        1 0 0 0 0 0 0 0 0 0 0 0 0 0 0 0 0 1 0 0 0 0 0 0 0 0 0 0 0 
  INPUT ---       0 0 0 0 0 0 0 0 0 0 0 0 0 0 0 0 0;
  INPUT ---        1 0 0 0 0 0 0 0 0 0 0 0 0 0 0 0 0 0 1 0 0 0 0 0 0 0 0 0 0 
  INPUT ---       0 0 0 0 0 0 0 0 0 0 0 0 0 0 0 0 0;
  INPUT ---        1 0 0 0 0 0 0 0 0 0 0 0 0 0 0 0 0 0 0 1 0 0 0 0 0 0 0 0 0 
  INPUT ---       0 0 0 0 0 0 0 0 0 0 0 0 0 0 0 0 0;
  INPUT ---        1 0 0 0 0 0 0 0 0 0 0 0 0 0 0 0 0 0 0 0 1 0 0 0 0 0 0 0 0 
  INPUT ---       0 0 0 0 0 0 0 0 0 0 0 0 0 0 0 0 0;
  INPUT ---        1 0 0 0 0 0 0 0 0 0 0 0 0 0 0 0 0 0 0 0 0 1 0 0 0 0 0 0 0 
  INPUT ---       0 0 0 0 0 0 0 0 0 0 0 0 0 0 0 0 0;
  INPUT ---        0 0 0 0 0 0 0 0 0 0 0 0 0 0 0 0 0 0 0 0 0 0 1 125 0 0 0 0 
  INPUT ---       0 0 0 0 0 0 0 0 0 0 0 0 0 0 0 0 0 0;
  INPUT ---        0 0 0 0 0 0 0 0 0 0 0 0 0 0 0 0 0 0 0 0 0 0 1 158 0 0 0 0 
  INPUT ---       0 0 0 0 0 0 0 0 0 0 0 0 0 0 0 0 0 0;
  INPUT ---        0 0 0 0 0 0 0 0 0 0 0 0 0 0 0 0 0 0 0 0 0 0 1 105 0 0 0 0 
  INPUT ---       0 0 0 0 0 0 0 0 0 0 0 0 0 0 0 0 0 0;
  INPUT ---        0 0 0 0 0 0 0 0 0 0 0 0 0 0 0 0 0 0 0 0 0 0 1 547 0 0 0 0 
  INPUT ---       0 0 0 0 0 0 0 0 0 0 0 0 0 0 0 0 0 0;
  INPUT ---        0 0 0 0 0 0 0 0 0 0 0 0 0 0 0 0 0 0 0 0 0 0 1 63 0 0 0 0 0 
  INPUT ---       0 0 0 0 0 0 0 0 0 0 0 0 0 0 0 0 0;
  INPUT ---        0 0 0 0 0 0 0 0 0 0 0 0 0 0 0 0 0 0 0 0 0 0 1 426 0 0 0 0 
  INPUT ---       0 0 0 0 0 0 0 0 0 0 0 0 0 0 0 0 0 0;
  INPUT ---        0 0 0 0 0 0 0 0 0 0 0 0 0 0 0 0 0 0 0 0 0 0 1 178 0 0 0 0 
  INPUT ---       0 0 0 0 0 0 0 0 0 0 0 0 0 0 0 0 0 0;
  INPUT ---        0 0 0 0 0 0 0 0 0 0 0 0 0 0 0 0 0 0 0 0 0 0 1 75 0 0 0 0 0 
  INPUT ---       0 0 0 0 0 0 0 0 0 0 0 0 0 0 0 0 0;
  INPUT ---        0 0 0 0 0 0 0 0 0 0 0 0 0 0 0 0 0 0 0 0 0 0 1 366 0 0 0 0 
  INPUT ---       0 0 0 0 0 0 0 0 0 0 0 0 0 0 0 0 0 0;
  INPUT ---        0 0 0 0 0 0 0 0 0 0 0 0 0 0 0 0 0 0 0 0 0 0 1 345 0 0 0 0 
  INPUT ---       0 0 0 0 0 0 0 0 0 0 0 0 0 0 0 0 0 0;
  INPUT ---        0 0 0 0 0 0 0 0 0 0 0 0 0 0 0 0 0 0 0 0 0 0 1 351 0 0 0 0 
  INPUT ---       0 0 0 0 0 0 0 0 0 0 0 0 0 0 0 0 0 0;
  INPUT ---        0 0 0 0 0 0 0 0 0 0 0 0 0 0 0 0 0 0 0 0 0 0 1 327 0 0 0 0 
  INPUT ---       0 0 0 0 0 0 0 0 0 0 0 0 0 0 0 0 0 0;
  INPUT ---        0 0 0 0 0 0 0 0 0 0 0 0 0 0 0 0 0 0 0 0 0 0 1 259 0 0 0 0 
  INPUT ---       0 0 0 0 0 0 0 0 0 0 0 0 0 0 0 0 0 0;
  INPUT ---        0 0 0 0 0 0 0 0 0 0 0 0 0 0 0 0 0 0 0 0 0 0 1 322 0 0 0 0 
  INPUT ---       0 0 0 0 0 0 0 0 0 0 0 0 0 0 0 0 0 0;
  INPUT ---        0 0 0 0 0 0 0 0 0 0 0 0 0 0 0 0 0 0 0 0 0 0 1 95 0 0 0 0 0 

  Program  MARK  - Survival Rate Estimation with Capture-Recapture Data
   gfortran(dble/PIM2) Vers. 10.1 March 2023  13-Feb-2024 12:31:16    Page  004
 - - - - - - - - - - - - - - - - - - - - - - - - - - - - - - - - - - - - - -
 
  INPUT ---       0 0 0 0 0 0 0 0 0 0 0 0 0 0 0 0 0;
  INPUT ---        0 0 0 0 0 0 0 0 0 0 0 0 0 0 0 0 0 0 0 0 0 0 1 163 0 0 0 0 
  INPUT ---       0 0 0 0 0 0 0 0 0 0 0 0 0 0 0 0 0 0;
  INPUT ---        0 0 0 0 0 0 0 0 0 0 0 0 0 0 0 0 0 0 0 0 0 0 1 380 0 0 0 0 
  INPUT ---       0 0 0 0 0 0 0 0 0 0 0 0 0 0 0 0 0 0;
  INPUT ---        0 0 0 0 0 0 0 0 0 0 0 0 0 0 0 0 0 0 0 0 0 0 1 250 0 0 0 0 
  INPUT ---       0 0 0 0 0 0 0 0 0 0 0 0 0 0 0 0 0 0;
  INPUT ---        0 0 0 0 0 0 0 0 0 0 0 0 0 0 0 0 0 0 0 0 0 0 1 134 0 0 0 0 
  INPUT ---       0 0 0 0 0 0 0 0 0 0 0 0 0 0 0 0 0 0;
  INPUT ---        0 0 0 0 0 0 0 0 0 0 0 0 0 0 0 0 0 0 0 0 0 0 1 57 0 0 0 0 0 
  INPUT ---       0 0 0 0 0 0 0 0 0 0 0 0 0 0 0 0 0;
  INPUT ---        0 0 0 0 0 0 0 0 0 0 0 0 0 0 0 0 0 0 0 0 0 0 1 229 0 0 0 0 
  INPUT ---       0 0 0 0 0 0 0 0 0 0 0 0 0 0 0 0 0 0;
  INPUT ---        0 0 0 0 0 0 0 0 0 0 0 0 0 0 0 0 0 0 0 0 0 0 1 87 0 0 0 0 0 
  INPUT ---       0 0 0 0 0 0 0 0 0 0 0 0 0 0 0 0 0;
  INPUT ---        0 0 0 0 0 0 0 0 0 0 0 0 0 0 0 0 0 0 0 0 0 0 1 207 0 0 0 0 
  INPUT ---       0 0 0 0 0 0 0 0 0 0 0 0 0 0 0 0 0 0;
  INPUT ---        0 0 0 0 0 0 0 0 0 0 0 0 0 0 0 0 0 0 0 0 0 0 0 0 1 0 0 0 0 
  INPUT ---       0 0 0 0 0 0 0 0 0 0 0 0 0 0 0 0 0;
  INPUT ---        0 0 0 0 0 0 0 0 0 0 0 0 0 0 0 0 0 0 0 0 0 0 0 0 1 1 0 0 0 
  INPUT ---       0 0 0 0 0 0 0 0 0 0 0 0 0 0 0 0 0;
  INPUT ---        0 0 0 0 0 0 0 0 0 0 0 0 0 0 0 0 0 0 0 0 0 0 0 0 1 0 1 0 0 
  INPUT ---       0 0 0 0 0 0 0 0 0 0 0 0 0 0 0 0 0;
  INPUT ---        0 0 0 0 0 0 0 0 0 0 0 0 0 0 0 0 0 0 0 0 0 0 0 0 1 0 0 1 0 
  INPUT ---       0 0 0 0 0 0 0 0 0 0 0 0 0 0 0 0 0;
  INPUT ---        0 0 0 0 0 0 0 0 0 0 0 0 0 0 0 0 0 0 0 0 0 0 0 0 1 0 0 0 1 
  INPUT ---       0 0 0 0 0 0 0 0 0 0 0 0 0 0 0 0 0;
  INPUT ---        0 0 0 0 0 0 0 0 0 0 0 0 0 0 0 0 0 0 0 0 0 0 0 0 1 0 0 0 0 
  INPUT ---       1 0 0 0 0 0 0 0 0 0 0 0 0 0 0 0 0;
  INPUT ---        0 0 0 0 0 0 0 0 0 0 0 0 0 0 0 0 0 0 0 0 0 0 0 0 1 0 0 0 0 
  INPUT ---       0 1 0 0 0 0 0 0 0 0 0 0 0 0 0 0 0;
  INPUT ---        0 0 0 0 0 0 0 0 0 0 0 0 0 0 0 0 0 0 0 0 0 0 0 0 1 0 0 0 0 
  INPUT ---       0 0 1 0 0 0 0 0 0 0 0 0 0 0 0 0 0;
  INPUT ---        0 0 0 0 0 0 0 0 0 0 0 0 0 0 0 0 0 0 0 0 0 0 0 0 1 0 0 0 0 
  INPUT ---       0 0 0 1 0 0 0 0 0 0 0 0 0 0 0 0 0;
  INPUT ---        0 0 0 0 0 0 0 0 0 0 0 0 0 0 0 0 0 0 0 0 0 0 0 0 1 0 0 0 0 
  INPUT ---       0 0 0 0 1 0 0 0 0 0 0 0 0 0 0 0 0;
  INPUT ---        0 0 0 0 0 0 0 0 0 0 0 0 0 0 0 0 0 0 0 0 0 0 0 0 1 0 0 0 0 
  INPUT ---       0 0 0 0 0 1 0 0 0 0 0 0 0 0 0 0 0;
  INPUT ---        0 0 0 0 0 0 0 0 0 0 0 0 0 0 0 0 0 0 0 0 0 0 0 0 1 0 0 0 0 
  INPUT ---       0 0 0 0 0 0 1 0 0 0 0 0 0 0 0 0 0;
  INPUT ---        0 0 0 0 0 0 0 0 0 0 0 0 0 0 0 0 0 0 0 0 0 0 0 0 1 0 0 0 0 
  INPUT ---       0 0 0 0 0 0 0 1 0 0 0 0 0 0 0 0 0;
  INPUT ---        0 0 0 0 0 0 0 0 0 0 0 0 0 0 0 0 0 0 0 0 0 0 0 0 1 0 0 0 0 
  INPUT ---       0 0 0 0 0 0 0 0 1 0 0 0 0 0 0 0 0;
  INPUT ---        0 0 0 0 0 0 0 0 0 0 0 0 0 0 0 0 0 0 0 0 0 0 0 0 1 0 0 0 0 

  Program  MARK  - Survival Rate Estimation with Capture-Recapture Data
   gfortran(dble/PIM2) Vers. 10.1 March 2023  13-Feb-2024 12:31:16    Page  005
 - - - - - - - - - - - - - - - - - - - - - - - - - - - - - - - - - - - - - -
 
  INPUT ---       0 0 0 0 0 0 0 0 0 1 0 0 0 0 0 0 0;
  INPUT ---        0 0 0 0 0 0 0 0 0 0 0 0 0 0 0 0 0 0 0 0 0 0 0 0 1 0 0 0 0 
  INPUT ---       0 0 0 0 0 0 0 0 0 0 1 0 0 0 0 0 0;
  INPUT ---        0 0 0 0 0 0 0 0 0 0 0 0 0 0 0 0 0 0 0 0 0 0 0 0 1 0 0 0 0 
  INPUT ---       0 0 0 0 0 0 0 0 0 0 0 1 0 0 0 0 0;
  INPUT ---        0 0 0 0 0 0 0 0 0 0 0 0 0 0 0 0 0 0 0 0 0 0 0 0 1 0 0 0 0 
  INPUT ---       0 0 0 0 0 0 0 0 0 0 0 0 1 0 0 0 0;
  INPUT ---        0 0 0 0 0 0 0 0 0 0 0 0 0 0 0 0 0 0 0 0 0 0 0 0 1 0 0 0 0 
  INPUT ---       0 0 0 0 0 0 0 0 0 0 0 0 0 1 0 0 0;
  INPUT ---        0 0 0 0 0 0 0 0 0 0 0 0 0 0 0 0 0 0 0 0 0 0 0 0 1 0 0 0 0 
  INPUT ---       0 0 0 0 0 0 0 0 0 0 0 0 0 0 1 0 0;
  INPUT ---        0 0 0 0 0 0 0 0 0 0 0 0 0 0 0 0 0 0 0 0 0 0 0 0 1 0 0 0 0 
  INPUT ---       0 0 0 0 0 0 0 0 0 0 0 0 0 0 0 1 0;
  INPUT ---        0 0 0 0 0 0 0 0 0 0 0 0 0 0 0 0 0 0 0 0 0 0 0 0 1 0 0 0 0 
  INPUT ---       0 0 0 0 0 0 0 0 0 0 0 0 0 0 0 0 1;

  INPUT ---    links=67;

  INPUT ---    Logit;

  INPUT ---    Logit;

  INPUT ---    Logit;

  INPUT ---    Logit;

  INPUT ---    Logit;

  INPUT ---    Logit;

  INPUT ---    Logit;

  INPUT ---    Logit;

  INPUT ---    Logit;

  INPUT ---    Logit;

  INPUT ---    Logit;

  INPUT ---    Logit;

  INPUT ---    Logit;

  INPUT ---    Logit;


  Program  MARK  - Survival Rate Estimation with Capture-Recapture Data
   gfortran(dble/PIM2) Vers. 10.1 March 2023  13-Feb-2024 12:31:16    Page  006
 - - - - - - - - - - - - - - - - - - - - - - - - - - - - - - - - - - - - - -
 
  INPUT ---    Logit;

  INPUT ---    Logit;

  INPUT ---    Logit;

  INPUT ---    Logit;

  INPUT ---    Logit;

  INPUT ---    Logit;

  INPUT ---    Logit;

  INPUT ---    Logit;

  INPUT ---    Logit;

  INPUT ---    Logit;

  INPUT ---    Logit;

  INPUT ---    Logit;

  INPUT ---    Logit;

  INPUT ---    Logit;

  INPUT ---    Logit;

  INPUT ---    Logit;

  INPUT ---    Logit;

  INPUT ---    Logit;

  INPUT ---    Logit;

  INPUT ---    Logit;

  INPUT ---    Logit;

  INPUT ---    Logit;

  INPUT ---    Logit;


  Program  MARK  - Survival Rate Estimation with Capture-Recapture Data
   gfortran(dble/PIM2) Vers. 10.1 March 2023  13-Feb-2024 12:31:16    Page  007
 - - - - - - - - - - - - - - - - - - - - - - - - - - - - - - - - - - - - - -
 
  INPUT ---    Logit;

  INPUT ---    Logit;

  INPUT ---    Logit;

  INPUT ---    Logit;

  INPUT ---    Logit;

  INPUT ---    Logit;

  INPUT ---    Logit;

  INPUT ---    Logit;

  INPUT ---    Log;

  INPUT ---    Log;

  INPUT ---    Log;

  INPUT ---    Log;

  INPUT ---    Log;

  INPUT ---    Log;

  INPUT ---    Log;

  INPUT ---    Log;

  INPUT ---    Log;

  INPUT ---    Log;

  INPUT ---    Log;

  INPUT ---    Log;

  INPUT ---    Log;

  INPUT ---    Log;

  INPUT ---    Log;


  Program  MARK  - Survival Rate Estimation with Capture-Recapture Data
   gfortran(dble/PIM2) Vers. 10.1 March 2023  13-Feb-2024 12:31:16    Page  008
 - - - - - - - - - - - - - - - - - - - - - - - - - - - - - - - - - - - - - -
 
  INPUT ---    Log;

  INPUT ---    Log;

  INPUT ---    Log;

  INPUT ---    Log;

  INPUT ---    Log;

  INPUT ---    Log;

  INPUT ---    Log;
  INPUT ---       blabel(1)=Phi:(Intercept);
  INPUT ---       blabel(2)=Phi:time3.8033951005025;
  INPUT ---       blabel(3)=Phi:time5.05281676238339;
  INPUT ---       blabel(4)=Phi:time5.73769771476429;
  INPUT ---       blabel(5)=Phi:time6.1122215242881;
  INPUT ---       blabel(6)=Phi:time6.3099596195262;
  INPUT ---       blabel(7)=Phi:time7.86306523721809;
  INPUT ---       blabel(8)=Phi:time9.0761622873403;
  INPUT ---       blabel(9)=Phi:time10.8672800178779;
  INPUT ---       blabel(10)=Phi:time10.985765594801;
  INPUT ---       blabel(11)=Phi:time11.1149819409548;
  INPUT ---       blabel(12)=Phi:time11.4905588640317;
  INPUT ---       blabel(13)=Phi:time11.6144098255702;
  INPUT ---       blabel(14)=Phi:time11.9301454420022;
  INPUT ---       blabel(15)=Phi:time12.0495250746158;
  INPUT ---       blabel(16)=Phi:time12.4856078976902;
  INPUT ---       blabel(17)=Phi:time12.8625608464495;
  INPUT ---       blabel(18)=Phi:time14.7114645968228;
  INPUT ---       blabel(19)=Phi:time15.0167178303237;
  INPUT ---       blabel(20)=Phi:time15.8230889798353;
  INPUT ---       blabel(21)=Phi:time17.3362370920537;
  INPUT ---       blabel(22)=Phi:time18.7024802239218;
  INPUT ---       blabel(23)=p:(Intercept);
  INPUT ---       blabel(24)=p:samplesize;
  INPUT ---       blabel(25)=f:(Intercept);
  INPUT ---       blabel(26)=f:time3.8033951005025;
  INPUT ---       blabel(27)=f:time5.05281676238339;
  INPUT ---       blabel(28)=f:time5.73769771476429;
  INPUT ---       blabel(29)=f:time6.1122215242881;
  INPUT ---       blabel(30)=f:time6.3099596195262;
  INPUT ---       blabel(31)=f:time7.86306523721809;
  INPUT ---       blabel(32)=f:time9.0761622873403;
  INPUT ---       blabel(33)=f:time10.8672800178779;

  Program  MARK  - Survival Rate Estimation with Capture-Recapture Data
   gfortran(dble/PIM2) Vers. 10.1 March 2023  13-Feb-2024 12:31:16    Page  009
 - - - - - - - - - - - - - - - - - - - - - - - - - - - - - - - - - - - - - -
 
  INPUT ---       blabel(34)=f:time10.985765594801;
  INPUT ---       blabel(35)=f:time11.1149819409548;
  INPUT ---       blabel(36)=f:time11.4905588640317;
  INPUT ---       blabel(37)=f:time11.6144098255702;
  INPUT ---       blabel(38)=f:time11.9301454420022;
  INPUT ---       blabel(39)=f:time12.0495250746158;
  INPUT ---       blabel(40)=f:time12.4856078976902;
  INPUT ---       blabel(41)=f:time12.8625608464495;
  INPUT ---       blabel(42)=f:time14.7114645968228;
  INPUT ---       blabel(43)=f:time15.0167178303237;
  INPUT ---       blabel(44)=f:time15.8230889798353;
  INPUT ---       blabel(45)=f:time17.3362370920537;
  INPUT ---       blabel(46)=f:time18.7024802239218;
  INPUT ---       rlabel(1)=Phi g1 a0 t1;
  INPUT ---       rlabel(2)=Phi g1 a2.8033951005025 t3.8033951005025;
  INPUT ---       rlabel(3)=Phi g1 a4.05281676238339 t5.05281676238339;
  INPUT ---       rlabel(4)=Phi g1 a4.73769771476429 t5.73769771476429;
  INPUT ---       rlabel(5)=Phi g1 a5.1122215242881 t6.1122215242881;
  INPUT ---       rlabel(6)=Phi g1 a5.3099596195262 t6.3099596195262;
  INPUT ---       rlabel(7)=Phi g1 a6.86306523721809 t7.86306523721809;
  INPUT ---       rlabel(8)=Phi g1 a8.0761622873403 t9.0761622873403;
  INPUT ---       rlabel(9)=Phi g1 a9.8672800178779 t10.8672800178779;
  INPUT ---       rlabel(10)=Phi g1 a9.98576559480099 t10.985765594801;
  INPUT ---       rlabel(11)=Phi g1 a10.1149819409548 t11.1149819409548;
  INPUT ---       rlabel(12)=Phi g1 a10.4905588640317 t11.4905588640317;
  INPUT ---       rlabel(13)=Phi g1 a10.6144098255702 t11.6144098255702;
  INPUT ---       rlabel(14)=Phi g1 a10.9301454420022 t11.9301454420022;
  INPUT ---       rlabel(15)=Phi g1 a11.0495250746158 t12.0495250746158;
  INPUT ---       rlabel(16)=Phi g1 a11.4856078976902 t12.4856078976902;
  INPUT ---       rlabel(17)=Phi g1 a11.8625608464495 t12.8625608464495;
  INPUT ---       rlabel(18)=Phi g1 a13.7114645968228 t14.7114645968228;
  INPUT ---       rlabel(19)=Phi g1 a14.0167178303237 t15.0167178303237;
  INPUT ---       rlabel(20)=Phi g1 a14.8230889798353 t15.8230889798353;
  INPUT ---       rlabel(21)=Phi g1 a16.3362370920537 t17.3362370920537;
  INPUT ---       rlabel(22)=Phi g1 a17.7024802239218 t18.7024802239218;
  INPUT ---       rlabel(23)=p g1 a0 t1;
  INPUT ---       rlabel(24)=p g1 a2.8033951005025 t3.8033951005025;
  INPUT ---       rlabel(25)=p g1 a4.05281676238339 t5.05281676238339;
  INPUT ---       rlabel(26)=p g1 a4.73769771476429 t5.73769771476429;
  INPUT ---       rlabel(27)=p g1 a5.1122215242881 t6.1122215242881;
  INPUT ---       rlabel(28)=p g1 a5.3099596195262 t6.3099596195262;
  INPUT ---       rlabel(29)=p g1 a6.86306523721809 t7.86306523721809;
  INPUT ---       rlabel(30)=p g1 a8.0761622873403 t9.0761622873403;
  INPUT ---       rlabel(31)=p g1 a9.8672800178779 t10.8672800178779;
  INPUT ---       rlabel(32)=p g1 a9.98576559480099 t10.985765594801;
  INPUT ---       rlabel(33)=p g1 a10.1149819409548 t11.1149819409548;

  Program  MARK  - Survival Rate Estimation with Capture-Recapture Data
   gfortran(dble/PIM2) Vers. 10.1 March 2023  13-Feb-2024 12:31:16    Page  010
 - - - - - - - - - - - - - - - - - - - - - - - - - - - - - - - - - - - - - -
 
  INPUT ---       rlabel(34)=p g1 a10.4905588640317 t11.4905588640317;
  INPUT ---       rlabel(35)=p g1 a10.6144098255702 t11.6144098255702;
  INPUT ---       rlabel(36)=p g1 a10.9301454420022 t11.9301454420022;
  INPUT ---       rlabel(37)=p g1 a11.0495250746158 t12.0495250746158;
  INPUT ---       rlabel(38)=p g1 a11.4856078976902 t12.4856078976902;
  INPUT ---       rlabel(39)=p g1 a11.8625608464495 t12.8625608464495;
  INPUT ---       rlabel(40)=p g1 a13.7114645968228 t14.7114645968228;
  INPUT ---       rlabel(41)=p g1 a14.0167178303237 t15.0167178303237;
  INPUT ---       rlabel(42)=p g1 a14.8230889798353 t15.8230889798353;
  INPUT ---       rlabel(43)=p g1 a16.3362370920537 t17.3362370920537;
  INPUT ---       rlabel(44)=p g1 a17.7024802239218 t18.7024802239218;
  INPUT ---       rlabel(45)=p g1 a18.1629083374749 t19.1629083374749;
  INPUT ---       rlabel(46)=f g1 a0 t1;
  INPUT ---       rlabel(47)=f g1 a2.8033951005025 t3.8033951005025;
  INPUT ---       rlabel(48)=f g1 a4.05281676238339 t5.05281676238339;
  INPUT ---       rlabel(49)=f g1 a4.73769771476429 t5.73769771476429;
  INPUT ---       rlabel(50)=f g1 a5.1122215242881 t6.1122215242881;
  INPUT ---       rlabel(51)=f g1 a5.3099596195262 t6.3099596195262;
  INPUT ---       rlabel(52)=f g1 a6.86306523721809 t7.86306523721809;
  INPUT ---       rlabel(53)=f g1 a8.0761622873403 t9.0761622873403;
  INPUT ---       rlabel(54)=f g1 a9.8672800178779 t10.8672800178779;
  INPUT ---       rlabel(55)=f g1 a9.98576559480099 t10.985765594801;
  INPUT ---       rlabel(56)=f g1 a10.1149819409548 t11.1149819409548;
  INPUT ---       rlabel(57)=f g1 a10.4905588640317 t11.4905588640317;
  INPUT ---       rlabel(58)=f g1 a10.6144098255702 t11.6144098255702;
  INPUT ---       rlabel(59)=f g1 a10.9301454420022 t11.9301454420022;
  INPUT ---       rlabel(60)=f g1 a11.0495250746158 t12.0495250746158;
  INPUT ---       rlabel(61)=f g1 a11.4856078976902 t12.4856078976902;
  INPUT ---       rlabel(62)=f g1 a11.8625608464495 t12.8625608464495;
  INPUT ---       rlabel(63)=f g1 a13.7114645968228 t14.7114645968228;
  INPUT ---       rlabel(64)=f g1 a14.0167178303237 t15.0167178303237;
  INPUT ---       rlabel(65)=f g1 a14.8230889798353 t15.8230889798353;
  INPUT ---       rlabel(66)=f g1 a16.3362370920537 t17.3362370920537;
  INPUT ---       rlabel(67)=f g1 a17.7024802239218 t18.7024802239218;
   Model is { Phi(~time)p(~samplesize)f(~time) }

 Link Function Used is PARM-SPECIFIC

 Variance Estimation Procedure Used is 2ndPart 
 -2logL(saturated) = 1800.5278     
 Effective Sample Size = 1341

 Number of function evaluations was 76 for 46 parameters.
 For numerical optimization, CPU Time was 3.594 seconds and System Time was 4.735 seconds.
 -2logL { Phi(~time)p(~samplesize)f(~time) } = 4542.3188     
 Penalty { Phi(~time)p(~samplesize)f(~time) } = 0.0000000     

  Program  MARK  - Survival Rate Estimation with Capture-Recapture Data
   gfortran(dble/PIM2) Vers. 10.1 March 2023  13-Feb-2024 12:31:21    Page  011
 - - - - - - - - - - - - - - - - - - - - - - - - - - - - - - - - - - - - - -
 
 Gradient { Phi(~time)p(~samplesize)f(~time) }:
  0.47936617E-03   0.0000000      0.81856365E-05  0.41458901E-04   0.0000000    
   0.0000000      0.16167950E-03   0.0000000      0.28339053E-04  0.16516947E-03
   0.0000000       0.0000000      0.21391180E-04   0.0000000      0.39776045E-04
 -0.32977430E-04   0.0000000     -0.34236345E-04  0.67968565E-04   0.0000000    
   0.0000000       0.0000000     -0.12615987E-03  0.45159024E-03  0.20436561E-03
   0.0000000      0.37455884E-04 -0.40989876E-05 -0.19794799E-04  0.15060005E-03
 -0.28258786E-03   0.0000000      0.81253754E-04   0.0000000       0.0000000    
   0.0000000       0.0000000      0.85261694E-04 -0.52880740E-04   0.0000000    
   0.0000000       0.0000000       0.0000000      0.20103341E-03   0.0000000    
  0.38469069E-05
 Maximum ABS(G) { Phi(~time)p(~samplesize)f(~time) } = 0.4793662E-03 
 To compute VC matrix, CPU Time was 3.078 seconds and System Time was 4.062 seconds.
 S Vector { Phi(~time)p(~samplesize)f(~time) }:
   688.6740      60.70967      47.18985      29.54517      6.257615    
   5.750553      4.229415      4.201532      3.347041      3.298167    
   2.331724      1.718598      1.520942      1.466951      1.283427    
  0.9131250     0.8168174     0.6219859     0.5906539     0.5622769    
  0.5023862     0.8699115E-01 0.4752214E-01 0.2268645E-04 0.7592625E-05
  0.2676034E-06 0.1183718E-09 0.2534660E-10 0.5303520E-12 0.2840051E-12
  0.6541848E-13 0.3433136E-13 0.1417026E-13 0.6418829E-14 0.3773968E-14
  0.1720609E-14 0.5071956E-15 0.2340071E-15 0.1793795E-15 0.6097566E-16
  0.5360753E-16 0.1027890E-16 0.2443117E-17 0.7428525E-32 0.5837200E-33
  0.2576204E-47
 To invert VC matrix, CPU Time was 0.001 seconds and System Time was 0.001 seconds.
 Ratio Threshold = 50.000000       Max Gap (43/44) = 0.3288832E+15   Next Max Gap (45/46) = 0.2265814E+15 
 Gap Method for Num. of Estimated Parameters { Phi(~time)p(~samplesize)f(~time) } = 43          
 Threshold { Phi(~time)p(~samplesize)f(~time) } = 0.9587323E-03           
 Numerical Threshold Method for Num. of Estimated Parameters { Phi(~time)p(~samplesize)f(~time) } = 23          
 Number of Estimated Parameters { Phi(~time)p(~samplesize)f(~time) } = 43          

   * *  WARNING  * *   Number of parameters estimated from gap method (=43) and threshold method (=23) differ.  Inspect full output. 
 Ratios of S Vector { Phi(~time)p(~samplesize)f(~time) }:
   1/2    11.34373       2/3    1.286498       3/4    1.597210       4/5    4.721475       5/6    1.088176    
   6/7    1.359657       7/8    1.006636       8/9    1.255297       9/10    1.014819       10/11    1.414476    
   11/12    1.356759       12/13    1.129956       13/14    1.036805       14/15    1.142995       15/16    1.405533    
   16/17    1.117906       17/18    1.313241       18/19    1.053046       19/20    1.050468       20/21    1.119213    
   21/22    5.775142       22/23    1.830539       23/24    2094.737       24/25    2.987958       25/26    28.37268    
   26/27    2260.703       27/28    4.670124       28/29    47.79203       29/30    1.867403       30/31    4.341359    
   31/32    1.905502       32/33    2.422775       33/34    2.207609       34/35    1.700817       35/36    2.193391    
   36/37    3.392398       37/38    2.167436       38/39    1.304537       39/40    2.941821       40/41    1.137446    
   41/42    5.215301       42/43    4.207287       43/44   0.3288832E+15   44/45    12.72618       45/46   0.2265814E+15
 DEVIANCE { Phi(~time)p(~samplesize)f(~time) } = 2741.7910               
 DEVIANCE Degrees of Freedom { Phi(~time)p(~samplesize)f(~time) } = 142          
 c-hat { Phi(~time)p(~samplesize)f(~time) } = 19.308387               
 AIC { Phi(~time)p(~samplesize)f(~time) } = 4588.3188               
 AICc { Phi(~time)p(~samplesize)f(~time) } = 4589.1570               
 BIC { Phi(~time)p(~samplesize)f(~time) } = 4707.9457               
 Pearson Chisquare { Phi(~time)p(~samplesize)f(~time) } = 20048216.               
 Possible Encounter Histories { Phi(~time)p(~samplesize)f(~time) } = 8388607          
 Pearson Chisquare df { Phi(~time)p(~samplesize)f(~time) } = 8388583          
 Pearson chat { Phi(~time)p(~samplesize)f(~time) } = 2.3899407               
 Sum(Observed/Expected) { Phi(~time)p(~samplesize)f(~time) } = 16602671.               
 s-bar { Phi(~time)p(~samplesize)f(~time) } = 0.9791930               
 Fletcher chat { Phi(~time)p(~samplesize)f(~time) } = 1.2075329               

   * *  WARNING  * *   Numerical underflow occurred during variance-covariance calculation of this model. 
     IEEE flag status at end of variance-covariance calculation:
     overflow       F
     divide by zero F
     invalid        F
     underflow      T
     inexact        T


  Program  MARK  - Survival Rate Estimation with Capture-Recapture Data
   gfortran(dble/PIM2) Vers. 10.1 March 2023  13-Feb-2024 12:31:25    Page  012
 - - - - - - - - - - - - - - - - - - - - - - - - - - - - - - - - - - - - - -
 


      PARM-SPECIFIC Link Function Parameters of { Phi(~time)p(~samplesize)f(~time) }
                                                              95% Confidence Interval
    Parameter                  Beta         Standard Error     Lower           Upper
 -------------------------  --------------  --------------  --------------  --------------
    1:Phi:(Intercept)        32.613722       0.3868972       31.855403       33.372040    
    2:Phi:time3.8033951005  -5.0473555       0.0000000      -5.0473555      -5.0473555    
    3:Phi:time5.0528167623  -28.825491       1.0418533      -30.867523      -26.783458    
    4:Phi:time5.7376977147  -29.915877       0.9412959      -31.760817      -28.070937    
    5:Phi:time6.1122215242   20.731778       0.0000000       20.731778       20.731778    
    6:Phi:time6.3099596195   0.6200014       57285383.      -0.1122794E+09   0.1122794E+09
    7:Phi:time7.8630652372  -29.578073       0.3882808      -30.339104      -28.817043    
    8:Phi:time9.0761622873  -10.178647       0.0000000      -10.178647      -10.178647    
    9:Phi:time10.867280017  -31.306208       1.1132365      -33.488151      -29.124264    
   10:Phi:time10.985765594  -32.257744       0.6934215      -33.616850      -30.898638    
   11:Phi:time11.114981940   53.291684       0.1325723E+09  -0.2598416E+09   0.2598417E+09
   12:Phi:time11.490558864   12.173313       0.1220577E+09  -0.2392331E+09   0.2392331E+09
   13:Phi:time11.614409825  -30.386147       0.6289127      -31.618815      -29.153478    
   14:Phi:time11.930145442   9.2253458       0.1144139E+09  -0.2242512E+09   0.2242512E+09
   15:Phi:time12.049525074  -31.223875       0.3051288      -31.821927      -30.625822    
   16:Phi:time12.485607897  -30.463872       0.7615467      -31.956504      -28.971241    
   17:Phi:time12.862560846  -11.261623       0.0000000      -11.261623      -11.261623    
   18:Phi:time14.711464596  -31.089664       0.6804932      -32.423431      -29.755898    
   19:Phi:time15.016717830  -30.429683       0.9268836      -32.246375      -28.612991    
   20:Phi:time15.823088979   14.885827       0.1904573E+09  -0.3732962E+09   0.3732962E+09
   21:Phi:time17.336237092  -7.5862733       0.0000000      -7.5862733      -7.5862733    
   22:Phi:time18.702480223   23.583388       0.0000000       23.583388       23.583388    
   23:p:(Intercept)         -0.9351687       0.0166089      -0.9677222      -0.9026152    
   24:p:samplesize           0.0033607       0.1657271E-03   0.0030358       0.0036855    
   25:f:(Intercept)         -16.620744       0.1268736      -16.869417      -16.372072    
   26:f:time3.803395100502  -1.5177474       0.0000000      -1.5177474      -1.5177474    
   27:f:time5.052816762383   15.295212       0.5519599       14.213370       16.377053    
   28:f:time5.737697714764   13.890300       2.4448435       9.0984070       18.682194    
   29:f:time6.112221524288   14.416968       2.6714278       9.1809697       19.652967    
   30:f:time6.309959619526   13.995352       0.1065066       13.786599       14.204105    
   31:f:time7.863065237218   13.687081       0.2275174       13.241146       14.133015    
   32:f:time9.076162287340  -1.1567000       0.0000000      -1.1567000      -1.1567000    
   33:f:time10.86728001787   16.276846       0.3344409       15.621342       16.932350    
   34:f:time10.98576559480   14.642903       0.8637299       12.949992       16.335813    
   35:f:time11.11498194095  -2.9756739       0.0000000      -2.9756739      -2.9756739    
   36:f:time11.49055886403  -9.9020761       0.1184358E+17  -0.2321342E+17   0.2321342E+17
   37:f:time11.61440982557  -3.4695415       0.0000000      -3.4695415      -3.4695415    
   38:f:time11.93014544200   14.748848       0.8809444       13.022197       16.475499    
   39:f:time12.04952507461   11.696243       0.2791792       11.149052       12.243434    
   40:f:time12.48560789769   0.0745985       0.0000000       0.0745985       0.0745985    

  Program  MARK  - Survival Rate Estimation with Capture-Recapture Data
   gfortran(dble/PIM2) Vers. 10.1 March 2023  13-Feb-2024 12:31:25    Page  013
 - - - - - - - - - - - - - - - - - - - - - - - - - - - - - - - - - - - - - -
 
   41:f:time12.86256084644  -6.9999668       0.0000000      -6.9999668      -6.9999668    
   42:f:time14.71146459682  -18.602344       0.0000000      -18.602344      -18.602344    
   43:f:time15.01671783032  -20.813337       0.0000000      -20.813337      -20.813337    
   44:f:time15.82308897983   13.573137       0.1805104       13.219337       13.926937    
   45:f:time17.33623709205  -1.8372869       0.0000000      -1.8372869      -1.8372869    
   46:f:time18.70248022392   14.866034       0.3655307       14.149594       15.582474    


             Real Function Parameters of { Phi(~time)p(~samplesize)f(~time) }
                                                               95% Confidence Interval
     Parameter                Estimate       Standard Error     Lower           Upper
 --------------------------  --------------  --------------  --------------  --------------
     1:Phi g1 a0 t1           1.0000000       0.2663161E-14   1.0000000       1.0000000       
     2:Phi g1 a2.8033951005   1.0000000       0.0000000       1.0000000       1.0000000       
     3:Phi g1 a4.0528167623   0.9778654       0.0208943       0.8694580       0.9965990       
     4:Phi g1 a4.7376977147   0.9368994       0.0488994       0.7458610       0.9868621       
     5:Phi g1 a5.1122215242   1.0000000       0.0000000       1.0000000       1.0000000       
     6:Phi g1 a5.3099596195   1.0000000       0.2162385E-06   0.9999996       1.0000004       
     7:Phi g1 a6.8630652372   0.9541589       0.0181729       0.9021469       0.9791634       
     8:Phi g1 a8.0761622873   1.0000000       0.0000000       1.0000000       1.0000000       
     9:Phi g1 a9.8672800178   0.7870968       0.1686394       0.3396328       0.9637348       
    10:Phi g1 a9.9857655948   0.5880664       0.1348030       0.3241612       0.8094853       
    11:Phi g1 a10.114981940   1.0000000       0.0000000       1.0000000       1.0000000       
    12:Phi g1 a10.490558864   1.0000000       0.0000000       1.0000000       1.0000000       
    13:Phi g1 a10.614409825   0.9026986       0.0559131       0.7270850       0.9699758       
    14:Phi g1 a10.930145442   1.0000000       0.0000000       1.0000000       1.0000000       
    15:Phi g1 a11.049525074   0.8005679       0.0474883       0.6914428       0.8779139       
    16:Phi g1 a11.485607897   0.8956547       0.0591223       0.7129855       0.9673833       
    17:Phi g1 a11.862560846   1.0000000       0.0000000       1.0000000       1.0000000       
    18:Phi g1 a13.711464596   0.8211352       0.1215329       0.4755716       0.9587471       
    19:Phi g1 a14.016717830   0.8988070       0.0672861       0.6756934       0.9742699       
    20:Phi g1 a14.823088979   1.0000000       0.0000000       1.0000000       1.0000000       
    21:Phi g1 a16.336237092   1.0000000       0.0000000       1.0000000       1.0000000       
    22:Phi g1 a17.702480223   1.0000000       0.0000000       1.0000000       1.0000000       
    23:p g1 a0 t1             0.3740018       0.0051122       0.3640371       0.3840744       
    24:p g1 a2.803395100502   0.4003071       0.0062279       0.3881647       0.4125733       
    25:p g1 a4.052816762383   0.3584035       0.0045234       0.3495869       0.3673169       
    26:p g1 a4.737697714764   0.7115879       0.0177677       0.6755560       0.7451279       
    27:p g1 a5.112221524288   0.3266343       0.0036130       0.3195927       0.3337549       
    28:p g1 a5.309959619526   0.6216293       0.0157472       0.5903097       0.6519662       
    29:p g1 a6.863065237218   0.4165451       0.0069641       0.4029627       0.4302553       
    30:p g1 a8.076162287340   0.3355654       0.0038192       0.3281215       0.3430918       
    31:p g1 a9.867280017877   0.5731783       0.0140256       0.5454895       0.6004159       
    32:p g1 a9.985765594800   0.5558304       0.0133295       0.5295739       0.5817787       
    33:p g1 a10.11498194095   0.5608027       0.0135327       0.5341297       0.5871291       
    34:p g1 a10.49055886403   0.5408500       0.0127006       0.5158754       0.5656210       

  Program  MARK  - Survival Rate Estimation with Capture-Recapture Data
   gfortran(dble/PIM2) Vers. 10.1 March 2023  13-Feb-2024 12:31:25    Page  014
 - - - - - - - - - - - - - - - - - - - - - - - - - - - - - - - - - - - - - -
 
    35:p g1 a10.61440982557   0.4838158       0.0101302       0.4639964       0.5036861       
    36:p g1 a10.93014544200   0.5366744       0.0125212       0.5120638       0.5611077       
    37:p g1 a11.04952507461   0.3507130       0.0042619       0.3424062       0.3591113       
    38:p g1 a11.48560789769   0.4043476       0.0064086       0.3918520       0.4169685       
    39:p g1 a11.86256084644   0.5846470       0.0144646       0.5560461       0.6126887       
    40:p g1 a13.71146459682   0.4762665       0.0097759       0.4571500       0.4954528       
    41:p g1 a14.01671783032   0.3811096       0.0054011       0.3705814       0.3917508       
    42:p g1 a14.82308897983   0.3222149       0.0035284       0.3153386       0.3291691       
    43:p g1 a16.33623709205   0.4586995       0.0089457       0.4412241       0.4762771       
    44:p g1 a17.70248022392   0.3446157       0.0040710       0.3366808       0.3526382       
    45:p g1 a18.16290833747   0.4404062       0.0080796       0.4246361       0.4562976       
    46:f g1 a0 t1             0.6049263E-07   0.7674919E-08   0.4717430E-07   0.7757102E-07   
    47:f g1 a2.803395100502   0.1326029E-07   0.0000000       0.1326029E-07   0.1326029E-07   
    48:f g1 a4.052816762383   0.2656615       0.1370758       0.0836367       0.5891461       
    49:f g1 a4.737697714764   0.0651903       0.1601625       0.4037727E-03   0.9233098       
    50:f g1 a5.112221524288   0.1103856       0.2916767       0.3674969E-03   0.9766791       
    51:f g1 a5.309959619526   0.0724114       0.0191834       0.0426963       0.1202100       
    52:f g1 a6.863065237218   0.0532018       0.0098545       0.0368823       0.0761710       
    53:f g1 a8.076162287340   0.1902629E-07   0.0000000       0.1902629E-07   0.1902629E-07   
    54:f g1 a9.867280017877   0.7090010       0.1496641       0.3702247       0.9098929       
    55:f g1 a9.985765594800   0.1383676       0.1154168       0.0235141       0.5171255       
    56:f g1 a10.11498194095   0.3085913E-08   0.0000000       0.3085913E-08   0.3085913E-08   
    57:f g1 a10.49055886403   0.3028904E-11   35873.072      -70311.223       70311.223       
    58:f g1 a10.61440982557   0.1883214E-08   0.0000000       0.1883214E-08   0.1883214E-08   
    59:f g1 a10.93014544200   0.1538317       0.1299349       0.0250538       0.5625798       
    60:f g1 a11.04952507461   0.0072663       0.0022807       0.0039233       0.0134198       
    61:f g1 a11.48560789769   0.6517787E-07   0.0000000       0.6517787E-07   0.6517787E-07   
    62:f g1 a11.86256084644   0.5516397E-10   0.0000000       0.5516397E-10   0.5516397E-10   
    63:f g1 a13.71146459682   0.5044375E-15   0.0000000       0.5044375E-15   0.5044375E-15   
    64:f g1 a14.01671783032   0.5528219E-16   0.0000000       0.5528219E-16   0.5528219E-16   
    65:f g1 a14.82308897983   0.0474724       0.0119572       0.0288253       0.0772230       
    66:f g1 a16.33623709205   0.9633385E-08   0.0000000       0.9633385E-08   0.9633385E-08   
    67:f g1 a17.70248022392   0.1729573       0.0630506       0.0810071       0.3316169       





                     Estimates of Derived Parameters

         Lambda Estimates of { Phi(~time)p(~samplesize)f(~time) }
                                                95% Confidence Interval
 Grp. Occ.   Lambda-hat      Standard Error      Lower           Upper
 ---- ----   --------------  --------------  --------------  --------------
   1     1    1.0000001       0.7675140E-08   1.0000001       1.0000001    
   1     2    1.0000000       0.0000000       1.0000000       1.0000000    
   1     3    1.2435269       0.1384391       1.0004209       1.5457087    
   1     4    1.0020897       0.1666823       0.7249108       1.3852515    
   1     5    1.1103856       0.2916831       0.6692529       1.8422873    
   1     6    1.0724114       0.0191839       1.0354654       1.1106756    

  Program  MARK  - Survival Rate Estimation with Capture-Recapture Data
   gfortran(dble/PIM2) Vers. 10.1 March 2023  13-Feb-2024 12:31:25    Page  015
 - - - - - - - - - - - - - - - - - - - - - - - - - - - - - - - - - - - - - -
 
   1     7    1.0073606       0.0247194       0.9600642       1.0569871    
   1     8    1.0000000       0.0000000       1.0000000       1.0000000    
   1     9    1.4960979       0.2395585       1.0952743       2.0436056    
   1    10    0.7264340       0.1721440       0.4594422       1.1485803    
   1    11    1.0000000       0.0000000       1.0000000       1.0000000    
   1    12    1.0000000       35775.546       0.1264784E-03   7906.4894    
   1    13    0.9026986       0.0507689       0.8085502       1.0078097    
   1    14    1.1538317       0.1299379       0.9259449       1.4378043    
   1    15    0.8078342       0.0481379       0.7188597       0.9078212    
   1    16    0.8956548       0.0573865       0.7900547       1.0153695    
   1    17    1.0000000       0.0000000       1.0000000       1.0000000    
   1    18    0.8211352       891.87972       0.5390592E-03   1250.8145    
   1    19    0.8988070       0.0000000       0.8988070       0.8988070    
   1    20    1.0474724       0.0119574       1.0242968       1.0711723    
   1    21    1.0000000       0.0000000       1.0000000       1.0000000    
   1    22    1.1729573       0.0630521       1.0557429       1.3031855    

      log(Lambda) Estimates of { Phi(~time)p(~samplesize)f(~time) }
                                                95% Confidence Interval
 Grp. Occ.   log(Lambda-hat) Standard Error      Lower           Upper
 ---- ----   --------------  --------------  --------------  --------------
   1     1    0.6049262E-07   0.7675139E-08   0.4544935E-07   0.7553590E-07
   1     2    0.1325923E-07   0.0000000       0.1325923E-07   0.1325923E-07
   1     3    0.2179516       0.1113278      -0.2508203E-03   0.4361541    
   1     4    0.0020875       0.1663347      -0.3239284       0.3281035    
   1     5    0.1047073       0.2626863      -0.4101579       0.6195725    
   1     6    0.0699097       0.0178885       0.0348482       0.1049713    
   1     7    0.0073337       0.0245388      -0.0407624       0.0554297    
   1     8    0.1884575E-07   0.0000000       0.1884575E-07   0.1884575E-07
   1     9    0.4028603       0.1601222       0.0890207       0.7166999    
   1    10   -0.3196077       0.2369713      -0.7840715       0.1448561    
   1    11    0.3085913E-08   0.0000000       0.3085913E-08   0.3085913E-08
   1    12    0.3028910E-11   35775.546      -70120.071       70120.071    
   1    13   -0.1023666       0.0562413      -0.2125995       0.0078664    
   1    14    0.1430883       0.1126142      -0.0776356       0.3638122    
   1    15   -0.2133984       0.0595888      -0.3301925      -0.0966043    
   1    16   -0.1102002       0.0640722      -0.2357817       0.0153812    
   1    17   -0.4780499E-09   0.0000000      -0.4780499E-09  -0.4780499E-09
   1    18   -0.1970675       1086.1545      -2129.0599       2128.6658    
   1    19   -0.1066870       0.0000000      -0.1066870      -0.1066870    
   1    20    0.0463800       0.0114155       0.0240056       0.0687544    
   1    21    0.9619874E-08   0.0000000       0.9619874E-08   0.9619874E-08
   1    22    0.1595282       0.0537548       0.0541687       0.2648877    

 To compute parameter estimates, CPU Time was 0.001 seconds and System Time was 0.016 seconds.

 Attempted ordering of parameters by estimatibility:
  23 25  1 24 44 15 30  7 27 10 46 31  4 33 13 19  9 38 16 34  3 28 39 18 29
  40 37 45 32 26 35  2  8 41 17 21 12  6 36 14 20 42 43  5 22 11
 Beta number 11 is a singular value.

   For procedure estimate CPU Time was 6.672 seconds and System Time was 8.828 seconds       .

  Program  MARK  - Survival Rate Estimation with Capture-Recapture Data
   gfortran(dble/PIM2) Vers. 10.1 March 2023  13-Feb-2024 12:31:25    Page  016
 - - - - - - - - - - - - - - - - - - - - - - - - - - - - - - - - - - - - - -
 


  INPUT --- proc stop;

     For this job, CPU Time in minutes was 0.111 and System Time in minutes was 0.147.

     Time Start = 12:31:16.546   Time End = 12:31:25.379

     Wall Clock Time in minutes for this job was 0.147.

     Maximum of 46 words used of 4096 words allocated.


          E X E C U T I O N   S U C C E S S F U L 
