
   Program  MARK  - Survival Rate Estimation with Capture-Recapture Data
   gfortran(dble/PIM2) Vers. 10.1 March 2023  13-Feb-2024 12:31:25    Page  001
    
 - - - - - - - - - - - - - - - - - - - - - - - - - - - - - - - - - - - - - -
 
   Welcome to MARK Elizabeth Sibert on machine CHROMIUM in subdirectory 
   "C:\Elizabeth_Files\Personal\Research\Code\Github_Repos\eeco_teeth\mark" running file "mark023.inp".
   This version was compiled by GCC version 12.2.0 using the options: 
     -cpp -iprefix c:\tdm-gcc-64\mingw64\bin\../lib/gcc/x86_64-w64-mingw32/12.2.0/
     -D_MT -D_REENTRANT -U_REENTRANT -D ieee -D dbleprecision -m64 -mtune=generic
     -march=x86-64 -mthreads -O3 -std=f2018 -fsignaling-nans
     -ffpe-summary=invalid,zero,overflow,underflow -funroll-loops -ffast-math
     -fall-intrinsics -fopenmp.

   This problem will use 15 of 16 possible threads.
   Static thread allocation is used.
   Schedule kind is omp_sched_dynamic with chunk size 1


  INPUT --- proc title ;

   For procedure title CPU Time was 0.001 seconds and System Time was 0.001 seconds       .


  INPUT --- proc chmatrix occasions= 23 groups= 1 etype= PradRec Nodes= 
  INPUT --- 101 ICMeans NoHist hist=  165 ;

  INPUT ---    time interval 2.8033951005025 1.24942166188089 
  INPUT ---    0.684880952380901 0.374523809523801  0.197738095238101 
  INPUT ---    1.5531056176919 1.2130970501222 1.7911177305376 
  INPUT ---    0.118485576923099  0.129216346153804 0.375576923076899 
  INPUT ---    0.123850961538501 0.315735616432001 0.119379632613594  
  INPUT ---    0.4360828230744 0.376952948759303 1.8489037503733 
  INPUT ---    0.305253233500906 0.806371149511598  1.5131481122184 
  INPUT ---    1.3662431318681 0.4604281135531 ;

  INPUT ---    glabel(1)=Group 1;

      Number of unique encounter histories read was 165.

      Number of individual covariates read was 0.
      Time interval lengths vary and/or not equal to 1.

      Data type number is 17
      Data type is Pradel Survival and Recruitment

   For procedure chmatrix CPU Time was 0.001 seconds and System Time was 0.001 seconds       .

  Program  MARK  - Survival Rate Estimation with Capture-Recapture Data
   gfortran(dble/PIM2) Vers. 10.1 March 2023  13-Feb-2024 12:31:25    Page  002
 - - - - - - - - - - - - - - - - - - - - - - - - - - - - - - - - - - - - - -
 


  INPUT --- proc estimate link=Parm-Specific NOLOOP varest=2ndPart    ;


  INPUT --- model={ Phi(~1)p(~time)f(~time) };

  INPUT ---    group=1 Phi    rows=1 cols=22 Square ;
  INPUT ---        1 1 1 1 1 1 1 1 1 1 1 1 1 1 1 1 1 1 1 1 1 1 ;

  INPUT ---    group=1 p    rows=1 cols=23 Square ;
  INPUT ---        2 3 4 5 6 7 8 9 10 11 12 13 14 15 16 17 18 19 20 21 22 23 
  INPUT ---       24 ;

  INPUT ---    group=1 f    rows=1 cols=22 Square ;
  INPUT ---        25 26 27 28 29 30 31 32 33 34 35 36 37 38 39 40 41 42 43 
  INPUT ---       44 45 46 ;

  INPUT ---    design matrix constraints=46 covariates=46;
  INPUT ---        1 0 0 0 0 0 0 0 0 0 0 0 0 0 0 0 0 0 0 0 0 0 0 0 0 0 0 0 0 
  INPUT ---       0 0 0 0 0 0 0 0 0 0 0 0 0 0 0 0 0;
  INPUT ---        0 1 0 0 0 0 0 0 0 0 0 0 0 0 0 0 0 0 0 0 0 0 0 0 0 0 0 0 0 
  INPUT ---       0 0 0 0 0 0 0 0 0 0 0 0 0 0 0 0 0;
  INPUT ---        0 1 1 0 0 0 0 0 0 0 0 0 0 0 0 0 0 0 0 0 0 0 0 0 0 0 0 0 0 
  INPUT ---       0 0 0 0 0 0 0 0 0 0 0 0 0 0 0 0 0;
  INPUT ---        0 1 0 1 0 0 0 0 0 0 0 0 0 0 0 0 0 0 0 0 0 0 0 0 0 0 0 0 0 
  INPUT ---       0 0 0 0 0 0 0 0 0 0 0 0 0 0 0 0 0;
  INPUT ---        0 1 0 0 1 0 0 0 0 0 0 0 0 0 0 0 0 0 0 0 0 0 0 0 0 0 0 0 0 
  INPUT ---       0 0 0 0 0 0 0 0 0 0 0 0 0 0 0 0 0;
  INPUT ---        0 1 0 0 0 1 0 0 0 0 0 0 0 0 0 0 0 0 0 0 0 0 0 0 0 0 0 0 0 
  INPUT ---       0 0 0 0 0 0 0 0 0 0 0 0 0 0 0 0 0;
  INPUT ---        0 1 0 0 0 0 1 0 0 0 0 0 0 0 0 0 0 0 0 0 0 0 0 0 0 0 0 0 0 
  INPUT ---       0 0 0 0 0 0 0 0 0 0 0 0 0 0 0 0 0;
  INPUT ---        0 1 0 0 0 0 0 1 0 0 0 0 0 0 0 0 0 0 0 0 0 0 0 0 0 0 0 0 0 
  INPUT ---       0 0 0 0 0 0 0 0 0 0 0 0 0 0 0 0 0;
  INPUT ---        0 1 0 0 0 0 0 0 1 0 0 0 0 0 0 0 0 0 0 0 0 0 0 0 0 0 0 0 0 
  INPUT ---       0 0 0 0 0 0 0 0 0 0 0 0 0 0 0 0 0;
  INPUT ---        0 1 0 0 0 0 0 0 0 1 0 0 0 0 0 0 0 0 0 0 0 0 0 0 0 0 0 0 0 
  INPUT ---       0 0 0 0 0 0 0 0 0 0 0 0 0 0 0 0 0;
  INPUT ---        0 1 0 0 0 0 0 0 0 0 1 0 0 0 0 0 0 0 0 0 0 0 0 0 0 0 0 0 0 
  INPUT ---       0 0 0 0 0 0 0 0 0 0 0 0 0 0 0 0 0;
  INPUT ---        0 1 0 0 0 0 0 0 0 0 0 1 0 0 0 0 0 0 0 0 0 0 0 0 0 0 0 0 0 
  INPUT ---       0 0 0 0 0 0 0 0 0 0 0 0 0 0 0 0 0;
  INPUT ---        0 1 0 0 0 0 0 0 0 0 0 0 1 0 0 0 0 0 0 0 0 0 0 0 0 0 0 0 0 
  INPUT ---       0 0 0 0 0 0 0 0 0 0 0 0 0 0 0 0 0;
  INPUT ---        0 1 0 0 0 0 0 0 0 0 0 0 0 1 0 0 0 0 0 0 0 0 0 0 0 0 0 0 0 

  Program  MARK  - Survival Rate Estimation with Capture-Recapture Data
   gfortran(dble/PIM2) Vers. 10.1 March 2023  13-Feb-2024 12:31:25    Page  003
 - - - - - - - - - - - - - - - - - - - - - - - - - - - - - - - - - - - - - -
 
  INPUT ---       0 0 0 0 0 0 0 0 0 0 0 0 0 0 0 0 0;
  INPUT ---        0 1 0 0 0 0 0 0 0 0 0 0 0 0 1 0 0 0 0 0 0 0 0 0 0 0 0 0 0 
  INPUT ---       0 0 0 0 0 0 0 0 0 0 0 0 0 0 0 0 0;
  INPUT ---        0 1 0 0 0 0 0 0 0 0 0 0 0 0 0 1 0 0 0 0 0 0 0 0 0 0 0 0 0 
  INPUT ---       0 0 0 0 0 0 0 0 0 0 0 0 0 0 0 0 0;
  INPUT ---        0 1 0 0 0 0 0 0 0 0 0 0 0 0 0 0 1 0 0 0 0 0 0 0 0 0 0 0 0 
  INPUT ---       0 0 0 0 0 0 0 0 0 0 0 0 0 0 0 0 0;
  INPUT ---        0 1 0 0 0 0 0 0 0 0 0 0 0 0 0 0 0 1 0 0 0 0 0 0 0 0 0 0 0 
  INPUT ---       0 0 0 0 0 0 0 0 0 0 0 0 0 0 0 0 0;
  INPUT ---        0 1 0 0 0 0 0 0 0 0 0 0 0 0 0 0 0 0 1 0 0 0 0 0 0 0 0 0 0 
  INPUT ---       0 0 0 0 0 0 0 0 0 0 0 0 0 0 0 0 0;
  INPUT ---        0 1 0 0 0 0 0 0 0 0 0 0 0 0 0 0 0 0 0 1 0 0 0 0 0 0 0 0 0 
  INPUT ---       0 0 0 0 0 0 0 0 0 0 0 0 0 0 0 0 0;
  INPUT ---        0 1 0 0 0 0 0 0 0 0 0 0 0 0 0 0 0 0 0 0 1 0 0 0 0 0 0 0 0 
  INPUT ---       0 0 0 0 0 0 0 0 0 0 0 0 0 0 0 0 0;
  INPUT ---        0 1 0 0 0 0 0 0 0 0 0 0 0 0 0 0 0 0 0 0 0 1 0 0 0 0 0 0 0 
  INPUT ---       0 0 0 0 0 0 0 0 0 0 0 0 0 0 0 0 0;
  INPUT ---        0 1 0 0 0 0 0 0 0 0 0 0 0 0 0 0 0 0 0 0 0 0 1 0 0 0 0 0 0 
  INPUT ---       0 0 0 0 0 0 0 0 0 0 0 0 0 0 0 0 0;
  INPUT ---        0 1 0 0 0 0 0 0 0 0 0 0 0 0 0 0 0 0 0 0 0 0 0 1 0 0 0 0 0 
  INPUT ---       0 0 0 0 0 0 0 0 0 0 0 0 0 0 0 0 0;
  INPUT ---        0 0 0 0 0 0 0 0 0 0 0 0 0 0 0 0 0 0 0 0 0 0 0 0 1 0 0 0 0 
  INPUT ---       0 0 0 0 0 0 0 0 0 0 0 0 0 0 0 0 0;
  INPUT ---        0 0 0 0 0 0 0 0 0 0 0 0 0 0 0 0 0 0 0 0 0 0 0 0 1 1 0 0 0 
  INPUT ---       0 0 0 0 0 0 0 0 0 0 0 0 0 0 0 0 0;
  INPUT ---        0 0 0 0 0 0 0 0 0 0 0 0 0 0 0 0 0 0 0 0 0 0 0 0 1 0 1 0 0 
  INPUT ---       0 0 0 0 0 0 0 0 0 0 0 0 0 0 0 0 0;
  INPUT ---        0 0 0 0 0 0 0 0 0 0 0 0 0 0 0 0 0 0 0 0 0 0 0 0 1 0 0 1 0 
  INPUT ---       0 0 0 0 0 0 0 0 0 0 0 0 0 0 0 0 0;
  INPUT ---        0 0 0 0 0 0 0 0 0 0 0 0 0 0 0 0 0 0 0 0 0 0 0 0 1 0 0 0 1 
  INPUT ---       0 0 0 0 0 0 0 0 0 0 0 0 0 0 0 0 0;
  INPUT ---        0 0 0 0 0 0 0 0 0 0 0 0 0 0 0 0 0 0 0 0 0 0 0 0 1 0 0 0 0 
  INPUT ---       1 0 0 0 0 0 0 0 0 0 0 0 0 0 0 0 0;
  INPUT ---        0 0 0 0 0 0 0 0 0 0 0 0 0 0 0 0 0 0 0 0 0 0 0 0 1 0 0 0 0 
  INPUT ---       0 1 0 0 0 0 0 0 0 0 0 0 0 0 0 0 0;
  INPUT ---        0 0 0 0 0 0 0 0 0 0 0 0 0 0 0 0 0 0 0 0 0 0 0 0 1 0 0 0 0 
  INPUT ---       0 0 1 0 0 0 0 0 0 0 0 0 0 0 0 0 0;
  INPUT ---        0 0 0 0 0 0 0 0 0 0 0 0 0 0 0 0 0 0 0 0 0 0 0 0 1 0 0 0 0 
  INPUT ---       0 0 0 1 0 0 0 0 0 0 0 0 0 0 0 0 0;
  INPUT ---        0 0 0 0 0 0 0 0 0 0 0 0 0 0 0 0 0 0 0 0 0 0 0 0 1 0 0 0 0 
  INPUT ---       0 0 0 0 1 0 0 0 0 0 0 0 0 0 0 0 0;
  INPUT ---        0 0 0 0 0 0 0 0 0 0 0 0 0 0 0 0 0 0 0 0 0 0 0 0 1 0 0 0 0 
  INPUT ---       0 0 0 0 0 1 0 0 0 0 0 0 0 0 0 0 0;
  INPUT ---        0 0 0 0 0 0 0 0 0 0 0 0 0 0 0 0 0 0 0 0 0 0 0 0 1 0 0 0 0 
  INPUT ---       0 0 0 0 0 0 1 0 0 0 0 0 0 0 0 0 0;
  INPUT ---        0 0 0 0 0 0 0 0 0 0 0 0 0 0 0 0 0 0 0 0 0 0 0 0 1 0 0 0 0 

  Program  MARK  - Survival Rate Estimation with Capture-Recapture Data
   gfortran(dble/PIM2) Vers. 10.1 March 2023  13-Feb-2024 12:31:25    Page  004
 - - - - - - - - - - - - - - - - - - - - - - - - - - - - - - - - - - - - - -
 
  INPUT ---       0 0 0 0 0 0 0 1 0 0 0 0 0 0 0 0 0;
  INPUT ---        0 0 0 0 0 0 0 0 0 0 0 0 0 0 0 0 0 0 0 0 0 0 0 0 1 0 0 0 0 
  INPUT ---       0 0 0 0 0 0 0 0 1 0 0 0 0 0 0 0 0;
  INPUT ---        0 0 0 0 0 0 0 0 0 0 0 0 0 0 0 0 0 0 0 0 0 0 0 0 1 0 0 0 0 
  INPUT ---       0 0 0 0 0 0 0 0 0 1 0 0 0 0 0 0 0;
  INPUT ---        0 0 0 0 0 0 0 0 0 0 0 0 0 0 0 0 0 0 0 0 0 0 0 0 1 0 0 0 0 
  INPUT ---       0 0 0 0 0 0 0 0 0 0 1 0 0 0 0 0 0;
  INPUT ---        0 0 0 0 0 0 0 0 0 0 0 0 0 0 0 0 0 0 0 0 0 0 0 0 1 0 0 0 0 
  INPUT ---       0 0 0 0 0 0 0 0 0 0 0 1 0 0 0 0 0;
  INPUT ---        0 0 0 0 0 0 0 0 0 0 0 0 0 0 0 0 0 0 0 0 0 0 0 0 1 0 0 0 0 
  INPUT ---       0 0 0 0 0 0 0 0 0 0 0 0 1 0 0 0 0;
  INPUT ---        0 0 0 0 0 0 0 0 0 0 0 0 0 0 0 0 0 0 0 0 0 0 0 0 1 0 0 0 0 
  INPUT ---       0 0 0 0 0 0 0 0 0 0 0 0 0 1 0 0 0;
  INPUT ---        0 0 0 0 0 0 0 0 0 0 0 0 0 0 0 0 0 0 0 0 0 0 0 0 1 0 0 0 0 
  INPUT ---       0 0 0 0 0 0 0 0 0 0 0 0 0 0 1 0 0;
  INPUT ---        0 0 0 0 0 0 0 0 0 0 0 0 0 0 0 0 0 0 0 0 0 0 0 0 1 0 0 0 0 
  INPUT ---       0 0 0 0 0 0 0 0 0 0 0 0 0 0 0 1 0;
  INPUT ---        0 0 0 0 0 0 0 0 0 0 0 0 0 0 0 0 0 0 0 0 0 0 0 0 1 0 0 0 0 
  INPUT ---       0 0 0 0 0 0 0 0 0 0 0 0 0 0 0 0 1;

  INPUT ---    links=46;

  INPUT ---    Logit;

  INPUT ---    Logit;

  INPUT ---    Logit;

  INPUT ---    Logit;

  INPUT ---    Logit;

  INPUT ---    Logit;

  INPUT ---    Logit;

  INPUT ---    Logit;

  INPUT ---    Logit;

  INPUT ---    Logit;

  INPUT ---    Logit;

  INPUT ---    Logit;


  Program  MARK  - Survival Rate Estimation with Capture-Recapture Data
   gfortran(dble/PIM2) Vers. 10.1 March 2023  13-Feb-2024 12:31:25    Page  005
 - - - - - - - - - - - - - - - - - - - - - - - - - - - - - - - - - - - - - -
 
  INPUT ---    Logit;

  INPUT ---    Logit;

  INPUT ---    Logit;

  INPUT ---    Logit;

  INPUT ---    Logit;

  INPUT ---    Logit;

  INPUT ---    Logit;

  INPUT ---    Logit;

  INPUT ---    Logit;

  INPUT ---    Logit;

  INPUT ---    Logit;

  INPUT ---    Logit;

  INPUT ---    Log;

  INPUT ---    Log;

  INPUT ---    Log;

  INPUT ---    Log;

  INPUT ---    Log;

  INPUT ---    Log;

  INPUT ---    Log;

  INPUT ---    Log;

  INPUT ---    Log;

  INPUT ---    Log;

  INPUT ---    Log;


  Program  MARK  - Survival Rate Estimation with Capture-Recapture Data
   gfortran(dble/PIM2) Vers. 10.1 March 2023  13-Feb-2024 12:31:25    Page  006
 - - - - - - - - - - - - - - - - - - - - - - - - - - - - - - - - - - - - - -
 
  INPUT ---    Log;

  INPUT ---    Log;

  INPUT ---    Log;

  INPUT ---    Log;

  INPUT ---    Log;

  INPUT ---    Log;

  INPUT ---    Log;

  INPUT ---    Log;

  INPUT ---    Log;

  INPUT ---    Log;

  INPUT ---    Log;
  INPUT ---       blabel(1)=Phi:(Intercept);
  INPUT ---       blabel(2)=p:(Intercept);
  INPUT ---       blabel(3)=p:time3.8033951005025;
  INPUT ---       blabel(4)=p:time5.05281676238339;
  INPUT ---       blabel(5)=p:time5.73769771476429;
  INPUT ---       blabel(6)=p:time6.1122215242881;
  INPUT ---       blabel(7)=p:time6.3099596195262;
  INPUT ---       blabel(8)=p:time7.86306523721809;
  INPUT ---       blabel(9)=p:time9.0761622873403;
  INPUT ---       blabel(10)=p:time10.8672800178779;
  INPUT ---       blabel(11)=p:time10.985765594801;
  INPUT ---       blabel(12)=p:time11.1149819409548;
  INPUT ---       blabel(13)=p:time11.4905588640317;
  INPUT ---       blabel(14)=p:time11.6144098255702;
  INPUT ---       blabel(15)=p:time11.9301454420022;
  INPUT ---       blabel(16)=p:time12.0495250746158;
  INPUT ---       blabel(17)=p:time12.4856078976902;
  INPUT ---       blabel(18)=p:time12.8625608464495;
  INPUT ---       blabel(19)=p:time14.7114645968228;
  INPUT ---       blabel(20)=p:time15.0167178303237;
  INPUT ---       blabel(21)=p:time15.8230889798353;
  INPUT ---       blabel(22)=p:time17.3362370920537;
  INPUT ---       blabel(23)=p:time18.7024802239218;
  INPUT ---       blabel(24)=p:time19.1629083374749;
  INPUT ---       blabel(25)=f:(Intercept);

  Program  MARK  - Survival Rate Estimation with Capture-Recapture Data
   gfortran(dble/PIM2) Vers. 10.1 March 2023  13-Feb-2024 12:31:25    Page  007
 - - - - - - - - - - - - - - - - - - - - - - - - - - - - - - - - - - - - - -
 
  INPUT ---       blabel(26)=f:time3.8033951005025;
  INPUT ---       blabel(27)=f:time5.05281676238339;
  INPUT ---       blabel(28)=f:time5.73769771476429;
  INPUT ---       blabel(29)=f:time6.1122215242881;
  INPUT ---       blabel(30)=f:time6.3099596195262;
  INPUT ---       blabel(31)=f:time7.86306523721809;
  INPUT ---       blabel(32)=f:time9.0761622873403;
  INPUT ---       blabel(33)=f:time10.8672800178779;
  INPUT ---       blabel(34)=f:time10.985765594801;
  INPUT ---       blabel(35)=f:time11.1149819409548;
  INPUT ---       blabel(36)=f:time11.4905588640317;
  INPUT ---       blabel(37)=f:time11.6144098255702;
  INPUT ---       blabel(38)=f:time11.9301454420022;
  INPUT ---       blabel(39)=f:time12.0495250746158;
  INPUT ---       blabel(40)=f:time12.4856078976902;
  INPUT ---       blabel(41)=f:time12.8625608464495;
  INPUT ---       blabel(42)=f:time14.7114645968228;
  INPUT ---       blabel(43)=f:time15.0167178303237;
  INPUT ---       blabel(44)=f:time15.8230889798353;
  INPUT ---       blabel(45)=f:time17.3362370920537;
  INPUT ---       blabel(46)=f:time18.7024802239218;
  INPUT ---       rlabel(1)=Phi g1 a0 t1;
  INPUT ---       rlabel(2)=p g1 a0 t1;
  INPUT ---       rlabel(3)=p g1 a2.8033951005025 t3.8033951005025;
  INPUT ---       rlabel(4)=p g1 a4.05281676238339 t5.05281676238339;
  INPUT ---       rlabel(5)=p g1 a4.73769771476429 t5.73769771476429;
  INPUT ---       rlabel(6)=p g1 a5.1122215242881 t6.1122215242881;
  INPUT ---       rlabel(7)=p g1 a5.3099596195262 t6.3099596195262;
  INPUT ---       rlabel(8)=p g1 a6.86306523721809 t7.86306523721809;
  INPUT ---       rlabel(9)=p g1 a8.0761622873403 t9.0761622873403;
  INPUT ---       rlabel(10)=p g1 a9.8672800178779 t10.8672800178779;
  INPUT ---       rlabel(11)=p g1 a9.98576559480099 t10.985765594801;
  INPUT ---       rlabel(12)=p g1 a10.1149819409548 t11.1149819409548;
  INPUT ---       rlabel(13)=p g1 a10.4905588640317 t11.4905588640317;
  INPUT ---       rlabel(14)=p g1 a10.6144098255702 t11.6144098255702;
  INPUT ---       rlabel(15)=p g1 a10.9301454420022 t11.9301454420022;
  INPUT ---       rlabel(16)=p g1 a11.0495250746158 t12.0495250746158;
  INPUT ---       rlabel(17)=p g1 a11.4856078976902 t12.4856078976902;
  INPUT ---       rlabel(18)=p g1 a11.8625608464495 t12.8625608464495;
  INPUT ---       rlabel(19)=p g1 a13.7114645968228 t14.7114645968228;
  INPUT ---       rlabel(20)=p g1 a14.0167178303237 t15.0167178303237;
  INPUT ---       rlabel(21)=p g1 a14.8230889798353 t15.8230889798353;
  INPUT ---       rlabel(22)=p g1 a16.3362370920537 t17.3362370920537;
  INPUT ---       rlabel(23)=p g1 a17.7024802239218 t18.7024802239218;
  INPUT ---       rlabel(24)=p g1 a18.1629083374749 t19.1629083374749;
  INPUT ---       rlabel(25)=f g1 a0 t1;

  Program  MARK  - Survival Rate Estimation with Capture-Recapture Data
   gfortran(dble/PIM2) Vers. 10.1 March 2023  13-Feb-2024 12:31:25    Page  008
 - - - - - - - - - - - - - - - - - - - - - - - - - - - - - - - - - - - - - -
 
  INPUT ---       rlabel(26)=f g1 a2.8033951005025 t3.8033951005025;
  INPUT ---       rlabel(27)=f g1 a4.05281676238339 t5.05281676238339;
  INPUT ---       rlabel(28)=f g1 a4.73769771476429 t5.73769771476429;
  INPUT ---       rlabel(29)=f g1 a5.1122215242881 t6.1122215242881;
  INPUT ---       rlabel(30)=f g1 a5.3099596195262 t6.3099596195262;
  INPUT ---       rlabel(31)=f g1 a6.86306523721809 t7.86306523721809;
  INPUT ---       rlabel(32)=f g1 a8.0761622873403 t9.0761622873403;
  INPUT ---       rlabel(33)=f g1 a9.8672800178779 t10.8672800178779;
  INPUT ---       rlabel(34)=f g1 a9.98576559480099 t10.985765594801;
  INPUT ---       rlabel(35)=f g1 a10.1149819409548 t11.1149819409548;
  INPUT ---       rlabel(36)=f g1 a10.4905588640317 t11.4905588640317;
  INPUT ---       rlabel(37)=f g1 a10.6144098255702 t11.6144098255702;
  INPUT ---       rlabel(38)=f g1 a10.9301454420022 t11.9301454420022;
  INPUT ---       rlabel(39)=f g1 a11.0495250746158 t12.0495250746158;
  INPUT ---       rlabel(40)=f g1 a11.4856078976902 t12.4856078976902;
  INPUT ---       rlabel(41)=f g1 a11.8625608464495 t12.8625608464495;
  INPUT ---       rlabel(42)=f g1 a13.7114645968228 t14.7114645968228;
  INPUT ---       rlabel(43)=f g1 a14.0167178303237 t15.0167178303237;
  INPUT ---       rlabel(44)=f g1 a14.8230889798353 t15.8230889798353;
  INPUT ---       rlabel(45)=f g1 a16.3362370920537 t17.3362370920537;
  INPUT ---       rlabel(46)=f g1 a17.7024802239218 t18.7024802239218;
   Model is { Phi(~1)p(~time)f(~time) }

 Link Function Used is PARM-SPECIFIC

 Variance Estimation Procedure Used is 2ndPart 
 -2logL(saturated) = 1800.5278     
 Effective Sample Size = 1341

 Number of function evaluations was 102 for 46 parameters.
 For numerical optimization, CPU Time was 4.562 seconds and System Time was 6.719 seconds.
 -2logL { Phi(~1)p(~time)f(~time) } = 4550.7669     
 Penalty { Phi(~1)p(~time)f(~time) } = 0.0000000     
 Gradient { Phi(~1)p(~time)f(~time) }:
  0.18668998E-02 -0.35584037E-03  0.82794977E-03 -0.21340026E-04 -0.94750402E-03
  0.68990503E-03  0.87600236E-03 -0.52838696E-03  0.62704508E-04 -0.59963220E-03
 -0.29788440E-03 -0.38974929E-04 -0.19117936E-03 -0.31197631E-03 -0.44450968E-03
  0.21263197E-03  0.15498754E-03  0.25225334E-03 -0.75425272E-05  0.12059173E-03
  0.10571224E-03 -0.47044297E-04  0.10692765E-03 -0.39012057E-03  0.87361770E-03
 -0.41149699E-03  0.47704930E-03  0.22218647E-03   0.0000000     -0.12374007E-02
 -0.43495584E-03  0.12621858E-04 -0.28013386E-03   0.0000000       0.0000000    
   0.0000000       0.0000000      0.15868883E-03 -0.18618849E-03   0.0000000    
  0.14450389E-04   0.0000000       0.0000000      0.10613988E-02 -0.35201674E-03
 -0.65525460E-03
 Maximum ABS(G) { Phi(~1)p(~time)f(~time) } = 0.0018669     
 To compute VC matrix, CPU Time was 3.125 seconds and System Time was 4.765 seconds.

  Program  MARK  - Survival Rate Estimation with Capture-Recapture Data
   gfortran(dble/PIM2) Vers. 10.1 March 2023  13-Feb-2024 12:31:37    Page  009
 - - - - - - - - - - - - - - - - - - - - - - - - - - - - - - - - - - - - - -
 
 S Vector { Phi(~1)p(~time)f(~time) }:
   554.7687      125.9208      53.95907      35.60463      35.25273    
   34.66527      34.07928      32.75628      32.36256      31.43783    
   31.19540      30.86337      29.79860      29.52372      28.96344    
   27.11468      25.69393      24.98295      23.39902      22.66306    
   20.69181      20.33547      18.62296      13.90253      5.376081    
   3.875864      3.432259      1.891941      1.740645      1.547505    
   1.484300      1.089080     0.5862257     0.5308842     0.4142093    
  0.5611672E-01 0.6493922E-05 0.5767838E-05 0.4839003E-05 0.3274692E-06
  0.1477010E-06 0.8166980E-07 0.7028865E-08 0.1120516E-11 0.2555427E-21
  0.2323146E-23
 To invert VC matrix, CPU Time was 0.001 seconds and System Time was 0.001 seconds.
 Ratio Threshold = 50.000000       Max Gap (44/45) = 0.4384850E+10   Next Max Gap (36/37) = 8641.4221     
 Gap Method for Num. of Estimated Parameters { Phi(~1)p(~time)f(~time) } = 36          
 Threshold { Phi(~1)p(~time)f(~time) } = 0.0037338               
 Numerical Threshold Method for Num. of Estimated Parameters { Phi(~1)p(~time)f(~time) } = 36          
 Number of Estimated Parameters { Phi(~1)p(~time)f(~time) } = 36          
 DEVIANCE { Phi(~1)p(~time)f(~time) } = 2750.2392               
 DEVIANCE Degrees of Freedom { Phi(~1)p(~time)f(~time) } = 129          
 c-hat { Phi(~1)p(~time)f(~time) } = 21.319683               
 AIC { Phi(~1)p(~time)f(~time) } = 4622.7669               
 AICc { Phi(~1)p(~time)f(~time) } = 4624.8099               
 BIC { Phi(~1)p(~time)f(~time) } = 4810.0091               
 Pearson Chisquare { Phi(~1)p(~time)f(~time) } = 25893106.               
 Possible Encounter Histories { Phi(~1)p(~time)f(~time) } = 8388607          
 Pearson Chisquare df { Phi(~1)p(~time)f(~time) } = 8388570          
 Pearson chat { Phi(~1)p(~time)f(~time) } = 3.0867128               
 Sum(Observed/Expected) { Phi(~1)p(~time)f(~time) } = 20948839.               
 s-bar { Phi(~1)p(~time)f(~time) } = 1.4972967               
 Fletcher chat { Phi(~1)p(~time)f(~time) } = 1.2360216               


          PARM-SPECIFIC Link Function Parameters of { Phi(~1)p(~time)f(~time) }
                                                              95% Confidence Interval
    Parameter                  Beta         Standard Error     Lower           Upper
 -------------------------  --------------  --------------  --------------  --------------
    1:Phi:(Intercept)        3.2500711       0.1517068       2.9527258       3.5474164    
    2:p:(Intercept)          7.1639122       27.852693      -47.427368       61.755192    
    3:p:time3.803395100502  -7.0637383       27.863219      -61.675649       47.548172    
    4:p:time5.052816762383  -7.6827647       27.853819      -62.276251       46.910722    
    5:p:time5.737697714764  -5.9948495       27.853982      -60.588655       48.598956    
    6:p:time6.112221524288  -8.3915343       27.853513      -62.984421       46.201353    
    7:p:time6.309959619526  -6.8361691       27.853352      -61.428740       47.756402    
    8:p:time7.863065237218  -7.3036435       27.853311      -61.896135       47.288848    
    9:p:time9.076162287340  -7.8626787       27.853299      -62.455146       46.729789    
   10:p:time10.86728001787  -6.5327684       27.853322      -61.125280       48.059743    
   11:p:time10.98576559480  -6.8883056       27.853295      -61.480764       47.704153    
   12:p:time11.11498194095  -6.9323366       27.856613      -61.531299       47.666626    
   13:p:time11.49055886403  -7.0836820       27.856426      -61.682277       47.514913    
   14:p:time11.61440982557  -7.1235341       27.856364      -61.722008       47.474939    
   15:p:time11.93014544200  -7.3408123       27.856025      -61.938622       47.256997    
   16:p:time12.04952507461  -7.7136398       27.835015      -62.270270       46.842991    
   17:p:time12.48560789769  -7.7660327       27.853331      -62.358563       46.826498    
   18:p:time12.86256084644  -7.5708858       27.853420      -62.163590       47.021818    
   19:p:time14.71146459682  -7.1944167       27.853919      -61.788100       47.399266    
   20:p:time15.01671783032  -7.7064947       27.859340      -62.310803       46.897813    
   21:p:time15.82308897983  -8.3402279       27.861034      -62.947856       46.267400    
   22:p:time17.33623709205  -6.8866052       27.855221      -61.482840       47.709629    
   23:p:time18.70248022392  -7.6643470       27.855051      -62.260248       46.931554    
   24:p:time19.16290833747  -6.9248578       27.855819      -61.522264       47.672548    
   25:f:(Intercept)         -1.0261922       0.2302621      -1.4775059      -0.5748784    
   26:f:time3.803395100502  -1.2233755       1.4218328      -4.0101678       1.5634168    
   27:f:time5.052816762383  -0.1518120       0.7335634      -1.5895963       1.2859723    
   28:f:time5.737697714764  -0.3735403       0.7573066      -1.8578613       1.1107807    
   29:f:time6.112221524288  -14.889827       206.56005      -419.74753       389.96788    

  Program  MARK  - Survival Rate Estimation with Capture-Recapture Data
   gfortran(dble/PIM2) Vers. 10.1 March 2023  13-Feb-2024 12:31:37    Page  010
 - - - - - - - - - - - - - - - - - - - - - - - - - - - - - - - - - - - - - -
 
   30:f:time6.309959619526  -1.7617964       0.6359269      -3.0082132      -0.5153796    
   31:f:time7.863065237218  -1.6660857       0.6828510      -3.0044737      -0.3276978    
   32:f:time9.076162287340  -13.771212       454.14632      -903.89801       876.35558    
   33:f:time10.86728001787   1.1790455       0.7176635      -0.2275750       2.5856660    
   34:f:time10.98576559480  -0.3797357       1.2561329      -2.8417561       2.0822848    
   35:f:time11.11498194095  -20.321439       0.0000000      -20.321439      -20.321439    
   36:f:time11.49055886403  -22.478523       0.0000000      -22.478523      -22.478523    
   37:f:time11.61440982557  -37.310870       0.6246170E+11  -0.1224249E+12   0.1224249E+12
   38:f:time11.93014544200  -0.9242162       1.3203941      -3.5121887       1.6637564    
   39:f:time12.04952507461  -3.5845295       3.9445848      -11.315916       4.1468569    
   40:f:time12.48560789769  -27.610715       0.0000000      -27.610715      -27.610715    
   41:f:time12.86256084644  -16.196748       415.99060      -831.53833       799.14484    
   42:f:time14.71146459682  -34.996904       0.0000000      -34.996904      -34.996904    
   43:f:time15.01671783032  -30.566661       3499.2038      -6889.0063       6827.8730    
   44:f:time15.82308897983  -2.9110206       0.7891950      -4.4578429      -1.3641983    
   45:f:time17.33623709205  -2.1209504       0.7800137      -3.6497772      -0.5921235    
   46:f:time18.70248022392  -1.5137709       1.3135290      -4.0882878       1.0607460    


                 Real Function Parameters of { Phi(~1)p(~time)f(~time) }
                                                               95% Confidence Interval
     Parameter                Estimate       Standard Error     Lower           Upper
 --------------------------  --------------  --------------  --------------  --------------
     1:Phi g1 a0 t1           0.9626757       0.0054510       0.9503922       0.9720072       
     2:p g1 a0 t1             0.9992266       0.0215252       0.2526712E-20   1.0000000       
     3:p g1 a2.803395100502   0.5250226       0.0789433       0.3727832       0.6727486       
     4:p g1 a4.052816762383   0.3731206       0.0590850       0.2662054       0.4940642       
     5:p g1 a4.737697714764   0.7629755       0.0483893       0.6557961       0.8446852       
     6:p g1 a5.112221524288   0.2265979       0.0375061       0.1615029       0.3082836       
     7:p g1 a5.309959619526   0.5812101       0.0464842       0.4883603       0.6686429       
     8:p g1 a6.863065237218   0.4651239       0.0461212       0.3768150       0.5556748       
     9:p g1 a8.076162287340   0.3320858       0.0402539       0.2583669       0.4150665       
    10:p g1 a9.867280017877   0.6527488       0.0424631       0.5656106       0.7307288       
    11:p g1 a9.985765594800   0.5684688       0.0437109       0.4815993       0.6513206       
    12:p g1 a10.11498194095   0.5576366       0.0415636       0.4753521       0.6368742       
    13:p g1 a10.49055886403   0.5200468       0.0424260       0.4371036       0.6018994       
    14:p g1 a10.61440982557   0.5100932       0.0426046       0.4270791       0.5925542       
    15:p g1 a10.93014544200   0.4558900       0.0429040       0.3738100       0.5404380       
    16:p g1 a11.04952507461   0.3659276       0.0415088       0.2889748       0.4503921       
    17:p g1 a11.48560789769   0.3538587       0.0415804       0.2771663       0.4388872       
    18:p g1 a11.86256084644   0.3996380       0.0433263       0.3184483       0.4867444       
    19:p g1 a13.71146459682   0.4923745       0.0467432       0.4020198       0.5832300       
    20:p g1 a14.01671783032   0.3675870       0.0450858       0.2844050       0.4594766       
    21:p g1 a14.82308897983   0.2357153       0.0403813       0.1658059       0.3236641       
    22:p g1 a16.33623709205   0.5688859       0.0541619       0.4611937       0.6704348       
    23:p g1 a17.70248022392   0.3774385       0.0524844       0.2812608       0.4843418       

  Program  MARK  - Survival Rate Estimation with Capture-Recapture Data
   gfortran(dble/PIM2) Vers. 10.1 March 2023  13-Feb-2024 12:31:37    Page  011
 - - - - - - - - - - - - - - - - - - - - - - - - - - - - - - - - - - - - - -
 
    24:p g1 a18.16290833747   0.5594806       0.0582862       0.4441172       0.6687591       
    25:f g1 a0 t1             0.3583690       0.0825188       0.2165585       0.5301969       
    26:f g1 a2.803395100502   0.1054448       0.1361532       0.0069141       0.6661853       
    27:f g1 a4.052816762383   0.3078926       0.2141073       0.0584529       0.7612097       
    28:f g1 a4.737697714764   0.2466629       0.1777416       0.0478215       0.6809840       
    29:f g1 a5.112221524288   0.1223941E-06   0.2528897E-04  0.1621751E-182   1.0000000       
    30:f g1 a5.309959619526   0.0615449       0.0364347       0.0186902       0.1842149       
    31:f g1 a6.863065237218   0.0677265       0.0435079       0.0184742       0.2189896       
    32:f g1 a8.076162287340   0.3746012E-06   0.1701237E-03  0.2083789E-314   1.0000000       
    33:f g1 a9.867280017877   1.1651541       0.7912820      -0.3857587       2.7160669       
    34:f g1 a9.985765594800   0.2451395       0.3029488       0.0129513       0.8893495       
    35:f g1 a10.11498194095   0.5356012E-09   0.0000000       0.5356012E-09   0.5356012E-09   
    36:f g1 a10.49055886403   0.6194863E-10   0.0000000       0.6194863E-10   0.6194863E-10   
    37:f g1 a10.61440982557   0.2240916E-16   0.1399714E-05  -0.2743440E-05   0.2743440E-05   
    38:f g1 a10.93014544200   0.1422160       0.1815293       0.0088926       0.7539131       
    39:f g1 a11.04952507461   0.0099446       0.0393263       0.3999096E-05   0.9618739       
    40:f g1 a11.48560789769   0.3657205E-12   0.0000000       0.3657205E-12   0.3657205E-12   
    41:f g1 a11.86256084644   0.3312623E-07   0.1378019E-04  0.1842708E-315   1.0000000       
    42:f g1 a13.71146459682   0.2266564E-15   0.0000000       0.2266564E-15   0.2266564E-15   
    43:f g1 a14.01671783032   0.1902823E-13   0.6658365E-10  -0.1304849E-09   0.1305230E-09   
    44:f g1 a14.82308897983   0.0195025       0.0147170       0.0043814       0.0824859       
    45:f g1 a16.33623709205   0.0429748       0.0320188       0.0096690       0.1711750       
    46:f g1 a17.70248022392   0.0788693       0.1019899       0.0054352       0.5729216       





                     Estimates of Derived Parameters

             Lambda Estimates of { Phi(~1)p(~time)f(~time) }
                                                95% Confidence Interval
 Grp. Occ.   Lambda-hat      Standard Error      Lower           Upper
 ---- ----   --------------  --------------  --------------  --------------
   1     1    1.3210446       0.0825543       1.1688945       1.4929996    
   1     2    1.0681205       0.1361710       0.8327959       1.3699411    
   1     3    1.2705683       0.2140721       0.9153410       1.7636530    
   1     4    1.2093386       0.1777333       0.9080600       1.6105763    
   1     5    0.9626758       0.0054517       0.9520497       0.9734205    
   1     6    1.0242206       0.0366567       0.9548570       1.0986229    
   1     7    1.0304022       0.0435372       0.9485421       1.1193268    
   1     8    0.9626760       0.0054537       0.9520461       0.9734247    
   1     9    2.1278298       0.7909563       1.0512445       4.3069518    
   1    10    1.2078152       0.3028501       0.7444056       1.9597078    
   1    11    0.9626757       0.0054510       0.9520509       0.9734190    
   1    12    0.9626757       0.0054510       0.9520508       0.9734191    
   1    13    0.9626757       0.0054510       0.9520508       0.9734191    
   1    14    1.1048917       0.1814925       0.8024650       1.5212944    
   1    15    0.9726203       0.0396136       0.8980256       1.0534113    
   1    16    0.9626757       0.0054510       0.9520508       0.9734191    

  Program  MARK  - Survival Rate Estimation with Capture-Recapture Data
   gfortran(dble/PIM2) Vers. 10.1 March 2023  13-Feb-2024 12:31:37    Page  012
 - - - - - - - - - - - - - - - - - - - - - - - - - - - - - - - - - - - - - -
 
   1    17    0.9626757       0.0054510       0.9520508       0.9734191    
   1    18    0.9626757       0.0054510       0.9520508       0.9734191    
   1    19    0.9626757       0.0054510       0.9520508       0.9734191    
   1    20    0.9821782       0.0154421       0.9523750       1.0129140    
   1    21    1.0056504       0.0321956       0.9445014       1.0707584    
   1    22    1.0415450       0.1018950       0.8602033       1.2611157    

           log(Lambda) Estimates of { Phi(~1)p(~time)f(~time) }
                                                95% Confidence Interval
 Grp. Occ.   log(Lambda-hat) Standard Error      Lower           Upper
 ---- ----   --------------  --------------  --------------  --------------
   1     1    0.2784228       0.0624917       0.1559391       0.4009066    
   1     2    0.0659005       0.1274866      -0.1839731       0.3157742    
   1     3    0.2394643       0.1684853      -0.0907669       0.5696954    
   1     4    0.1900736       0.1469673      -0.0979823       0.4781296    
   1     5   -0.0380386       0.0056630      -0.0491381      -0.0269390    
   1     6    0.0239319       0.0357898      -0.0462161       0.0940799    
   1     7    0.0299492       0.0422527      -0.0528661       0.1127644    
   1     8   -0.0380383       0.0056651      -0.0491419      -0.0269347    
   1     9    0.7551026       0.3717198       0.0265318       1.4836733    
   1    10    0.1888131       0.2507421      -0.3026414       0.6802676    
   1    11   -0.0380387       0.0056623      -0.0491369      -0.0269405    
   1    12   -0.0380387       0.0056624      -0.0491369      -0.0269405    
   1    13   -0.0380387       0.0056624      -0.0491369      -0.0269405    
   1    14    0.0997473       0.1642627      -0.2222076       0.4217022    
   1    15   -0.0277615       0.0407287      -0.1075898       0.0520668    
   1    16   -0.0380387       0.0056624      -0.0491369      -0.0269405    
   1    17   -0.0380387       0.0056624      -0.0491369      -0.0269404    
   1    18   -0.0380387       0.0056624      -0.0491369      -0.0269405    
   1    19   -0.0380387       0.0056624      -0.0491369      -0.0269405    
   1    20   -0.0179826       0.0157223      -0.0487983       0.0128332    
   1    21    0.0056345       0.0320147      -0.0571142       0.0683832    
   1    22    0.0407052       0.0978307      -0.1510429       0.2324533    

 To compute parameter estimates, CPU Time was 0.001 seconds and System Time was 0.001 seconds.

 Attempted ordering of parameters by estimatibility:
   2 25  1 12 13 14 11 15  8 16 18  9 17 19  7 10 20 23 22  4  6 21  3  5 30
  33 45 31 27 28 44 38 34 46 26 39 24 41 32 29 36 43 35 40 37 42
 Beta number 42 is a singular value.

   For procedure estimate CPU Time was 7.688 seconds and System Time was 11.500 seconds       .

  Program  MARK  - Survival Rate Estimation with Capture-Recapture Data
   gfortran(dble/PIM2) Vers. 10.1 March 2023  13-Feb-2024 12:31:37    Page  013
 - - - - - - - - - - - - - - - - - - - - - - - - - - - - - - - - - - - - - -
 


  INPUT --- proc stop;

     For this job, CPU Time in minutes was 0.128 and System Time in minutes was 0.192.

     Time Start = 12:31:25.972   Time End = 12:31:37.486

     Wall Clock Time in minutes for this job was 0.192.

     Maximum of 46 words used of 4096 words allocated.


          E X E C U T I O N   S U C C E S S F U L 
