
   Program  MARK  - Survival Rate Estimation with Capture-Recapture Data
   gfortran(dble/PIM2) Vers. 10.1 March 2023  13-Feb-2024 12:27:03    Page  001
    
 - - - - - - - - - - - - - - - - - - - - - - - - - - - - - - - - - - - - - -
 
   Welcome to MARK Elizabeth Sibert on machine CHROMIUM in subdirectory 
   "C:\Elizabeth_Files\Personal\Research\Code\Github_Repos\eeco_teeth\mark" running file "mark011.inp".
   This version was compiled by GCC version 12.2.0 using the options: 
     -cpp -iprefix c:\tdm-gcc-64\mingw64\bin\../lib/gcc/x86_64-w64-mingw32/12.2.0/
     -D_MT -D_REENTRANT -U_REENTRANT -D ieee -D dbleprecision -m64 -mtune=generic
     -march=x86-64 -mthreads -O3 -std=f2018 -fsignaling-nans
     -ffpe-summary=invalid,zero,overflow,underflow -funroll-loops -ffast-math
     -fall-intrinsics -fopenmp.

   This problem will use 15 of 16 possible threads.
   Static thread allocation is used.
   Schedule kind is omp_sched_dynamic with chunk size 1


  INPUT --- proc title ;

   For procedure title CPU Time was 0.001 seconds and System Time was 0.001 seconds       .


  INPUT --- proc chmatrix occasions= 23 groups= 1 etype= PradRec Nodes= 
  INPUT --- 101 ICMeans NoHist hist=  165 ;

  INPUT ---    time interval 3.7003706788838 0.807472530889903 
  INPUT ---    0.9472842403882 0.550862262038102  0.2908398656215 
  INPUT ---    1.30378178010029 0.356399058017601 0.698305097357299 
  INPUT ---    0.351897018970206  0.492318053393298 0.786382978723395 
  INPUT ---    0.283538101079301 0.599440066362504 0.226596847780996  
  INPUT ---    0.827737453338798 0.7155018664455 0.683191621733705 
  INPUT ---    0.280456661351501 0.806371149511598  1.5131481122184 
  INPUT ---    1.3662431318681 0.4604281135531 ;

  INPUT ---    glabel(1)=Group 1;

      Number of unique encounter histories read was 165.

      Number of individual covariates read was 0.
      Time interval lengths vary and/or not equal to 1.

      Data type number is 17
      Data type is Pradel Survival and Recruitment

   For procedure chmatrix CPU Time was 0.001 seconds and System Time was 0.001 seconds       .

  Program  MARK  - Survival Rate Estimation with Capture-Recapture Data
   gfortran(dble/PIM2) Vers. 10.1 March 2023  13-Feb-2024 12:27:03    Page  002
 - - - - - - - - - - - - - - - - - - - - - - - - - - - - - - - - - - - - - -
 


  INPUT --- proc estimate link=Parm-Specific NOLOOP varest=2ndPart    ;


  INPUT --- model={ Phi(~1)p(~time)f(~time) };

  INPUT ---    group=1 Phi    rows=1 cols=22 Square ;
  INPUT ---        1 1 1 1 1 1 1 1 1 1 1 1 1 1 1 1 1 1 1 1 1 1 ;

  INPUT ---    group=1 p    rows=1 cols=23 Square ;
  INPUT ---        2 3 4 5 6 7 8 9 10 11 12 13 14 15 16 17 18 19 20 21 22 23 
  INPUT ---       24 ;

  INPUT ---    group=1 f    rows=1 cols=22 Square ;
  INPUT ---        25 26 27 28 29 30 31 32 33 34 35 36 37 38 39 40 41 42 43 
  INPUT ---       44 45 46 ;

  INPUT ---    design matrix constraints=46 covariates=46;
  INPUT ---        1 0 0 0 0 0 0 0 0 0 0 0 0 0 0 0 0 0 0 0 0 0 0 0 0 0 0 0 0 
  INPUT ---       0 0 0 0 0 0 0 0 0 0 0 0 0 0 0 0 0;
  INPUT ---        0 1 0 0 0 0 0 0 0 0 0 0 0 0 0 0 0 0 0 0 0 0 0 0 0 0 0 0 0 
  INPUT ---       0 0 0 0 0 0 0 0 0 0 0 0 0 0 0 0 0;
  INPUT ---        0 1 1 0 0 0 0 0 0 0 0 0 0 0 0 0 0 0 0 0 0 0 0 0 0 0 0 0 0 
  INPUT ---       0 0 0 0 0 0 0 0 0 0 0 0 0 0 0 0 0;
  INPUT ---        0 1 0 1 0 0 0 0 0 0 0 0 0 0 0 0 0 0 0 0 0 0 0 0 0 0 0 0 0 
  INPUT ---       0 0 0 0 0 0 0 0 0 0 0 0 0 0 0 0 0;
  INPUT ---        0 1 0 0 1 0 0 0 0 0 0 0 0 0 0 0 0 0 0 0 0 0 0 0 0 0 0 0 0 
  INPUT ---       0 0 0 0 0 0 0 0 0 0 0 0 0 0 0 0 0;
  INPUT ---        0 1 0 0 0 1 0 0 0 0 0 0 0 0 0 0 0 0 0 0 0 0 0 0 0 0 0 0 0 
  INPUT ---       0 0 0 0 0 0 0 0 0 0 0 0 0 0 0 0 0;
  INPUT ---        0 1 0 0 0 0 1 0 0 0 0 0 0 0 0 0 0 0 0 0 0 0 0 0 0 0 0 0 0 
  INPUT ---       0 0 0 0 0 0 0 0 0 0 0 0 0 0 0 0 0;
  INPUT ---        0 1 0 0 0 0 0 1 0 0 0 0 0 0 0 0 0 0 0 0 0 0 0 0 0 0 0 0 0 
  INPUT ---       0 0 0 0 0 0 0 0 0 0 0 0 0 0 0 0 0;
  INPUT ---        0 1 0 0 0 0 0 0 1 0 0 0 0 0 0 0 0 0 0 0 0 0 0 0 0 0 0 0 0 
  INPUT ---       0 0 0 0 0 0 0 0 0 0 0 0 0 0 0 0 0;
  INPUT ---        0 1 0 0 0 0 0 0 0 1 0 0 0 0 0 0 0 0 0 0 0 0 0 0 0 0 0 0 0 
  INPUT ---       0 0 0 0 0 0 0 0 0 0 0 0 0 0 0 0 0;
  INPUT ---        0 1 0 0 0 0 0 0 0 0 1 0 0 0 0 0 0 0 0 0 0 0 0 0 0 0 0 0 0 
  INPUT ---       0 0 0 0 0 0 0 0 0 0 0 0 0 0 0 0 0;
  INPUT ---        0 1 0 0 0 0 0 0 0 0 0 1 0 0 0 0 0 0 0 0 0 0 0 0 0 0 0 0 0 
  INPUT ---       0 0 0 0 0 0 0 0 0 0 0 0 0 0 0 0 0;
  INPUT ---        0 1 0 0 0 0 0 0 0 0 0 0 1 0 0 0 0 0 0 0 0 0 0 0 0 0 0 0 0 
  INPUT ---       0 0 0 0 0 0 0 0 0 0 0 0 0 0 0 0 0;
  INPUT ---        0 1 0 0 0 0 0 0 0 0 0 0 0 1 0 0 0 0 0 0 0 0 0 0 0 0 0 0 0 

  Program  MARK  - Survival Rate Estimation with Capture-Recapture Data
   gfortran(dble/PIM2) Vers. 10.1 March 2023  13-Feb-2024 12:27:03    Page  003
 - - - - - - - - - - - - - - - - - - - - - - - - - - - - - - - - - - - - - -
 
  INPUT ---       0 0 0 0 0 0 0 0 0 0 0 0 0 0 0 0 0;
  INPUT ---        0 1 0 0 0 0 0 0 0 0 0 0 0 0 1 0 0 0 0 0 0 0 0 0 0 0 0 0 0 
  INPUT ---       0 0 0 0 0 0 0 0 0 0 0 0 0 0 0 0 0;
  INPUT ---        0 1 0 0 0 0 0 0 0 0 0 0 0 0 0 1 0 0 0 0 0 0 0 0 0 0 0 0 0 
  INPUT ---       0 0 0 0 0 0 0 0 0 0 0 0 0 0 0 0 0;
  INPUT ---        0 1 0 0 0 0 0 0 0 0 0 0 0 0 0 0 1 0 0 0 0 0 0 0 0 0 0 0 0 
  INPUT ---       0 0 0 0 0 0 0 0 0 0 0 0 0 0 0 0 0;
  INPUT ---        0 1 0 0 0 0 0 0 0 0 0 0 0 0 0 0 0 1 0 0 0 0 0 0 0 0 0 0 0 
  INPUT ---       0 0 0 0 0 0 0 0 0 0 0 0 0 0 0 0 0;
  INPUT ---        0 1 0 0 0 0 0 0 0 0 0 0 0 0 0 0 0 0 1 0 0 0 0 0 0 0 0 0 0 
  INPUT ---       0 0 0 0 0 0 0 0 0 0 0 0 0 0 0 0 0;
  INPUT ---        0 1 0 0 0 0 0 0 0 0 0 0 0 0 0 0 0 0 0 1 0 0 0 0 0 0 0 0 0 
  INPUT ---       0 0 0 0 0 0 0 0 0 0 0 0 0 0 0 0 0;
  INPUT ---        0 1 0 0 0 0 0 0 0 0 0 0 0 0 0 0 0 0 0 0 1 0 0 0 0 0 0 0 0 
  INPUT ---       0 0 0 0 0 0 0 0 0 0 0 0 0 0 0 0 0;
  INPUT ---        0 1 0 0 0 0 0 0 0 0 0 0 0 0 0 0 0 0 0 0 0 1 0 0 0 0 0 0 0 
  INPUT ---       0 0 0 0 0 0 0 0 0 0 0 0 0 0 0 0 0;
  INPUT ---        0 1 0 0 0 0 0 0 0 0 0 0 0 0 0 0 0 0 0 0 0 0 1 0 0 0 0 0 0 
  INPUT ---       0 0 0 0 0 0 0 0 0 0 0 0 0 0 0 0 0;
  INPUT ---        0 1 0 0 0 0 0 0 0 0 0 0 0 0 0 0 0 0 0 0 0 0 0 1 0 0 0 0 0 
  INPUT ---       0 0 0 0 0 0 0 0 0 0 0 0 0 0 0 0 0;
  INPUT ---        0 0 0 0 0 0 0 0 0 0 0 0 0 0 0 0 0 0 0 0 0 0 0 0 1 0 0 0 0 
  INPUT ---       0 0 0 0 0 0 0 0 0 0 0 0 0 0 0 0 0;
  INPUT ---        0 0 0 0 0 0 0 0 0 0 0 0 0 0 0 0 0 0 0 0 0 0 0 0 1 1 0 0 0 
  INPUT ---       0 0 0 0 0 0 0 0 0 0 0 0 0 0 0 0 0;
  INPUT ---        0 0 0 0 0 0 0 0 0 0 0 0 0 0 0 0 0 0 0 0 0 0 0 0 1 0 1 0 0 
  INPUT ---       0 0 0 0 0 0 0 0 0 0 0 0 0 0 0 0 0;
  INPUT ---        0 0 0 0 0 0 0 0 0 0 0 0 0 0 0 0 0 0 0 0 0 0 0 0 1 0 0 1 0 
  INPUT ---       0 0 0 0 0 0 0 0 0 0 0 0 0 0 0 0 0;
  INPUT ---        0 0 0 0 0 0 0 0 0 0 0 0 0 0 0 0 0 0 0 0 0 0 0 0 1 0 0 0 1 
  INPUT ---       0 0 0 0 0 0 0 0 0 0 0 0 0 0 0 0 0;
  INPUT ---        0 0 0 0 0 0 0 0 0 0 0 0 0 0 0 0 0 0 0 0 0 0 0 0 1 0 0 0 0 
  INPUT ---       1 0 0 0 0 0 0 0 0 0 0 0 0 0 0 0 0;
  INPUT ---        0 0 0 0 0 0 0 0 0 0 0 0 0 0 0 0 0 0 0 0 0 0 0 0 1 0 0 0 0 
  INPUT ---       0 1 0 0 0 0 0 0 0 0 0 0 0 0 0 0 0;
  INPUT ---        0 0 0 0 0 0 0 0 0 0 0 0 0 0 0 0 0 0 0 0 0 0 0 0 1 0 0 0 0 
  INPUT ---       0 0 1 0 0 0 0 0 0 0 0 0 0 0 0 0 0;
  INPUT ---        0 0 0 0 0 0 0 0 0 0 0 0 0 0 0 0 0 0 0 0 0 0 0 0 1 0 0 0 0 
  INPUT ---       0 0 0 1 0 0 0 0 0 0 0 0 0 0 0 0 0;
  INPUT ---        0 0 0 0 0 0 0 0 0 0 0 0 0 0 0 0 0 0 0 0 0 0 0 0 1 0 0 0 0 
  INPUT ---       0 0 0 0 1 0 0 0 0 0 0 0 0 0 0 0 0;
  INPUT ---        0 0 0 0 0 0 0 0 0 0 0 0 0 0 0 0 0 0 0 0 0 0 0 0 1 0 0 0 0 
  INPUT ---       0 0 0 0 0 1 0 0 0 0 0 0 0 0 0 0 0;
  INPUT ---        0 0 0 0 0 0 0 0 0 0 0 0 0 0 0 0 0 0 0 0 0 0 0 0 1 0 0 0 0 
  INPUT ---       0 0 0 0 0 0 1 0 0 0 0 0 0 0 0 0 0;
  INPUT ---        0 0 0 0 0 0 0 0 0 0 0 0 0 0 0 0 0 0 0 0 0 0 0 0 1 0 0 0 0 

  Program  MARK  - Survival Rate Estimation with Capture-Recapture Data
   gfortran(dble/PIM2) Vers. 10.1 March 2023  13-Feb-2024 12:27:03    Page  004
 - - - - - - - - - - - - - - - - - - - - - - - - - - - - - - - - - - - - - -
 
  INPUT ---       0 0 0 0 0 0 0 1 0 0 0 0 0 0 0 0 0;
  INPUT ---        0 0 0 0 0 0 0 0 0 0 0 0 0 0 0 0 0 0 0 0 0 0 0 0 1 0 0 0 0 
  INPUT ---       0 0 0 0 0 0 0 0 1 0 0 0 0 0 0 0 0;
  INPUT ---        0 0 0 0 0 0 0 0 0 0 0 0 0 0 0 0 0 0 0 0 0 0 0 0 1 0 0 0 0 
  INPUT ---       0 0 0 0 0 0 0 0 0 1 0 0 0 0 0 0 0;
  INPUT ---        0 0 0 0 0 0 0 0 0 0 0 0 0 0 0 0 0 0 0 0 0 0 0 0 1 0 0 0 0 
  INPUT ---       0 0 0 0 0 0 0 0 0 0 1 0 0 0 0 0 0;
  INPUT ---        0 0 0 0 0 0 0 0 0 0 0 0 0 0 0 0 0 0 0 0 0 0 0 0 1 0 0 0 0 
  INPUT ---       0 0 0 0 0 0 0 0 0 0 0 1 0 0 0 0 0;
  INPUT ---        0 0 0 0 0 0 0 0 0 0 0 0 0 0 0 0 0 0 0 0 0 0 0 0 1 0 0 0 0 
  INPUT ---       0 0 0 0 0 0 0 0 0 0 0 0 1 0 0 0 0;
  INPUT ---        0 0 0 0 0 0 0 0 0 0 0 0 0 0 0 0 0 0 0 0 0 0 0 0 1 0 0 0 0 
  INPUT ---       0 0 0 0 0 0 0 0 0 0 0 0 0 1 0 0 0;
  INPUT ---        0 0 0 0 0 0 0 0 0 0 0 0 0 0 0 0 0 0 0 0 0 0 0 0 1 0 0 0 0 
  INPUT ---       0 0 0 0 0 0 0 0 0 0 0 0 0 0 1 0 0;
  INPUT ---        0 0 0 0 0 0 0 0 0 0 0 0 0 0 0 0 0 0 0 0 0 0 0 0 1 0 0 0 0 
  INPUT ---       0 0 0 0 0 0 0 0 0 0 0 0 0 0 0 1 0;
  INPUT ---        0 0 0 0 0 0 0 0 0 0 0 0 0 0 0 0 0 0 0 0 0 0 0 0 1 0 0 0 0 
  INPUT ---       0 0 0 0 0 0 0 0 0 0 0 0 0 0 0 0 1;

  INPUT ---    links=46;

  INPUT ---    Logit;

  INPUT ---    Logit;

  INPUT ---    Logit;

  INPUT ---    Logit;

  INPUT ---    Logit;

  INPUT ---    Logit;

  INPUT ---    Logit;

  INPUT ---    Logit;

  INPUT ---    Logit;

  INPUT ---    Logit;

  INPUT ---    Logit;

  INPUT ---    Logit;


  Program  MARK  - Survival Rate Estimation with Capture-Recapture Data
   gfortran(dble/PIM2) Vers. 10.1 March 2023  13-Feb-2024 12:27:03    Page  005
 - - - - - - - - - - - - - - - - - - - - - - - - - - - - - - - - - - - - - -
 
  INPUT ---    Logit;

  INPUT ---    Logit;

  INPUT ---    Logit;

  INPUT ---    Logit;

  INPUT ---    Logit;

  INPUT ---    Logit;

  INPUT ---    Logit;

  INPUT ---    Logit;

  INPUT ---    Logit;

  INPUT ---    Logit;

  INPUT ---    Logit;

  INPUT ---    Logit;

  INPUT ---    Log;

  INPUT ---    Log;

  INPUT ---    Log;

  INPUT ---    Log;

  INPUT ---    Log;

  INPUT ---    Log;

  INPUT ---    Log;

  INPUT ---    Log;

  INPUT ---    Log;

  INPUT ---    Log;

  INPUT ---    Log;


  Program  MARK  - Survival Rate Estimation with Capture-Recapture Data
   gfortran(dble/PIM2) Vers. 10.1 March 2023  13-Feb-2024 12:27:03    Page  006
 - - - - - - - - - - - - - - - - - - - - - - - - - - - - - - - - - - - - - -
 
  INPUT ---    Log;

  INPUT ---    Log;

  INPUT ---    Log;

  INPUT ---    Log;

  INPUT ---    Log;

  INPUT ---    Log;

  INPUT ---    Log;

  INPUT ---    Log;

  INPUT ---    Log;

  INPUT ---    Log;

  INPUT ---    Log;
  INPUT ---       blabel(1)=Phi:(Intercept);
  INPUT ---       blabel(2)=p:(Intercept);
  INPUT ---       blabel(3)=p:time4.7003706788838;
  INPUT ---       blabel(4)=p:time5.5078432097737;
  INPUT ---       blabel(5)=p:time6.4551274501619;
  INPUT ---       blabel(6)=p:time7.00598971220001;
  INPUT ---       blabel(7)=p:time7.29682957782151;
  INPUT ---       blabel(8)=p:time8.6006113579218;
  INPUT ---       blabel(9)=p:time8.9570104159394;
  INPUT ---       blabel(10)=p:time9.6553155132967;
  INPUT ---       blabel(11)=p:time10.0072125322669;
  INPUT ---       blabel(12)=p:time10.4995305856602;
  INPUT ---       blabel(13)=p:time11.2859135643836;
  INPUT ---       blabel(14)=p:time11.5694516654629;
  INPUT ---       blabel(15)=p:time12.1688917318254;
  INPUT ---       blabel(16)=p:time12.3954885796064;
  INPUT ---       blabel(17)=p:time13.2232260329452;
  INPUT ---       blabel(18)=p:time13.9387278993907;
  INPUT ---       blabel(19)=p:time14.6219195211244;
  INPUT ---       blabel(20)=p:time14.9023761824759;
  INPUT ---       blabel(21)=p:time15.7087473319875;
  INPUT ---       blabel(22)=p:time17.2218954442059;
  INPUT ---       blabel(23)=p:time18.588138576074;
  INPUT ---       blabel(24)=p:time19.0485666896271;
  INPUT ---       blabel(25)=f:(Intercept);

  Program  MARK  - Survival Rate Estimation with Capture-Recapture Data
   gfortran(dble/PIM2) Vers. 10.1 March 2023  13-Feb-2024 12:27:03    Page  007
 - - - - - - - - - - - - - - - - - - - - - - - - - - - - - - - - - - - - - -
 
  INPUT ---       blabel(26)=f:time4.7003706788838;
  INPUT ---       blabel(27)=f:time5.5078432097737;
  INPUT ---       blabel(28)=f:time6.4551274501619;
  INPUT ---       blabel(29)=f:time7.00598971220001;
  INPUT ---       blabel(30)=f:time7.29682957782151;
  INPUT ---       blabel(31)=f:time8.6006113579218;
  INPUT ---       blabel(32)=f:time8.9570104159394;
  INPUT ---       blabel(33)=f:time9.6553155132967;
  INPUT ---       blabel(34)=f:time10.0072125322669;
  INPUT ---       blabel(35)=f:time10.4995305856602;
  INPUT ---       blabel(36)=f:time11.2859135643836;
  INPUT ---       blabel(37)=f:time11.5694516654629;
  INPUT ---       blabel(38)=f:time12.1688917318254;
  INPUT ---       blabel(39)=f:time12.3954885796064;
  INPUT ---       blabel(40)=f:time13.2232260329452;
  INPUT ---       blabel(41)=f:time13.9387278993907;
  INPUT ---       blabel(42)=f:time14.6219195211244;
  INPUT ---       blabel(43)=f:time14.9023761824759;
  INPUT ---       blabel(44)=f:time15.7087473319875;
  INPUT ---       blabel(45)=f:time17.2218954442059;
  INPUT ---       blabel(46)=f:time18.588138576074;
  INPUT ---       rlabel(1)=Phi g1 a0 t1;
  INPUT ---       rlabel(2)=p g1 a0 t1;
  INPUT ---       rlabel(3)=p g1 a3.7003706788838 t4.7003706788838;
  INPUT ---       rlabel(4)=p g1 a4.5078432097737 t5.5078432097737;
  INPUT ---       rlabel(5)=p g1 a5.4551274501619 t6.4551274501619;
  INPUT ---       rlabel(6)=p g1 a6.00598971220001 t7.00598971220001;
  INPUT ---       rlabel(7)=p g1 a6.29682957782151 t7.29682957782151;
  INPUT ---       rlabel(8)=p g1 a7.6006113579218 t8.6006113579218;
  INPUT ---       rlabel(9)=p g1 a7.9570104159394 t8.9570104159394;
  INPUT ---       rlabel(10)=p g1 a8.6553155132967 t9.6553155132967;
  INPUT ---       rlabel(11)=p g1 a9.00721253226691 t10.0072125322669;
  INPUT ---       rlabel(12)=p g1 a9.4995305856602 t10.4995305856602;
  INPUT ---       rlabel(13)=p g1 a10.2859135643836 t11.2859135643836;
  INPUT ---       rlabel(14)=p g1 a10.5694516654629 t11.5694516654629;
  INPUT ---       rlabel(15)=p g1 a11.1688917318254 t12.1688917318254;
  INPUT ---       rlabel(16)=p g1 a11.3954885796064 t12.3954885796064;
  INPUT ---       rlabel(17)=p g1 a12.2232260329452 t13.2232260329452;
  INPUT ---       rlabel(18)=p g1 a12.9387278993907 t13.9387278993907;
  INPUT ---       rlabel(19)=p g1 a13.6219195211244 t14.6219195211244;
  INPUT ---       rlabel(20)=p g1 a13.9023761824759 t14.9023761824759;
  INPUT ---       rlabel(21)=p g1 a14.7087473319875 t15.7087473319875;
  INPUT ---       rlabel(22)=p g1 a16.2218954442059 t17.2218954442059;
  INPUT ---       rlabel(23)=p g1 a17.588138576074 t18.588138576074;
  INPUT ---       rlabel(24)=p g1 a18.0485666896271 t19.0485666896271;
  INPUT ---       rlabel(25)=f g1 a0 t1;

  Program  MARK  - Survival Rate Estimation with Capture-Recapture Data
   gfortran(dble/PIM2) Vers. 10.1 March 2023  13-Feb-2024 12:27:03    Page  008
 - - - - - - - - - - - - - - - - - - - - - - - - - - - - - - - - - - - - - -
 
  INPUT ---       rlabel(26)=f g1 a3.7003706788838 t4.7003706788838;
  INPUT ---       rlabel(27)=f g1 a4.5078432097737 t5.5078432097737;
  INPUT ---       rlabel(28)=f g1 a5.4551274501619 t6.4551274501619;
  INPUT ---       rlabel(29)=f g1 a6.00598971220001 t7.00598971220001;
  INPUT ---       rlabel(30)=f g1 a6.29682957782151 t7.29682957782151;
  INPUT ---       rlabel(31)=f g1 a7.6006113579218 t8.6006113579218;
  INPUT ---       rlabel(32)=f g1 a7.9570104159394 t8.9570104159394;
  INPUT ---       rlabel(33)=f g1 a8.6553155132967 t9.6553155132967;
  INPUT ---       rlabel(34)=f g1 a9.00721253226691 t10.0072125322669;
  INPUT ---       rlabel(35)=f g1 a9.4995305856602 t10.4995305856602;
  INPUT ---       rlabel(36)=f g1 a10.2859135643836 t11.2859135643836;
  INPUT ---       rlabel(37)=f g1 a10.5694516654629 t11.5694516654629;
  INPUT ---       rlabel(38)=f g1 a11.1688917318254 t12.1688917318254;
  INPUT ---       rlabel(39)=f g1 a11.3954885796064 t12.3954885796064;
  INPUT ---       rlabel(40)=f g1 a12.2232260329452 t13.2232260329452;
  INPUT ---       rlabel(41)=f g1 a12.9387278993907 t13.9387278993907;
  INPUT ---       rlabel(42)=f g1 a13.6219195211244 t14.6219195211244;
  INPUT ---       rlabel(43)=f g1 a13.9023761824759 t14.9023761824759;
  INPUT ---       rlabel(44)=f g1 a14.7087473319875 t15.7087473319875;
  INPUT ---       rlabel(45)=f g1 a16.2218954442059 t17.2218954442059;
  INPUT ---       rlabel(46)=f g1 a17.588138576074 t18.588138576074;
   Model is { Phi(~1)p(~time)f(~time) }

 Link Function Used is PARM-SPECIFIC

 Variance Estimation Procedure Used is 2ndPart 
 -2logL(saturated) = 1800.5278     
 Effective Sample Size = 1341

 Number of function evaluations was 121 for 46 parameters.
 For numerical optimization, CPU Time was 4.594 seconds and System Time was 8.329 seconds.
 -2logL { Phi(~1)p(~time)f(~time) } = 4531.9120     
 Penalty { Phi(~1)p(~time)f(~time) } = 0.0000000     
 Gradient { Phi(~1)p(~time)f(~time) }:
 -0.14549480E-03  0.16727439E-04 -0.25440078E-04   0.0000000     -0.99727922E-05
  0.14330516E-04   0.0000000      0.16451255E-04  0.76324774E-05 -0.18236365E-04
 -0.86845358E-05  0.86667191E-05   0.0000000       0.0000000     -0.81966095E-05
   0.0000000     -0.23347426E-04 -0.80165919E-05  0.83320843E-05   0.0000000    
 -0.14411132E-04  0.26135484E-04 -0.78425206E-05 -0.86759023E-05 -0.10541247E-03
   0.0000000      0.50791573E-04 -0.41265305E-04  0.15611302E-04 -0.53444670E-04
   0.0000000       0.0000000     -0.58834220E-04 -0.24119101E-04   0.0000000    
   0.0000000       0.0000000       0.0000000      0.12636585E-04   0.0000000    
   0.0000000       0.0000000       0.0000000      0.16870359E-04 -0.21570753E-04
 -0.27528427E-04
 Maximum ABS(G) { Phi(~1)p(~time)f(~time) } = 0.1454948E-03 
 To compute VC matrix, CPU Time was 3.031 seconds and System Time was 5.359 seconds.

  Program  MARK  - Survival Rate Estimation with Capture-Recapture Data
   gfortran(dble/PIM2) Vers. 10.1 March 2023  13-Feb-2024 12:27:17    Page  009
 - - - - - - - - - - - - - - - - - - - - - - - - - - - - - - - - - - - - - -
 
 S Vector { Phi(~1)p(~time)f(~time) }:
   558.0002      136.0171      54.85112      35.14474      34.88555    
   34.50224      33.67256      32.52559      32.12676      31.22777    
   30.66624      30.31918      29.84123      29.32213      28.77380    
   27.17590      25.43883      24.75340      23.40561      22.63043    
   20.70390      20.39493      18.54177      14.00514      5.697748    
   4.653444      3.775499      1.982787      1.800000      1.560845    
   1.421556      1.154812     0.7184522     0.5358461     0.3861472    
  0.6900277E-01 0.9664210E-03 0.8877746E-05 0.5431767E-05 0.1731976E-05
  0.1592611E-05 0.1059190E-05 0.7317781E-06 0.1954693E-06 0.1197527E-09
  0.8545681E-12
 To invert VC matrix, CPU Time was 0.001 seconds and System Time was 0.001 seconds.
 Ratio Threshold = 50.000000       Max Gap (44/45) = 1632.2743       Next Max Gap (45/46) = 140.13245     
 Gap Method for Num. of Estimated Parameters { Phi(~1)p(~time)f(~time) } = 44          
 Threshold { Phi(~1)p(~time)f(~time) } = 0.2909896E-03           
 Numerical Threshold Method for Num. of Estimated Parameters { Phi(~1)p(~time)f(~time) } = 37          
 Number of Estimated Parameters { Phi(~1)p(~time)f(~time) } = 44          

   * *  WARNING  * *   Number of parameters estimated from gap method (=44) and threshold method (=37) differ.  Inspect full output. 
 Ratios of S Vector { Phi(~1)p(~time)f(~time) }:
   1/2    4.102428       2/3    2.479750       3/4    1.560721       4/5    1.007430       5/6    1.011110    
   6/7    1.024640       7/8    1.035264       8/9    1.012414       9/10    1.028788       10/11    1.018311    
   11/12    1.011447       12/13    1.016017       13/14    1.017703       14/15    1.019056       15/16    1.058798    
   16/17    1.068284       17/18    1.027690       18/19    1.057584       19/20    1.034254       20/21    1.093051    
   21/22    1.015149       22/23    1.099945       23/24    1.323927       24/25    2.458012       25/26    1.224416    
   26/27    1.232537       27/28    1.904138       28/29    1.101548       29/30    1.153222       30/31    1.097984    
   31/32    1.230984       32/33    1.607361       33/34    1.340781       34/35    1.387673       35/36    5.596111    
   36/37    71.40032       37/38    108.8588       38/39    1.634412       39/40    3.136168       40/41    1.087507    
   41/42    1.503612       42/43    1.447420       43/44    3.743699       44/45    1632.274       45/46    140.1324    
 DEVIANCE { Phi(~1)p(~time)f(~time) } = 2731.3843               
 DEVIANCE Degrees of Freedom { Phi(~1)p(~time)f(~time) } = 128          
 c-hat { Phi(~1)p(~time)f(~time) } = 21.338940               
 AIC { Phi(~1)p(~time)f(~time) } = 4605.9120               
 AICc { Phi(~1)p(~time)f(~time) } = 4608.0701               
 BIC { Phi(~1)p(~time)f(~time) } = 4798.3554               
 Pearson Chisquare { Phi(~1)p(~time)f(~time) } = 22840051.               
 Possible Encounter Histories { Phi(~1)p(~time)f(~time) } = 8388607          
 Pearson Chisquare df { Phi(~1)p(~time)f(~time) } = 8388569          
 Pearson chat { Phi(~1)p(~time)f(~time) } = 2.7227589               
 Sum(Observed/Expected) { Phi(~1)p(~time)f(~time) } = 18636336.               
 s-bar { Phi(~1)p(~time)f(~time) } = 1.2216247               
 Fletcher chat { Phi(~1)p(~time)f(~time) } = 1.2255710               


          PARM-SPECIFIC Link Function Parameters of { Phi(~1)p(~time)f(~time) }
                                                              95% Confidence Interval
    Parameter                  Beta         Standard Error     Lower           Upper
 -------------------------  --------------  --------------  --------------  --------------
    1:Phi:(Intercept)        3.1950060       0.1491489       2.9026741       3.4873379    
    2:p:(Intercept)          6.2976090       4.4335673      -2.3921831       14.987401    
    3:p:time4.700370678883  -6.1975201       4.3258264      -14.676140       2.2810999    
    4:p:time5.507843209773  -6.8164004       4.4953996      -15.627384       1.9945830    
    5:p:time6.455127450161  -5.1201673       4.4416809      -13.825862       3.5855275    
    6:p:time7.005989712200  -7.5182078       4.4387586      -16.218175       1.1817593    
    7:p:time7.296829577821  -5.9495371       4.4377747      -14.647576       2.7485015    
    8:p:time8.600611357921  -6.4201215       4.4571279      -15.156092       2.3158494    
    9:p:time8.957010415939  -6.9967687       4.4309543      -15.681439       1.6879018    
   10:p:time9.655315513296  -5.6937852       4.4307484      -14.378052       2.9904818    
   11:p:time10.00721253226  -6.0280275       4.4371299      -14.724802       2.6687472    
   12:p:time10.49953058566  -6.0424754       4.4398946      -14.744669       2.6597181    
   13:p:time11.28591356438  -6.1990170       4.4344458      -14.890531       2.4924968    
   14:p:time11.56945166546  -6.2357018       4.4345097      -14.927341       2.4559374    
   15:p:time12.16889173182  -6.4463906       4.4348620      -15.138720       2.2459390    
   16:p:time12.39548857960  -6.8191060       4.4504827      -15.542052       1.9038402    

  Program  MARK  - Survival Rate Estimation with Capture-Recapture Data
   gfortran(dble/PIM2) Vers. 10.1 March 2023  13-Feb-2024 12:27:17    Page  010
 - - - - - - - - - - - - - - - - - - - - - - - - - - - - - - - - - - - - - -
 
   17:p:time13.22322603294  -6.8426404       4.4345263      -15.534312       1.8490312    
   18:p:time13.93872789939  -6.6136041       4.4371995      -15.310515       2.0833070    
   19:p:time14.62191952112  -6.3253167       4.4371651      -15.022160       2.3715270    
   20:p:time14.90237618247  -6.8391492       4.4320581      -15.525983       1.8476849    
   21:p:time15.70874733198  -7.4705567       4.4388864      -16.170774       1.2296608    
   22:p:time17.22189544420  -6.0060102       4.4403059      -14.709010       2.6969894    
   23:p:time18.58813857607  -6.7825943       4.4308962      -15.467151       1.9019625    
   24:p:time19.04856668962  -6.0350211       4.4386590      -14.734793       2.6647507    
   25:f:(Intercept)         -1.3160507       0.1866789      -1.6819414      -0.9501600    
   26:f:time4.700370678883  -0.5005887       1.1425083      -2.7399050       1.7387276    
   27:f:time5.507843209773  -0.2016788       0.6937835      -1.5614944       1.1581368    
   28:f:time6.455127450161  -0.4790914       0.7127731      -1.8761267       0.9179440    
   29:f:time7.005989712200  -10.729032       335.98902      -669.26752       647.80946    
   30:f:time7.296829577821  -1.2840503       0.6190665      -2.4974206      -0.0706799    
   31:f:time8.600611357921  -0.1361783       0.4633153      -1.0442764       0.7719197    
   32:f:time8.957010415939  -14.122720       963.73039      -1903.0343       1874.7889    
   33:f:time9.655315513296   0.0374091       0.5773489      -1.0941948       1.1690131    
   34:f:time10.00721253226  -1.5305734       1.3590660      -4.1943429       1.1331961    
   35:f:time10.49953058566  -5.7310873       32.151331      -68.747698       57.285523    
   36:f:time11.28591356438  -21.106724       0.0000000      -21.106724      -21.106724    
   37:f:time11.56945166546  -19.510049       0.0000000      -19.510049      -19.510049    
   38:f:time12.16889173182  -1.2969492       1.2881974      -3.8218162       1.2279177    
   39:f:time12.39548857960  -3.8300357       3.5836520      -10.853994       3.1939223    
   40:f:time13.22322603294  -14.312523       759.12084      -1502.1894       1473.5644    
   41:f:time13.93872789939  -17.216505       1167.6839      -2305.8770       2271.4440    
   42:f:time14.62191952112  -19.749101       0.0000000      -19.749101      -19.749101    
   43:f:time14.90237618247  -15.026215       796.34797      -1575.8683       1545.8158    
   44:f:time15.70874733198  -2.6178932       0.7715768      -4.1301839      -1.1056026    
   45:f:time17.22189544420  -1.8295330       0.7751969      -3.3489190      -0.3101470    
   46:f:time18.58813857607  -1.2171683       1.2817395      -3.7293778       1.2950412    


                 Real Function Parameters of { Phi(~1)p(~time)f(~time) }
                                                               95% Confidence Interval
     Parameter                Estimate       Standard Error     Lower           Upper
 --------------------------  --------------  --------------  --------------  --------------
     1:Phi g1 a0 t1           0.9606459       0.0056386       0.9479785       0.9703253       
     2:p g1 a0 t1             0.9981627       0.0081309       0.0837707       0.9999997       
     3:p g1 a3.700370678883   0.5250014       0.0725478       0.3845898       0.6615680       
     4:p g1 a4.507843209773   0.3731349       0.0580051       0.2679903       0.4918158       
     5:p g1 a5.455127450161   0.7644875       0.0482643       0.6574683       0.8459067       
     6:p g1 a6.005989712200   0.2278311       0.0376791       0.1624122       0.3098525       
     7:p g1 a6.296829577821   0.5861499       0.0466001       0.4928877       0.6736181       
     8:p g1 a7.600611357921   0.4694101       0.0455532       0.3820180       0.5587194       
     9:p g1 a7.957010415939   0.3319986       0.0401678       0.2584284       0.4147978       
    10:p g1 a8.655315513296   0.6465306       0.0426232       0.5592851       0.7249971       

  Program  MARK  - Survival Rate Estimation with Capture-Recapture Data
   gfortran(dble/PIM2) Vers. 10.1 March 2023  13-Feb-2024 12:27:17    Page  011
 - - - - - - - - - - - - - - - - - - - - - - - - - - - - - - - - - - - - - -
 
    11:p g1 a9.007212532266   0.5669902       0.0438008       0.4799873       0.6500495       
    12:p g1 a9.499530585660   0.5634397       0.0433007       0.4775406       0.6456941       
    13:p g1 a10.28591356438   0.5246281       0.0424985       0.4414186       0.6064922       
    14:p g1 a10.56945166546   0.5154719       0.0427120       0.4321030       0.5979884       
    15:p g1 a11.16889173182   0.4628731       0.0431940       0.3800584       0.5477880       
    16:p g1 a11.39548857960   0.3725023       0.0419933       0.2945016       0.4577575       
    17:p g1 a12.22322603294   0.3670179       0.0426750       0.2880095       0.4538836       
    18:p g1 a12.93872789939   0.4216521       0.0448339       0.3370786       0.5110858       
    19:p g1 a13.62191952112   0.4930735       0.0465069       0.4031416       0.5834559       
    20:p g1 a13.90237618247   0.3678294       0.0449456       0.2848793       0.4594158       
    21:p g1 a14.70874733198   0.2363226       0.0404025       0.1663486       0.3242813       
    22:p g1 a16.22189544420   0.5723875       0.0540106       0.4648308       0.6735108       
    23:p g1 a17.58813857607   0.3810756       0.0527367       0.2842994       0.4883179       
    24:p g1 a18.04856668962   0.5652724       0.0584613       0.4492516       0.6745574       
    25:f g1 a0 t1             0.2681924       0.0500659       0.1818602       0.3766408       
    26:f g1 a3.700370678883   0.1625712       0.1747296       0.0154472       0.7060590       
    27:f g1 a4.507843209773   0.2192090       0.1391383       0.0539813       0.5800703       
    28:f g1 a5.455127450161   0.1661039       0.1140749       0.0381371       0.5001734       
    29:f g1 a6.005989712200   0.5873363E-05   0.0019734      0.5855492E-291   1.0000000       
    30:f g1 a6.296829577821   0.0742661       0.0410473       0.0242890       0.2054258       
    31:f g1 a7.600611357921   0.2340480       0.1224242       0.0741867       0.5381512       
    32:f g1 a7.957010415939   0.1972546E-06   0.1901002E-03  0.1097265E-314   1.0000000       
    33:f g1 a8.655315513296   0.2784153       0.1485443       0.0830548       0.6217247       
    34:f g1 a9.007212532266   0.0580399       0.0781303       0.0037291       0.5035470       
    35:f g1 a9.499530585660   0.8698950E-03   0.0279691       0.3527432E-30   1.0000000       
    36:f g1 a10.28591356438   0.1827732E-09   0.0000000       0.1827732E-09   0.1827732E-09   
    37:f g1 a10.56945166546   0.9022773E-09   0.0000000       0.9022773E-09   0.9022773E-09   
    38:f g1 a11.16889173182   0.0733143       0.0916660       0.0055890       0.5268836       
    39:f g1 a11.39548857960   0.0058221       0.0209348       0.4886014E-05   0.8752977       
    40:f g1 a12.22322603294   0.1631535E-06   0.1238533E-03  0.9075718E-315   1.0000000       
    41:f g1 a12.93872789939   0.8941561E-08   0.1044092E-04  -0.2045526E-04   0.2047314E-04   
    42:f g1 a13.62191952112   0.7104292E-09   0.0000000       0.7104292E-09   0.7104292E-09   
    43:f g1 a13.90237618247   0.7991792E-07   0.6364246E-04  0.4445582E-315   1.0000000       
    44:f g1 a14.70874733198   0.0195664       0.0147179       0.0044168       0.0823798       
    45:f g1 a16.22189544420   0.0430418       0.0316455       0.0098787       0.1685796       
    46:f g1 a17.58813857607   0.0794030       0.1014660       0.0056461       0.5671290       





                     Estimates of Derived Parameters

             Lambda Estimates of { Phi(~1)p(~time)f(~time) }
                                                95% Confidence Interval
 Grp. Occ.   Lambda-hat      Standard Error      Lower           Upper
 ---- ----   --------------  --------------  --------------  --------------
   1     1    1.2288383       0.0500561       1.1345803       1.3309270    
   1     2    1.1232171       0.1747521       0.8295087       1.5209204    
   1     3    1.1798550       0.1390977       0.9371765       1.4853741    

  Program  MARK  - Survival Rate Estimation with Capture-Recapture Data
   gfortran(dble/PIM2) Vers. 10.1 March 2023  13-Feb-2024 12:27:17    Page  012
 - - - - - - - - - - - - - - - - - - - - - - - - - - - - - - - - - - - - - -
 
   1     4    1.1267498       0.1140853       0.9244002       1.3733934    
   1     5    0.9606518       0.0059739       0.9490141       0.9724322    
   1     6    1.0349120       0.0412057       0.9572493       1.1188756    
   1     7    1.1946939       0.1223116       0.9779956       1.4594069    
   1     8    0.9606461       0.0056418       0.9496516       0.9717679    
   1     9    1.2390612       0.1483889       0.9806509       1.5655649    
   1    10    1.0186858       0.0782221       0.8765439       1.1838778    
   1    11    0.9615158       0.0284782       0.9072994       1.0189720    
   1    12    0.9606459       0.0056361       0.9496624       0.9717564    
   1    13    0.9606459       0.0056386       0.9496576       0.9717614    
   1    14    1.0339602       0.0916810       0.8693092       1.2297968    
   1    15    0.9664681       0.0215964       0.9250578       1.0097321    
   1    16    0.9606461       0.0056400       0.9496552       0.9717642    
   1    17    0.9606459       0.0056386       0.9496576       0.9717614    
   1    18    0.9606459       0.0056147       0.9497039       0.9717140    
   1    19    0.9606460       0.0056390       0.9496570       0.9717621    
   1    20    0.9802123       0.0154944       0.9503108       1.0110546    
   1    21    1.0036877       0.0318355       0.9432049       1.0680490    
   1    22    1.0400489       0.1013717       0.8595738       1.2584164    

           log(Lambda) Estimates of { Phi(~1)p(~time)f(~time) }
                                                95% Confidence Interval
 Grp. Occ.   log(Lambda-hat) Standard Error      Lower           Upper
 ---- ----   --------------  --------------  --------------  --------------
   1     1    0.2060693       0.0407345       0.1262297       0.2859088    
   1     2    0.1161970       0.1555817      -0.1887432       0.4211372    
   1     3    0.1653915       0.1178939      -0.0656806       0.3964636    
   1     4    0.1193372       0.1012517      -0.0791161       0.3177904    
   1     5   -0.0401433       0.0062186      -0.0523317      -0.0279548    
   1     6    0.0343164       0.0398157      -0.0437224       0.1123552    
   1     7    0.1778900       0.1023790      -0.0227729       0.3785530    
   1     8   -0.0401492       0.0058730      -0.0516602      -0.0286382    
   1     9    0.2143540       0.1197591      -0.0203739       0.4490818    
   1    10    0.0185134       0.0767873      -0.1319897       0.1690165    
   1    11   -0.0392443       0.0296180      -0.0972955       0.0188070    
   1    12   -0.0401494       0.0058670      -0.0516488      -0.0286500    
   1    13   -0.0401494       0.0058696      -0.0516539      -0.0286449    
   1    14    0.0333963       0.0886698      -0.1403965       0.2071891    
   1    15   -0.0341070       0.0223457      -0.0779046       0.0096905    
   1    16   -0.0401492       0.0058710      -0.0516565      -0.0286420    
   1    17   -0.0401494       0.0058696      -0.0516539      -0.0286449    
   1    18   -0.0401494       0.0058447      -0.0516051      -0.0286937    
   1    19   -0.0401493       0.0058700      -0.0516545      -0.0286441    
   1    20   -0.0199861       0.0158072      -0.0509682       0.0109959    
   1    21    0.0036809       0.0317185      -0.0584874       0.0658492    
   1    22    0.0392678       0.0974682      -0.1517700       0.2303055    

 To compute parameter estimates, CPU Time was 0.001 seconds and System Time was 0.016 seconds.

 Attempted ordering of parameters by estimatibility:
   2 25  1 12 13 11 14 15  8 16  9 18 19 17 10  7 20 23 22  4  6 21  3  5 33
  30 45 27 28 31 44 38 34 46 26 39 35 24 29 40 43 32 41 37 36 42
 Beta number 42 is a singular value.

   For procedure estimate CPU Time was 7.625 seconds and System Time was 13.704 seconds       .

  Program  MARK  - Survival Rate Estimation with Capture-Recapture Data
   gfortran(dble/PIM2) Vers. 10.1 March 2023  13-Feb-2024 12:27:17    Page  013
 - - - - - - - - - - - - - - - - - - - - - - - - - - - - - - - - - - - - - -
 


  INPUT --- proc stop;

     For this job, CPU Time in minutes was 0.127 and System Time in minutes was 0.229.

     Time Start = 12:27:03.328   Time End = 12:27:17.051

     Wall Clock Time in minutes for this job was 0.229.

     Maximum of 46 words used of 4096 words allocated.


          E X E C U T I O N   S U C C E S S F U L 
