
   Program  MARK  - Survival Rate Estimation with Capture-Recapture Data
   gfortran(dble/PIM2) Vers. 10.1 March 2023  13-Feb-2024 12:30:40    Page  001
    
 - - - - - - - - - - - - - - - - - - - - - - - - - - - - - - - - - - - - - -
 
   Welcome to MARK Elizabeth Sibert on machine CHROMIUM in subdirectory 
   "C:\Elizabeth_Files\Personal\Research\Code\Github_Repos\eeco_teeth\mark" running file "mark018.inp".
   This version was compiled by GCC version 12.2.0 using the options: 
     -cpp -iprefix c:\tdm-gcc-64\mingw64\bin\../lib/gcc/x86_64-w64-mingw32/12.2.0/
     -D_MT -D_REENTRANT -U_REENTRANT -D ieee -D dbleprecision -m64 -mtune=generic
     -march=x86-64 -mthreads -O3 -std=f2018 -fsignaling-nans
     -ffpe-summary=invalid,zero,overflow,underflow -funroll-loops -ffast-math
     -fall-intrinsics -fopenmp.

   This problem will use 15 of 16 possible threads.
   Static thread allocation is used.
   Schedule kind is omp_sched_dynamic with chunk size 1


  INPUT --- proc title ;

   For procedure title CPU Time was 0.001 seconds and System Time was 0.001 seconds       .


  INPUT --- proc chmatrix occasions= 23 groups= 1 etype= PradRec Nodes= 
  INPUT --- 101 ICMeans NoHist hist=  165 ;

  INPUT ---    time interval 2.8033951005025 1.24942166188089 
  INPUT ---    0.684880952380901 0.374523809523801  0.197738095238101 
  INPUT ---    1.5531056176919 1.2130970501222 1.7911177305376 
  INPUT ---    0.118485576923099  0.129216346153804 0.375576923076899 
  INPUT ---    0.123850961538501 0.315735616432001 0.119379632613594  
  INPUT ---    0.4360828230744 0.376952948759303 1.8489037503733 
  INPUT ---    0.305253233500906 0.806371149511598  1.5131481122184 
  INPUT ---    1.3662431318681 0.4604281135531 ;

  INPUT ---    glabel(1)=Group 1;

      Number of unique encounter histories read was 165.

      Number of individual covariates read was 0.
      Time interval lengths vary and/or not equal to 1.

      Data type number is 17
      Data type is Pradel Survival and Recruitment

   For procedure chmatrix CPU Time was 0.001 seconds and System Time was 0.001 seconds       .

  Program  MARK  - Survival Rate Estimation with Capture-Recapture Data
   gfortran(dble/PIM2) Vers. 10.1 March 2023  13-Feb-2024 12:30:40    Page  002
 - - - - - - - - - - - - - - - - - - - - - - - - - - - - - - - - - - - - - -
 


  INPUT --- proc estimate link=Parm-Specific NOLOOP varest=2ndPart    ;


  INPUT --- model={ Phi(~time)p(~time)f(~1) };

  INPUT ---    group=1 Phi    rows=1 cols=22 Square ;
  INPUT ---        1 2 3 4 5 6 7 8 9 10 11 12 13 14 15 16 17 18 19 20 21 22 ;

  INPUT ---    group=1 p    rows=1 cols=23 Square ;
  INPUT ---        23 24 25 26 27 28 29 30 31 32 33 34 35 36 37 38 39 40 41 
  INPUT ---       42 43 44 45 ;

  INPUT ---    group=1 f    rows=1 cols=22 Square ;
  INPUT ---        46 46 46 46 46 46 46 46 46 46 46 46 46 46 46 46 46 46 46 
  INPUT ---       46 46 46 ;

  INPUT ---    design matrix constraints=46 covariates=46;
  INPUT ---        1 0 0 0 0 0 0 0 0 0 0 0 0 0 0 0 0 0 0 0 0 0 0 0 0 0 0 0 0 
  INPUT ---       0 0 0 0 0 0 0 0 0 0 0 0 0 0 0 0 0;
  INPUT ---        1 1 0 0 0 0 0 0 0 0 0 0 0 0 0 0 0 0 0 0 0 0 0 0 0 0 0 0 0 
  INPUT ---       0 0 0 0 0 0 0 0 0 0 0 0 0 0 0 0 0;
  INPUT ---        1 0 1 0 0 0 0 0 0 0 0 0 0 0 0 0 0 0 0 0 0 0 0 0 0 0 0 0 0 
  INPUT ---       0 0 0 0 0 0 0 0 0 0 0 0 0 0 0 0 0;
  INPUT ---        1 0 0 1 0 0 0 0 0 0 0 0 0 0 0 0 0 0 0 0 0 0 0 0 0 0 0 0 0 
  INPUT ---       0 0 0 0 0 0 0 0 0 0 0 0 0 0 0 0 0;
  INPUT ---        1 0 0 0 1 0 0 0 0 0 0 0 0 0 0 0 0 0 0 0 0 0 0 0 0 0 0 0 0 
  INPUT ---       0 0 0 0 0 0 0 0 0 0 0 0 0 0 0 0 0;
  INPUT ---        1 0 0 0 0 1 0 0 0 0 0 0 0 0 0 0 0 0 0 0 0 0 0 0 0 0 0 0 0 
  INPUT ---       0 0 0 0 0 0 0 0 0 0 0 0 0 0 0 0 0;
  INPUT ---        1 0 0 0 0 0 1 0 0 0 0 0 0 0 0 0 0 0 0 0 0 0 0 0 0 0 0 0 0 
  INPUT ---       0 0 0 0 0 0 0 0 0 0 0 0 0 0 0 0 0;
  INPUT ---        1 0 0 0 0 0 0 1 0 0 0 0 0 0 0 0 0 0 0 0 0 0 0 0 0 0 0 0 0 
  INPUT ---       0 0 0 0 0 0 0 0 0 0 0 0 0 0 0 0 0;
  INPUT ---        1 0 0 0 0 0 0 0 1 0 0 0 0 0 0 0 0 0 0 0 0 0 0 0 0 0 0 0 0 
  INPUT ---       0 0 0 0 0 0 0 0 0 0 0 0 0 0 0 0 0;
  INPUT ---        1 0 0 0 0 0 0 0 0 1 0 0 0 0 0 0 0 0 0 0 0 0 0 0 0 0 0 0 0 
  INPUT ---       0 0 0 0 0 0 0 0 0 0 0 0 0 0 0 0 0;
  INPUT ---        1 0 0 0 0 0 0 0 0 0 1 0 0 0 0 0 0 0 0 0 0 0 0 0 0 0 0 0 0 
  INPUT ---       0 0 0 0 0 0 0 0 0 0 0 0 0 0 0 0 0;
  INPUT ---        1 0 0 0 0 0 0 0 0 0 0 1 0 0 0 0 0 0 0 0 0 0 0 0 0 0 0 0 0 
  INPUT ---       0 0 0 0 0 0 0 0 0 0 0 0 0 0 0 0 0;
  INPUT ---        1 0 0 0 0 0 0 0 0 0 0 0 1 0 0 0 0 0 0 0 0 0 0 0 0 0 0 0 0 
  INPUT ---       0 0 0 0 0 0 0 0 0 0 0 0 0 0 0 0 0;
  INPUT ---        1 0 0 0 0 0 0 0 0 0 0 0 0 1 0 0 0 0 0 0 0 0 0 0 0 0 0 0 0 

  Program  MARK  - Survival Rate Estimation with Capture-Recapture Data
   gfortran(dble/PIM2) Vers. 10.1 March 2023  13-Feb-2024 12:30:40    Page  003
 - - - - - - - - - - - - - - - - - - - - - - - - - - - - - - - - - - - - - -
 
  INPUT ---       0 0 0 0 0 0 0 0 0 0 0 0 0 0 0 0 0;
  INPUT ---        1 0 0 0 0 0 0 0 0 0 0 0 0 0 1 0 0 0 0 0 0 0 0 0 0 0 0 0 0 
  INPUT ---       0 0 0 0 0 0 0 0 0 0 0 0 0 0 0 0 0;
  INPUT ---        1 0 0 0 0 0 0 0 0 0 0 0 0 0 0 1 0 0 0 0 0 0 0 0 0 0 0 0 0 
  INPUT ---       0 0 0 0 0 0 0 0 0 0 0 0 0 0 0 0 0;
  INPUT ---        1 0 0 0 0 0 0 0 0 0 0 0 0 0 0 0 1 0 0 0 0 0 0 0 0 0 0 0 0 
  INPUT ---       0 0 0 0 0 0 0 0 0 0 0 0 0 0 0 0 0;
  INPUT ---        1 0 0 0 0 0 0 0 0 0 0 0 0 0 0 0 0 1 0 0 0 0 0 0 0 0 0 0 0 
  INPUT ---       0 0 0 0 0 0 0 0 0 0 0 0 0 0 0 0 0;
  INPUT ---        1 0 0 0 0 0 0 0 0 0 0 0 0 0 0 0 0 0 1 0 0 0 0 0 0 0 0 0 0 
  INPUT ---       0 0 0 0 0 0 0 0 0 0 0 0 0 0 0 0 0;
  INPUT ---        1 0 0 0 0 0 0 0 0 0 0 0 0 0 0 0 0 0 0 1 0 0 0 0 0 0 0 0 0 
  INPUT ---       0 0 0 0 0 0 0 0 0 0 0 0 0 0 0 0 0;
  INPUT ---        1 0 0 0 0 0 0 0 0 0 0 0 0 0 0 0 0 0 0 0 1 0 0 0 0 0 0 0 0 
  INPUT ---       0 0 0 0 0 0 0 0 0 0 0 0 0 0 0 0 0;
  INPUT ---        1 0 0 0 0 0 0 0 0 0 0 0 0 0 0 0 0 0 0 0 0 1 0 0 0 0 0 0 0 
  INPUT ---       0 0 0 0 0 0 0 0 0 0 0 0 0 0 0 0 0;
  INPUT ---        0 0 0 0 0 0 0 0 0 0 0 0 0 0 0 0 0 0 0 0 0 0 1 0 0 0 0 0 0 
  INPUT ---       0 0 0 0 0 0 0 0 0 0 0 0 0 0 0 0 0;
  INPUT ---        0 0 0 0 0 0 0 0 0 0 0 0 0 0 0 0 0 0 0 0 0 0 1 1 0 0 0 0 0 
  INPUT ---       0 0 0 0 0 0 0 0 0 0 0 0 0 0 0 0 0;
  INPUT ---        0 0 0 0 0 0 0 0 0 0 0 0 0 0 0 0 0 0 0 0 0 0 1 0 1 0 0 0 0 
  INPUT ---       0 0 0 0 0 0 0 0 0 0 0 0 0 0 0 0 0;
  INPUT ---        0 0 0 0 0 0 0 0 0 0 0 0 0 0 0 0 0 0 0 0 0 0 1 0 0 1 0 0 0 
  INPUT ---       0 0 0 0 0 0 0 0 0 0 0 0 0 0 0 0 0;
  INPUT ---        0 0 0 0 0 0 0 0 0 0 0 0 0 0 0 0 0 0 0 0 0 0 1 0 0 0 1 0 0 
  INPUT ---       0 0 0 0 0 0 0 0 0 0 0 0 0 0 0 0 0;
  INPUT ---        0 0 0 0 0 0 0 0 0 0 0 0 0 0 0 0 0 0 0 0 0 0 1 0 0 0 0 1 0 
  INPUT ---       0 0 0 0 0 0 0 0 0 0 0 0 0 0 0 0 0;
  INPUT ---        0 0 0 0 0 0 0 0 0 0 0 0 0 0 0 0 0 0 0 0 0 0 1 0 0 0 0 0 1 
  INPUT ---       0 0 0 0 0 0 0 0 0 0 0 0 0 0 0 0 0;
  INPUT ---        0 0 0 0 0 0 0 0 0 0 0 0 0 0 0 0 0 0 0 0 0 0 1 0 0 0 0 0 0 
  INPUT ---       1 0 0 0 0 0 0 0 0 0 0 0 0 0 0 0 0;
  INPUT ---        0 0 0 0 0 0 0 0 0 0 0 0 0 0 0 0 0 0 0 0 0 0 1 0 0 0 0 0 0 
  INPUT ---       0 1 0 0 0 0 0 0 0 0 0 0 0 0 0 0 0;
  INPUT ---        0 0 0 0 0 0 0 0 0 0 0 0 0 0 0 0 0 0 0 0 0 0 1 0 0 0 0 0 0 
  INPUT ---       0 0 1 0 0 0 0 0 0 0 0 0 0 0 0 0 0;
  INPUT ---        0 0 0 0 0 0 0 0 0 0 0 0 0 0 0 0 0 0 0 0 0 0 1 0 0 0 0 0 0 
  INPUT ---       0 0 0 1 0 0 0 0 0 0 0 0 0 0 0 0 0;
  INPUT ---        0 0 0 0 0 0 0 0 0 0 0 0 0 0 0 0 0 0 0 0 0 0 1 0 0 0 0 0 0 
  INPUT ---       0 0 0 0 1 0 0 0 0 0 0 0 0 0 0 0 0;
  INPUT ---        0 0 0 0 0 0 0 0 0 0 0 0 0 0 0 0 0 0 0 0 0 0 1 0 0 0 0 0 0 
  INPUT ---       0 0 0 0 0 1 0 0 0 0 0 0 0 0 0 0 0;
  INPUT ---        0 0 0 0 0 0 0 0 0 0 0 0 0 0 0 0 0 0 0 0 0 0 1 0 0 0 0 0 0 
  INPUT ---       0 0 0 0 0 0 1 0 0 0 0 0 0 0 0 0 0;
  INPUT ---        0 0 0 0 0 0 0 0 0 0 0 0 0 0 0 0 0 0 0 0 0 0 1 0 0 0 0 0 0 

  Program  MARK  - Survival Rate Estimation with Capture-Recapture Data
   gfortran(dble/PIM2) Vers. 10.1 March 2023  13-Feb-2024 12:30:40    Page  004
 - - - - - - - - - - - - - - - - - - - - - - - - - - - - - - - - - - - - - -
 
  INPUT ---       0 0 0 0 0 0 0 1 0 0 0 0 0 0 0 0 0;
  INPUT ---        0 0 0 0 0 0 0 0 0 0 0 0 0 0 0 0 0 0 0 0 0 0 1 0 0 0 0 0 0 
  INPUT ---       0 0 0 0 0 0 0 0 1 0 0 0 0 0 0 0 0;
  INPUT ---        0 0 0 0 0 0 0 0 0 0 0 0 0 0 0 0 0 0 0 0 0 0 1 0 0 0 0 0 0 
  INPUT ---       0 0 0 0 0 0 0 0 0 1 0 0 0 0 0 0 0;
  INPUT ---        0 0 0 0 0 0 0 0 0 0 0 0 0 0 0 0 0 0 0 0 0 0 1 0 0 0 0 0 0 
  INPUT ---       0 0 0 0 0 0 0 0 0 0 1 0 0 0 0 0 0;
  INPUT ---        0 0 0 0 0 0 0 0 0 0 0 0 0 0 0 0 0 0 0 0 0 0 1 0 0 0 0 0 0 
  INPUT ---       0 0 0 0 0 0 0 0 0 0 0 1 0 0 0 0 0;
  INPUT ---        0 0 0 0 0 0 0 0 0 0 0 0 0 0 0 0 0 0 0 0 0 0 1 0 0 0 0 0 0 
  INPUT ---       0 0 0 0 0 0 0 0 0 0 0 0 1 0 0 0 0;
  INPUT ---        0 0 0 0 0 0 0 0 0 0 0 0 0 0 0 0 0 0 0 0 0 0 1 0 0 0 0 0 0 
  INPUT ---       0 0 0 0 0 0 0 0 0 0 0 0 0 1 0 0 0;
  INPUT ---        0 0 0 0 0 0 0 0 0 0 0 0 0 0 0 0 0 0 0 0 0 0 1 0 0 0 0 0 0 
  INPUT ---       0 0 0 0 0 0 0 0 0 0 0 0 0 0 1 0 0;
  INPUT ---        0 0 0 0 0 0 0 0 0 0 0 0 0 0 0 0 0 0 0 0 0 0 1 0 0 0 0 0 0 
  INPUT ---       0 0 0 0 0 0 0 0 0 0 0 0 0 0 0 1 0;
  INPUT ---        0 0 0 0 0 0 0 0 0 0 0 0 0 0 0 0 0 0 0 0 0 0 0 0 0 0 0 0 0 
  INPUT ---       0 0 0 0 0 0 0 0 0 0 0 0 0 0 0 0 1;

  INPUT ---    links=46;

  INPUT ---    Logit;

  INPUT ---    Logit;

  INPUT ---    Logit;

  INPUT ---    Logit;

  INPUT ---    Logit;

  INPUT ---    Logit;

  INPUT ---    Logit;

  INPUT ---    Logit;

  INPUT ---    Logit;

  INPUT ---    Logit;

  INPUT ---    Logit;

  INPUT ---    Logit;


  Program  MARK  - Survival Rate Estimation with Capture-Recapture Data
   gfortran(dble/PIM2) Vers. 10.1 March 2023  13-Feb-2024 12:30:40    Page  005
 - - - - - - - - - - - - - - - - - - - - - - - - - - - - - - - - - - - - - -
 
  INPUT ---    Logit;

  INPUT ---    Logit;

  INPUT ---    Logit;

  INPUT ---    Logit;

  INPUT ---    Logit;

  INPUT ---    Logit;

  INPUT ---    Logit;

  INPUT ---    Logit;

  INPUT ---    Logit;

  INPUT ---    Logit;

  INPUT ---    Logit;

  INPUT ---    Logit;

  INPUT ---    Logit;

  INPUT ---    Logit;

  INPUT ---    Logit;

  INPUT ---    Logit;

  INPUT ---    Logit;

  INPUT ---    Logit;

  INPUT ---    Logit;

  INPUT ---    Logit;

  INPUT ---    Logit;

  INPUT ---    Logit;

  INPUT ---    Logit;


  Program  MARK  - Survival Rate Estimation with Capture-Recapture Data
   gfortran(dble/PIM2) Vers. 10.1 March 2023  13-Feb-2024 12:30:40    Page  006
 - - - - - - - - - - - - - - - - - - - - - - - - - - - - - - - - - - - - - -
 
  INPUT ---    Logit;

  INPUT ---    Logit;

  INPUT ---    Logit;

  INPUT ---    Logit;

  INPUT ---    Logit;

  INPUT ---    Logit;

  INPUT ---    Logit;

  INPUT ---    Logit;

  INPUT ---    Logit;

  INPUT ---    Logit;

  INPUT ---    Log;
  INPUT ---       blabel(1)=Phi:(Intercept);
  INPUT ---       blabel(2)=Phi:time3.8033951005025;
  INPUT ---       blabel(3)=Phi:time5.05281676238339;
  INPUT ---       blabel(4)=Phi:time5.73769771476429;
  INPUT ---       blabel(5)=Phi:time6.1122215242881;
  INPUT ---       blabel(6)=Phi:time6.3099596195262;
  INPUT ---       blabel(7)=Phi:time7.86306523721809;
  INPUT ---       blabel(8)=Phi:time9.0761622873403;
  INPUT ---       blabel(9)=Phi:time10.8672800178779;
  INPUT ---       blabel(10)=Phi:time10.985765594801;
  INPUT ---       blabel(11)=Phi:time11.1149819409548;
  INPUT ---       blabel(12)=Phi:time11.4905588640317;
  INPUT ---       blabel(13)=Phi:time11.6144098255702;
  INPUT ---       blabel(14)=Phi:time11.9301454420022;
  INPUT ---       blabel(15)=Phi:time12.0495250746158;
  INPUT ---       blabel(16)=Phi:time12.4856078976902;
  INPUT ---       blabel(17)=Phi:time12.8625608464495;
  INPUT ---       blabel(18)=Phi:time14.7114645968228;
  INPUT ---       blabel(19)=Phi:time15.0167178303237;
  INPUT ---       blabel(20)=Phi:time15.8230889798353;
  INPUT ---       blabel(21)=Phi:time17.3362370920537;
  INPUT ---       blabel(22)=Phi:time18.7024802239218;
  INPUT ---       blabel(23)=p:(Intercept);
  INPUT ---       blabel(24)=p:time3.8033951005025;
  INPUT ---       blabel(25)=p:time5.05281676238339;

  Program  MARK  - Survival Rate Estimation with Capture-Recapture Data
   gfortran(dble/PIM2) Vers. 10.1 March 2023  13-Feb-2024 12:30:40    Page  007
 - - - - - - - - - - - - - - - - - - - - - - - - - - - - - - - - - - - - - -
 
  INPUT ---       blabel(26)=p:time5.73769771476429;
  INPUT ---       blabel(27)=p:time6.1122215242881;
  INPUT ---       blabel(28)=p:time6.3099596195262;
  INPUT ---       blabel(29)=p:time7.86306523721809;
  INPUT ---       blabel(30)=p:time9.0761622873403;
  INPUT ---       blabel(31)=p:time10.8672800178779;
  INPUT ---       blabel(32)=p:time10.985765594801;
  INPUT ---       blabel(33)=p:time11.1149819409548;
  INPUT ---       blabel(34)=p:time11.4905588640317;
  INPUT ---       blabel(35)=p:time11.6144098255702;
  INPUT ---       blabel(36)=p:time11.9301454420022;
  INPUT ---       blabel(37)=p:time12.0495250746158;
  INPUT ---       blabel(38)=p:time12.4856078976902;
  INPUT ---       blabel(39)=p:time12.8625608464495;
  INPUT ---       blabel(40)=p:time14.7114645968228;
  INPUT ---       blabel(41)=p:time15.0167178303237;
  INPUT ---       blabel(42)=p:time15.8230889798353;
  INPUT ---       blabel(43)=p:time17.3362370920537;
  INPUT ---       blabel(44)=p:time18.7024802239218;
  INPUT ---       blabel(45)=p:time19.1629083374749;
  INPUT ---       blabel(46)=f:(Intercept);
  INPUT ---       rlabel(1)=Phi g1 a0 t1;
  INPUT ---       rlabel(2)=Phi g1 a2.8033951005025 t3.8033951005025;
  INPUT ---       rlabel(3)=Phi g1 a4.05281676238339 t5.05281676238339;
  INPUT ---       rlabel(4)=Phi g1 a4.73769771476429 t5.73769771476429;
  INPUT ---       rlabel(5)=Phi g1 a5.1122215242881 t6.1122215242881;
  INPUT ---       rlabel(6)=Phi g1 a5.3099596195262 t6.3099596195262;
  INPUT ---       rlabel(7)=Phi g1 a6.86306523721809 t7.86306523721809;
  INPUT ---       rlabel(8)=Phi g1 a8.0761622873403 t9.0761622873403;
  INPUT ---       rlabel(9)=Phi g1 a9.8672800178779 t10.8672800178779;
  INPUT ---       rlabel(10)=Phi g1 a9.98576559480099 t10.985765594801;
  INPUT ---       rlabel(11)=Phi g1 a10.1149819409548 t11.1149819409548;
  INPUT ---       rlabel(12)=Phi g1 a10.4905588640317 t11.4905588640317;
  INPUT ---       rlabel(13)=Phi g1 a10.6144098255702 t11.6144098255702;
  INPUT ---       rlabel(14)=Phi g1 a10.9301454420022 t11.9301454420022;
  INPUT ---       rlabel(15)=Phi g1 a11.0495250746158 t12.0495250746158;
  INPUT ---       rlabel(16)=Phi g1 a11.4856078976902 t12.4856078976902;
  INPUT ---       rlabel(17)=Phi g1 a11.8625608464495 t12.8625608464495;
  INPUT ---       rlabel(18)=Phi g1 a13.7114645968228 t14.7114645968228;
  INPUT ---       rlabel(19)=Phi g1 a14.0167178303237 t15.0167178303237;
  INPUT ---       rlabel(20)=Phi g1 a14.8230889798353 t15.8230889798353;
  INPUT ---       rlabel(21)=Phi g1 a16.3362370920537 t17.3362370920537;
  INPUT ---       rlabel(22)=Phi g1 a17.7024802239218 t18.7024802239218;
  INPUT ---       rlabel(23)=p g1 a0 t1;
  INPUT ---       rlabel(24)=p g1 a2.8033951005025 t3.8033951005025;
  INPUT ---       rlabel(25)=p g1 a4.05281676238339 t5.05281676238339;

  Program  MARK  - Survival Rate Estimation with Capture-Recapture Data
   gfortran(dble/PIM2) Vers. 10.1 March 2023  13-Feb-2024 12:30:40    Page  008
 - - - - - - - - - - - - - - - - - - - - - - - - - - - - - - - - - - - - - -
 
  INPUT ---       rlabel(26)=p g1 a4.73769771476429 t5.73769771476429;
  INPUT ---       rlabel(27)=p g1 a5.1122215242881 t6.1122215242881;
  INPUT ---       rlabel(28)=p g1 a5.3099596195262 t6.3099596195262;
  INPUT ---       rlabel(29)=p g1 a6.86306523721809 t7.86306523721809;
  INPUT ---       rlabel(30)=p g1 a8.0761622873403 t9.0761622873403;
  INPUT ---       rlabel(31)=p g1 a9.8672800178779 t10.8672800178779;
  INPUT ---       rlabel(32)=p g1 a9.98576559480099 t10.985765594801;
  INPUT ---       rlabel(33)=p g1 a10.1149819409548 t11.1149819409548;
  INPUT ---       rlabel(34)=p g1 a10.4905588640317 t11.4905588640317;
  INPUT ---       rlabel(35)=p g1 a10.6144098255702 t11.6144098255702;
  INPUT ---       rlabel(36)=p g1 a10.9301454420022 t11.9301454420022;
  INPUT ---       rlabel(37)=p g1 a11.0495250746158 t12.0495250746158;
  INPUT ---       rlabel(38)=p g1 a11.4856078976902 t12.4856078976902;
  INPUT ---       rlabel(39)=p g1 a11.8625608464495 t12.8625608464495;
  INPUT ---       rlabel(40)=p g1 a13.7114645968228 t14.7114645968228;
  INPUT ---       rlabel(41)=p g1 a14.0167178303237 t15.0167178303237;
  INPUT ---       rlabel(42)=p g1 a14.8230889798353 t15.8230889798353;
  INPUT ---       rlabel(43)=p g1 a16.3362370920537 t17.3362370920537;
  INPUT ---       rlabel(44)=p g1 a17.7024802239218 t18.7024802239218;
  INPUT ---       rlabel(45)=p g1 a18.1629083374749 t19.1629083374749;
  INPUT ---       rlabel(46)=f g1 a0 t1;
   Model is { Phi(~time)p(~time)f(~1) }

 Link Function Used is PARM-SPECIFIC

 Variance Estimation Procedure Used is 2ndPart 
 -2logL(saturated) = 1800.5278     
 Effective Sample Size = 1341

 Number of function evaluations was 163 for 46 parameters.
 For numerical optimization, CPU Time was 6.828 seconds and System Time was 10.610 seconds.
 -2logL { Phi(~time)p(~time)f(~1) } = 4531.7542     
 Penalty { Phi(~time)p(~time)f(~1) } = 0.0000000     
 Gradient { Phi(~time)p(~time)f(~1) }:
 -0.18939257E-02 -0.10006801E-04  0.30722168E-05 -0.81711429E-04   0.0000000    
 -0.71951748E-05 -0.25495077E-03   0.0000000     -0.26070681E-03 -0.68086751E-03
  0.30231944E-05   0.0000000     -0.32130260E-04   0.0000000      0.10835719E-04
  0.25721887E-04 -0.18199136E-03  0.22974956E-03  0.23258234E-04  0.26620361E-03
 -0.43394471E-03 -0.54691362E-03 -0.51381120E-03  0.26526371E-03 -0.47732863E-04
   0.0000000      0.11002484E-03  0.26066751E-03 -0.26596632E-03 -0.54734279E-04
 -0.21981471E-03 -0.26952242E-03  0.16026498E-03 -0.36824155E-04 -0.34452292E-03
 -0.22492206E-03 -0.18191418E-03  0.29245353E-03   0.0000000     -0.16747368E-03
 -0.34956822E-03   0.0000000      0.99048419E-03 -0.15869560E-03 -0.89651420E-04
 -0.27585538E-03
 Maximum ABS(G) { Phi(~time)p(~time)f(~1) } = 0.0018939     
 To compute VC matrix, CPU Time was 2.922 seconds and System Time was 4.593 seconds.

  Program  MARK  - Survival Rate Estimation with Capture-Recapture Data
   gfortran(dble/PIM2) Vers. 10.1 March 2023  13-Feb-2024 12:30:56    Page  009
 - - - - - - - - - - - - - - - - - - - - - - - - - - - - - - - - - - - - - -
 
 S Vector { Phi(~time)p(~time)f(~1) }:
   574.3609      104.9160      47.90138      35.26426      34.97186    
   34.36767      33.66520      33.59555      32.93485      32.27640    
   30.80766      30.67810      29.78796      29.73156      28.94771    
   27.11918      26.81294      25.73492      23.25892      22.50436    
   21.28865      19.82691      18.26046      8.627928      5.720705    
   4.310947      3.583912      2.554107      1.319779     0.9563861    
  0.8682851     0.5929463     0.5515407     0.4015866     0.3735351    
  0.2126736     0.1546793     0.9634859E-04 0.4203497E-04 0.7800087E-05
  0.3475904E-05 0.2200818E-05 0.1995939E-05 0.1303325E-06 0.3667890E-08
  0.2049784E-11
 To invert VC matrix, CPU Time was 0.001 seconds and System Time was 0.001 seconds.
 Ratio Threshold = 50.000000       Max Gap (45/46) = 1789.4027       Next Max Gap (37/38) = 1605.4129     
 Gap Method for Num. of Estimated Parameters { Phi(~time)p(~time)f(~1) } = 37          
 Threshold { Phi(~time)p(~time)f(~1) } = 0.0037879               
 Numerical Threshold Method for Num. of Estimated Parameters { Phi(~time)p(~time)f(~1) } = 37          
 Number of Estimated Parameters { Phi(~time)p(~time)f(~1) } = 37          
 DEVIANCE { Phi(~time)p(~time)f(~1) } = 2731.2264               
 DEVIANCE Degrees of Freedom { Phi(~time)p(~time)f(~1) } = 128          
 c-hat { Phi(~time)p(~time)f(~1) } = 21.337707               
 AIC { Phi(~time)p(~time)f(~1) } = 4605.7542               
 AICc { Phi(~time)p(~time)f(~1) } = 4607.9123               
 BIC { Phi(~time)p(~time)f(~1) } = 4798.1975               
 Pearson Chisquare { Phi(~time)p(~time)f(~1) } = 24863046.               
 Possible Encounter Histories { Phi(~time)p(~time)f(~1) } = 8388607          
 Pearson Chisquare df { Phi(~time)p(~time)f(~1) } = 8388569          
 Pearson chat { Phi(~time)p(~time)f(~1) } = 2.9639199               
 Sum(Observed/Expected) { Phi(~time)p(~time)f(~1) } = 20051877.               
 s-bar { Phi(~time)p(~time)f(~1) } = 1.3903704               
 Fletcher chat { Phi(~time)p(~time)f(~1) } = 1.2399417               


          PARM-SPECIFIC Link Function Parameters of { Phi(~time)p(~time)f(~1) }
                                                              95% Confidence Interval
    Parameter                  Beta         Standard Error     Lower           Upper
 -------------------------  --------------  --------------  --------------  --------------
    1:Phi:(Intercept)        22.783375       0.8632627       21.091380       24.475370    
    2:Phi:time3.8033951005  -5.0993674       676.12294      -1330.3004       1320.1016    
    3:Phi:time5.0528167623  -18.866813       1.5546672      -21.913961      -15.819665    
    4:Phi:time5.7376977147  -19.914876       1.3259186      -22.513676      -17.316075    
    5:Phi:time6.1122215242  -3.9105573       0.0000000      -3.9105573      -3.9105573    
    6:Phi:time6.3099596195  -7.4827899       542.90935      -1071.5851       1056.6195    
    7:Phi:time7.8630652372  -19.827780       0.9851152      -21.758606      -17.896955    
    8:Phi:time9.0761622873  -5.5996521       1.2428948      -8.0357260      -3.1635783    
    9:Phi:time10.867280017  -21.474959       1.5740332      -24.560064      -18.389854    
   10:Phi:time10.985765594  -22.576167       1.0494745      -24.633137      -20.519197    
   11:Phi:time11.114981940  -19.188962       2.3698943      -23.833955      -14.543969    
   12:Phi:time11.490558864  -7.1239029       0.0000000      -7.1239029      -7.1239029    
   13:Phi:time11.614409825  -19.895776       1.8091751      -23.441760      -16.349793    
   14:Phi:time11.930145442  -4.5055799       0.0000000      -4.5055799      -4.5055799    
   15:Phi:time12.049525074  -21.531096       1.1046760      -23.696261      -19.365931    
   16:Phi:time12.485607897  -20.355991       1.8309186      -23.944592      -16.767391    
   17:Phi:time12.862560846  -10.402713       104.98409      -216.17154       195.36611    
   18:Phi:time14.711464596  -21.581059       1.4749291      -24.471920      -18.690198    
   19:Phi:time15.016717830  -19.993909       2.0709627      -24.052996      -15.934822    
   20:Phi:time15.823088979  -20.093757       1.6619025      -23.351086      -16.836428    
   21:Phi:time17.336237092  -21.363655       0.9679921      -23.260920      -19.466391    
   22:Phi:time18.702480223  -22.770643       0.9248261      -24.583302      -20.957984    
   23:p:(Intercept)         -0.5442579       0.1226814      -0.7847136      -0.3038023    
   24:p:time3.803395100502   0.1504619       0.2230336      -0.2866839       0.5876077    
   25:p:time5.052816762383  -0.2786821       0.2024484      -0.6754810       0.1181168    
   26:p:time5.737697714764   1.4923317       0.2425486       1.0169365       1.9677269    
   27:p:time6.112221524288  -0.6642194       0.2438229      -1.1421123      -0.1863264    
   28:p:time6.309959619526   0.8731957       0.2195965       0.4427866       1.3036048    
   29:p:time7.863065237218   0.3769072       0.1899056       0.0046922       0.7491222    

  Program  MARK  - Survival Rate Estimation with Capture-Recapture Data
   gfortran(dble/PIM2) Vers. 10.1 March 2023  13-Feb-2024 12:30:56    Page  010
 - - - - - - - - - - - - - - - - - - - - - - - - - - - - - - - - - - - - - -
 
   30:p:time9.076162287340  -0.1151176       0.2192116      -0.5447724       0.3145372    
   31:p:time10.86728001787   0.9436647       0.1971728       0.5572059       1.3301235    
   32:p:time10.98576559480   0.8116536       0.2111517       0.3977962       1.2255110    
   33:p:time11.11498194095   0.9041950       0.2178473       0.4772142       1.3311758    
   34:p:time11.49055886403   0.6574761       0.2084242       0.2489646       1.0659875    
   35:p:time11.61440982557   0.5944263       0.2234692       0.1564266       1.0324260    
   36:p:time11.93014544200   0.3568068       0.2057089      -0.0463826       0.7599962    
   37:p:time12.04952507461  -0.0065487       0.2102186      -0.4185772       0.4054799    
   38:p:time12.48560789769   0.0435018       0.1904040      -0.3296901       0.4166937    
   39:p:time12.86256084644   0.2507296       0.2211022      -0.1826306       0.6840899    
   40:p:time14.71146459682   0.4577850       0.2206848       0.0252428       0.8903272    
   41:p:time15.01671783032   0.0476094       0.2487497      -0.4399401       0.5351588    
   42:p:time15.82308897983  -0.6068791       0.2716525      -1.1393181      -0.0744402    
   43:p:time17.33623709205   0.9102676       0.2793738       0.3626949       1.4578403    
   44:p:time18.70248022392   0.5384209       0.2852239      -0.0206179       1.0974598    
   45:p:time19.16290833747   9.8928837       154.23859      -292.41476       312.20053    
   46:f:(Intercept)         -3.4251561       0.1526881      -3.7244248      -3.1258874    


                 Real Function Parameters of { Phi(~time)p(~time)f(~1) }
                                                               95% Confidence Interval
     Parameter                Estimate       Standard Error     Lower           Upper
 --------------------------  --------------  --------------  --------------  --------------
     1:Phi g1 a0 t1           1.0000000       0.1100142E-09   1.0000000       1.0000000       
     2:Phi g1 a2.8033951005   1.0000000       0.1412403E-04  0.2662879E-300   1.0000000       
     3:Phi g1 a4.0528167623   0.9804792       0.0245119       0.8032008       0.9983848       
     4:Phi g1 a4.7376977147   0.9462671       0.0511687       0.7101365       0.9921624       
     5:Phi g1 a5.1122215242   1.0000000       0.0000000       1.0000000       1.0000000       
     6:Phi g1 a5.3099596195   0.9999998       0.1229608E-03  0.2456089E-301   1.0000000       
     7:Phi g1 a6.8630652372   0.9505272       0.0224064       0.8830567       0.9799543       
     8:Phi g1 a8.0761622873   1.0000000       0.4383222E-07   0.9999996       1.0000000       
     9:Phi g1 a9.8672800178   0.7872479       0.2113712       0.2377399       0.9777289       
    10:Phi g1 a9.9857655948   0.5516174       0.1602083       0.2568596       0.8140844       
    11:Phi g1 a10.114981940   0.9732580       0.0487292       0.4812033       0.9993002       
    12:Phi g1 a10.490558864   0.9999998       0.0000000       0.9999998       0.9999998       
    13:Phi g1 a10.614409825   0.9472300       0.0924694       0.3233841       0.9985189       
    14:Phi g1 a10.930145442   1.0000000       0.0000000       1.0000000       1.0000000       
    15:Phi g1 a11.049525074   0.7776941       0.0956481       0.5418820       0.9118661       
    16:Phi g1 a11.485607897   0.9188918       0.1190815       0.3308705       0.9961622       
    17:Phi g1 a11.862560846   0.9999958       0.4408152E-03   0.1034380E-83   1.0000000       
    18:Phi g1 a13.711464596   0.7689366       0.1798484       0.3139578       0.9603160       
    19:Phi g1 a14.016717830   0.9421039       0.1292558       0.1352590       0.9994096       
    20:Phi g1 a14.823088979   0.9364112       0.0701129       0.5943003       0.9932903       
    21:Phi g1 a16.336237092   0.8052945       0.0634355       0.6517527       0.9013830       
    22:Phi g1 a17.702480223   0.5031830       0.1053590       0.3071843       0.6982083       
    23:p g1 a0 t1             0.3671976       0.0285067       0.3133049       0.4246282       

  Program  MARK  - Survival Rate Estimation with Capture-Recapture Data
   gfortran(dble/PIM2) Vers. 10.1 March 2023  13-Feb-2024 12:30:56    Page  011
 - - - - - - - - - - - - - - - - - - - - - - - - - - - - - - - - - - - - - -
 
    24:p g1 a2.803395100502   0.4028038       0.0475098       0.3141257       0.4983273       
    25:p g1 a4.052816762383   0.3051399       0.0420920       0.2293406       0.3932093       
    26:p g1 a4.737697714764   0.7207276       0.0443491       0.6262623       0.7989801       
    27:p g1 a5.112221524288   0.2299706       0.0379062       0.1641004       0.3123997       
    28:p g1 a5.309959619526   0.5815009       0.0458620       0.4898928       0.6678130       
    29:p g1 a6.863065237218   0.4582597       0.0433419       0.3753023       0.5435976       
    30:p g1 a8.076162287340   0.3408799       0.0410567       0.2655082       0.4252598       
    31:p g1 a9.867280017877   0.5985451       0.0413344       0.5155570       0.6762443       
    32:p g1 a9.985765594800   0.5664534       0.0427883       0.4814843       0.6476871       
    33:p g1 a10.11498194095   0.5890252       0.0423574       0.5042455       0.6688286       
    34:p g1 a10.49055886403   0.5282743       0.0427029       0.4445672       0.6104211       
    35:p g1 a10.61440982557   0.5125395       0.0424465       0.4297622       0.5946346       
    36:p g1 a10.93014544200   0.4532740       0.0436367       0.3699161       0.5393372       
    37:p g1 a11.04952507461   0.3656773       0.0417310       0.2883469       0.4506149       
    38:p g1 a11.48560789769   0.3773630       0.0439192       0.2958534       0.4664531       
    39:p g1 a11.86256084644   0.4271403       0.0458764       0.3405144       0.5184781       
    40:p g1 a13.71146459682   0.4783952       0.0467309       0.3885222       0.5696891       
    41:p g1 a14.01671783032   0.3783286       0.0505242       0.2854286       0.4811074       
    42:p g1 a14.82308897983   0.2402815       0.0457119       0.1622004       0.3406659       
    43:p g1 a16.33623709205   0.5904944       0.0607469       0.4684482       0.7023251       
    44:p g1 a17.70248022392   0.4985407       0.0644262       0.3749726       0.6222874       
    45:p g1 a18.16290833747   0.9999129       0.0134295      0.5884182E-127   1.0000000       
    46:f g1 a0 t1             0.0325442       0.0049691       0.0240939       0.0438251       





                     Estimates of Derived Parameters

             Lambda Estimates of { Phi(~time)p(~time)f(~1) }
                                                95% Confidence Interval
 Grp. Occ.   Lambda-hat      Standard Error      Lower           Upper
 ---- ----   --------------  --------------  --------------  --------------
   1     1    1.0325442       0.0049691       1.0228506       1.0423297    
   1     2    1.0325442       0.0049691       1.0228505       1.0423297    
   1     3    1.0130234       0.0247389       0.9656842       1.0626833    
   1     4    0.9788113       0.0511311       0.8836157       1.0842627    
   1     5    1.0325442       0.0049908       1.0228085       1.0423726    
   1     6    1.0325440       0.0049706       1.0228474       1.0423324    
   1     7    0.9830714       0.0225215       0.9399113       1.0282135    
   1     8    1.0325442       0.0049691       1.0228505       1.0423297    
   1     9    0.8197921       0.2112231       0.4987679       1.3474387    
   1    10    0.5841616       0.1601098       0.3446984       0.9899810    
   1    11    1.0058022       0.0486732       0.9148380       1.1058111    
   1    12    1.0325440       0.0000000       1.0325440       1.0325440    
   1    13    0.9797742       0.0923631       0.8148156       1.1781284    
   1    14    1.0325442       0.0000000       1.0325442       1.0325442    
   1    15    0.8102383       0.0955898       0.6434802       1.0202118    
   1    16    0.9514360       0.1190471       0.7452219       1.2147126    

  Program  MARK  - Survival Rate Estimation with Capture-Recapture Data
   gfortran(dble/PIM2) Vers. 10.1 March 2023  13-Feb-2024 12:30:56    Page  012
 - - - - - - - - - - - - - - - - - - - - - - - - - - - - - - - - - - - - - -
 
   1    17    1.0325400       0.0049886       1.0228086       1.0423639    
   1    18    0.8014808       0.1798766       0.5190346       1.2376275    
   1    19    0.9746481       0.1292103       0.7524750       1.2624193    
   1    20    0.9689554       0.0702527       0.8407529       1.1167069    
   1    21    0.8378387       0.0634841       0.7223620       0.9717755    
   1    22    0.5357272       0.1055795       0.3654129       0.7854230    

           log(Lambda) Estimates of { Phi(~time)p(~time)f(~1) }
                                                95% Confidence Interval
 Grp. Occ.   log(Lambda-hat) Standard Error      Lower           Upper
 ---- ----   --------------  --------------  --------------  --------------
   1     1    0.0320259       0.0048125       0.0225934       0.0414584    
   1     2    0.0320258       0.0048125       0.0225933       0.0414584    
   1     3    0.0129394       0.0244209      -0.0349255       0.0608042    
   1     4   -0.0214164       0.0522380      -0.1238028       0.0809700    
   1     5    0.0320258       0.0048335       0.0225522       0.0414995    
   1     6    0.0320256       0.0048140       0.0225903       0.0414610    
   1     7   -0.0170735       0.0229093      -0.0619757       0.0278287    
   1     8    0.0320258       0.0048125       0.0225933       0.0414583    
   1     9   -0.1987045       0.2576544      -0.7037072       0.3062982    
   1    10   -0.5375775       0.2740848      -1.0747837      -0.3713629E-03
   1    11    0.0057854       0.0483924      -0.0890637       0.1006346    
   1    12    0.0320257       0.0000000       0.0320257       0.0320257    
   1    13   -0.0204332       0.0942698      -0.2052019       0.1643356    
   1    14    0.0320258       0.0000000       0.0320258       0.0320258    
   1    15   -0.2104269       0.1179774      -0.4416626       0.0208089    
   1    16   -0.0497829       0.1251236      -0.2950251       0.1954593    
   1    17    0.0320218       0.0048313       0.0225524       0.0414912    
   1    18   -0.2212943       0.2244303      -0.6611777       0.2185891    
   1    19   -0.0256788       0.1325713      -0.2855185       0.2341609    
   1    20   -0.0315367       0.0725036      -0.1736437       0.1105703    
   1    21   -0.1769297       0.0757713      -0.3254414      -0.0284180    
   1    22   -0.6241302       0.1970770      -1.0104012      -0.2378591    

 To compute parameter estimates, CPU Time was 0.001 seconds and System Time was 0.016 seconds.

 Attempted ordering of parameters by estimatibility:
  23  1 46 35 32 34 31 36 29 33 37 40 30 28 39 38 24 41 25 43 27 26 42 21 22
  15 44  7 10  4 20 18  9  3 16 13 11 17 45 19  6  2  8 14  5 12
 Beta number 12 is a singular value.

   For procedure estimate CPU Time was 9.750 seconds and System Time was 15.234 seconds       .

  Program  MARK  - Survival Rate Estimation with Capture-Recapture Data
   gfortran(dble/PIM2) Vers. 10.1 March 2023  13-Feb-2024 12:30:56    Page  013
 - - - - - - - - - - - - - - - - - - - - - - - - - - - - - - - - - - - - - -
 


  INPUT --- proc stop;

     For this job, CPU Time in minutes was 0.163 and System Time in minutes was 0.254.

     Time Start = 12:30:40.787   Time End = 12:30:56.035

     Wall Clock Time in minutes for this job was 0.254.

     Maximum of 46 words used of 4096 words allocated.


          E X E C U T I O N   S U C C E S S F U L 
