
   Program  MARK  - Survival Rate Estimation with Capture-Recapture Data
   gfortran(dble/PIM2) Vers. 10.1 March 2023  13-Feb-2024 12:30:56    Page  001
    
 - - - - - - - - - - - - - - - - - - - - - - - - - - - - - - - - - - - - - -
 
   Welcome to MARK Elizabeth Sibert on machine CHROMIUM in subdirectory 
   "C:\Elizabeth_Files\Personal\Research\Code\Github_Repos\eeco_teeth\mark" running file "mark019.inp".
   This version was compiled by GCC version 12.2.0 using the options: 
     -cpp -iprefix c:\tdm-gcc-64\mingw64\bin\../lib/gcc/x86_64-w64-mingw32/12.2.0/
     -D_MT -D_REENTRANT -U_REENTRANT -D ieee -D dbleprecision -m64 -mtune=generic
     -march=x86-64 -mthreads -O3 -std=f2018 -fsignaling-nans
     -ffpe-summary=invalid,zero,overflow,underflow -funroll-loops -ffast-math
     -fall-intrinsics -fopenmp.

   This problem will use 15 of 16 possible threads.
   Static thread allocation is used.
   Schedule kind is omp_sched_dynamic with chunk size 1


  INPUT --- proc title ;

   For procedure title CPU Time was 0.001 seconds and System Time was 0.001 seconds       .


  INPUT --- proc chmatrix occasions= 23 groups= 1 etype= PradRec Nodes= 
  INPUT --- 101 ICMeans NoHist hist=  165 ;

  INPUT ---    time interval 2.8033951005025 1.24942166188089 
  INPUT ---    0.684880952380901 0.374523809523801  0.197738095238101 
  INPUT ---    1.5531056176919 1.2130970501222 1.7911177305376 
  INPUT ---    0.118485576923099  0.129216346153804 0.375576923076899 
  INPUT ---    0.123850961538501 0.315735616432001 0.119379632613594  
  INPUT ---    0.4360828230744 0.376952948759303 1.8489037503733 
  INPUT ---    0.305253233500906 0.806371149511598  1.5131481122184 
  INPUT ---    1.3662431318681 0.4604281135531 ;

  INPUT ---    glabel(1)=Group 1;

      Number of unique encounter histories read was 165.

      Number of individual covariates read was 0.
      Time interval lengths vary and/or not equal to 1.

      Data type number is 17
      Data type is Pradel Survival and Recruitment

   For procedure chmatrix CPU Time was 0.001 seconds and System Time was 0.001 seconds       .

  Program  MARK  - Survival Rate Estimation with Capture-Recapture Data
   gfortran(dble/PIM2) Vers. 10.1 March 2023  13-Feb-2024 12:30:56    Page  002
 - - - - - - - - - - - - - - - - - - - - - - - - - - - - - - - - - - - - - -
 


  INPUT --- proc estimate link=Parm-Specific NOLOOP varest=2ndPart    ;


  INPUT --- model={ Phi(~1)p(~1)f(~time) };

  INPUT ---    group=1 Phi    rows=1 cols=22 Square ;
  INPUT ---        1 1 1 1 1 1 1 1 1 1 1 1 1 1 1 1 1 1 1 1 1 1 ;

  INPUT ---    group=1 p    rows=1 cols=23 Square ;
  INPUT ---        2 2 2 2 2 2 2 2 2 2 2 2 2 2 2 2 2 2 2 2 2 2 2 ;

  INPUT ---    group=1 f    rows=1 cols=22 Square ;
  INPUT ---        3 4 5 6 7 8 9 10 11 12 13 14 15 16 17 18 19 20 21 22 23 24 
  INPUT ---       ;

  INPUT ---    design matrix constraints=24 covariates=24;
  INPUT ---        1 0 0 0 0 0 0 0 0 0 0 0 0 0 0 0 0 0 0 0 0 0 0 0;
  INPUT ---        0 1 0 0 0 0 0 0 0 0 0 0 0 0 0 0 0 0 0 0 0 0 0 0;
  INPUT ---        0 0 1 0 0 0 0 0 0 0 0 0 0 0 0 0 0 0 0 0 0 0 0 0;
  INPUT ---        0 0 1 1 0 0 0 0 0 0 0 0 0 0 0 0 0 0 0 0 0 0 0 0;
  INPUT ---        0 0 1 0 1 0 0 0 0 0 0 0 0 0 0 0 0 0 0 0 0 0 0 0;
  INPUT ---        0 0 1 0 0 1 0 0 0 0 0 0 0 0 0 0 0 0 0 0 0 0 0 0;
  INPUT ---        0 0 1 0 0 0 1 0 0 0 0 0 0 0 0 0 0 0 0 0 0 0 0 0;
  INPUT ---        0 0 1 0 0 0 0 1 0 0 0 0 0 0 0 0 0 0 0 0 0 0 0 0;
  INPUT ---        0 0 1 0 0 0 0 0 1 0 0 0 0 0 0 0 0 0 0 0 0 0 0 0;
  INPUT ---        0 0 1 0 0 0 0 0 0 1 0 0 0 0 0 0 0 0 0 0 0 0 0 0;
  INPUT ---        0 0 1 0 0 0 0 0 0 0 1 0 0 0 0 0 0 0 0 0 0 0 0 0;
  INPUT ---        0 0 1 0 0 0 0 0 0 0 0 1 0 0 0 0 0 0 0 0 0 0 0 0;
  INPUT ---        0 0 1 0 0 0 0 0 0 0 0 0 1 0 0 0 0 0 0 0 0 0 0 0;
  INPUT ---        0 0 1 0 0 0 0 0 0 0 0 0 0 1 0 0 0 0 0 0 0 0 0 0;
  INPUT ---        0 0 1 0 0 0 0 0 0 0 0 0 0 0 1 0 0 0 0 0 0 0 0 0;
  INPUT ---        0 0 1 0 0 0 0 0 0 0 0 0 0 0 0 1 0 0 0 0 0 0 0 0;
  INPUT ---        0 0 1 0 0 0 0 0 0 0 0 0 0 0 0 0 1 0 0 0 0 0 0 0;
  INPUT ---        0 0 1 0 0 0 0 0 0 0 0 0 0 0 0 0 0 1 0 0 0 0 0 0;
  INPUT ---        0 0 1 0 0 0 0 0 0 0 0 0 0 0 0 0 0 0 1 0 0 0 0 0;
  INPUT ---        0 0 1 0 0 0 0 0 0 0 0 0 0 0 0 0 0 0 0 1 0 0 0 0;
  INPUT ---        0 0 1 0 0 0 0 0 0 0 0 0 0 0 0 0 0 0 0 0 1 0 0 0;
  INPUT ---        0 0 1 0 0 0 0 0 0 0 0 0 0 0 0 0 0 0 0 0 0 1 0 0;
  INPUT ---        0 0 1 0 0 0 0 0 0 0 0 0 0 0 0 0 0 0 0 0 0 0 1 0;
  INPUT ---        0 0 1 0 0 0 0 0 0 0 0 0 0 0 0 0 0 0 0 0 0 0 0 1;

  INPUT ---    links=24;

  INPUT ---    Logit;

  Program  MARK  - Survival Rate Estimation with Capture-Recapture Data
   gfortran(dble/PIM2) Vers. 10.1 March 2023  13-Feb-2024 12:30:56    Page  003
 - - - - - - - - - - - - - - - - - - - - - - - - - - - - - - - - - - - - - -
 

  INPUT ---    Logit;

  INPUT ---    Log;

  INPUT ---    Log;

  INPUT ---    Log;

  INPUT ---    Log;

  INPUT ---    Log;

  INPUT ---    Log;

  INPUT ---    Log;

  INPUT ---    Log;

  INPUT ---    Log;

  INPUT ---    Log;

  INPUT ---    Log;

  INPUT ---    Log;

  INPUT ---    Log;

  INPUT ---    Log;

  INPUT ---    Log;

  INPUT ---    Log;

  INPUT ---    Log;

  INPUT ---    Log;

  INPUT ---    Log;

  INPUT ---    Log;

  INPUT ---    Log;

  INPUT ---    Log;

  Program  MARK  - Survival Rate Estimation with Capture-Recapture Data
   gfortran(dble/PIM2) Vers. 10.1 March 2023  13-Feb-2024 12:30:56    Page  004
 - - - - - - - - - - - - - - - - - - - - - - - - - - - - - - - - - - - - - -
 
  INPUT ---       blabel(1)=Phi:(Intercept);
  INPUT ---       blabel(2)=p:(Intercept);
  INPUT ---       blabel(3)=f:(Intercept);
  INPUT ---       blabel(4)=f:time3.8033951005025;
  INPUT ---       blabel(5)=f:time5.05281676238339;
  INPUT ---       blabel(6)=f:time5.73769771476429;
  INPUT ---       blabel(7)=f:time6.1122215242881;
  INPUT ---       blabel(8)=f:time6.3099596195262;
  INPUT ---       blabel(9)=f:time7.86306523721809;
  INPUT ---       blabel(10)=f:time9.0761622873403;
  INPUT ---       blabel(11)=f:time10.8672800178779;
  INPUT ---       blabel(12)=f:time10.985765594801;
  INPUT ---       blabel(13)=f:time11.1149819409548;
  INPUT ---       blabel(14)=f:time11.4905588640317;
  INPUT ---       blabel(15)=f:time11.6144098255702;
  INPUT ---       blabel(16)=f:time11.9301454420022;
  INPUT ---       blabel(17)=f:time12.0495250746158;
  INPUT ---       blabel(18)=f:time12.4856078976902;
  INPUT ---       blabel(19)=f:time12.8625608464495;
  INPUT ---       blabel(20)=f:time14.7114645968228;
  INPUT ---       blabel(21)=f:time15.0167178303237;
  INPUT ---       blabel(22)=f:time15.8230889798353;
  INPUT ---       blabel(23)=f:time17.3362370920537;
  INPUT ---       blabel(24)=f:time18.7024802239218;
  INPUT ---       rlabel(1)=Phi g1 a0 t1;
  INPUT ---       rlabel(2)=p g1 a0 t1;
  INPUT ---       rlabel(3)=f g1 a0 t1;
  INPUT ---       rlabel(4)=f g1 a2.8033951005025 t3.8033951005025;
  INPUT ---       rlabel(5)=f g1 a4.05281676238339 t5.05281676238339;
  INPUT ---       rlabel(6)=f g1 a4.73769771476429 t5.73769771476429;
  INPUT ---       rlabel(7)=f g1 a5.1122215242881 t6.1122215242881;
  INPUT ---       rlabel(8)=f g1 a5.3099596195262 t6.3099596195262;
  INPUT ---       rlabel(9)=f g1 a6.86306523721809 t7.86306523721809;
  INPUT ---       rlabel(10)=f g1 a8.0761622873403 t9.0761622873403;
  INPUT ---       rlabel(11)=f g1 a9.8672800178779 t10.8672800178779;
  INPUT ---       rlabel(12)=f g1 a9.98576559480099 t10.985765594801;
  INPUT ---       rlabel(13)=f g1 a10.1149819409548 t11.1149819409548;
  INPUT ---       rlabel(14)=f g1 a10.4905588640317 t11.4905588640317;
  INPUT ---       rlabel(15)=f g1 a10.6144098255702 t11.6144098255702;
  INPUT ---       rlabel(16)=f g1 a10.9301454420022 t11.9301454420022;
  INPUT ---       rlabel(17)=f g1 a11.0495250746158 t12.0495250746158;
  INPUT ---       rlabel(18)=f g1 a11.4856078976902 t12.4856078976902;
  INPUT ---       rlabel(19)=f g1 a11.8625608464495 t12.8625608464495;
  INPUT ---       rlabel(20)=f g1 a13.7114645968228 t14.7114645968228;
  INPUT ---       rlabel(21)=f g1 a14.0167178303237 t15.0167178303237;
  INPUT ---       rlabel(22)=f g1 a14.8230889798353 t15.8230889798353;

  Program  MARK  - Survival Rate Estimation with Capture-Recapture Data
   gfortran(dble/PIM2) Vers. 10.1 March 2023  13-Feb-2024 12:30:56    Page  005
 - - - - - - - - - - - - - - - - - - - - - - - - - - - - - - - - - - - - - -
 
  INPUT ---       rlabel(23)=f g1 a16.3362370920537 t17.3362370920537;
  INPUT ---       rlabel(24)=f g1 a17.7024802239218 t18.7024802239218;
   Model is { Phi(~1)p(~1)f(~time) }

 Link Function Used is PARM-SPECIFIC

 Variance Estimation Procedure Used is 2ndPart 
 -2logL(saturated) = 1800.5278     
 Effective Sample Size = 1341

 Number of function evaluations was 95 for 24 parameters.
 For numerical optimization, CPU Time was 1.906 seconds and System Time was 3.063 seconds.
 -2logL { Phi(~1)p(~1)f(~time) } = 4719.9005     
 Penalty { Phi(~1)p(~1)f(~time) } = 0.0000000     
 Gradient { Phi(~1)p(~1)f(~time) }:
  0.21596277E-03  0.10751822E-03  0.57457913E-03   0.0000000     -0.56196928E-04
   0.0000000      0.72211782E-04  0.26633460E-03  0.84061399E-04   0.0000000    
  0.12921818E-03   0.0000000       0.0000000       0.0000000       0.0000000    
  0.14907422E-03  0.26299244E-04   0.0000000       0.0000000       0.0000000    
   0.0000000     -0.30797543E-04 -0.32944904E-04 -0.33857791E-04
 Maximum ABS(G) { Phi(~1)p(~1)f(~time) } = 0.5745791E-03 
 To compute VC matrix, CPU Time was 0.688 seconds and System Time was 1.250 seconds.
 S Vector { Phi(~1)p(~1)f(~time) }:
   573.2110      79.73786      45.61068      8.538291      3.751938    
   2.549254      1.837975      1.226875     0.8914499     0.8748124    
  0.6899337     0.2120217     0.1917534     0.1220644     0.2090975E-01
  0.6992252E-06 0.1531476E-06 0.2855655E-07 0.2855625E-07 0.8983204E-08
  0.9978770E-12 0.1264794E-12 0.2606513E-17 0.2236318E-25
 To invert VC matrix, CPU Time was 0.001 seconds and System Time was 0.001 seconds.
 Ratio Threshold = 50.000000       Max Gap (23/24) = 0.1165538E+09   Next Max Gap (22/23) = 48524.344     
 Gap Method for Num. of Estimated Parameters { Phi(~1)p(~1)f(~time) } = 22          
 Threshold { Phi(~1)p(~1)f(~time) } = 0.0011492               
 Numerical Threshold Method for Num. of Estimated Parameters { Phi(~1)p(~1)f(~time) } = 15          
 Number of Estimated Parameters { Phi(~1)p(~1)f(~time) } = 22          

   * *  WARNING  * *   Number of parameters estimated from gap method (=22) and threshold method (=15) differ.  Inspect full output. 
 Ratios of S Vector { Phi(~1)p(~1)f(~time) }:
   1/2    7.188693       2/3    1.748228       3/4    5.341897       4/5    2.275702       5/6    1.471779    
   6/7    1.386991       7/8    1.498095       8/9    1.376269       9/10    1.019018       10/11    1.267966    
   11/12    3.254070       12/13    1.105700       13/14    1.570920       14/15    5.837682       15/16    29904.17    
   16/17    4.565695       17/18    5.362959       18/19    1.000011       19/20    3.178849       20/21    9002.316    
   21/22    7.889643       22/23    48524.34       23/24   0.1165538E+09
 DEVIANCE { Phi(~1)p(~1)f(~time) } = 2919.3727               
 DEVIANCE Degrees of Freedom { Phi(~1)p(~1)f(~time) } = 150          
 c-hat { Phi(~1)p(~1)f(~time) } = 19.462485               
 AIC { Phi(~1)p(~1)f(~time) } = 4749.9005               
 AICc { Phi(~1)p(~1)f(~time) } = 4750.2627               
 BIC { Phi(~1)p(~1)f(~time) } = 4827.9180               
 Pearson Chisquare { Phi(~1)p(~1)f(~time) } = 20942706.               
 Possible Encounter Histories { Phi(~1)p(~1)f(~time) } = 8388607          
 Pearson Chisquare df { Phi(~1)p(~1)f(~time) } = 8388591          
 Pearson chat { Phi(~1)p(~1)f(~time) } = 2.4965702               
 Sum(Observed/Expected) { Phi(~1)p(~1)f(~time) } = 18978028.               
 s-bar { Phi(~1)p(~1)f(~time) } = 1.2623577               
 Fletcher chat { Phi(~1)p(~1)f(~time) } = 1.1035259               


            PARM-SPECIFIC Link Function Parameters of { Phi(~1)p(~1)f(~time) }
                                                              95% Confidence Interval
    Parameter                  Beta         Standard Error     Lower           Upper
 -------------------------  --------------  --------------  --------------  --------------
    1:Phi:(Intercept)        3.2392832       0.1385488       2.9677276       3.5108389    
    2:p:(Intercept)         -0.1353454       0.0429310      -0.2194903      -0.0512006    
    3:f:(Intercept)         -2.7179047       0.4534430      -3.6066530      -1.8291565    
    4:f:time3.803395100502  -18.235876       10.945182      -39.688433       3.2166821    
    5:f:time5.052816762383   2.2582826       0.5805820       1.1203418       3.3962234    
    6:f:time5.737697714764  -23.525595       0.0000000      -23.525595      -23.525595    
    7:f:time6.112221524288   0.6904487       2.2526445      -3.7247346       5.1056320    

  Program  MARK  - Survival Rate Estimation with Capture-Recapture Data
   gfortran(dble/PIM2) Vers. 10.1 March 2023  13-Feb-2024 12:31:00    Page  006
 - - - - - - - - - - - - - - - - - - - - - - - - - - - - - - - - - - - - - -
 
    8:f:time6.309959619526  -0.3750032       0.8826081      -2.1049152       1.3549087    
    9:f:time7.863065237218  -0.4521566       1.1423508      -2.6911643       1.7868511    
   10:f:time9.076162287340  -0.6510587       0.8992616      -2.4136115       1.1114941    
   11:f:time10.86728001787   2.7787350       0.7760500       1.2576768       4.2997931    
   12:f:time10.98576559480  -0.4657962       6.8560229      -13.903601       12.972009    
   13:f:time11.11498194095  -38.931495       0.0000000      -38.931495      -38.931495    
   14:f:time11.49055886403  -23.370678       0.0000000      -23.370678      -23.370678    
   15:f:time11.61440982557  -14.256593       1195.8901      -2358.2013       2329.6881    
   16:f:time11.93014544200   0.2282839       1.7011688      -3.1060070       3.5625748    
   17:f:time12.04952507461  -1.3207951       1.3161165      -3.9003834       1.2587932    
   18:f:time12.48560789769  -16.314583       10236.644      -20080.137       20047.507    
   19:f:time12.86256084644  -22.759159       14.199473      -50.590128       5.0718091    
   20:f:time14.71146459682  -37.518226       0.0000000      -37.518226      -37.518226    
   21:f:time15.01671783032  -26.778176       3.4250141      -33.491204      -20.065149    
   22:f:time15.82308897983  -0.9818190       0.8535979      -2.6548709       0.6912329    
   23:f:time17.33623709205  -0.8526433       1.1379958      -3.0831150       1.3778284    
   24:f:time18.70248022392   0.8026916       0.3699216       0.0776453       1.5277380    


                   Real Function Parameters of { Phi(~1)p(~1)f(~time) }
                                                               95% Confidence Interval
     Parameter                Estimate       Standard Error     Lower           Upper
 --------------------------  --------------  --------------  --------------  --------------
     1:Phi g1 a0 t1           0.9622861       0.0050282       0.9510947       0.9709946       
     2:p g1 a0 t1             0.4662152       0.0106838       0.4453467       0.4872027       
     3:f g1 a0 t1             0.0660129       0.0299331       0.0265666       0.1547203       
     4:f g1 a2.803395100502   0.7941249E-09   0.8788148E-08  -0.1643065E-07   0.1801890E-07   
     5:f g1 a4.052816762383   0.6315222       0.1959132       0.2476131       0.8992473       
     6:f g1 a4.737697714764   0.4004911E-11   0.0000000       0.4004911E-11   0.4004911E-11   
     7:f g1 a5.112221524288   0.1316701       0.2933853       0.9910568E-03   0.9586400       
     8:f g1 a5.309959619526   0.0453698       0.0316758       0.0112073       0.1661684       
     9:f g1 a6.863065237218   0.0420010       0.0441963       0.0050665       0.2740265       
    10:f g1 a8.076162287340   0.0344253       0.0258316       0.0077131       0.1405443       
    11:f g1 a9.867280017877   1.0627185       0.8750783      -0.6524350       2.7778719       
    12:f g1 a9.985765594800   0.0414320       0.2790169       0.4524467E-07   0.9999758       
    13:f g1 a10.11498194095   0.8163859E-18   0.0000000       0.8163859E-18   0.8163859E-18   
    14:f g1 a10.49055886403   0.4675979E-11   0.0000000       0.4675979E-11   0.4675979E-11   
    15:f g1 a10.61440982557   0.4246874E-07   0.5078790E-04  0.2362402E-315   1.0000000       
    16:f g1 a10.93014544200   0.0829414       0.1322629       0.0029848       0.7320735       
    17:f g1 a11.04952507461   0.0176204       0.0235976       0.0012382       0.2060403       
    18:f g1 a11.48560789769   0.5423699E-08   0.5552046E-04  -0.1088147E-03   0.1088255E-03   
    19:f g1 a11.86256084644   0.8618896E-11   0.1193081E-09  -0.2252250E-09   0.2424628E-09   
    20:f g1 a13.71146459682   0.3354831E-17   0.0000000       0.3354831E-17   0.3354831E-17   
    21:f g1 a14.01671783032   0.1548869E-12   0.5979913E-12  -0.1017176E-11   0.1326950E-11   
    22:f g1 a14.82308897983   0.0247304       0.0178554       0.0059070       0.0976445       
    23:f g1 a16.33623709205   0.0281404       0.0263523       0.0043613       0.1606498       

  Program  MARK  - Survival Rate Estimation with Capture-Recapture Data
   gfortran(dble/PIM2) Vers. 10.1 March 2023  13-Feb-2024 12:31:00    Page  007
 - - - - - - - - - - - - - - - - - - - - - - - - - - - - - - - - - - - - - -
 
    24:f g1 a17.70248022392   0.1473104       0.0937293       0.0384795       0.4271924       





                     Estimates of Derived Parameters

               Lambda Estimates of { Phi(~1)p(~1)f(~time) }
                                                95% Confidence Interval
 Grp. Occ.   Lambda-hat      Standard Error      Lower           Upper
 ---- ----   --------------  --------------  --------------  --------------
   1     1    1.0282990       0.0297239       0.9716713       1.0882269    
   1     2    0.9622861       0.0050282       0.9524813       0.9721919    
   1     3    1.5938083       0.1957020       1.2540268       2.0256544    
   1     4    0.9622861       0.0050283       0.9524810       0.9721921    
   1     5    1.0939562       0.2933477       0.6526708       1.8336045    
   1     6    1.0076559       0.0318891       0.9470670       1.0721211    
   1     7    1.0042871       0.0443471       0.9210608       1.0950337    
   1     8    0.9967114       0.0261135       0.9468292       1.0492216    
   1     9    2.0250046       0.8748553       0.9001070       4.5557290    
   1    10    1.0037181       0.2789802       0.5880394       1.7132358    
   1    11    0.9622861       0.0050282       0.9524813       0.9721919    
   1    12    0.9622861       0.0050281       0.9524814       0.9721918    
   1    13    0.9622861       0.0050284       0.9524808       0.9721924    
   1    14    1.0452275       0.1322321       0.8164888       1.3380472    
   1    15    0.9799065       0.0240026       0.9339795       1.0280918    
   1    16    0.9622861       0.0050285       0.9524807       0.9721925    
   1    17    0.9622861       0.0050282       0.9524813       0.9721919    
   1    18    0.9622861       0.0050282       0.9524813       0.9721919    
   1    19    0.9622861       0.0050282       0.9524813       0.9721919    
   1    20    0.9870165       0.0182036       0.9519776       1.0233450    
   1    21    0.9904265       0.0265176       0.9398010       1.0437792    
   1    22    1.1095965       0.0933467       0.9411986       1.3081241    

            log(Lambda) Estimates of { Phi(~1)p(~1)f(~time) }
                                                95% Confidence Interval
 Grp. Occ.   log(Lambda-hat) Standard Error      Lower           Upper
 ---- ----   --------------  --------------  --------------  --------------
   1     1    0.0279060       0.0289059      -0.0287495       0.0845615    
   1     2   -0.0384435       0.0052252      -0.0486849      -0.0282020    
   1     3    0.4661263       0.1227889       0.2254600       0.7067926    
   1     4   -0.0384435       0.0052254      -0.0486852      -0.0282018    
   1     5    0.0898006       0.2681531      -0.4357795       0.6153807    
   1     6    0.0076268       0.0316468      -0.0544010       0.0696545    
   1     7    0.0042780       0.0441578      -0.0822713       0.0908273    
   1     8   -0.0032940       0.0261997      -0.0546454       0.0480574    
   1     9    0.7055720       0.4320263      -0.1411997       1.5523436    
   1    10    0.0037112       0.2779467      -0.5410643       0.5484868    
   1    11   -0.0384435       0.0052252      -0.0486849      -0.0282020    
   1    12   -0.0384435       0.0052252      -0.0486848      -0.0282021    
   1    13   -0.0384434       0.0052255      -0.0486854      -0.0282015    
   1    14    0.0442346       0.1265103      -0.2037257       0.2921949    
   1    15   -0.0202981       0.0244948      -0.0683080       0.0277117    
   1    16   -0.0384435       0.0052256      -0.0486856      -0.0282014    

  Program  MARK  - Survival Rate Estimation with Capture-Recapture Data
   gfortran(dble/PIM2) Vers. 10.1 March 2023  13-Feb-2024 12:31:00    Page  008
 - - - - - - - - - - - - - - - - - - - - - - - - - - - - - - - - - - - - - -
 
   1    17   -0.0384435       0.0052252      -0.0486849      -0.0282020    
   1    18   -0.0384435       0.0052252      -0.0486849      -0.0282020    
   1    19   -0.0384435       0.0052252      -0.0486849      -0.0282020    
   1    20   -0.0130686       0.0184430      -0.0492169       0.0230797    
   1    21   -0.0096196       0.0267739      -0.0620965       0.0428574    
   1    22    0.1039965       0.0841267      -0.0608918       0.2688847    

 To compute parameter estimates, CPU Time was 0.001 seconds and System Time was 0.001 seconds.

 Attempted ordering of parameters by estimatibility:
   2  3  1  5 22 24  8 11 10 23  9 16 17  7 12 15 19 21  4 18 14  6 20 13
 Beta number 13 is a singular value.

   For procedure estimate CPU Time was 2.594 seconds and System Time was 4.328 seconds       .


  INPUT --- proc stop;

     For this job, CPU Time in minutes was 0.043 and System Time in minutes was 0.072.

     Time Start = 12:30:56.618   Time End = 12:31:00.958

     Wall Clock Time in minutes for this job was 0.072.

     Maximum of 24 words used of 4096 words allocated.


          E X E C U T I O N   S U C C E S S F U L 
