
   Program  MARK  - Survival Rate Estimation with Capture-Recapture Data
   gfortran(dble/PIM2) Vers. 10.1 March 2023  13-Feb-2024 12:30:24    Page  001
    
 - - - - - - - - - - - - - - - - - - - - - - - - - - - - - - - - - - - - - -
 
   Welcome to MARK Elizabeth Sibert on machine CHROMIUM in subdirectory 
   "C:\Elizabeth_Files\Personal\Research\Code\Github_Repos\eeco_teeth\mark" running file "mark014.inp".
   This version was compiled by GCC version 12.2.0 using the options: 
     -cpp -iprefix c:\tdm-gcc-64\mingw64\bin\../lib/gcc/x86_64-w64-mingw32/12.2.0/
     -D_MT -D_REENTRANT -U_REENTRANT -D ieee -D dbleprecision -m64 -mtune=generic
     -march=x86-64 -mthreads -O3 -std=f2018 -fsignaling-nans
     -ffpe-summary=invalid,zero,overflow,underflow -funroll-loops -ffast-math
     -fall-intrinsics -fopenmp.

   This problem will use 15 of 16 possible threads.
   Static thread allocation is used.
   Schedule kind is omp_sched_dynamic with chunk size 1


  INPUT --- proc title ;

   For procedure title CPU Time was 0.001 seconds and System Time was 0.001 seconds       .


  INPUT --- proc chmatrix occasions= 23 groups= 1 etype= PradRec Nodes= 
  INPUT --- 101 ICMeans NoHist hist=  165 ;

  INPUT ---    time interval 2.8033951005025 1.24942166188089 
  INPUT ---    0.684880952380901 0.374523809523801  0.197738095238101 
  INPUT ---    1.5531056176919 1.2130970501222 1.7911177305376 
  INPUT ---    0.118485576923099  0.129216346153804 0.375576923076899 
  INPUT ---    0.123850961538501 0.315735616432001 0.119379632613594  
  INPUT ---    0.4360828230744 0.376952948759303 1.8489037503733 
  INPUT ---    0.305253233500906 0.806371149511598  1.5131481122184 
  INPUT ---    1.3662431318681 0.4604281135531 ;

  INPUT ---    glabel(1)=Group 1;

      Number of unique encounter histories read was 165.

      Number of individual covariates read was 0.
      Time interval lengths vary and/or not equal to 1.

      Data type number is 17
      Data type is Pradel Survival and Recruitment

   For procedure chmatrix CPU Time was 0.001 seconds and System Time was 0.001 seconds       .

  Program  MARK  - Survival Rate Estimation with Capture-Recapture Data
   gfortran(dble/PIM2) Vers. 10.1 March 2023  13-Feb-2024 12:30:24    Page  002
 - - - - - - - - - - - - - - - - - - - - - - - - - - - - - - - - - - - - - -
 


  INPUT --- proc estimate link=Parm-Specific NOLOOP varest=2ndPart    ;


  INPUT --- model={ Phi(~time)p(~1)f(~1) };

  INPUT ---    group=1 Phi    rows=1 cols=22 Square ;
  INPUT ---        1 2 3 4 5 6 7 8 9 10 11 12 13 14 15 16 17 18 19 20 21 22 ;

  INPUT ---    group=1 p    rows=1 cols=23 Square ;
  INPUT ---        23 23 23 23 23 23 23 23 23 23 23 23 23 23 23 23 23 23 23 
  INPUT ---       23 23 23 23 ;

  INPUT ---    group=1 f    rows=1 cols=22 Square ;
  INPUT ---        24 24 24 24 24 24 24 24 24 24 24 24 24 24 24 24 24 24 24 
  INPUT ---       24 24 24 ;

  INPUT ---    design matrix constraints=24 covariates=24;
  INPUT ---        1 0 0 0 0 0 0 0 0 0 0 0 0 0 0 0 0 0 0 0 0 0 0 0;
  INPUT ---        1 1 0 0 0 0 0 0 0 0 0 0 0 0 0 0 0 0 0 0 0 0 0 0;
  INPUT ---        1 0 1 0 0 0 0 0 0 0 0 0 0 0 0 0 0 0 0 0 0 0 0 0;
  INPUT ---        1 0 0 1 0 0 0 0 0 0 0 0 0 0 0 0 0 0 0 0 0 0 0 0;
  INPUT ---        1 0 0 0 1 0 0 0 0 0 0 0 0 0 0 0 0 0 0 0 0 0 0 0;
  INPUT ---        1 0 0 0 0 1 0 0 0 0 0 0 0 0 0 0 0 0 0 0 0 0 0 0;
  INPUT ---        1 0 0 0 0 0 1 0 0 0 0 0 0 0 0 0 0 0 0 0 0 0 0 0;
  INPUT ---        1 0 0 0 0 0 0 1 0 0 0 0 0 0 0 0 0 0 0 0 0 0 0 0;
  INPUT ---        1 0 0 0 0 0 0 0 1 0 0 0 0 0 0 0 0 0 0 0 0 0 0 0;
  INPUT ---        1 0 0 0 0 0 0 0 0 1 0 0 0 0 0 0 0 0 0 0 0 0 0 0;
  INPUT ---        1 0 0 0 0 0 0 0 0 0 1 0 0 0 0 0 0 0 0 0 0 0 0 0;
  INPUT ---        1 0 0 0 0 0 0 0 0 0 0 1 0 0 0 0 0 0 0 0 0 0 0 0;
  INPUT ---        1 0 0 0 0 0 0 0 0 0 0 0 1 0 0 0 0 0 0 0 0 0 0 0;
  INPUT ---        1 0 0 0 0 0 0 0 0 0 0 0 0 1 0 0 0 0 0 0 0 0 0 0;
  INPUT ---        1 0 0 0 0 0 0 0 0 0 0 0 0 0 1 0 0 0 0 0 0 0 0 0;
  INPUT ---        1 0 0 0 0 0 0 0 0 0 0 0 0 0 0 1 0 0 0 0 0 0 0 0;
  INPUT ---        1 0 0 0 0 0 0 0 0 0 0 0 0 0 0 0 1 0 0 0 0 0 0 0;
  INPUT ---        1 0 0 0 0 0 0 0 0 0 0 0 0 0 0 0 0 1 0 0 0 0 0 0;
  INPUT ---        1 0 0 0 0 0 0 0 0 0 0 0 0 0 0 0 0 0 1 0 0 0 0 0;
  INPUT ---        1 0 0 0 0 0 0 0 0 0 0 0 0 0 0 0 0 0 0 1 0 0 0 0;
  INPUT ---        1 0 0 0 0 0 0 0 0 0 0 0 0 0 0 0 0 0 0 0 1 0 0 0;
  INPUT ---        1 0 0 0 0 0 0 0 0 0 0 0 0 0 0 0 0 0 0 0 0 1 0 0;
  INPUT ---        0 0 0 0 0 0 0 0 0 0 0 0 0 0 0 0 0 0 0 0 0 0 1 0;
  INPUT ---        0 0 0 0 0 0 0 0 0 0 0 0 0 0 0 0 0 0 0 0 0 0 0 1;

  INPUT ---    links=24;


  Program  MARK  - Survival Rate Estimation with Capture-Recapture Data
   gfortran(dble/PIM2) Vers. 10.1 March 2023  13-Feb-2024 12:30:24    Page  003
 - - - - - - - - - - - - - - - - - - - - - - - - - - - - - - - - - - - - - -
 
  INPUT ---    Logit;

  INPUT ---    Logit;

  INPUT ---    Logit;

  INPUT ---    Logit;

  INPUT ---    Logit;

  INPUT ---    Logit;

  INPUT ---    Logit;

  INPUT ---    Logit;

  INPUT ---    Logit;

  INPUT ---    Logit;

  INPUT ---    Logit;

  INPUT ---    Logit;

  INPUT ---    Logit;

  INPUT ---    Logit;

  INPUT ---    Logit;

  INPUT ---    Logit;

  INPUT ---    Logit;

  INPUT ---    Logit;

  INPUT ---    Logit;

  INPUT ---    Logit;

  INPUT ---    Logit;

  INPUT ---    Logit;

  INPUT ---    Logit;


  Program  MARK  - Survival Rate Estimation with Capture-Recapture Data
   gfortran(dble/PIM2) Vers. 10.1 March 2023  13-Feb-2024 12:30:24    Page  004
 - - - - - - - - - - - - - - - - - - - - - - - - - - - - - - - - - - - - - -
 
  INPUT ---    Log;
  INPUT ---       blabel(1)=Phi:(Intercept);
  INPUT ---       blabel(2)=Phi:time3.8033951005025;
  INPUT ---       blabel(3)=Phi:time5.05281676238339;
  INPUT ---       blabel(4)=Phi:time5.73769771476429;
  INPUT ---       blabel(5)=Phi:time6.1122215242881;
  INPUT ---       blabel(6)=Phi:time6.3099596195262;
  INPUT ---       blabel(7)=Phi:time7.86306523721809;
  INPUT ---       blabel(8)=Phi:time9.0761622873403;
  INPUT ---       blabel(9)=Phi:time10.8672800178779;
  INPUT ---       blabel(10)=Phi:time10.985765594801;
  INPUT ---       blabel(11)=Phi:time11.1149819409548;
  INPUT ---       blabel(12)=Phi:time11.4905588640317;
  INPUT ---       blabel(13)=Phi:time11.6144098255702;
  INPUT ---       blabel(14)=Phi:time11.9301454420022;
  INPUT ---       blabel(15)=Phi:time12.0495250746158;
  INPUT ---       blabel(16)=Phi:time12.4856078976902;
  INPUT ---       blabel(17)=Phi:time12.8625608464495;
  INPUT ---       blabel(18)=Phi:time14.7114645968228;
  INPUT ---       blabel(19)=Phi:time15.0167178303237;
  INPUT ---       blabel(20)=Phi:time15.8230889798353;
  INPUT ---       blabel(21)=Phi:time17.3362370920537;
  INPUT ---       blabel(22)=Phi:time18.7024802239218;
  INPUT ---       blabel(23)=p:(Intercept);
  INPUT ---       blabel(24)=f:(Intercept);
  INPUT ---       rlabel(1)=Phi g1 a0 t1;
  INPUT ---       rlabel(2)=Phi g1 a2.8033951005025 t3.8033951005025;
  INPUT ---       rlabel(3)=Phi g1 a4.05281676238339 t5.05281676238339;
  INPUT ---       rlabel(4)=Phi g1 a4.73769771476429 t5.73769771476429;
  INPUT ---       rlabel(5)=Phi g1 a5.1122215242881 t6.1122215242881;
  INPUT ---       rlabel(6)=Phi g1 a5.3099596195262 t6.3099596195262;
  INPUT ---       rlabel(7)=Phi g1 a6.86306523721809 t7.86306523721809;
  INPUT ---       rlabel(8)=Phi g1 a8.0761622873403 t9.0761622873403;
  INPUT ---       rlabel(9)=Phi g1 a9.8672800178779 t10.8672800178779;
  INPUT ---       rlabel(10)=Phi g1 a9.98576559480099 t10.985765594801;
  INPUT ---       rlabel(11)=Phi g1 a10.1149819409548 t11.1149819409548;
  INPUT ---       rlabel(12)=Phi g1 a10.4905588640317 t11.4905588640317;
  INPUT ---       rlabel(13)=Phi g1 a10.6144098255702 t11.6144098255702;
  INPUT ---       rlabel(14)=Phi g1 a10.9301454420022 t11.9301454420022;
  INPUT ---       rlabel(15)=Phi g1 a11.0495250746158 t12.0495250746158;
  INPUT ---       rlabel(16)=Phi g1 a11.4856078976902 t12.4856078976902;
  INPUT ---       rlabel(17)=Phi g1 a11.8625608464495 t12.8625608464495;
  INPUT ---       rlabel(18)=Phi g1 a13.7114645968228 t14.7114645968228;
  INPUT ---       rlabel(19)=Phi g1 a14.0167178303237 t15.0167178303237;
  INPUT ---       rlabel(20)=Phi g1 a14.8230889798353 t15.8230889798353;
  INPUT ---       rlabel(21)=Phi g1 a16.3362370920537 t17.3362370920537;

  Program  MARK  - Survival Rate Estimation with Capture-Recapture Data
   gfortran(dble/PIM2) Vers. 10.1 March 2023  13-Feb-2024 12:30:24    Page  005
 - - - - - - - - - - - - - - - - - - - - - - - - - - - - - - - - - - - - - -
 
  INPUT ---       rlabel(22)=Phi g1 a17.7024802239218 t18.7024802239218;
  INPUT ---       rlabel(23)=p g1 a0 t1;
  INPUT ---       rlabel(24)=f g1 a0 t1;
   Model is { Phi(~time)p(~1)f(~1) }

 Link Function Used is PARM-SPECIFIC

 Variance Estimation Procedure Used is 2ndPart 
 -2logL(saturated) = 1800.5278     
 Effective Sample Size = 1341

 Number of function evaluations was 92 for 24 parameters.
 For numerical optimization, CPU Time was 2.094 seconds and System Time was 3.047 seconds.
 -2logL { Phi(~time)p(~1)f(~1) } = 4706.4443     
 Penalty { Phi(~time)p(~1)f(~1) } = 0.0000000     
 Gradient { Phi(~time)p(~1)f(~1) }:
 -0.39084568E-02   0.0000000     -0.14706198E-04 -0.38765442E-03   0.0000000    
   0.0000000      0.61073871E-03   0.0000000     -0.69611190E-03 -0.26577758E-03
  0.10199234E-02   0.0000000     -0.47224975E-04   0.0000000     -0.46404329E-02
 -0.22253941E-02 -0.18850924E-04  0.61836477E-03  0.34543544E-02 -0.32942368E-03
 -0.10155580E-02   0.0000000     -0.21814132E-02 -0.28489945E-02
 Maximum ABS(G) { Phi(~time)p(~1)f(~1) } = 0.0046404     
 To compute VC matrix, CPU Time was 0.797 seconds and System Time was 1.156 seconds.
 S Vector { Phi(~time)p(~1)f(~1) }:
   586.5297      68.99718      42.66846      5.952809      5.021611    
   3.500201      2.479771      2.209288      1.325147      1.195164    
  0.2492058     0.2044469     0.1306708     0.1756373E-03 0.4121814E-04
  0.9293995E-05 0.6564019E-05 0.3687455E-07 0.3680973E-07 0.4288795E-10
  0.9831516E-13 0.9281721E-15 0.1590693E-15 0.3702551E-31
 To invert VC matrix, CPU Time was 0.001 seconds and System Time was 0.001 seconds.
 Ratio Threshold = 50.000000       Max Gap (23/24) = 0.4296208E+16   Next Max Gap (19/20) = 858.27668     
 Gap Method for Num. of Estimated Parameters { Phi(~time)p(~1)f(~1) } = 19          
 Threshold { Phi(~time)p(~1)f(~1) } = 0.0092809               
 Numerical Threshold Method for Num. of Estimated Parameters { Phi(~time)p(~1)f(~1) } = 13          
 Number of Estimated Parameters { Phi(~time)p(~1)f(~1) } = 19          

   * *  WARNING  * *   Number of parameters estimated from gap method (=19) and threshold method (=13) differ.  Inspect full output. 
 Ratios of S Vector { Phi(~time)p(~1)f(~1) }:
   1/2    8.500777       2/3    1.617053       3/4    7.167786       4/5    1.185438       5/6    1.434663    
   6/7    1.411502       7/8    1.122430       8/9    1.667203       9/10    1.108757       10/11    4.795893    
   11/12    1.218927       12/13    1.564596       13/14    743.9806       14/15    4.261165       15/16    4.434922    
   16/17    1.415900       17/18    178.0095       18/19    1.001761       19/20    858.2767       20/21    436.2293    
   21/22    105.9234       22/23    5.835017       23/24   0.4296208E+16
 DEVIANCE { Phi(~time)p(~1)f(~1) } = 2905.9165               
 DEVIANCE Degrees of Freedom { Phi(~time)p(~1)f(~1) } = 152          
 c-hat { Phi(~time)p(~1)f(~1) } = 19.117872               
 AIC { Phi(~time)p(~1)f(~1) } = 4732.4443               
 AICc { Phi(~time)p(~1)f(~1) } = 4732.7186               
 BIC { Phi(~time)p(~1)f(~1) } = 4800.0595               
 Pearson Chisquare { Phi(~time)p(~1)f(~1) } = 19690848.               
 Possible Encounter Histories { Phi(~time)p(~1)f(~1) } = 8388607          
 Pearson Chisquare df { Phi(~time)p(~1)f(~1) } = 8388593          
 Pearson chat { Phi(~time)p(~1)f(~1) } = 2.3473362               
 Sum(Observed/Expected) { Phi(~time)p(~1)f(~1) } = 17842484.               
 s-bar { Phi(~time)p(~1)f(~1) } = 1.1269902               
 Fletcher chat { Phi(~time)p(~1)f(~1) } = 1.1035952               


            PARM-SPECIFIC Link Function Parameters of { Phi(~time)p(~1)f(~1) }
                                                              95% Confidence Interval
    Parameter                  Beta         Standard Error     Lower           Upper
 -------------------------  --------------  --------------  --------------  --------------
    1:Phi:(Intercept)        46.363867       5.1139971       36.340433       56.387302    
    2:Phi:time3.8033951005  -13.601663       0.0000000      -13.601663      -13.601663    
    3:Phi:time5.0528167623  -32.202412       392.38121      -801.26960       736.86478    
    4:Phi:time5.7376977147  -44.029938       5.2723823      -54.363808      -33.696069    
    5:Phi:time6.1122215242  -4.2933072       79266798.      -0.1553629E+09   0.1553629E+09
    6:Phi:time6.3099596195  -22.178330       0.0000000      -22.178330      -22.178330    

  Program  MARK  - Survival Rate Estimation with Capture-Recapture Data
   gfortran(dble/PIM2) Vers. 10.1 March 2023  13-Feb-2024 12:30:28    Page  006
 - - - - - - - - - - - - - - - - - - - - - - - - - - - - - - - - - - - - - -
 
    7:Phi:time7.8630652372  -43.371855       5.1141447      -53.395579      -33.348131    
    8:Phi:time9.0761622873  -17.607141       219.89631      -448.60391       413.38963    
    9:Phi:time10.867280017  -44.242928       5.7887029      -55.588786      -32.897070    
   10:Phi:time10.985765594  -46.307384       5.1653055      -56.431383      -36.183385    
   11:Phi:time11.114981940  -42.864832       5.1716723      -53.001310      -32.728354    
   12:Phi:time11.490558864  -21.258384       0.4679749      -22.175615      -20.341153    
   13:Phi:time11.614409825  -44.235184       5.4990373      -55.013298      -33.457071    
   14:Phi:time11.930145442  -27.833135       3189074.3      -6250613.6       6250557.9    
   15:Phi:time12.049525074  -45.153531       5.3749860      -55.688504      -34.618558    
   16:Phi:time12.485607897  -43.431210       4.6572205      -52.559363      -34.303058    
   17:Phi:time12.862560846  -31.377807       3.8580248      -38.939535      -23.816078    
   18:Phi:time14.711464596  -45.588349       5.2914126      -55.959518      -35.217180    
   19:Phi:time15.016717830  -44.144419       5.2252529      -54.385915      -33.902923    
   20:Phi:time15.823088979  -34.388211       78.091870      -187.44828       118.67186    
   21:Phi:time17.336237092  -44.014989       5.0673823      -53.947058      -34.082919    
   22:Phi:time18.702480223   109.24231       0.5196961E+16  -0.1018604E+17   0.1018604E+17
   23:p:(Intercept)         -0.1471653       0.0425574      -0.2305778      -0.0637527    
   24:f:(Intercept)         -3.3061039       0.1424088      -3.5852252      -3.0269827    


                   Real Function Parameters of { Phi(~time)p(~1)f(~1) }
                                                               95% Confidence Interval
     Parameter                Estimate       Standard Error     Lower           Upper
 --------------------------  --------------  --------------  --------------  --------------
     1:Phi g1 a0 t1           1.0000000       0.0000000       1.0000000       1.0000000       
     2:Phi g1 a2.8033951005   1.0000000       0.0000000       1.0000000       1.0000000       
     3:Phi g1 a4.0528167623   0.9999993       0.2776109E-03  0.7861882E-302   1.0000000       
     4:Phi g1 a4.7376977147   0.9116483       0.0514583       0.7468236       0.9730412       
     5:Phi g1 a5.1122215242   1.0000000       0.0000000       1.0000000       1.0000000       
     6:Phi g1 a5.3099596195   1.0000000       0.0000000       1.0000000       1.0000000       
     7:Phi g1 a6.8630652372   0.9522120       0.0224628       0.8833429       0.9812852       
     8:Phi g1 a8.0761622873   1.0000000       0.7137452E-10   1.0000000       1.0000000       
     9:Phi g1 a9.8672800178   0.8929218       0.2677827       0.0332962       0.9995049       
    10:Phi g1 a9.9857655948   0.5141170       0.1758160       0.2103172       0.8078314       
    11:Phi g1 a10.114981940   0.9706603       0.0632574       0.2984837       0.9996114       
    12:Phi g1 a10.490558864   1.0000000       0.6417956E-10   1.0000000       1.0000000       
    13:Phi g1 a10.614409825   0.8936599       0.0873840       0.5808874       0.9807527       
    14:Phi g1 a10.930145442   1.0000000       0.0285677       0.9440072       1.0559928       
    15:Phi g1 a11.049525074   0.7703584       0.0811905       0.5770808       0.8918589       
    16:Phi g1 a11.485607897   0.9494374       0.0995341       0.2439507       0.9990857       
    17:Phi g1 a11.862560846   0.9999997       0.2747419E-05   0.0851974       1.0000000       
    18:Phi g1 a13.711464596   0.6847134       0.1305777       0.3989105       0.8766458       
    19:Phi g1 a14.016717830   0.9019824       0.0716256       0.6528412       0.9782754       
    20:Phi g1 a14.823088979   0.9999937       0.4906173E-03   0.7325827E-61   1.0000000       
    21:Phi g1 a16.336237092   0.9128450       0.0562330       0.7238286       0.9766658       
    22:Phi g1 a17.702480223   1.0000000       0.0000000       1.0000000       1.0000000       

  Program  MARK  - Survival Rate Estimation with Capture-Recapture Data
   gfortran(dble/PIM2) Vers. 10.1 March 2023  13-Feb-2024 12:30:28    Page  007
 - - - - - - - - - - - - - - - - - - - - - - - - - - - - - - - - - - - - - -
 
    23:p g1 a0 t1             0.4632749       0.0105820       0.4426096       0.4840672       
    24:f g1 a0 t1             0.0366587       0.0052205       0.0276928       0.0483830       





                     Estimates of Derived Parameters

               Lambda Estimates of { Phi(~time)p(~1)f(~1) }
                                                95% Confidence Interval
 Grp. Occ.   Lambda-hat      Standard Error      Lower           Upper
 ---- ----   --------------  --------------  --------------  --------------
   1     1    1.0366587       0.0052205       1.0264769       1.0469416    
   1     2    1.0366587       0.0052205       1.0264769       1.0469416    
   1     3    1.0366580       0.0052278       1.0264620       1.0469553    
   1     4    0.9483070       0.0512204       0.8531121       1.0541243    
   1     5    1.0366587       0.0052205       1.0264769       1.0469416    
   1     6    1.0366587       0.0052205       1.0264768       1.0469416    
   1     7    0.9888707       0.0225797       0.9455957       1.0341261    
   1     8    1.0366587       0.0052205       1.0264769       1.0469416    
   1     9    0.9295805       0.2676818       0.5346084       1.6163604    
   1    10    0.5507757       0.1757459       0.2991702       1.0139842    
   1    11    1.0073190       0.0633749       0.8905659       1.1393785    
   1    12    1.0366587       0.0052205       1.0264769       1.0469416    
   1    13    0.9303186       0.0873777       0.7742102       1.1179041    
   1    14    1.0366587       0.0290550       0.9812574       1.0951879    
   1    15    0.8070172       0.0811150       0.6630405       0.9822578    
   1    16    0.9860961       0.0995214       0.8095208       1.2011866    
   1    17    1.0366584       0.0052202       1.0264771       1.0469407    
   1    18    0.7213721       0.1305420       0.5074104       1.0255558    
   1    19    0.9386411       0.0716283       0.8084197       1.0898388    
   1    20    1.0366524       0.0052434       1.0264262       1.0469806    
   1    21    0.9495038       0.0562224       0.8455479       1.0662405    
   1    22    1.0366587       0.0052205       1.0264769       1.0469416    

            log(Lambda) Estimates of { Phi(~time)p(~1)f(~1) }
                                                95% Confidence Interval
 Grp. Occ.   log(Lambda-hat) Standard Error      Lower           Upper
 ---- ----   --------------  --------------  --------------  --------------
   1     1    0.0360028       0.0050359       0.0261324       0.0458732    
   1     2    0.0360028       0.0050359       0.0261324       0.0458732    
   1     3    0.0360021       0.0050429       0.0261179       0.0458863    
   1     4   -0.0530769       0.0540125      -0.1589414       0.0527875    
   1     5    0.0360028       0.0050359       0.0261324       0.0458732    
   1     6    0.0360028       0.0050359       0.0261323       0.0458732    
   1     7   -0.0111917       0.0228338      -0.0559460       0.0335626    
   1     8    0.0360028       0.0050359       0.0261324       0.0458732    
   1     9   -0.0730219       0.2879597      -0.6374229       0.4913792    
   1    10   -0.5964276       0.3190879      -1.2218400       0.0289847    
   1    11    0.0072924       0.0629144      -0.1160199       0.1306047    
   1    12    0.0360028       0.0050359       0.0261324       0.0458732    
   1    13   -0.0722281       0.0939224      -0.2563160       0.1118597    
   1    14    0.0360028       0.0280275      -0.0189312       0.0909368    
   1    15   -0.2144103       0.1005121      -0.4114141      -0.0174066    

  Program  MARK  - Survival Rate Estimation with Capture-Recapture Data
   gfortran(dble/PIM2) Vers. 10.1 March 2023  13-Feb-2024 12:30:28    Page  008
 - - - - - - - - - - - - - - - - - - - - - - - - - - - - - - - - - - - - - -
 
   1    16   -0.0140015       0.1009247      -0.2118138       0.1838109    
   1    17    0.0360025       0.0050356       0.0261326       0.0458723    
   1    18   -0.3266002       0.1809635      -0.6812886       0.0280882    
   1    19   -0.0633220       0.0763107      -0.2128910       0.0862469    
   1    20    0.0359967       0.0050580       0.0260830       0.0459104    
   1    21   -0.0518158       0.0592124      -0.1678720       0.0642404    
   1    22    0.0360028       0.0050359       0.0261324       0.0458732    

 To compute parameter estimates, CPU Time was 0.001 seconds and System Time was 0.001 seconds.

 Attempted ordering of parameters by estimatibility:
  23  1 24 15  7 10  4 18 21 19 13 16  9 11 20 17  3 12  8  6 14 22  2  5
 Beta number 5 is a singular value.

   For procedure estimate CPU Time was 2.891 seconds and System Time was 4.219 seconds       .


  INPUT --- proc stop;

     For this job, CPU Time in minutes was 0.048 and System Time in minutes was 0.071.

     Time Start = 12:30:24.516   Time End = 12:30:28.746

     Wall Clock Time in minutes for this job was 0.070.

     Maximum of 24 words used of 4096 words allocated.


          E X E C U T I O N   S U C C E S S F U L 
