
   Program  MARK  - Survival Rate Estimation with Capture-Recapture Data
   gfortran(dble/PIM2) Vers. 10.1 March 2023  13-Feb-2024 12:30:23    Page  001
    
 - - - - - - - - - - - - - - - - - - - - - - - - - - - - - - - - - - - - - -
 
   Welcome to MARK Elizabeth Sibert on machine CHROMIUM in subdirectory 
   "C:\Elizabeth_Files\Personal\Research\Code\Github_Repos\eeco_teeth\mark" running file "mark013.inp".
   This version was compiled by GCC version 12.2.0 using the options: 
     -cpp -iprefix c:\tdm-gcc-64\mingw64\bin\../lib/gcc/x86_64-w64-mingw32/12.2.0/
     -D_MT -D_REENTRANT -U_REENTRANT -D ieee -D dbleprecision -m64 -mtune=generic
     -march=x86-64 -mthreads -O3 -std=f2018 -fsignaling-nans
     -ffpe-summary=invalid,zero,overflow,underflow -funroll-loops -ffast-math
     -fall-intrinsics -fopenmp.

   This problem will use 15 of 16 possible threads.
   Static thread allocation is used.
   Schedule kind is omp_sched_dynamic with chunk size 1


  INPUT --- proc title ;

   For procedure title CPU Time was 0.001 seconds and System Time was 0.001 seconds       .


  INPUT --- proc chmatrix occasions= 23 groups= 1 etype= PradRec Nodes= 
  INPUT --- 101 ICMeans NoHist hist=  165 ;

  INPUT ---    time interval 2.8033951005025 1.24942166188089 
  INPUT ---    0.684880952380901 0.374523809523801  0.197738095238101 
  INPUT ---    1.5531056176919 1.2130970501222 1.7911177305376 
  INPUT ---    0.118485576923099  0.129216346153804 0.375576923076899 
  INPUT ---    0.123850961538501 0.315735616432001 0.119379632613594  
  INPUT ---    0.4360828230744 0.376952948759303 1.8489037503733 
  INPUT ---    0.305253233500906 0.806371149511598  1.5131481122184 
  INPUT ---    1.3662431318681 0.4604281135531 ;

  INPUT ---    glabel(1)=Group 1;

      Number of unique encounter histories read was 165.

      Number of individual covariates read was 0.
      Time interval lengths vary and/or not equal to 1.

      Data type number is 17
      Data type is Pradel Survival and Recruitment

   For procedure chmatrix CPU Time was 0.001 seconds and System Time was 0.001 seconds       .

  Program  MARK  - Survival Rate Estimation with Capture-Recapture Data
   gfortran(dble/PIM2) Vers. 10.1 March 2023  13-Feb-2024 12:30:23    Page  002
 - - - - - - - - - - - - - - - - - - - - - - - - - - - - - - - - - - - - - -
 


  INPUT --- proc estimate link=Parm-Specific NOLOOP varest=2ndPart    ;


  INPUT --- model={ Phi(~1)p(~1)f(~1) };

  INPUT ---    group=1 Phi    rows=1 cols=22 Square ;
  INPUT ---        1 1 1 1 1 1 1 1 1 1 1 1 1 1 1 1 1 1 1 1 1 1 ;

  INPUT ---    group=1 p    rows=1 cols=23 Square ;
  INPUT ---        2 2 2 2 2 2 2 2 2 2 2 2 2 2 2 2 2 2 2 2 2 2 2 ;

  INPUT ---    group=1 f    rows=1 cols=22 Square ;
  INPUT ---        3 3 3 3 3 3 3 3 3 3 3 3 3 3 3 3 3 3 3 3 3 3 ;

  INPUT ---    design matrix constraints=3 covariates=3 identity;

  INPUT ---    links=3;

  INPUT ---    Logit;

  INPUT ---    Logit;

  INPUT ---    Log;
  INPUT ---       blabel(1)=Phi:(Intercept);
  INPUT ---       blabel(2)=p:(Intercept);
  INPUT ---       blabel(3)=f:(Intercept);
  INPUT ---       rlabel(1)=Phi g1 a0 t1;
  INPUT ---       rlabel(2)=p g1 a0 t1;
  INPUT ---       rlabel(3)=f g1 a0 t1;
   Model is { Phi(~1)p(~1)f(~1) }

 Link Function Used is PARM-SPECIFIC

 Variance Estimation Procedure Used is 2ndPart 
 -2logL(saturated) = 1800.5278     
 Effective Sample Size = 1341

 Number of function evaluations was 18 for 3 parameters.
 For numerical optimization, CPU Time was 0.062 seconds and System Time was 0.078 seconds.
 -2logL { Phi(~1)p(~1)f(~1) } = 4782.3832     
 Penalty { Phi(~1)p(~1)f(~1) } = 0.0000000     
 Gradient { Phi(~1)p(~1)f(~1) }:
   0.0000000       0.0000000     -0.14364596E-04
 Maximum ABS(G) { Phi(~1)p(~1)f(~1) } = 0.1436460E-04 
 To compute VC matrix, CPU Time was 0.001 seconds and System Time was 0.047 seconds.
 S Vector { Phi(~1)p(~1)f(~1) }:
   579.2264      74.56339      36.92509    
 To invert VC matrix, CPU Time was 0.001 seconds and System Time was 0.001 seconds.
 Ratio Threshold = 50.000000       Max Gap (1/2) = 7.7682415       Next Max Gap (1/2) = 7.7682415     
 Gap Method for Num. of Estimated Parameters { Phi(~1)p(~1)f(~1) } = 3          
 Threshold { Phi(~1)p(~1)f(~1) } = 0.2872919E-04           
 Numerical Threshold Method for Num. of Estimated Parameters { Phi(~1)p(~1)f(~1) } = 3          
 Number of Estimated Parameters { Phi(~1)p(~1)f(~1) } = 3          
 DEVIANCE { Phi(~1)p(~1)f(~1) } = 2981.8554               
 DEVIANCE Degrees of Freedom { Phi(~1)p(~1)f(~1) } = 162          
 c-hat { Phi(~1)p(~1)f(~1) } = 18.406515               
 AIC { Phi(~1)p(~1)f(~1) } = 4788.3832               
 AICc { Phi(~1)p(~1)f(~1) } = 4788.4012               
 BIC { Phi(~1)p(~1)f(~1) } = 4803.9867               
 Pearson Chisquare { Phi(~1)p(~1)f(~1) } = 26452793.               
 Possible Encounter Histories { Phi(~1)p(~1)f(~1) } = 8388607          
 Pearson Chisquare df { Phi(~1)p(~1)f(~1) } = 8388603          
 Pearson chat { Phi(~1)p(~1)f(~1) } = 3.1534205               
 Sum(Observed/Expected) { Phi(~1)p(~1)f(~1) } = 23414655.               
 s-bar { Phi(~1)p(~1)f(~1) } = 1.7912449               
 Fletcher chat { Phi(~1)p(~1)f(~1) } = 1.1297542               

  Program  MARK  - Survival Rate Estimation with Capture-Recapture Data
   gfortran(dble/PIM2) Vers. 10.1 March 2023  13-Feb-2024 12:30:23    Page  003
 - - - - - - - - - - - - - - - - - - - - - - - - - - - - - - - - - - - - - -
 


             PARM-SPECIFIC Link Function Parameters of { Phi(~1)p(~1)f(~1) }
                                                              95% Confidence Interval
    Parameter                  Beta         Standard Error     Lower           Upper
 -------------------------  --------------  --------------  --------------  --------------
    1:Phi:(Intercept)        3.2520748       0.1414635       2.9748064       3.5293433    
    2:p:(Intercept)         -0.1933735       0.0426352      -0.2769385      -0.1098086    
    3:f:(Intercept)         -3.2489993       0.1427936      -3.5288749      -2.9691237    


                    Real Function Parameters of { Phi(~1)p(~1)f(~1) }
                                                               95% Confidence Interval
     Parameter                Estimate       Standard Error     Lower           Upper
 --------------------------  --------------  --------------  --------------  --------------
     1:Phi g1 a0 t1           0.9627476       0.0050735       0.9514229       0.9715112       
     2:p g1 a0 t1             0.4518067       0.0105598       0.4312045       0.4725754       
     3:f g1 a0 t1             0.0388130       0.0055423       0.0292954       0.0512594       





                     Estimates of Derived Parameters

                Lambda Estimates of { Phi(~1)p(~1)f(~1) }
                                                95% Confidence Interval
 Grp. Occ.   Lambda-hat      Standard Error      Lower           Upper
 ---- ----   --------------  --------------  --------------  --------------
   1     1    1.0015606       0.0061288       0.9896201       1.0136453    
   1     2    1.0015606       0.0061288       0.9896201       1.0136453    
   1     3    1.0015606       0.0061288       0.9896201       1.0136453    
   1     4    1.0015606       0.0061288       0.9896201       1.0136453    
   1     5    1.0015606       0.0061288       0.9896201       1.0136453    
   1     6    1.0015606       0.0061288       0.9896201       1.0136453    
   1     7    1.0015606       0.0061288       0.9896201       1.0136453    
   1     8    1.0015606       0.0061288       0.9896201       1.0136453    
   1     9    1.0015606       0.0061288       0.9896201       1.0136453    
   1    10    1.0015606       0.0061288       0.9896201       1.0136453    
   1    11    1.0015606       0.0061288       0.9896201       1.0136453    
   1    12    1.0015606       0.0061288       0.9896201       1.0136453    
   1    13    1.0015606       0.0061288       0.9896201       1.0136453    
   1    14    1.0015606       0.0061288       0.9896201       1.0136453    
   1    15    1.0015606       0.0061288       0.9896201       1.0136453    
   1    16    1.0015606       0.0061288       0.9896201       1.0136453    
   1    17    1.0015606       0.0061288       0.9896201       1.0136453    
   1    18    1.0015606       0.0061288       0.9896201       1.0136453    
   1    19    1.0015606       0.0061288       0.9896201       1.0136453    
   1    20    1.0015606       0.0061288       0.9896201       1.0136453    
   1    21    1.0015606       0.0061288       0.9896201       1.0136453    

  Program  MARK  - Survival Rate Estimation with Capture-Recapture Data
   gfortran(dble/PIM2) Vers. 10.1 March 2023  13-Feb-2024 12:30:23    Page  004
 - - - - - - - - - - - - - - - - - - - - - - - - - - - - - - - - - - - - - -
 
   1    22    1.0015606       0.0061288       0.9896201       1.0136453    

              log(Lambda) Estimates of { Phi(~1)p(~1)f(~1) }
                                                95% Confidence Interval
 Grp. Occ.   log(Lambda-hat) Standard Error      Lower           Upper
 ---- ----   --------------  --------------  --------------  --------------
   1     1    0.0015594       0.0061192      -0.0104343       0.0135531    
   1     2    0.0015594       0.0061192      -0.0104343       0.0135531    
   1     3    0.0015594       0.0061192      -0.0104343       0.0135531    
   1     4    0.0015594       0.0061192      -0.0104343       0.0135531    
   1     5    0.0015594       0.0061192      -0.0104343       0.0135531    
   1     6    0.0015594       0.0061192      -0.0104343       0.0135531    
   1     7    0.0015594       0.0061192      -0.0104343       0.0135531    
   1     8    0.0015594       0.0061192      -0.0104343       0.0135531    
   1     9    0.0015594       0.0061192      -0.0104343       0.0135531    
   1    10    0.0015594       0.0061192      -0.0104343       0.0135531    
   1    11    0.0015594       0.0061192      -0.0104343       0.0135531    
   1    12    0.0015594       0.0061192      -0.0104343       0.0135531    
   1    13    0.0015594       0.0061192      -0.0104343       0.0135531    
   1    14    0.0015594       0.0061192      -0.0104343       0.0135531    
   1    15    0.0015594       0.0061192      -0.0104343       0.0135531    
   1    16    0.0015594       0.0061192      -0.0104343       0.0135531    
   1    17    0.0015594       0.0061192      -0.0104343       0.0135531    
   1    18    0.0015594       0.0061192      -0.0104343       0.0135531    
   1    19    0.0015594       0.0061192      -0.0104343       0.0135531    
   1    20    0.0015594       0.0061192      -0.0104343       0.0135531    
   1    21    0.0015594       0.0061192      -0.0104343       0.0135531    
   1    22    0.0015594       0.0061192      -0.0104343       0.0135531    

 To compute parameter estimates, CPU Time was 0.001 seconds and System Time was 0.001 seconds.

   For procedure estimate CPU Time was 0.078 seconds and System Time was 0.141 seconds       .

  Program  MARK  - Survival Rate Estimation with Capture-Recapture Data
   gfortran(dble/PIM2) Vers. 10.1 March 2023  13-Feb-2024 12:30:23    Page  005
 - - - - - - - - - - - - - - - - - - - - - - - - - - - - - - - - - - - - - -
 


  INPUT --- proc stop;

     For this job, CPU Time in minutes was 0.001 and System Time in minutes was 0.003.

     Time Start = 12:30:23.399   Time End = 12:30:23.545

     Wall Clock Time in minutes for this job was 0.002.

     Maximum of 24 words used of 4096 words allocated.


          E X E C U T I O N   S U C C E S S F U L 
