
   Program  MARK  - Survival Rate Estimation with Capture-Recapture Data
   gfortran(dble/PIM2) Vers. 10.1 March 2023  13-Feb-2024 12:26:10    Page  001
    
 - - - - - - - - - - - - - - - - - - - - - - - - - - - - - - - - - - - - - -
 
   Welcome to MARK Elizabeth Sibert on machine CHROMIUM in subdirectory 
   "C:\Elizabeth_Files\Personal\Research\Code\Github_Repos\eeco_teeth\mark" running file "mark006.inp".
   This version was compiled by GCC version 12.2.0 using the options: 
     -cpp -iprefix c:\tdm-gcc-64\mingw64\bin\../lib/gcc/x86_64-w64-mingw32/12.2.0/
     -D_MT -D_REENTRANT -U_REENTRANT -D ieee -D dbleprecision -m64 -mtune=generic
     -march=x86-64 -mthreads -O3 -std=f2018 -fsignaling-nans
     -ffpe-summary=invalid,zero,overflow,underflow -funroll-loops -ffast-math
     -fall-intrinsics -fopenmp.

   This problem will use 15 of 16 possible threads.
   Static thread allocation is used.
   Schedule kind is omp_sched_dynamic with chunk size 1


  INPUT --- proc title ;

   For procedure title CPU Time was 0.001 seconds and System Time was 0.001 seconds       .


  INPUT --- proc chmatrix occasions= 23 groups= 1 etype= PradRec Nodes= 
  INPUT --- 101 ICMeans NoHist hist=  165 ;

  INPUT ---    time interval 3.7003706788838 0.807472530889903 
  INPUT ---    0.9472842403882 0.550862262038102  0.2908398656215 
  INPUT ---    1.30378178010029 0.356399058017601 0.698305097357299 
  INPUT ---    0.351897018970206  0.492318053393298 0.786382978723395 
  INPUT ---    0.283538101079301 0.599440066362504 0.226596847780996  
  INPUT ---    0.827737453338798 0.7155018664455 0.683191621733705 
  INPUT ---    0.280456661351501 0.806371149511598  1.5131481122184 
  INPUT ---    1.3662431318681 0.4604281135531 ;

  INPUT ---    glabel(1)=Group 1;

      Number of unique encounter histories read was 165.

      Number of individual covariates read was 0.
      Time interval lengths vary and/or not equal to 1.

      Data type number is 17
      Data type is Pradel Survival and Recruitment

   For procedure chmatrix CPU Time was 0.001 seconds and System Time was 0.001 seconds       .

  Program  MARK  - Survival Rate Estimation with Capture-Recapture Data
   gfortran(dble/PIM2) Vers. 10.1 March 2023  13-Feb-2024 12:26:10    Page  002
 - - - - - - - - - - - - - - - - - - - - - - - - - - - - - - - - - - - - - -
 


  INPUT --- proc estimate link=Parm-Specific NOLOOP varest=2ndPart    ;


  INPUT --- model={ Phi(~time)p(~time)f(~1) };

  INPUT ---    group=1 Phi    rows=1 cols=22 Square ;
  INPUT ---        1 2 3 4 5 6 7 8 9 10 11 12 13 14 15 16 17 18 19 20 21 22 ;

  INPUT ---    group=1 p    rows=1 cols=23 Square ;
  INPUT ---        23 24 25 26 27 28 29 30 31 32 33 34 35 36 37 38 39 40 41 
  INPUT ---       42 43 44 45 ;

  INPUT ---    group=1 f    rows=1 cols=22 Square ;
  INPUT ---        46 46 46 46 46 46 46 46 46 46 46 46 46 46 46 46 46 46 46 
  INPUT ---       46 46 46 ;

  INPUT ---    design matrix constraints=46 covariates=46;
  INPUT ---        1 0 0 0 0 0 0 0 0 0 0 0 0 0 0 0 0 0 0 0 0 0 0 0 0 0 0 0 0 
  INPUT ---       0 0 0 0 0 0 0 0 0 0 0 0 0 0 0 0 0;
  INPUT ---        1 1 0 0 0 0 0 0 0 0 0 0 0 0 0 0 0 0 0 0 0 0 0 0 0 0 0 0 0 
  INPUT ---       0 0 0 0 0 0 0 0 0 0 0 0 0 0 0 0 0;
  INPUT ---        1 0 1 0 0 0 0 0 0 0 0 0 0 0 0 0 0 0 0 0 0 0 0 0 0 0 0 0 0 
  INPUT ---       0 0 0 0 0 0 0 0 0 0 0 0 0 0 0 0 0;
  INPUT ---        1 0 0 1 0 0 0 0 0 0 0 0 0 0 0 0 0 0 0 0 0 0 0 0 0 0 0 0 0 
  INPUT ---       0 0 0 0 0 0 0 0 0 0 0 0 0 0 0 0 0;
  INPUT ---        1 0 0 0 1 0 0 0 0 0 0 0 0 0 0 0 0 0 0 0 0 0 0 0 0 0 0 0 0 
  INPUT ---       0 0 0 0 0 0 0 0 0 0 0 0 0 0 0 0 0;
  INPUT ---        1 0 0 0 0 1 0 0 0 0 0 0 0 0 0 0 0 0 0 0 0 0 0 0 0 0 0 0 0 
  INPUT ---       0 0 0 0 0 0 0 0 0 0 0 0 0 0 0 0 0;
  INPUT ---        1 0 0 0 0 0 1 0 0 0 0 0 0 0 0 0 0 0 0 0 0 0 0 0 0 0 0 0 0 
  INPUT ---       0 0 0 0 0 0 0 0 0 0 0 0 0 0 0 0 0;
  INPUT ---        1 0 0 0 0 0 0 1 0 0 0 0 0 0 0 0 0 0 0 0 0 0 0 0 0 0 0 0 0 
  INPUT ---       0 0 0 0 0 0 0 0 0 0 0 0 0 0 0 0 0;
  INPUT ---        1 0 0 0 0 0 0 0 1 0 0 0 0 0 0 0 0 0 0 0 0 0 0 0 0 0 0 0 0 
  INPUT ---       0 0 0 0 0 0 0 0 0 0 0 0 0 0 0 0 0;
  INPUT ---        1 0 0 0 0 0 0 0 0 1 0 0 0 0 0 0 0 0 0 0 0 0 0 0 0 0 0 0 0 
  INPUT ---       0 0 0 0 0 0 0 0 0 0 0 0 0 0 0 0 0;
  INPUT ---        1 0 0 0 0 0 0 0 0 0 1 0 0 0 0 0 0 0 0 0 0 0 0 0 0 0 0 0 0 
  INPUT ---       0 0 0 0 0 0 0 0 0 0 0 0 0 0 0 0 0;
  INPUT ---        1 0 0 0 0 0 0 0 0 0 0 1 0 0 0 0 0 0 0 0 0 0 0 0 0 0 0 0 0 
  INPUT ---       0 0 0 0 0 0 0 0 0 0 0 0 0 0 0 0 0;
  INPUT ---        1 0 0 0 0 0 0 0 0 0 0 0 1 0 0 0 0 0 0 0 0 0 0 0 0 0 0 0 0 
  INPUT ---       0 0 0 0 0 0 0 0 0 0 0 0 0 0 0 0 0;
  INPUT ---        1 0 0 0 0 0 0 0 0 0 0 0 0 1 0 0 0 0 0 0 0 0 0 0 0 0 0 0 0 

  Program  MARK  - Survival Rate Estimation with Capture-Recapture Data
   gfortran(dble/PIM2) Vers. 10.1 March 2023  13-Feb-2024 12:26:10    Page  003
 - - - - - - - - - - - - - - - - - - - - - - - - - - - - - - - - - - - - - -
 
  INPUT ---       0 0 0 0 0 0 0 0 0 0 0 0 0 0 0 0 0;
  INPUT ---        1 0 0 0 0 0 0 0 0 0 0 0 0 0 1 0 0 0 0 0 0 0 0 0 0 0 0 0 0 
  INPUT ---       0 0 0 0 0 0 0 0 0 0 0 0 0 0 0 0 0;
  INPUT ---        1 0 0 0 0 0 0 0 0 0 0 0 0 0 0 1 0 0 0 0 0 0 0 0 0 0 0 0 0 
  INPUT ---       0 0 0 0 0 0 0 0 0 0 0 0 0 0 0 0 0;
  INPUT ---        1 0 0 0 0 0 0 0 0 0 0 0 0 0 0 0 1 0 0 0 0 0 0 0 0 0 0 0 0 
  INPUT ---       0 0 0 0 0 0 0 0 0 0 0 0 0 0 0 0 0;
  INPUT ---        1 0 0 0 0 0 0 0 0 0 0 0 0 0 0 0 0 1 0 0 0 0 0 0 0 0 0 0 0 
  INPUT ---       0 0 0 0 0 0 0 0 0 0 0 0 0 0 0 0 0;
  INPUT ---        1 0 0 0 0 0 0 0 0 0 0 0 0 0 0 0 0 0 1 0 0 0 0 0 0 0 0 0 0 
  INPUT ---       0 0 0 0 0 0 0 0 0 0 0 0 0 0 0 0 0;
  INPUT ---        1 0 0 0 0 0 0 0 0 0 0 0 0 0 0 0 0 0 0 1 0 0 0 0 0 0 0 0 0 
  INPUT ---       0 0 0 0 0 0 0 0 0 0 0 0 0 0 0 0 0;
  INPUT ---        1 0 0 0 0 0 0 0 0 0 0 0 0 0 0 0 0 0 0 0 1 0 0 0 0 0 0 0 0 
  INPUT ---       0 0 0 0 0 0 0 0 0 0 0 0 0 0 0 0 0;
  INPUT ---        1 0 0 0 0 0 0 0 0 0 0 0 0 0 0 0 0 0 0 0 0 1 0 0 0 0 0 0 0 
  INPUT ---       0 0 0 0 0 0 0 0 0 0 0 0 0 0 0 0 0;
  INPUT ---        0 0 0 0 0 0 0 0 0 0 0 0 0 0 0 0 0 0 0 0 0 0 1 0 0 0 0 0 0 
  INPUT ---       0 0 0 0 0 0 0 0 0 0 0 0 0 0 0 0 0;
  INPUT ---        0 0 0 0 0 0 0 0 0 0 0 0 0 0 0 0 0 0 0 0 0 0 1 1 0 0 0 0 0 
  INPUT ---       0 0 0 0 0 0 0 0 0 0 0 0 0 0 0 0 0;
  INPUT ---        0 0 0 0 0 0 0 0 0 0 0 0 0 0 0 0 0 0 0 0 0 0 1 0 1 0 0 0 0 
  INPUT ---       0 0 0 0 0 0 0 0 0 0 0 0 0 0 0 0 0;
  INPUT ---        0 0 0 0 0 0 0 0 0 0 0 0 0 0 0 0 0 0 0 0 0 0 1 0 0 1 0 0 0 
  INPUT ---       0 0 0 0 0 0 0 0 0 0 0 0 0 0 0 0 0;
  INPUT ---        0 0 0 0 0 0 0 0 0 0 0 0 0 0 0 0 0 0 0 0 0 0 1 0 0 0 1 0 0 
  INPUT ---       0 0 0 0 0 0 0 0 0 0 0 0 0 0 0 0 0;
  INPUT ---        0 0 0 0 0 0 0 0 0 0 0 0 0 0 0 0 0 0 0 0 0 0 1 0 0 0 0 1 0 
  INPUT ---       0 0 0 0 0 0 0 0 0 0 0 0 0 0 0 0 0;
  INPUT ---        0 0 0 0 0 0 0 0 0 0 0 0 0 0 0 0 0 0 0 0 0 0 1 0 0 0 0 0 1 
  INPUT ---       0 0 0 0 0 0 0 0 0 0 0 0 0 0 0 0 0;
  INPUT ---        0 0 0 0 0 0 0 0 0 0 0 0 0 0 0 0 0 0 0 0 0 0 1 0 0 0 0 0 0 
  INPUT ---       1 0 0 0 0 0 0 0 0 0 0 0 0 0 0 0 0;
  INPUT ---        0 0 0 0 0 0 0 0 0 0 0 0 0 0 0 0 0 0 0 0 0 0 1 0 0 0 0 0 0 
  INPUT ---       0 1 0 0 0 0 0 0 0 0 0 0 0 0 0 0 0;
  INPUT ---        0 0 0 0 0 0 0 0 0 0 0 0 0 0 0 0 0 0 0 0 0 0 1 0 0 0 0 0 0 
  INPUT ---       0 0 1 0 0 0 0 0 0 0 0 0 0 0 0 0 0;
  INPUT ---        0 0 0 0 0 0 0 0 0 0 0 0 0 0 0 0 0 0 0 0 0 0 1 0 0 0 0 0 0 
  INPUT ---       0 0 0 1 0 0 0 0 0 0 0 0 0 0 0 0 0;
  INPUT ---        0 0 0 0 0 0 0 0 0 0 0 0 0 0 0 0 0 0 0 0 0 0 1 0 0 0 0 0 0 
  INPUT ---       0 0 0 0 1 0 0 0 0 0 0 0 0 0 0 0 0;
  INPUT ---        0 0 0 0 0 0 0 0 0 0 0 0 0 0 0 0 0 0 0 0 0 0 1 0 0 0 0 0 0 
  INPUT ---       0 0 0 0 0 1 0 0 0 0 0 0 0 0 0 0 0;
  INPUT ---        0 0 0 0 0 0 0 0 0 0 0 0 0 0 0 0 0 0 0 0 0 0 1 0 0 0 0 0 0 
  INPUT ---       0 0 0 0 0 0 1 0 0 0 0 0 0 0 0 0 0;
  INPUT ---        0 0 0 0 0 0 0 0 0 0 0 0 0 0 0 0 0 0 0 0 0 0 1 0 0 0 0 0 0 

  Program  MARK  - Survival Rate Estimation with Capture-Recapture Data
   gfortran(dble/PIM2) Vers. 10.1 March 2023  13-Feb-2024 12:26:10    Page  004
 - - - - - - - - - - - - - - - - - - - - - - - - - - - - - - - - - - - - - -
 
  INPUT ---       0 0 0 0 0 0 0 1 0 0 0 0 0 0 0 0 0;
  INPUT ---        0 0 0 0 0 0 0 0 0 0 0 0 0 0 0 0 0 0 0 0 0 0 1 0 0 0 0 0 0 
  INPUT ---       0 0 0 0 0 0 0 0 1 0 0 0 0 0 0 0 0;
  INPUT ---        0 0 0 0 0 0 0 0 0 0 0 0 0 0 0 0 0 0 0 0 0 0 1 0 0 0 0 0 0 
  INPUT ---       0 0 0 0 0 0 0 0 0 1 0 0 0 0 0 0 0;
  INPUT ---        0 0 0 0 0 0 0 0 0 0 0 0 0 0 0 0 0 0 0 0 0 0 1 0 0 0 0 0 0 
  INPUT ---       0 0 0 0 0 0 0 0 0 0 1 0 0 0 0 0 0;
  INPUT ---        0 0 0 0 0 0 0 0 0 0 0 0 0 0 0 0 0 0 0 0 0 0 1 0 0 0 0 0 0 
  INPUT ---       0 0 0 0 0 0 0 0 0 0 0 1 0 0 0 0 0;
  INPUT ---        0 0 0 0 0 0 0 0 0 0 0 0 0 0 0 0 0 0 0 0 0 0 1 0 0 0 0 0 0 
  INPUT ---       0 0 0 0 0 0 0 0 0 0 0 0 1 0 0 0 0;
  INPUT ---        0 0 0 0 0 0 0 0 0 0 0 0 0 0 0 0 0 0 0 0 0 0 1 0 0 0 0 0 0 
  INPUT ---       0 0 0 0 0 0 0 0 0 0 0 0 0 1 0 0 0;
  INPUT ---        0 0 0 0 0 0 0 0 0 0 0 0 0 0 0 0 0 0 0 0 0 0 1 0 0 0 0 0 0 
  INPUT ---       0 0 0 0 0 0 0 0 0 0 0 0 0 0 1 0 0;
  INPUT ---        0 0 0 0 0 0 0 0 0 0 0 0 0 0 0 0 0 0 0 0 0 0 1 0 0 0 0 0 0 
  INPUT ---       0 0 0 0 0 0 0 0 0 0 0 0 0 0 0 1 0;
  INPUT ---        0 0 0 0 0 0 0 0 0 0 0 0 0 0 0 0 0 0 0 0 0 0 0 0 0 0 0 0 0 
  INPUT ---       0 0 0 0 0 0 0 0 0 0 0 0 0 0 0 0 1;

  INPUT ---    links=46;

  INPUT ---    Logit;

  INPUT ---    Logit;

  INPUT ---    Logit;

  INPUT ---    Logit;

  INPUT ---    Logit;

  INPUT ---    Logit;

  INPUT ---    Logit;

  INPUT ---    Logit;

  INPUT ---    Logit;

  INPUT ---    Logit;

  INPUT ---    Logit;

  INPUT ---    Logit;


  Program  MARK  - Survival Rate Estimation with Capture-Recapture Data
   gfortran(dble/PIM2) Vers. 10.1 March 2023  13-Feb-2024 12:26:10    Page  005
 - - - - - - - - - - - - - - - - - - - - - - - - - - - - - - - - - - - - - -
 
  INPUT ---    Logit;

  INPUT ---    Logit;

  INPUT ---    Logit;

  INPUT ---    Logit;

  INPUT ---    Logit;

  INPUT ---    Logit;

  INPUT ---    Logit;

  INPUT ---    Logit;

  INPUT ---    Logit;

  INPUT ---    Logit;

  INPUT ---    Logit;

  INPUT ---    Logit;

  INPUT ---    Logit;

  INPUT ---    Logit;

  INPUT ---    Logit;

  INPUT ---    Logit;

  INPUT ---    Logit;

  INPUT ---    Logit;

  INPUT ---    Logit;

  INPUT ---    Logit;

  INPUT ---    Logit;

  INPUT ---    Logit;

  INPUT ---    Logit;


  Program  MARK  - Survival Rate Estimation with Capture-Recapture Data
   gfortran(dble/PIM2) Vers. 10.1 March 2023  13-Feb-2024 12:26:10    Page  006
 - - - - - - - - - - - - - - - - - - - - - - - - - - - - - - - - - - - - - -
 
  INPUT ---    Logit;

  INPUT ---    Logit;

  INPUT ---    Logit;

  INPUT ---    Logit;

  INPUT ---    Logit;

  INPUT ---    Logit;

  INPUT ---    Logit;

  INPUT ---    Logit;

  INPUT ---    Logit;

  INPUT ---    Logit;

  INPUT ---    Log;
  INPUT ---       blabel(1)=Phi:(Intercept);
  INPUT ---       blabel(2)=Phi:time4.7003706788838;
  INPUT ---       blabel(3)=Phi:time5.5078432097737;
  INPUT ---       blabel(4)=Phi:time6.4551274501619;
  INPUT ---       blabel(5)=Phi:time7.00598971220001;
  INPUT ---       blabel(6)=Phi:time7.29682957782151;
  INPUT ---       blabel(7)=Phi:time8.6006113579218;
  INPUT ---       blabel(8)=Phi:time8.9570104159394;
  INPUT ---       blabel(9)=Phi:time9.6553155132967;
  INPUT ---       blabel(10)=Phi:time10.0072125322669;
  INPUT ---       blabel(11)=Phi:time10.4995305856602;
  INPUT ---       blabel(12)=Phi:time11.2859135643836;
  INPUT ---       blabel(13)=Phi:time11.5694516654629;
  INPUT ---       blabel(14)=Phi:time12.1688917318254;
  INPUT ---       blabel(15)=Phi:time12.3954885796064;
  INPUT ---       blabel(16)=Phi:time13.2232260329452;
  INPUT ---       blabel(17)=Phi:time13.9387278993907;
  INPUT ---       blabel(18)=Phi:time14.6219195211244;
  INPUT ---       blabel(19)=Phi:time14.9023761824759;
  INPUT ---       blabel(20)=Phi:time15.7087473319875;
  INPUT ---       blabel(21)=Phi:time17.2218954442059;
  INPUT ---       blabel(22)=Phi:time18.588138576074;
  INPUT ---       blabel(23)=p:(Intercept);
  INPUT ---       blabel(24)=p:time4.7003706788838;
  INPUT ---       blabel(25)=p:time5.5078432097737;

  Program  MARK  - Survival Rate Estimation with Capture-Recapture Data
   gfortran(dble/PIM2) Vers. 10.1 March 2023  13-Feb-2024 12:26:10    Page  007
 - - - - - - - - - - - - - - - - - - - - - - - - - - - - - - - - - - - - - -
 
  INPUT ---       blabel(26)=p:time6.4551274501619;
  INPUT ---       blabel(27)=p:time7.00598971220001;
  INPUT ---       blabel(28)=p:time7.29682957782151;
  INPUT ---       blabel(29)=p:time8.6006113579218;
  INPUT ---       blabel(30)=p:time8.9570104159394;
  INPUT ---       blabel(31)=p:time9.6553155132967;
  INPUT ---       blabel(32)=p:time10.0072125322669;
  INPUT ---       blabel(33)=p:time10.4995305856602;
  INPUT ---       blabel(34)=p:time11.2859135643836;
  INPUT ---       blabel(35)=p:time11.5694516654629;
  INPUT ---       blabel(36)=p:time12.1688917318254;
  INPUT ---       blabel(37)=p:time12.3954885796064;
  INPUT ---       blabel(38)=p:time13.2232260329452;
  INPUT ---       blabel(39)=p:time13.9387278993907;
  INPUT ---       blabel(40)=p:time14.6219195211244;
  INPUT ---       blabel(41)=p:time14.9023761824759;
  INPUT ---       blabel(42)=p:time15.7087473319875;
  INPUT ---       blabel(43)=p:time17.2218954442059;
  INPUT ---       blabel(44)=p:time18.588138576074;
  INPUT ---       blabel(45)=p:time19.0485666896271;
  INPUT ---       blabel(46)=f:(Intercept);
  INPUT ---       rlabel(1)=Phi g1 a0 t1;
  INPUT ---       rlabel(2)=Phi g1 a3.7003706788838 t4.7003706788838;
  INPUT ---       rlabel(3)=Phi g1 a4.5078432097737 t5.5078432097737;
  INPUT ---       rlabel(4)=Phi g1 a5.4551274501619 t6.4551274501619;
  INPUT ---       rlabel(5)=Phi g1 a6.00598971220001 t7.00598971220001;
  INPUT ---       rlabel(6)=Phi g1 a6.29682957782151 t7.29682957782151;
  INPUT ---       rlabel(7)=Phi g1 a7.6006113579218 t8.6006113579218;
  INPUT ---       rlabel(8)=Phi g1 a7.9570104159394 t8.9570104159394;
  INPUT ---       rlabel(9)=Phi g1 a8.6553155132967 t9.6553155132967;
  INPUT ---       rlabel(10)=Phi g1 a9.00721253226691 t10.0072125322669;
  INPUT ---       rlabel(11)=Phi g1 a9.4995305856602 t10.4995305856602;
  INPUT ---       rlabel(12)=Phi g1 a10.2859135643836 t11.2859135643836;
  INPUT ---       rlabel(13)=Phi g1 a10.5694516654629 t11.5694516654629;
  INPUT ---       rlabel(14)=Phi g1 a11.1688917318254 t12.1688917318254;
  INPUT ---       rlabel(15)=Phi g1 a11.3954885796064 t12.3954885796064;
  INPUT ---       rlabel(16)=Phi g1 a12.2232260329452 t13.2232260329452;
  INPUT ---       rlabel(17)=Phi g1 a12.9387278993907 t13.9387278993907;
  INPUT ---       rlabel(18)=Phi g1 a13.6219195211244 t14.6219195211244;
  INPUT ---       rlabel(19)=Phi g1 a13.9023761824759 t14.9023761824759;
  INPUT ---       rlabel(20)=Phi g1 a14.7087473319875 t15.7087473319875;
  INPUT ---       rlabel(21)=Phi g1 a16.2218954442059 t17.2218954442059;
  INPUT ---       rlabel(22)=Phi g1 a17.588138576074 t18.588138576074;
  INPUT ---       rlabel(23)=p g1 a0 t1;
  INPUT ---       rlabel(24)=p g1 a3.7003706788838 t4.7003706788838;
  INPUT ---       rlabel(25)=p g1 a4.5078432097737 t5.5078432097737;

  Program  MARK  - Survival Rate Estimation with Capture-Recapture Data
   gfortran(dble/PIM2) Vers. 10.1 March 2023  13-Feb-2024 12:26:10    Page  008
 - - - - - - - - - - - - - - - - - - - - - - - - - - - - - - - - - - - - - -
 
  INPUT ---       rlabel(26)=p g1 a5.4551274501619 t6.4551274501619;
  INPUT ---       rlabel(27)=p g1 a6.00598971220001 t7.00598971220001;
  INPUT ---       rlabel(28)=p g1 a6.29682957782151 t7.29682957782151;
  INPUT ---       rlabel(29)=p g1 a7.6006113579218 t8.6006113579218;
  INPUT ---       rlabel(30)=p g1 a7.9570104159394 t8.9570104159394;
  INPUT ---       rlabel(31)=p g1 a8.6553155132967 t9.6553155132967;
  INPUT ---       rlabel(32)=p g1 a9.00721253226691 t10.0072125322669;
  INPUT ---       rlabel(33)=p g1 a9.4995305856602 t10.4995305856602;
  INPUT ---       rlabel(34)=p g1 a10.2859135643836 t11.2859135643836;
  INPUT ---       rlabel(35)=p g1 a10.5694516654629 t11.5694516654629;
  INPUT ---       rlabel(36)=p g1 a11.1688917318254 t12.1688917318254;
  INPUT ---       rlabel(37)=p g1 a11.3954885796064 t12.3954885796064;
  INPUT ---       rlabel(38)=p g1 a12.2232260329452 t13.2232260329452;
  INPUT ---       rlabel(39)=p g1 a12.9387278993907 t13.9387278993907;
  INPUT ---       rlabel(40)=p g1 a13.6219195211244 t14.6219195211244;
  INPUT ---       rlabel(41)=p g1 a13.9023761824759 t14.9023761824759;
  INPUT ---       rlabel(42)=p g1 a14.7087473319875 t15.7087473319875;
  INPUT ---       rlabel(43)=p g1 a16.2218954442059 t17.2218954442059;
  INPUT ---       rlabel(44)=p g1 a17.588138576074 t18.588138576074;
  INPUT ---       rlabel(45)=p g1 a18.0485666896271 t19.0485666896271;
  INPUT ---       rlabel(46)=f g1 a0 t1;
   Model is { Phi(~time)p(~time)f(~1) }

 Link Function Used is PARM-SPECIFIC

 Variance Estimation Procedure Used is 2ndPart 
 -2logL(saturated) = 1800.5278     
 Effective Sample Size = 1341

 Number of function evaluations was 181 for 46 parameters.
 For numerical optimization, CPU Time was 6.469 seconds and System Time was 12.172 seconds.
 -2logL { Phi(~time)p(~time)f(~1) } = 4535.4434     
 Penalty { Phi(~time)p(~time)f(~1) } = 0.0000000     
 Gradient { Phi(~time)p(~time)f(~1) }:
 -0.13351924E-02   0.0000000     -0.26932912E-04 -0.10968610E-04  0.47497678E-05
 -0.31110174E-03 -0.17584901E-04 -0.10034574E-03 -0.41444943E-04  0.44415394E-05
 -0.27023827E-04   0.0000000     -0.80731355E-04   0.0000000      0.31344024E-04
 -0.13708318E-03   0.0000000      0.12664930E-04 -0.14289540E-04 -0.30730094E-03
 -0.24549249E-03  0.10975267E-03 -0.40712417E-03   0.0000000      0.13937269E-03
 -0.12571564E-03 -0.10480136E-03  0.68346157E-04   0.0000000      0.10607965E-03
 -0.18283667E-03 -0.33556226E-04 -0.19589274E-03 -0.11346264E-03  0.39408096E-04
  0.18616440E-03   0.0000000     -0.12170085E-03 -0.50819465E-04  0.42977290E-04
   0.0000000      0.37010550E-04  0.19591675E-03  0.40831268E-04 -0.33379416E-03
 -0.26536278E-02
 Maximum ABS(G) { Phi(~time)p(~time)f(~1) } = 0.0026536     
 To compute VC matrix, CPU Time was 1.844 seconds and System Time was 4.969 seconds.

  Program  MARK  - Survival Rate Estimation with Capture-Recapture Data
   gfortran(dble/PIM2) Vers. 10.1 March 2023  13-Feb-2024 12:26:27    Page  009
 - - - - - - - - - - - - - - - - - - - - - - - - - - - - - - - - - - - - - -
 
 S Vector { Phi(~time)p(~time)f(~1) }:
   564.0307      109.6240      47.28727      34.95851      34.33923    
   33.79721      33.70191      33.45434      32.48954      31.75490    
   30.81678      30.67248      30.02859      29.79806      28.81857    
   27.37799      26.75954      25.59586      23.20099      22.63556    
   20.96895      19.66768      17.50496      9.105454      6.126510    
   4.338402      4.056740      2.567524      1.055448     0.9415064    
  0.8921455     0.8536299     0.5198863     0.4328728     0.3757777    
  0.2319988     0.1580551     0.3183848E-01 0.1679596E-03 0.1669418E-03
  0.5762286E-04 0.1926835E-05 0.1560197E-05 0.4973710E-10 0.2229386E-10
  0.1023359E-11
 To invert VC matrix, CPU Time was 0.001 seconds and System Time was 0.001 seconds.
 Ratio Threshold = 50.000000       Max Gap (43/44) = 31368.887       Next Max Gap (38/39) = 189.56038     
 Gap Method for Num. of Estimated Parameters { Phi(~time)p(~time)f(~1) } = 38          
 Threshold { Phi(~time)p(~time)f(~1) } = 0.0053073               
 Numerical Threshold Method for Num. of Estimated Parameters { Phi(~time)p(~time)f(~1) } = 38          
 Number of Estimated Parameters { Phi(~time)p(~time)f(~1) } = 38          
 DEVIANCE { Phi(~time)p(~time)f(~1) } = 2734.9157               
 DEVIANCE Degrees of Freedom { Phi(~time)p(~time)f(~1) } = 127          
 c-hat { Phi(~time)p(~time)f(~1) } = 21.534769               
 AIC { Phi(~time)p(~time)f(~1) } = 4611.4434               
 AICc { Phi(~time)p(~time)f(~1) } = 4613.7199               
 BIC { Phi(~time)p(~time)f(~1) } = 4809.0879               
 Pearson Chisquare { Phi(~time)p(~time)f(~1) } = 24786100.               
 Possible Encounter Histories { Phi(~time)p(~time)f(~1) } = 8388607          
 Pearson Chisquare df { Phi(~time)p(~time)f(~1) } = 8388568          
 Pearson chat { Phi(~time)p(~time)f(~1) } = 2.9547475               
 Sum(Observed/Expected) { Phi(~time)p(~time)f(~1) } = 20005632.               
 s-bar { Phi(~time)p(~time)f(~1) } = 1.3848576               
 Fletcher chat { Phi(~time)p(~time)f(~1) } = 1.2389618               


          PARM-SPECIFIC Link Function Parameters of { Phi(~time)p(~time)f(~1) }
                                                              95% Confidence Interval
    Parameter                  Beta         Standard Error     Lower           Upper
 -------------------------  --------------  --------------  --------------  --------------
    1:Phi:(Intercept)        14.588007       1.1540630       12.326044       16.849971    
    2:Phi:time4.7003706788   8.4813447       0.0000000       8.4813447       8.4813447    
    3:Phi:time5.5078432097  -10.330961       1.7348737      -13.731314      -6.9306087    
    4:Phi:time6.4551274501  -10.129060       5.5218569      -20.951899       0.6937802    
    5:Phi:time7.0059897122  -11.850135       2.3442952      -16.444953      -7.2553160    
    6:Phi:time7.2968295778  -2.5314261       79.926712      -159.18778       154.12493    
    7:Phi:time8.6006113579  -12.883537       1.2951220      -15.421976      -10.345098    
    8:Phi:time8.9570104159  -3.8659886       135.12486      -268.71072       260.97874    
    9:Phi:time9.6553155132  -12.254124       1.5029133      -15.199834      -9.3084137    
   10:Phi:time10.007212532  -12.741892       1.2609728      -15.213399      -10.270386    
   11:Phi:time10.499530585  -10.292841       2.0929521      -14.395027      -6.1906550    
   12:Phi:time11.285913564  -0.0910760       0.0000000      -0.0910760      -0.0910760    
   13:Phi:time11.569451665  -11.096446       2.2853933      -15.575817      -6.6170753    
   14:Phi:time12.168891731  -1.3101836       0.0000000      -1.3101836      -1.3101836    
   15:Phi:time12.395488579  -12.630863       1.4606759      -15.493788      -9.7679379    
   16:Phi:time13.223226032  -11.466770       1.8828884      -15.157231      -7.7763082    
   17:Phi:time13.938727899   1.0347821       0.0000000       1.0347821       1.0347821    
   18:Phi:time14.621919521  -13.457678       1.5473887      -16.490559      -10.424796    
   19:Phi:time14.902376182  -11.813951       2.0749082      -15.880771      -7.7471311    
   20:Phi:time15.708747331  -11.910098       1.6652765      -15.174040      -8.6461557    
   21:Phi:time17.221895444  -13.171529       1.2171705      -15.557183      -10.785875    
   22:Phi:time18.588138576  -14.571233       1.2443779      -17.010214      -12.132252    
   23:p:(Intercept)         -0.4991779       0.0897239      -0.6750367      -0.3233191    
   24:p:time4.700370678883   0.0936172       0.1909306      -0.2806068       0.4678413    
   25:p:time5.507843209773  -0.3137830       0.2129698      -0.7312039       0.1036379    
   26:p:time6.455127450161   1.4275085       0.2308378       0.9750665       1.8799506    
   27:p:time7.005989712200  -0.7471669       0.2322967      -1.2024684      -0.2918653    
   28:p:time7.296829577821   0.7860596       0.2044181       0.3854001       1.1867192    
   29:p:time8.600611357921   0.2912350       0.1724241      -0.0467162       0.6291863    

  Program  MARK  - Survival Rate Estimation with Capture-Recapture Data
   gfortran(dble/PIM2) Vers. 10.1 March 2023  13-Feb-2024 12:26:27    Page  010
 - - - - - - - - - - - - - - - - - - - - - - - - - - - - - - - - - - - - - -
 
   30:p:time8.957010415939  -0.1507420       0.1742644      -0.4923003       0.1908163    
   31:p:time9.655315513296   1.0029403       0.2005157       0.6099294       1.3959511    
   32:p:time10.00721253226   0.8188921       0.1944466       0.4377768       1.2000074    
   33:p:time10.49953058566   0.8694462       0.1966581       0.4839964       1.2548960    
   34:p:time11.28591356438   0.6137952       0.1912431       0.2389586       0.9886318    
   35:p:time11.56945166546   0.5487974       0.1565825       0.2418956       0.8556992    
   36:p:time12.16889173182   0.3114249       0.1933590      -0.0675587       0.6904085    
   37:p:time12.39548857960  -0.0527498       0.2018691      -0.4484132       0.3429136    
   38:p:time13.22322603294  -0.0030359       0.1530020      -0.3029198       0.2968481    
   39:p:time13.93872789939   0.2010193       0.2059107      -0.2025658       0.6046043    
   40:p:time14.62191952112   0.4201723       0.2071310       0.0141955       0.8261491    
   41:p:time14.90237618247   0.0060165       0.1562097      -0.3001544       0.3121875    
   42:p:time15.70874733198  -0.6491286       0.2461662      -1.1316144      -0.1666427    
   43:p:time17.22189544420   0.8692171       0.2678268       0.3442765       1.3941576    
   44:p:time18.58813857607   0.4948141       0.2742407      -0.0426976       1.0323259    
   45:p:time19.04856668962   8.1426340       77.117419      -143.00751       159.29278    
   46:f:(Intercept)         -3.3701229       0.1532770      -3.6705459      -3.0696999    


                 Real Function Parameters of { Phi(~time)p(~time)f(~1) }
                                                               95% Confidence Interval
     Parameter                Estimate       Standard Error     Lower           Upper
 --------------------------  --------------  --------------  --------------  --------------
     1:Phi g1 a0 t1           0.9999995       0.5330133E-06   0.9999956       1.0000000       
     2:Phi g1 a3.7003706788   1.0000000       0.0000000       1.0000000       1.0000000       
     3:Phi g1 a4.5078432097   0.9860337       0.0178069       0.8484715       0.9988779       
     4:Phi g1 a5.4551274501   0.9885579       0.0611212       0.0021673       0.9999997       
     5:Phi g1 a6.0059897122   0.9392248       0.1178385       0.2127674       0.9988696       
     6:Phi g1 a6.2968295778   0.9999942       0.4640246E-03   0.1611638E-62   1.0000000       
     7:Phi g1 a7.6006113579   0.8461177       0.0698711       0.6576113       0.9402667       
     8:Phi g1 a7.9570104159   0.9999779       0.0029798      0.4353650E-110   1.0000000       
     9:Phi g1 a8.6553155132   0.9116446       0.0792566       0.5999664       0.9861078       
    10:Phi g1 a9.0072125322   0.8636703       0.0606780       0.6976328       0.9456372       
    11:Phi g1 a9.4995305856   0.9865491       0.0224229       0.7277542       0.9995033       
    12:Phi g1 a10.285913564   0.9999995       0.0000000       0.9999995       0.9999995       
    13:Phi g1 a10.569451665   0.9704467       0.0480600       0.5515937       0.9988605       
    14:Phi g1 a11.168891731   0.9999983       0.0000000       0.9999983       0.9999983       
    15:Phi g1 a11.395488579   0.8762236       0.0536276       0.7286913       0.9491311       
    16:Phi g1 a12.223226032   0.9577603       0.0607061       0.5449109       0.9976765       
    17:Phi g1 a12.938727899   0.9999998       0.0000000       0.9999998       0.9999998       
    18:Phi g1 a13.621919521   0.7558997       0.1550063       0.3737382       0.9414132       
    19:Phi g1 a13.902376182   0.9412577       0.1045682       0.2823741       0.9984698       
    20:Phi g1 a14.708747331   0.9357105       0.0672451       0.6193867       0.9923765       
    21:Phi g1 a16.221895444   0.8047857       0.0631001       0.6523220       0.9005808       
    22:Phi g1 a17.588138576   0.5041934       0.1113814       0.2980674       0.7089038       
    23:p g1 a0 t1             0.3777339       0.0210897       0.3373700       0.4198671       

  Program  MARK  - Survival Rate Estimation with Capture-Recapture Data
   gfortran(dble/PIM2) Vers. 10.1 March 2023  13-Feb-2024 12:26:27    Page  011
 - - - - - - - - - - - - - - - - - - - - - - - - - - - - - - - - - - - - - -
 
    24:p g1 a3.700370678883   0.3999771       0.0458695       0.3142835       0.4922625       
    25:p g1 a4.507843209773   0.3072599       0.0427581       0.2302871       0.3967008       
    26:p g1 a5.455127450161   0.7167365       0.0444512       0.6222713       0.7953468       
    27:p g1 a6.005989712200   0.2233335       0.0375547       0.1583306       0.3053420       
    28:p g1 a6.296829577821   0.5712326       0.0461257       0.4794528       0.6583610       
    29:p g1 a7.600611357921   0.4482008       0.0407877       0.3702399       0.5287936       
    30:p g1 a7.957010415939   0.3430076       0.0379649       0.2728684       0.4207435       
    31:p g1 a8.655315513296   0.6233431       0.0420985       0.5380075       0.7016570       
    32:p g1 a9.007212532266   0.5792546       0.0430047       0.4934673       0.6605084       
    33:p g1 a9.499530585660   0.5915238       0.0423371       0.5067091       0.6712179       
    34:p g1 a10.28591356438   0.5286230       0.0427134       0.4448858       0.6107798       
    35:p g1 a10.56945166546   0.5124023       0.0405439       0.4332899       0.5908982       
    36:p g1 a11.16889173182   0.4531991       0.0435497       0.3700038       0.5390936       
    37:p g1 a11.39548857960   0.3654173       0.0414025       0.2886649       0.4496765       
    38:p g1 a12.22322603294   0.3770206       0.0397214       0.3028670       0.4574171       
    39:p g1 a12.93872789939   0.4260077       0.0458346       0.3394946       0.5173006       
    40:p g1 a13.62191952112   0.4802589       0.0466518       0.3904724       0.5713388       
    41:p g1 a13.90237618247   0.3791491       0.0439689       0.2974929       0.4682782       
    42:p g1 a14.70874733198   0.2407985       0.0425976       0.1672831       0.3336757       
    43:p g1 a16.22189544420   0.5914684       0.0604979       0.4698649       0.7028205       
    44:p g1 a17.58813857607   0.4989091       0.0644041       0.3753590       0.6225925       
    45:p g1 a18.04856668962   0.9995211       0.0369159       0.4760311E-62   1.0000000       
    46:f g1 a0 t1             0.0343854       0.0052705       0.0254254       0.0463528       





                     Estimates of Derived Parameters

             Lambda Estimates of { Phi(~time)p(~time)f(~1) }
                                                95% Confidence Interval
 Grp. Occ.   Lambda-hat      Standard Error      Lower           Upper
 ---- ----   --------------  --------------  --------------  --------------
   1     1    1.0343849       0.0052705       1.0241062       1.0447668    
   1     2    1.0343854       0.0052918       1.0240653       1.0448095    
   1     3    1.0204191       0.0182687       0.9852362       1.0568585    
   1     4    1.0229433       0.0612778       0.9097172       1.1502619    
   1     5    0.9736102       0.1178297       0.7686738       1.2331847    
   1     6    1.0343796       0.0052906       1.0240619       1.0448013    
   1     7    0.8805031       0.0696904       0.7541601       1.0280120    
   1     8    1.0343634       0.0060573       1.0225591       1.0463039    
   1     9    0.9460300       0.0791116       0.8032412       1.1142019    
   1    10    0.8980557       0.0606542       0.7868246       1.0250112    
   1    11    1.0209345       0.0225608       0.9776645       1.0661196    
   1    12    1.0343849       0.0000000       1.0343849       1.0343849    
   1    13    1.0048321       0.0480872       0.9149154       1.1035857    
   1    14    1.0343837       0.0000000       1.0343837       1.0343837    
   1    15    0.9106090       0.0537647       0.8111807       1.0222244    
   1    16    0.9921457       0.0606575       0.8802025       1.1183258    

  Program  MARK  - Survival Rate Estimation with Capture-Recapture Data
   gfortran(dble/PIM2) Vers. 10.1 March 2023  13-Feb-2024 12:26:27    Page  012
 - - - - - - - - - - - - - - - - - - - - - - - - - - - - - - - - - - - - - -
 
   1    17    1.0343852       0.0000000       1.0343852       1.0343852    
   1    18    0.7902851       0.1546313       0.5404955       1.1555149    
   1    19    0.9756431       0.1050043       0.7905726       1.2040379    
   1    20    0.9700959       0.0672292       0.8470217       1.1110530    
   1    21    0.8391711       0.0631782       0.7241957       0.9724004    
   1    22    0.5385789       0.1116366       0.3602976       0.8050767    

           log(Lambda) Estimates of { Phi(~time)p(~time)f(~1) }
                                                95% Confidence Interval
 Grp. Occ.   log(Lambda-hat) Standard Error      Lower           Upper
 ---- ----   --------------  --------------  --------------  --------------
   1     1    0.0338070       0.0050953       0.0238202       0.0437938    
   1     2    0.0338074       0.0051159       0.0237803       0.0438346    
   1     3    0.0202135       0.0179031      -0.0148767       0.0553036    
   1     4    0.0226841       0.0599034      -0.0947266       0.1400948    
   1     5   -0.0267443       0.1210235      -0.2639503       0.2104617    
   1     6    0.0338018       0.0051148       0.0237769       0.0438268    
   1     7   -0.1272619       0.0791484      -0.2823927       0.0278690    
   1     8    0.0337861       0.0058560       0.0223083       0.0452639    
   1     9   -0.0554809       0.0836249      -0.2193857       0.1084238    
   1    10   -0.1075232       0.0675394      -0.2399005       0.0248541    
   1    11    0.0207184       0.0220982      -0.0225940       0.0640308    
   1    12    0.0338070       0.0000000       0.0338070       0.0338070    
   1    13    0.0048205       0.0478560      -0.0889773       0.0986182    
   1    14    0.0338058       0.0000000       0.0338058       0.0338058    
   1    15   -0.0936417       0.0590425      -0.2093651       0.0220817    
   1    16   -0.0078853       0.0611376      -0.1277151       0.1119445    
   1    17    0.0338073       0.0000000       0.0338073       0.0338073    
   1    18   -0.2353615       0.1956652      -0.6188653       0.1481424    
   1    19   -0.0246585       0.1076257      -0.2356048       0.1862879    
   1    20   -0.0303604       0.0693016      -0.1661916       0.1054709    
   1    21   -0.1753406       0.0752865      -0.3229021      -0.0277792    
   1    22   -0.6188214       0.2072800      -1.0250901      -0.2125526    

 To compute parameter estimates, CPU Time was 0.001 seconds and System Time was 0.001 seconds.

 Attempted ordering of parameters by estimatibility:
  23  1 46 35 34 36 29 32 33 37 31 40 28 30 39 38 24 41 25 27 43 26 42 21 22
  15 44 10  7  9 20 18  3  5 16 13 11 19  4 45  8  6 14 12 17  2
 Beta number 2 is a singular value.

   For procedure estimate CPU Time was 8.312 seconds and System Time was 17.156 seconds       .

  Program  MARK  - Survival Rate Estimation with Capture-Recapture Data
   gfortran(dble/PIM2) Vers. 10.1 March 2023  13-Feb-2024 12:26:27    Page  013
 - - - - - - - - - - - - - - - - - - - - - - - - - - - - - - - - - - - - - -
 


  INPUT --- proc stop;

     For this job, CPU Time in minutes was 0.139 and System Time in minutes was 0.286.

     Time Start = 12:26:10.575   Time End = 12:26:27.756

     Wall Clock Time in minutes for this job was 0.286.

     Maximum of 46 words used of 4096 words allocated.


          E X E C U T I O N   S U C C E S S F U L 
